<?xml version="1.0" encoding="UTF-8"?>
<robot generator="Robot 6.1.1 (Python 3.12.0 on win32)" generated="20231205 03:22:41.668" rpa="false" schemaversion="4">
<suite id="s1" name="Book" source="e:\code\mobileAutomation\sanbercodeMobileAutomation519\Flight-Keri\suites\book.robot">
<test id="s1-t1" name="Book: One way - Toronto - Paris - Economy - Flight only - Tentative" line="19">
<kw name="Open Flight Application" library="base">
<kw name="Open Application" library="AppiumLibrary">
<arg>remote_url=${REMOTE_URL}</arg>
<arg>platformName=${PLAFORM_NAME}</arg>
<arg>platformVersion=${PLATFORM_VERSION}</arg>
<arg>deviceName=${DEVICE_NAME}</arg>
<arg>appPackage=${APP_PACKAGE}</arg>
<arg>appActivity=${APP_ACTIVITY}</arg>
<doc>Opens a new application to given Appium server.
Capabilities of appium server, Android and iOS,
Please check https://github.com/appium/appium/blob/master/docs/en/writing-running-appium/server-args.md
| *Option*            | *Man.* | *Description*     |
| remote_url          | Yes    | Appium server url |
| alias               | no     | alias             |
| strict_ssl          | No     | allows you to send commands to an invalid certificate host like a self-signed one. |</doc>
<status status="PASS" starttime="20231205 03:22:41.980" endtime="20231205 03:22:53.317"/>
</kw>
<status status="PASS" starttime="20231205 03:22:41.980" endtime="20231205 03:22:53.318"/>
</kw>
<kw name="Click Sign In Button On Home Page" library="homePage">
<kw name="Click Element" library="AppiumLibrary">
<arg>${sign-in-button}</arg>
<doc>Click element identified by `locator`.</doc>
<msg timestamp="20231205 03:22:53.322" level="INFO">Clicking element '//*[@resource-id="com.example.myapplication:id/login"]'.</msg>
<msg timestamp="20231205 03:22:54.304" level="INFO">xpath criteria: //*[@resource-id="com.example.myapplication:id/login"]</msg>
<status status="PASS" starttime="20231205 03:22:53.320" endtime="20231205 03:22:54.304"/>
</kw>
<status status="PASS" starttime="20231205 03:22:53.319" endtime="20231205 03:22:54.304"/>
</kw>
<kw name="Wait Until Element Is Visible" library="AppiumLibrary">
<arg>${username-input}</arg>
<doc>Waits until element specified with `locator` is visible.</doc>
<msg timestamp="20231205 03:22:55.063" level="INFO">xpath criteria: //*[@resource-id="com.example.myapplication:id/username"]
xpath criteria: //*[@resource-id="com.example.myapplication:id/username"]</msg>
<status status="PASS" starttime="20231205 03:22:54.318" endtime="20231205 03:22:55.063"/>
</kw>
<kw name="Input Username On Login Page" library="loginPage">
<arg>${VALID_USERNAME}</arg>
<kw name="Input Text" library="AppiumLibrary">
<arg>${username-input}</arg>
<arg>${username}</arg>
<doc>Types the given `text` into text field identified by `locator`.</doc>
<msg timestamp="20231205 03:22:55.068" level="INFO">Typing text 'support@ngendigital.com' into text field '//*[@resource-id="com.example.myapplication:id/username"]'</msg>
<msg timestamp="20231205 03:22:55.166" level="INFO">xpath criteria: //*[@resource-id="com.example.myapplication:id/username"]</msg>
<status status="PASS" starttime="20231205 03:22:55.065" endtime="20231205 03:22:55.166"/>
</kw>
<status status="PASS" starttime="20231205 03:22:55.064" endtime="20231205 03:22:55.167"/>
</kw>
<kw name="Input Password On Login Page" library="loginPage">
<arg>${VALID_PASSWORD}</arg>
<kw name="Input Text" library="AppiumLibrary">
<arg>${password-input}</arg>
<arg>${password}</arg>
<doc>Types the given `text` into text field identified by `locator`.</doc>
<msg timestamp="20231205 03:22:55.173" level="INFO">Typing text 'abc123' into text field '//*[@resource-id="com.example.myapplication:id/password"]'</msg>
<msg timestamp="20231205 03:22:55.677" level="INFO">xpath criteria: //*[@resource-id="com.example.myapplication:id/password"]</msg>
<status status="PASS" starttime="20231205 03:22:55.170" endtime="20231205 03:22:55.677"/>
</kw>
<status status="PASS" starttime="20231205 03:22:55.169" endtime="20231205 03:22:55.677"/>
</kw>
<kw name="Click Login Button On Login Page" library="loginPage">
<kw name="Click Element" library="AppiumLibrary">
<arg>${log-in-button}</arg>
<doc>Click element identified by `locator`.</doc>
<msg timestamp="20231205 03:22:55.683" level="INFO">Clicking element '//*[@resource-id="com.example.myapplication:id/signIn"]'.</msg>
<msg timestamp="20231205 03:22:56.253" level="INFO">xpath criteria: //*[@resource-id="com.example.myapplication:id/signIn"]</msg>
<status status="PASS" starttime="20231205 03:22:55.681" endtime="20231205 03:22:56.253"/>
</kw>
<status status="PASS" starttime="20231205 03:22:55.680" endtime="20231205 03:22:56.253"/>
</kw>
<kw name="Wait Until Page Contains Element" library="AppiumLibrary">
<arg>xpath=//*[contains(@text, "Sign Out")]</arg>
<doc>Waits until element specified with `locator` appears on current page.</doc>
<msg timestamp="20231205 03:22:56.932" level="INFO">xpath criteria: //*[contains(@text, "Sign Out")]
xpath criteria: //*[contains(@text, "Sign Out")]</msg>
<status status="PASS" starttime="20231205 03:22:56.267" endtime="20231205 03:22:56.932"/>
</kw>
<kw name="Open Book" library="bookPage">
<kw name="Click Element" library="AppiumLibrary">
<arg>${book-button}</arg>
<doc>Click element identified by `locator`.</doc>
<msg timestamp="20231205 03:22:56.936" level="INFO">Clicking element '//android.widget.Button[@resource-id="com.example.myapplication:id/book"]'.</msg>
<msg timestamp="20231205 03:22:57.035" level="INFO">xpath criteria: //android.widget.Button[@resource-id="com.example.myapplication:id/book"]</msg>
<status status="PASS" starttime="20231205 03:22:56.933" endtime="20231205 03:22:57.036"/>
</kw>
<status status="PASS" starttime="20231205 03:22:56.933" endtime="20231205 03:22:57.036"/>
</kw>
<kw name="Wait Until Element Is Visible" library="AppiumLibrary">
<arg>${one-way-button}</arg>
<doc>Waits until element specified with `locator` is visible.</doc>
<msg timestamp="20231205 03:22:57.987" level="INFO">xpath criteria: //android.support.v7.app.ActionBar.Tab[@content-desc="One Way"]
xpath criteria: //android.support.v7.app.ActionBar.Tab[@content-desc="One Way"]</msg>
<status status="PASS" starttime="20231205 03:22:57.037" endtime="20231205 03:22:57.987"/>
</kw>
<kw name="Book One-way flight only" library="bookPage">
<kw name="Click Element" library="AppiumLibrary">
<arg>${one-way-button}</arg>
<doc>Click element identified by `locator`.</doc>
<msg timestamp="20231205 03:22:57.991" level="INFO">Clicking element '//android.support.v7.app.ActionBar.Tab[@content-desc="One Way"]'.</msg>
<msg timestamp="20231205 03:22:58.123" level="INFO">xpath criteria: //android.support.v7.app.ActionBar.Tab[@content-desc="One Way"]</msg>
<status status="PASS" starttime="20231205 03:22:57.989" endtime="20231205 03:22:58.123"/>
</kw>
<status status="PASS" starttime="20231205 03:22:57.988" endtime="20231205 03:22:58.123"/>
</kw>
<kw name="Choose From City Toronto" library="bookPage">
<kw name="Click Element" library="AppiumLibrary">
<arg>${from-city-button}</arg>
<doc>Click element identified by `locator`.</doc>
<msg timestamp="20231205 03:22:58.127" level="INFO">Clicking element '//*[@resource-id="com.example.myapplication:id/spinnerFrom"]'.</msg>
<msg timestamp="20231205 03:22:58.772" level="INFO">xpath criteria: //*[@resource-id="com.example.myapplication:id/spinnerFrom"]</msg>
<status status="PASS" starttime="20231205 03:22:58.125" endtime="20231205 03:22:58.772"/>
</kw>
<kw name="Wait Until Element Is Visible" library="AppiumLibrary">
<arg>${toronto}</arg>
<doc>Waits until element specified with `locator` is visible.</doc>
<msg timestamp="20231205 03:22:59.680" level="INFO">xpath criteria: //android.widget.TextView[@resource-id="android:id/text1" and @text="Toronto"]
xpath criteria: //android.widget.TextView[@resource-id="android:id/text1" and @text="Toronto"]</msg>
<status status="PASS" starttime="20231205 03:22:58.772" endtime="20231205 03:22:59.680"/>
</kw>
<kw name="Click Element" library="AppiumLibrary">
<arg>${toronto}</arg>
<doc>Click element identified by `locator`.</doc>
<msg timestamp="20231205 03:22:59.682" level="INFO">Clicking element '//android.widget.TextView[@resource-id="android:id/text1" and @text="Toronto"]'.</msg>
<msg timestamp="20231205 03:23:00.420" level="INFO">xpath criteria: //android.widget.TextView[@resource-id="android:id/text1" and @text="Toronto"]</msg>
<status status="PASS" starttime="20231205 03:22:59.680" endtime="20231205 03:23:00.421"/>
</kw>
<status status="PASS" starttime="20231205 03:22:58.124" endtime="20231205 03:23:00.421"/>
</kw>
<kw name="Choose To City Paris" library="bookPage">
<kw name="Click Element" library="AppiumLibrary">
<arg>${to-city-button}</arg>
<doc>Click element identified by `locator`.</doc>
<msg timestamp="20231205 03:23:00.425" level="INFO">Clicking element '//*[@resource-id="com.example.myapplication:id/spinnerTo"]'.</msg>
<msg timestamp="20231205 03:23:00.550" level="INFO">xpath criteria: //*[@resource-id="com.example.myapplication:id/spinnerTo"]</msg>
<status status="PASS" starttime="20231205 03:23:00.423" endtime="20231205 03:23:00.550"/>
</kw>
<kw name="Wait Until Element Is Visible" library="AppiumLibrary">
<arg>${paris}</arg>
<doc>Waits until element specified with `locator` is visible.</doc>
<msg timestamp="20231205 03:23:01.500" level="INFO">xpath criteria: //android.widget.TextView[@resource-id="android:id/text1" and @text="Paris"]
xpath criteria: //android.widget.TextView[@resource-id="android:id/text1" and @text="Paris"]</msg>
<status status="PASS" starttime="20231205 03:23:00.551" endtime="20231205 03:23:01.501"/>
</kw>
<kw name="Click Element" library="AppiumLibrary">
<arg>${paris}</arg>
<doc>Click element identified by `locator`.</doc>
<msg timestamp="20231205 03:23:01.503" level="INFO">Clicking element '//android.widget.TextView[@resource-id="android:id/text1" and @text="Paris"]'.</msg>
<msg timestamp="20231205 03:23:02.576" level="INFO">xpath criteria: //android.widget.TextView[@resource-id="android:id/text1" and @text="Paris"]</msg>
<status status="PASS" starttime="20231205 03:23:01.501" endtime="20231205 03:23:02.577"/>
</kw>
<status status="PASS" starttime="20231205 03:23:00.422" endtime="20231205 03:23:02.577"/>
</kw>
<kw name="Choose Class Economy" library="bookPage">
<kw name="Click Element" library="AppiumLibrary">
<arg>${class-button}</arg>
<doc>Click element identified by `locator`.</doc>
<msg timestamp="20231205 03:23:02.580" level="INFO">Clicking element '//*[@resource-id="com.example.myapplication:id/spinnerClass"]'.</msg>
<msg timestamp="20231205 03:23:02.684" level="INFO">xpath criteria: //*[@resource-id="com.example.myapplication:id/spinnerClass"]</msg>
<status status="PASS" starttime="20231205 03:23:02.578" endtime="20231205 03:23:02.685"/>
</kw>
<kw name="Wait Until Element Is Visible" library="AppiumLibrary">
<arg>${economy}</arg>
<doc>Waits until element specified with `locator` is visible.</doc>
<msg timestamp="20231205 03:23:03.598" level="INFO">xpath criteria: //android.widget.TextView[@resource-id="android:id/text1" and @text="Economy"]
xpath criteria: //android.widget.TextView[@resource-id="android:id/text1" and @text="Economy"]</msg>
<status status="PASS" starttime="20231205 03:23:02.685" endtime="20231205 03:23:03.598"/>
</kw>
<kw name="Click Element" library="AppiumLibrary">
<arg>${economy}</arg>
<doc>Click element identified by `locator`.</doc>
<msg timestamp="20231205 03:23:03.601" level="INFO">Clicking element '//android.widget.TextView[@resource-id="android:id/text1" and @text="Economy"]'.</msg>
<msg timestamp="20231205 03:23:04.304" level="INFO">xpath criteria: //android.widget.TextView[@resource-id="android:id/text1" and @text="Economy"]</msg>
<status status="PASS" starttime="20231205 03:23:03.599" endtime="20231205 03:23:04.304"/>
</kw>
<status status="PASS" starttime="20231205 03:23:02.578" endtime="20231205 03:23:04.304"/>
</kw>
<kw name="Choose Start Date" library="bookPage">
<kw name="Click Element" library="AppiumLibrary">
<arg>${start-date}</arg>
<doc>Click element identified by `locator`.</doc>
<msg timestamp="20231205 03:23:04.307" level="INFO">Clicking element '//android.widget.TextView[@resource-id="com.example.myapplication:id/textStartDate"]'.</msg>
<msg timestamp="20231205 03:23:05.096" level="INFO">xpath criteria: //android.widget.TextView[@resource-id="com.example.myapplication:id/textStartDate"]</msg>
<status status="PASS" starttime="20231205 03:23:04.305" endtime="20231205 03:23:05.096"/>
</kw>
<kw name="Wait Until Element Is Visible" library="AppiumLibrary">
<arg>${15-aug}</arg>
<doc>Waits until element specified with `locator` is visible.</doc>
<msg timestamp="20231205 03:23:05.228" level="INFO">xpath criteria: //android.view.View[@content-desc="15 August 2019"]</msg>
<status status="PASS" starttime="20231205 03:23:05.096" endtime="20231205 03:23:05.228"/>
</kw>
<kw name="Click Element" library="AppiumLibrary">
<arg>${15-aug}</arg>
<doc>Click element identified by `locator`.</doc>
<msg timestamp="20231205 03:23:05.230" level="INFO">Clicking element '//android.view.View[@content-desc="15 August 2019"]'.</msg>
<msg timestamp="20231205 03:23:05.977" level="INFO">xpath criteria: //android.view.View[@content-desc="15 August 2019"]</msg>
<status status="PASS" starttime="20231205 03:23:05.228" endtime="20231205 03:23:05.977"/>
</kw>
<kw name="Click Element" library="AppiumLibrary">
<arg>${date-ok-button}</arg>
<doc>Click element identified by `locator`.</doc>
<msg timestamp="20231205 03:23:05.980" level="INFO">Clicking element '//android.widget.Button[@resource-id="android:id/button1"]'.</msg>
<msg timestamp="20231205 03:23:06.170" level="INFO">xpath criteria: //android.widget.Button[@resource-id="android:id/button1"]</msg>
<status status="PASS" starttime="20231205 03:23:05.978" endtime="20231205 03:23:06.170"/>
</kw>
<status status="PASS" starttime="20231205 03:23:04.305" endtime="20231205 03:23:06.170"/>
</kw>
<kw name="Choose End Date" library="bookPage">
<kw name="Click Element" library="AppiumLibrary">
<arg>${end-date}</arg>
<doc>Click element identified by `locator`.</doc>
<msg timestamp="20231205 03:23:06.174" level="INFO">Clicking element '//android.widget.TextView[@resource-id="com.example.myapplication:id/textEndDate"]'.</msg>
<msg timestamp="20231205 03:23:06.782" level="INFO">xpath criteria: //android.widget.TextView[@resource-id="com.example.myapplication:id/textEndDate"]</msg>
<status status="PASS" starttime="20231205 03:23:06.172" endtime="20231205 03:23:06.782"/>
</kw>
<kw name="Wait Until Element Is Visible" library="AppiumLibrary">
<arg>${17-aug}</arg>
<doc>Waits until element specified with `locator` is visible.</doc>
<msg timestamp="20231205 03:23:07.518" level="INFO">xpath criteria: //android.view.View[@content-desc="17 August 2019"]
xpath criteria: //android.view.View[@content-desc="17 August 2019"]</msg>
<status status="PASS" starttime="20231205 03:23:06.782" endtime="20231205 03:23:07.518"/>
</kw>
<kw name="Click Element" library="AppiumLibrary">
<arg>${17-aug}</arg>
<doc>Click element identified by `locator`.</doc>
<msg timestamp="20231205 03:23:07.521" level="INFO">Clicking element '//android.view.View[@content-desc="17 August 2019"]'.</msg>
<msg timestamp="20231205 03:23:08.258" level="INFO">xpath criteria: //android.view.View[@content-desc="17 August 2019"]</msg>
<status status="PASS" starttime="20231205 03:23:07.518" endtime="20231205 03:23:08.259"/>
</kw>
<kw name="Click Element" library="AppiumLibrary">
<arg>${date-ok-button}</arg>
<doc>Click element identified by `locator`.</doc>
<msg timestamp="20231205 03:23:08.261" level="INFO">Clicking element '//android.widget.Button[@resource-id="android:id/button1"]'.</msg>
<msg timestamp="20231205 03:23:08.417" level="INFO">xpath criteria: //android.widget.Button[@resource-id="android:id/button1"]</msg>
<status status="PASS" starttime="20231205 03:23:08.259" endtime="20231205 03:23:08.418"/>
</kw>
<status status="PASS" starttime="20231205 03:23:06.171" endtime="20231205 03:23:08.418"/>
</kw>
<kw name="Choose flight only" library="bookPage">
<kw name="Wait Until Element Is Visible" library="AppiumLibrary">
<arg>${flight-button}</arg>
<doc>Waits until element specified with `locator` is visible.</doc>
<msg timestamp="20231205 03:23:09.025" level="INFO">xpath criteria: //android.widget.RadioButton[@resource-id="com.example.myapplication:id/radioButtonFlight"]</msg>
<status status="PASS" starttime="20231205 03:23:08.419" endtime="20231205 03:23:09.025"/>
</kw>
<kw name="Click Element" library="AppiumLibrary">
<arg>${flight-button}</arg>
<doc>Click element identified by `locator`.</doc>
<msg timestamp="20231205 03:23:09.028" level="INFO">Clicking element '//android.widget.RadioButton[@resource-id="com.example.myapplication:id/radioButtonFlight"]'.</msg>
<msg timestamp="20231205 03:23:09.155" level="INFO">xpath criteria: //android.widget.RadioButton[@resource-id="com.example.myapplication:id/radioButtonFlight"]</msg>
<status status="PASS" starttime="20231205 03:23:09.025" endtime="20231205 03:23:09.155"/>
</kw>
<status status="PASS" starttime="20231205 03:23:08.419" endtime="20231205 03:23:09.155"/>
</kw>
<kw name="Choose tentative" library="bookPage">
<kw name="Wait Until Element Is Visible" library="AppiumLibrary">
<arg>${tentative-button}</arg>
<doc>Waits until element specified with `locator` is visible.</doc>
<msg timestamp="20231205 03:23:09.760" level="INFO">xpath criteria: //android.widget.CheckBox[@resource-id="com.example.myapplication:id/checkBoxDay"]</msg>
<status status="PASS" starttime="20231205 03:23:09.157" endtime="20231205 03:23:09.760"/>
</kw>
<kw name="Click Element" library="AppiumLibrary">
<arg>${tentative-button}</arg>
<doc>Click element identified by `locator`.</doc>
<msg timestamp="20231205 03:23:09.764" level="INFO">Clicking element '//android.widget.CheckBox[@resource-id="com.example.myapplication:id/checkBoxDay"]'.</msg>
<msg timestamp="20231205 03:23:09.869" level="INFO">xpath criteria: //android.widget.CheckBox[@resource-id="com.example.myapplication:id/checkBoxDay"]</msg>
<status status="PASS" starttime="20231205 03:23:09.760" endtime="20231205 03:23:09.869"/>
</kw>
<status status="PASS" starttime="20231205 03:23:09.157" endtime="20231205 03:23:09.870"/>
</kw>
<kw name="Submit booking" library="bookPage">
<kw name="Click Element" library="AppiumLibrary">
<arg>${submit-book-button}</arg>
<doc>Click element identified by `locator`.</doc>
<msg timestamp="20231205 03:23:09.876" level="INFO">Clicking element '//android.widget.Button[@resource-id="com.example.myapplication:id/book_flight"]'.</msg>
<msg timestamp="20231205 03:23:10.628" level="INFO">xpath criteria: //android.widget.Button[@resource-id="com.example.myapplication:id/book_flight"]</msg>
<status status="PASS" starttime="20231205 03:23:09.874" endtime="20231205 03:23:10.628"/>
</kw>
<status status="PASS" starttime="20231205 03:23:09.872" endtime="20231205 03:23:10.628"/>
</kw>
<kw name="Choose and confirm price" library="bookPage">
<kw name="Wait Until Element Is Visible" library="AppiumLibrary">
<arg>${choose-price-button}</arg>
<doc>Waits until element specified with `locator` is visible.</doc>
<msg timestamp="20231205 03:23:11.366" level="INFO">xpath criteria: //android.widget.Button[@resource-id="com.example.myapplication:id/price5"]</msg>
<status status="PASS" starttime="20231205 03:23:10.631" endtime="20231205 03:23:11.366"/>
</kw>
<kw name="Click Element" library="AppiumLibrary">
<arg>${choose-price-button}</arg>
<doc>Click element identified by `locator`.</doc>
<msg timestamp="20231205 03:23:11.369" level="INFO">Clicking element '//android.widget.Button[@resource-id="com.example.myapplication:id/price5"]'.</msg>
<msg timestamp="20231205 03:23:11.465" level="INFO">xpath criteria: //android.widget.Button[@resource-id="com.example.myapplication:id/price5"]</msg>
<status status="PASS" starttime="20231205 03:23:11.366" endtime="20231205 03:23:11.466"/>
</kw>
<kw name="Click Element" library="AppiumLibrary">
<arg>${confirm-button}</arg>
<doc>Click element identified by `locator`.</doc>
<msg timestamp="20231205 03:23:11.468" level="INFO">Clicking element '//android.widget.Button[@resource-id="com.example.myapplication:id/confirm_order"]'.</msg>
<msg timestamp="20231205 03:23:12.174" level="INFO">xpath criteria: //android.widget.Button[@resource-id="com.example.myapplication:id/confirm_order"]</msg>
<status status="PASS" starttime="20231205 03:23:11.466" endtime="20231205 03:23:12.174"/>
</kw>
<status status="PASS" starttime="20231205 03:23:10.631" endtime="20231205 03:23:12.174"/>
</kw>
<kw name="Wait Until Page Contains Element" library="AppiumLibrary">
<arg>xpath=//*[contains(@text, "Your flight is booked")]</arg>
<doc>Waits until element specified with `locator` appears on current page.</doc>
<msg timestamp="20231205 03:23:12.867" level="INFO">xpath criteria: //*[contains(@text, "Your flight is booked")]
xpath criteria: //*[contains(@text, "Your flight is booked")]</msg>
<status status="PASS" starttime="20231205 03:23:12.177" endtime="20231205 03:23:12.867"/>
</kw>
<kw name="Close Flight Application" library="base">
<kw name="Close Application" library="AppiumLibrary">
<doc>Closes the current application and also close webdriver session.</doc>
<status status="PASS" starttime="20231205 03:23:12.868" endtime="20231205 03:23:13.279"/>
</kw>
<status status="PASS" starttime="20231205 03:23:12.867" endtime="20231205 03:23:13.279"/>
</kw>
<status status="PASS" starttime="20231205 03:22:41.979" endtime="20231205 03:23:13.282"/>
</test>
<status status="PASS" starttime="20231205 03:22:41.674" endtime="20231205 03:23:13.285"/>
</suite>
<statistics>
<total>
<stat pass="1" fail="0" skip="0">All Tests</stat>
</total>
<tag>
</tag>
<suite>
<stat pass="1" fail="0" skip="0" id="s1" name="Book">Book</stat>
</suite>
</statistics>
<errors>
</errors>
</robot>
