<?xml version="1.0" encoding="UTF-8"?>
<robot generator="Robot 6.1.1 (Python 3.12.0 on win32)" generated="20231203 23:03:38.749" rpa="false" schemaversion="4">
<suite id="s1" name="Search" source="D:\sanbercodeMobileAutomation519\Flight-Ritter\suites\search.robot">
<test id="s1-t1" name="Search with Logged in" line="15">
<kw name="Open Flight Application" library="base">
<kw name="Open Application" library="AppiumLibrary">
<arg>remote_url=${REMOTE_URL}</arg>
<arg>platformName=${PLAFORM_NAME}</arg>
<arg>platformVersion=${PLATFORM_VERSION}</arg>
<arg>deviceName=${DEVICE_NAME}</arg>
<arg>appPackage=${APP_PACKAGE}</arg>
<arg>appActivity=${APP_ACTIVITY}</arg>
<doc>Opens a new application to given Appium server.
Capabilities of appium server, Android and iOS,
Please check https://github.com/appium/appium/blob/master/docs/en/writing-running-appium/server-args.md
| *Option*            | *Man.* | *Description*     |
| remote_url          | Yes    | Appium server url |
| alias               | no     | alias             |
| strict_ssl          | No     | allows you to send commands to an invalid certificate host like a self-signed one. |</doc>
<status status="PASS" starttime="20231203 23:03:39.136" endtime="20231203 23:03:47.817"/>
</kw>
<status status="PASS" starttime="20231203 23:03:39.135" endtime="20231203 23:03:47.817"/>
</kw>
<kw name="Click Sign In Button On Home Page" library="homePage">
<kw name="Click Element" library="AppiumLibrary">
<arg>${sign-in-button}</arg>
<doc>Click element identified by `locator`.</doc>
<msg timestamp="20231203 23:03:47.822" level="INFO">Clicking element '//*[@resource-id="com.example.myapplication:id/login"]'.</msg>
<msg timestamp="20231203 23:03:48.645" level="INFO">xpath criteria: //*[@resource-id="com.example.myapplication:id/login"]</msg>
<status status="PASS" starttime="20231203 23:03:47.818" endtime="20231203 23:03:48.645"/>
</kw>
<status status="PASS" starttime="20231203 23:03:47.818" endtime="20231203 23:03:48.645"/>
</kw>
<kw name="Wait Until Element Is Visible" library="AppiumLibrary">
<arg>${username-input}</arg>
<doc>Waits until element specified with `locator` is visible.</doc>
<msg timestamp="20231203 23:03:49.435" level="INFO">xpath criteria: //*[@resource-id="com.example.myapplication:id/username"]
xpath criteria: //*[@resource-id="com.example.myapplication:id/username"]</msg>
<status status="PASS" starttime="20231203 23:03:48.645" endtime="20231203 23:03:49.435"/>
</kw>
<kw name="Input Username On Login Page" library="loginPage">
<arg>${VALID_USERNAME}</arg>
<kw name="Input Text" library="AppiumLibrary">
<arg>${username-input}</arg>
<arg>${username}</arg>
<doc>Types the given `text` into text field identified by `locator`.</doc>
<msg timestamp="20231203 23:03:49.438" level="INFO">Typing text 'support@ngendigital.com' into text field '//*[@resource-id="com.example.myapplication:id/username"]'</msg>
<msg timestamp="20231203 23:03:49.565" level="INFO">xpath criteria: //*[@resource-id="com.example.myapplication:id/username"]</msg>
<status status="PASS" starttime="20231203 23:03:49.437" endtime="20231203 23:03:49.565"/>
</kw>
<status status="PASS" starttime="20231203 23:03:49.435" endtime="20231203 23:03:49.565"/>
</kw>
<kw name="Input Password On Login Page" library="loginPage">
<arg>${VALID_PASSWORD}</arg>
<kw name="Input Text" library="AppiumLibrary">
<arg>${password-input}</arg>
<arg>${password}</arg>
<doc>Types the given `text` into text field identified by `locator`.</doc>
<msg timestamp="20231203 23:03:49.567" level="INFO">Typing text 'abc123' into text field '//*[@resource-id="com.example.myapplication:id/password"]'</msg>
<msg timestamp="20231203 23:03:50.130" level="INFO">xpath criteria: //*[@resource-id="com.example.myapplication:id/password"]</msg>
<status status="PASS" starttime="20231203 23:03:49.566" endtime="20231203 23:03:50.130"/>
</kw>
<status status="PASS" starttime="20231203 23:03:49.565" endtime="20231203 23:03:50.130"/>
</kw>
<kw name="Click Login Button On Login Page" library="loginPage">
<kw name="Click Element" library="AppiumLibrary">
<arg>${log-in-button}</arg>
<doc>Click element identified by `locator`.</doc>
<msg timestamp="20231203 23:03:50.132" level="INFO">Clicking element '//*[@resource-id="com.example.myapplication:id/signIn"]'.</msg>
<msg timestamp="20231203 23:03:50.746" level="INFO">xpath criteria: //*[@resource-id="com.example.myapplication:id/signIn"]</msg>
<status status="PASS" starttime="20231203 23:03:50.130" endtime="20231203 23:03:50.746"/>
</kw>
<status status="PASS" starttime="20231203 23:03:50.130" endtime="20231203 23:03:50.746"/>
</kw>
<kw name="Wait Until Page Contains Element" library="AppiumLibrary">
<arg>xpath=//*[contains(@text, "NGen")]</arg>
<doc>Waits until element specified with `locator` appears on current page.</doc>
<msg timestamp="20231203 23:03:51.421" level="INFO">xpath criteria: //*[contains(@text, "NGen")]
xpath criteria: //*[contains(@text, "NGen")]</msg>
<status status="PASS" starttime="20231203 23:03:50.747" endtime="20231203 23:03:51.421"/>
</kw>
<kw name="Wait Until Page Contains Element" library="AppiumLibrary">
<arg>xpath=//*[contains(@text, "Out")]</arg>
<doc>Waits until element specified with `locator` appears on current page.</doc>
<msg timestamp="20231203 23:03:51.484" level="INFO">xpath criteria: //*[contains(@text, "Out")]</msg>
<status status="PASS" starttime="20231203 23:03:51.422" endtime="20231203 23:03:51.484"/>
</kw>
<kw name="Open Search" library="searchPage">
<kw name="Click Element" library="AppiumLibrary">
<arg>${search-flight-button}</arg>
<doc>Click element identified by `locator`.</doc>
<msg timestamp="20231203 23:03:51.486" level="INFO">Clicking element '//*[@resource-id="com.example.myapplication:id/search_flight"]'.</msg>
<msg timestamp="20231203 23:03:51.597" level="INFO">xpath criteria: //*[@resource-id="com.example.myapplication:id/search_flight"]</msg>
<status status="PASS" starttime="20231203 23:03:51.485" endtime="20231203 23:03:51.597"/>
</kw>
<status status="PASS" starttime="20231203 23:03:51.484" endtime="20231203 23:03:51.597"/>
</kw>
<kw name="Wait Until Element Is Visible" library="AppiumLibrary">
<arg>${search-input}</arg>
<doc>Waits until element specified with `locator` is visible.</doc>
<msg timestamp="20231203 23:03:52.667" level="INFO">xpath criteria: //*[@resource-id="com.example.myapplication:id/flight_number"]
xpath criteria: //*[@resource-id="com.example.myapplication:id/flight_number"]</msg>
<status status="PASS" starttime="20231203 23:03:51.599" endtime="20231203 23:03:52.667"/>
</kw>
<kw name="Input Search" library="searchPage">
<arg>${SEARCH}</arg>
<kw name="Input Text" library="AppiumLibrary">
<arg>${search-input}</arg>
<arg>${search-key}</arg>
<doc>Types the given `text` into text field identified by `locator`.</doc>
<msg timestamp="20231203 23:03:52.669" level="INFO">Typing text 'DA935' into text field '//*[@resource-id="com.example.myapplication:id/flight_number"]'</msg>
<msg timestamp="20231203 23:03:52.780" level="INFO">xpath criteria: //*[@resource-id="com.example.myapplication:id/flight_number"]</msg>
<status status="PASS" starttime="20231203 23:03:52.668" endtime="20231203 23:03:52.780"/>
</kw>
<status status="PASS" starttime="20231203 23:03:52.667" endtime="20231203 23:03:52.780"/>
</kw>
<kw name="Click Search Button" library="searchPage">
<kw name="Click Element" library="AppiumLibrary">
<arg>${search-button}</arg>
<doc>Click element identified by `locator`.</doc>
<msg timestamp="20231203 23:03:52.784" level="INFO">Clicking element '//android.widget.Button[@resource-id="com.example.myapplication:id/searchFlight"]'.</msg>
<msg timestamp="20231203 23:03:53.378" level="INFO">xpath criteria: //android.widget.Button[@resource-id="com.example.myapplication:id/searchFlight"]</msg>
<status status="PASS" starttime="20231203 23:03:52.781" endtime="20231203 23:03:53.378"/>
</kw>
<status status="PASS" starttime="20231203 23:03:52.781" endtime="20231203 23:03:53.378"/>
</kw>
<kw name="Wait Until Page Contains Element" library="AppiumLibrary">
<arg>xpath=//*[contains(@text, "Toronto")]</arg>
<doc>Waits until element specified with `locator` appears on current page.</doc>
<msg timestamp="20231203 23:03:54.097" level="INFO">xpath criteria: //*[contains(@text, "Toronto")]
xpath criteria: //*[contains(@text, "Toronto")]</msg>
<status status="PASS" starttime="20231203 23:03:53.378" endtime="20231203 23:03:54.097"/>
</kw>
<kw name="Wait Until Page Contains Element" library="AppiumLibrary">
<arg>xpath=//*[contains(@text, "Paris")]</arg>
<doc>Waits until element specified with `locator` appears on current page.</doc>
<msg timestamp="20231203 23:03:54.152" level="INFO">xpath criteria: //*[contains(@text, "Paris")]</msg>
<status status="PASS" starttime="20231203 23:03:54.098" endtime="20231203 23:03:54.152"/>
</kw>
<kw name="Wait Until Page Contains Element" library="AppiumLibrary">
<arg>xpath=//*[contains(@text, "935")]</arg>
<doc>Waits until element specified with `locator` appears on current page.</doc>
<msg timestamp="20231203 23:03:54.214" level="INFO">xpath criteria: //*[contains(@text, "935")]</msg>
<status status="PASS" starttime="20231203 23:03:54.153" endtime="20231203 23:03:54.214"/>
</kw>
<kw name="Close Flight Application" library="base">
<kw name="Close Application" library="AppiumLibrary">
<doc>Closes the current application and also close webdriver session.</doc>
<status status="PASS" starttime="20231203 23:03:54.215" endtime="20231203 23:03:54.780"/>
</kw>
<status status="PASS" starttime="20231203 23:03:54.215" endtime="20231203 23:03:54.780"/>
</kw>
<status status="PASS" starttime="20231203 23:03:39.134" endtime="20231203 23:03:54.781"/>
</test>
<test id="s1-t2" name="Search without Logged in" line="33">
<kw name="Open Flight Application" library="base">
<kw name="Open Application" library="AppiumLibrary">
<arg>remote_url=${REMOTE_URL}</arg>
<arg>platformName=${PLAFORM_NAME}</arg>
<arg>platformVersion=${PLATFORM_VERSION}</arg>
<arg>deviceName=${DEVICE_NAME}</arg>
<arg>appPackage=${APP_PACKAGE}</arg>
<arg>appActivity=${APP_ACTIVITY}</arg>
<doc>Opens a new application to given Appium server.
Capabilities of appium server, Android and iOS,
Please check https://github.com/appium/appium/blob/master/docs/en/writing-running-appium/server-args.md
| *Option*            | *Man.* | *Description*     |
| remote_url          | Yes    | Appium server url |
| alias               | no     | alias             |
| strict_ssl          | No     | allows you to send commands to an invalid certificate host like a self-signed one. |</doc>
<status status="PASS" starttime="20231203 23:03:54.783" endtime="20231203 23:04:02.273"/>
</kw>
<status status="PASS" starttime="20231203 23:03:54.783" endtime="20231203 23:04:02.273"/>
</kw>
<kw name="Page Should Not Contain Element" library="AppiumLibrary">
<arg>${search-input}</arg>
<doc>Verifies that current page not contains `locator` element.</doc>
<msg timestamp="20231203 23:04:03.048" level="INFO">Current page not contains element '//*[@resource-id="com.example.myapplication:id/flight_number"]'.</msg>
<msg timestamp="20231203 23:04:03.048" level="INFO">xpath criteria: //*[@resource-id="com.example.myapplication:id/flight_number"]</msg>
<status status="PASS" starttime="20231203 23:04:02.274" endtime="20231203 23:04:03.048"/>
</kw>
<kw name="Close Flight Application" library="base">
<kw name="Close Application" library="AppiumLibrary">
<doc>Closes the current application and also close webdriver session.</doc>
<status status="PASS" starttime="20231203 23:04:03.049" endtime="20231203 23:04:03.532"/>
</kw>
<status status="PASS" starttime="20231203 23:04:03.049" endtime="20231203 23:04:03.532"/>
</kw>
<status status="PASS" starttime="20231203 23:03:54.782" endtime="20231203 23:04:03.533"/>
</test>
<status status="PASS" starttime="20231203 23:03:38.751" endtime="20231203 23:04:03.534"/>
</suite>
<statistics>
<total>
<stat pass="2" fail="0" skip="0">All Tests</stat>
</total>
<tag>
</tag>
<suite>
<stat pass="2" fail="0" skip="0" id="s1" name="Search">Search</stat>
</suite>
</statistics>
<errors>
</errors>
</robot>
