<?xml version="1.0" encoding="UTF-8"?>
<robot generator="Robot 6.1.1 (Python 3.9.7 on win32)" generated="20231205 01:13:40.979" rpa="false" schemaversion="4">
<suite id="s1" name="Login" source="D:\12S19003_Dian Filia Matondang\bootcamp\sanbercodeMobileAutomation519\suites\login.robot">
<test id="s1-t1" name="Login Valid" line="16">
<kw name="Open Flight Application" library="base" type="SETUP">
<kw name="Open Application" library="AppiumLibrary">
<arg>remote_url=${REMOTE_URL}</arg>
<arg>platformName=${PLATFORM_NAME}</arg>
<arg>platformVersion=${PLATFORM_VERSION}</arg>
<arg>deviceName=${DEVICE_NAME}</arg>
<arg>appPackage=${APP_PACKAGE}</arg>
<arg>appActivity=${APP_ACTIVITY}</arg>
<doc>Opens a new application to given Appium server.
Capabilities of appium server, Android and iOS,
Please check https://github.com/appium/appium/blob/master/docs/en/writing-running-appium/server-args.md
| *Option*            | *Man.* | *Description*     |
| remote_url          | Yes    | Appium server url |
| alias               | no     | alias             |
| strict_ssl          | No     | allows you to send commands to an invalid certificate host like a self-signed one. |</doc>
<status status="PASS" starttime="20231205 01:13:41.545" endtime="20231205 01:13:57.094"/>
</kw>
<status status="PASS" starttime="20231205 01:13:41.544" endtime="20231205 01:13:57.094"/>
</kw>
<kw name="Open Flight Application" library="base">
<kw name="Open Application" library="AppiumLibrary">
<arg>remote_url=${REMOTE_URL}</arg>
<arg>platformName=${PLATFORM_NAME}</arg>
<arg>platformVersion=${PLATFORM_VERSION}</arg>
<arg>deviceName=${DEVICE_NAME}</arg>
<arg>appPackage=${APP_PACKAGE}</arg>
<arg>appActivity=${APP_ACTIVITY}</arg>
<doc>Opens a new application to given Appium server.
Capabilities of appium server, Android and iOS,
Please check https://github.com/appium/appium/blob/master/docs/en/writing-running-appium/server-args.md
| *Option*            | *Man.* | *Description*     |
| remote_url          | Yes    | Appium server url |
| alias               | no     | alias             |
| strict_ssl          | No     | allows you to send commands to an invalid certificate host like a self-signed one. |</doc>
<status status="PASS" starttime="20231205 01:13:57.096" endtime="20231205 01:14:13.648"/>
</kw>
<status status="PASS" starttime="20231205 01:13:57.095" endtime="20231205 01:14:13.648"/>
</kw>
<kw name="Click Sign In Button On Homepage" library="homePage">
<kw name="Click Element" library="AppiumLibrary">
<arg>${sign-in-button}</arg>
<doc>Click element identified by `locator`.</doc>
<msg timestamp="20231205 01:14:13.656" level="INFO">Clicking element '//*[@resource-id="com.example.myapplication:id/login"]'.</msg>
<msg timestamp="20231205 01:14:15.617" level="INFO">xpath criteria: //*[@resource-id="com.example.myapplication:id/login"]</msg>
<status status="PASS" starttime="20231205 01:14:13.650" endtime="20231205 01:14:15.617"/>
</kw>
<status status="PASS" starttime="20231205 01:14:13.649" endtime="20231205 01:14:15.618"/>
</kw>
<kw name="Input Username On Login Page" library="loginPage">
<arg>${VALID_USERNAME}</arg>
<kw name="Wait Until Element Is Visible" library="AppiumLibrary">
<arg>${username-input}</arg>
<doc>Waits until element specified with `locator` is visible.</doc>
<msg timestamp="20231205 01:14:16.911" level="INFO">xpath criteria: //*[@resource-id="com.example.myapplication:id/username"]
xpath criteria: //*[@resource-id="com.example.myapplication:id/username"]</msg>
<status status="PASS" starttime="20231205 01:14:15.620" endtime="20231205 01:14:16.911"/>
</kw>
<kw name="Input Text" library="AppiumLibrary">
<arg>${username-input}</arg>
<arg>${username}</arg>
<doc>Types the given `text` into text field identified by `locator`.</doc>
<msg timestamp="20231205 01:14:16.920" level="INFO">Typing text 'support@ngendigital.com' into text field '//*[@resource-id="com.example.myapplication:id/username"]'</msg>
<msg timestamp="20231205 01:14:17.203" level="INFO">xpath criteria: //*[@resource-id="com.example.myapplication:id/username"]</msg>
<status status="PASS" starttime="20231205 01:14:16.912" endtime="20231205 01:14:17.203"/>
</kw>
<status status="PASS" starttime="20231205 01:14:15.619" endtime="20231205 01:14:17.203"/>
</kw>
<kw name="Input Password On Login Page" library="loginPage">
<arg>${VALID_PASSWORD}</arg>
<kw name="Wait Until Element Is Visible" library="AppiumLibrary">
<arg>${password-input}</arg>
<doc>Waits until element specified with `locator` is visible.</doc>
<msg timestamp="20231205 01:14:17.884" level="INFO">xpath criteria: //*[@resource-id="com.example.myapplication:id/password"]</msg>
<status status="PASS" starttime="20231205 01:14:17.206" endtime="20231205 01:14:17.884"/>
</kw>
<kw name="Input Text" library="AppiumLibrary">
<arg>${password-input}</arg>
<arg>${password}</arg>
<doc>Types the given `text` into text field identified by `locator`.</doc>
<msg timestamp="20231205 01:14:17.890" level="INFO">Typing text 'abc123' into text field '//*[@resource-id="com.example.myapplication:id/password"]'</msg>
<msg timestamp="20231205 01:14:18.132" level="INFO">xpath criteria: //*[@resource-id="com.example.myapplication:id/password"]</msg>
<status status="PASS" starttime="20231205 01:14:17.885" endtime="20231205 01:14:18.132"/>
</kw>
<status status="PASS" starttime="20231205 01:14:17.205" endtime="20231205 01:14:18.133"/>
</kw>
<kw name="Click Sign In Button On Homepage" library="homePage">
<kw name="Click Element" library="AppiumLibrary">
<arg>${sign-in-button}</arg>
<doc>Click element identified by `locator`.</doc>
<msg timestamp="20231205 01:14:18.142" level="INFO">Clicking element '//*[@resource-id="com.example.myapplication:id/login"]'.</msg>
<kw name="Capture Page Screenshot" library="AppiumLibrary">
<doc>Takes a screenshot of the current page and embeds it into the log.</doc>
<msg timestamp="20231205 01:14:19.601" level="INFO" html="true">&lt;/td&gt;&lt;/tr&gt;&lt;tr&gt;&lt;td colspan="3"&gt;&lt;img src="data:image/png;base64, iVBORw0KGgoAAAANSUhEUgAABDgAAAeACAYAAAArYecKAAAAAXNSR0IArs4c6QAAAARzQklUCAgI
CHwIZIgAACAASURBVHic7N17kJX1ffjxz1nu94VEBGNkkSYiGcsSq7G2Kt5JRipWWqcaClaiTWgC
WANKp6JibBovLB0nCdbA6tgZsXHExlvGOq5Co63VgcZadWKQiBeMcgkXF9jd5/eHw/5EEXaXPXv4
6Os18x3h7DnP93sWcDhvnuf7lCKiCAAAAIDEqiq9AAAAAIADJXAAAAAA6QkcAAAAQHoCBwAAAJCe
wAEAAACkJ3AAAAAA6QkcAAAAQHoCBwAAAJCewAEAAACkJ3AAAAAA6QkcAAAAQHoCBx/Ro0ePmDhx
Yjz++OOxcePGaGlpiebm5mhpaWn9cXNzc2zatCkaGhriT/7kT6J79+6VXnanKZVKlV4CAAAA7VSK
iKLSi6DySqVSdO/ePX75y1/GqFGjolu3bm36oN/S0hK/+tWv4owzzojXXnutC1ZaHqVSKQYMGBBj
xoyJ4447LkqlUvzXf/1XvPDCC7Fly5YoCn9MAAAADmafnH92p8MGDBgQzz77bBx55JHRrVu3Nr2m
KIp44403YsSIEdHS0rJHAOjVq1eUSqVobGzcY46IiG3btkVLS0vnvoED1Ldv3zjvvPPiL//yL+MP
/uAPWte6ZcuWeOaZZ+Kuu+6Ke++9N957770Kr3TfSqVS9OzZM/r27RtVVZ17clZLS0ts3749du7c
KfYAAAAHJWdwfMpdeuml8eMf/7hdl2W0tLTErFmz4tZbb42iKKKqqipOPfXUuOqqq+K4446L/v37
R0TE7Nmz45/+6Z8iIuLuu++OTZs2xSGHHBLnn39+Wd5Le1VVVcVJJ50Uc+fOjZNOOql13R+2devW
WLFiRfzjP/5jrFix4qALNLtVV1fH6aefHl//+tdj6NChnXrst99+O+6666547LHHYtOmTZ16bAAA
+KSprq6Ourq6qKmpOaDjvPrqqzFr1ix/B2+jlIFj8ODB8ZWvfCV+/etfx8svv1zp5aRUKpXiZz/7
WXzta19rV9zYsWNHjB07Nl566aUYNGhQ3HbbbTF58uQolUofOU5RFPHII4/EOeecEyNHjoxNmzbF
li1bYufOnZ39dtqtZ8+e8bd/+7dxww03tOt1V111VSxcuDB27NhRppV1TO/evWPy5MmxePHi6Nu3
b1nm2L59e1x22WXx05/+dI+zcwAA+HSYNm1a1NfXl+XYF1xwQSxevLgsx161alWbnjNr1qxOm7Oh
oSFOOeWUTjnWE088EePHj++UY30aFJUYEyZMKD5owoQJbXpdTU1NsXbt2qIoimLHjh3FZZdd1iXz
tnUcfvjhexx/xowZFfn+7muUSqXi+eefL9qrubm5GDhwYBERxb/8y78Uzc3NbXrd//3f/xWlUqni
73v3GD58eLFkyZKisbGx3d+DxsbGYsmSJcVhhx1W8ffxwXHMMccU99xzT7vfT3vdc889xTHHHFPx
92sYhmEYhmF07airqyuKoijq6urKNsftt99e9r/PfpyGhoZOfS+drdK//llGuruoTJ48OY444oiI
eP9f4adMmVLhFeWzYsWK+NKXvtSu1zQ3N0d1dXX07ds3mpub48ILL2zzPg+jR4+Op59++qC4O8mw
YcPiH/7hH2LKlCnRq1evdr++V69eMWXKlLjhhhti+PDhZVhhx1RXV8eIESPKPs+IESOiurq67PMA
AHDwmDZtWsycOTMiImbOnBnTpk0ryzzTp0+Pn/zkJ2U5Np8O6TYZ/fCdOt56660KrSSnq6++Ok48
8cR2vaYoivjqV78a5557btx5550dChXHHXdcXHfddfH3f//37X5tZ+nRo0csWLAgLrroogO6rW33
7t3joosuil27dsW3vvWt2LVrVyeusmN69uwZ/fr1K/s8/fr1i549e5Z9HgAADg61tbVRV1e3x2N1
dXWxatWqNl360V7Tp0+PiIhLLrmk0455zTXX7PXx8ePHu/TjEyZd4Fi2bFkce+yxceaZZ8a6deti
3rx5lV5SGjU1NTF//vx2BYqiKGLZsmUxduzY+MEPftDhszBKpVLMmzcvlixZEmvWrOnQMQ5EVVVV
zJw584Djxm67I8eLL74YCxcuPGg3HgUAgI6qrq6OhoaGGDRo0B6PDxo0KBoaGqKmpqYsm192duS4
9tpr9/p4qVQSOD5h0gWOiIg5c+ZUegnplEqleO6559p9+9DGxsb493//9/jnf/7nA77EpKqqKp57
7rkYMmRIl99q9IQTTogbb7yxU4/Zp0+fuOmmm+IXv/hFPPXUU516bAAAqLS9xY3ddkeO2trassxd
jjM5+ORLtwcHHTN27NgO7Z1w4403xm233dZp+2cMGjQoxo0b1ynHaqu+ffvGlVdeWbbjz5s3L/r0
6VO24wMAQFerr6+PsWPH7vM5Y8eOLdtdVSLsyUH7CRz7MXz48Pjtb3/b5vHh69BuuOGG1q+9/vrr
FXkPpVIpfvGLX7Q7UrS0tMScOXM6dXPQjq7lQOabPHlynHrqqWWbY/z48fFnf/ZnB8UmqgAAcKBm
zZoVU6dObdNzp06d2qm3V/0wkYP2EDj2o1u3bvHZz362zeMzn/nMHq8fOHBg69cOOeSQiryHMWPG
RO/evdv9uvr6+hgyZEiMHj06Fi1aFI2NjZ2y10TPnj1j9OjRB3ycthg4cGBccskl0b9//7LN0b9/
//irv/qrGDhwYNnmAACArjBp0qRYuHBhu16zcOHCmDRpUplWJHLQdgLHfqxfvz6ef/751p/v2rUr
3njjjY8db7755h6v37Bhwx5fr4Rrr7223WcXFEURs2fPjvfeey9efvnlmDVrVvTt2zd+7/d+L1as
WHFAe2iUSqX43ve+1+HXt8dXvvKVfV4XuGvXrpg7d27069cvhg0bFnPmzIkXXnih3XdGGTduXBx/
/PEHulwAAKiY2traDl9yUl9fX7b9OCJEDtpG4NiPXbt2xaxZs1o/8JZKpZg+fXp87nOf2+v48Ifc
q6++uvVrNTU1Xb7+UqkUZ555ZrtfVxRFbNu27SOPrVmzJk4++eT4zGc+c0C36D3jjDM6/Nq26tmz
Z5x11lkxYMCAj31OY2NjPPTQQ7F9+/ZYv3593HjjjXHWWWfF97///Xj55Zejubm5TXMNGDAgJkyY
ED169Ois5QMAQJeprq6O+vr6j91UdH8GDRoU9fX1Hdr3r61EDvZH4GiDxx57LJYsWRIR798e9JZb
bunQJR+V0Lt37w5dnvGf//mf+/xwv3HjxjjssMPiW9/6VpsjwAf169ev3a9pryFDhsSECRP2efZK
URQfWf/rr78e1113XXzta1+L66+//iNn5exNqVSKs8466yOXKAEAQAbLly/f76ai+zN27NhYvnx5
J61o70QO9kXgaKO5c+fGr3/964iIGD16dFx//fUVXlHbnH766R26POXxxx9v0/N+9KMfxVFHHdXu
Szq6YkPOI444Io466qgOraWpqSleeeWVWLBgQXz1q1+Nurq6+O1vf7vPS3OOPvroOOKIIw5ozQAA
0NXq6urilFNO6ZRjnXLKKVFXV9cpx/o4IgcfR+Boo82bN8cVV1zRusnmjBkz4oQTTqjwqvbvb/7m
bzr0utWrV7f5ua+88koMHTo0GhsbOzRXuYwbNy66d+++3+ftK1o0NzfH6tWrY/bs2TFy5Mior6+P
LVu27PW53bp16/Jb4AIAwIGYNm1azJw5s1OPOXPmzJg2bVqnHvPDRA72RuBoh/vuuy/uvvvuiHj/
0o9FixZVeEX7t2LFig69ri2XZXzQpk2b4sgjj4ympqYOzVcOI0aMaNPz2no2ybZt2+Kyyy6Lv/iL
v4i33377gOYEAIBKq62tjaVLl5bl2EuXLi3rpqMRIgcfJXC00+WXX956N5Tjjz8+rrrqqgqvaN9u
uOGGWLp0abvverJjx452z/Xmm2/GTTfd1Ka5uuISlUMPPbRNz2vP92bXrl3x9NNPx8aNGw9oTgAA
qKSamppoaGgo6xwNDQ1lv9GCyMEHpQwcgwcPjgkTJsQXv/jFLp97/fr1MW/evNYPxXPnzm3TPg+V
UhRFTJ8+PZ566ql2vW5fdx75OHPmzInvfve7cccdd+w3GhzIbWbbqk+fPm16Xntiy4ABA+LKK6/8
2L022jonAABUSnV1dSxfvrzDd0xpq0GDBsXy5cvLemeVCJGD/y9d4KipqYlVq1bFww8/HL/85S/j
sssu6/I13HHHHfHAAw9ExPt/aA/2S1WKooiTTjopHnjggTaHhVGjRrVrjlmzZsX3v//96NatW7z7
7rsdOgOks7Vl/42I/ceWqqqqGD58eHz729+OlStXxqxZsz42ZLR1TgAAqJS6uroDvmNKW40dO7bs
m45GiBy8L13gmDx5cuu/nvfs2TOmTJlSkXXMnDkz3n333YiIOPvss+Mb3/hGRdaxP9XV1TFgwIBo
aWmJiRMnxpVXXtm6Ueq+/OEf/mGbjl8qlWLx4sVxyy23tJ4JMXXq1Jg9e3aXnKXRGT7uDI6qqqoY
MmRITJkyJR5//PFYtGhR/P7v//4+I0aW9wwAwKfTNddcE1OnTu3SOadOnRrXXHNN2ef5uMhR7g1P
OXikCxyvvfbaHj9/6623KrKONWvWxIIFC1p/ft1118Xw4cMrspZ92bJlS2zcuDHGjRsXpVIpfvCD
H8SQIUP2uRloqVSK0047rU3H37ZtW3zjG9/YIxIMGTIk7r777n1+2D+YQsDe1jJ48OCYOnVqPPro
o/HjH/84jjrqqDZdytIVe4sAAEBHTJo0KebPn1+RuefPnx+TJk0q+zx7ixxLly4VOT4lyh44Dj/8
8E493rJly+LGG2+MVatWxQMPPBDz5s3rknn3ZtGiRa0b8wwbNixuueWWss/ZXkVRxNq1a+PZZ5+N
NWvWxMiRI2Pz5s3Ro0ePuPDCC2PDhg17/YB/+OGHR7du3fZ6zN69e8fNN98czc3N0adPn498qK+q
qoqTTz55n6eIrVu37sDeWCfp1q3bHvuNDB48OC644IK455574tZbb40vf/nL0bt37zYf72AKNwAA
sFttbW3U19dXdA319fVlv7NKhMjxaVb2wPHf//3f0dDQEN/5znc6bRObOXPmxLhx42LixInx8ssv
d9m8e/Od73wntmzZEhERf/7nf97mMx+6SktLS/zwhz+MUqkUI0aMiFdeeSVeffXVmDBhQixbtiwO
OeSQOProo+Ohhx6KlpaWKIoiiqKIUqm0x47HpVIphg0bFvfee29s3bo1Lr/88qiq+vjfPpMnT47r
r79+rx/4i6KIxYsXl+X9tlefPn1i3rx5MWrUqDjxxBPjscceizvvvDPOOOOM6Nu3b7uPV6kzODZu
3Bhr1qzZ53Oam5tj7dq1sWTJkliyZEnr3XVWr14dd9xxRyxZsiR+9rOfxfbt22PFihVx5513xpIl
S2LFihWtv8cBAMinqzYV3Z+u2nQ0QuT4NCvKOTZs2FDstmnTpuKnP/1p8ad/+qfFhAkTig+aMGFC
2nmvvvrq1uOtWbNmj+PPmDGjrN/ftoxevXoVTU1Ne6yrpaWlaG5uLl566aXi5ptvLs4444ziC1/4
QjF69OjinHPOKa6++uri7rvvLr797W8XTz75ZNHY2Fi0tLQUbbV69eqiqqqq2L59+0e+1tTUVPTu
3bvs7/uee+5p83o7y7Jlyyryazx48ODiwgsvLJ5++umPXduOHTuKn//850VNTU1RU1NTjBo1qmhq
aipuvfXW4qijjipqamqK8847r3jzzTeLK664ovjSl75U1NTUFN/97neLtWvXFkVRFM8//3xx+umn
V/z3tGEYhmEYhtH2sWrVqq7663CbrFq1qsve++233/6R+adNm1ZERHHNNde0PtbQ0NCp83a2Sv8e
yjLKfsuHnTt3tv540KBBcf7558f5558f77zzzidm3uuuuy7OOeecOO6448p+n+eO2LlzZ6xduzaO
PPLI1sdKpVKUSqX44he/GJdffnnMnj17r6+94IILOjTn8OHDoyiKWLduXXzhC1/Y42sbNmw4KO6y
Ug6VPIPj4Ycfjoj3N8A9/vjjP/Kcoihi+/bt8eqrr0ZEtF6CtHnz5li7dm00NjbGsGHDorm5Od55
551Yu3ZtbN26Nd5555197tkCAMDBq76+vsvumNJWY8eOjfr6+i45m2L69OmxcuXKWLp0aetjH/wx
nyxlv0Tl2GOPjauvvjpWr169x+UKn/3sZz9R886cOTMaGxvLcuwDVRRFjBo1ap93T9kdPD48Omr3
vhXPPvvsHo+3tLTE0KFDP7F7VVTyfW3cuDEeeuihqKuri2eeeaZi6wAA4OCxe8/Ag01Xrqu+vj4u
vvjiPR5bunRpl2x6Stcqe+B4/fXXY8GCBVFbWxsnn3xyLFmyJNavX1/uabt83qeeeip++MMflu34
neH222/vsrl27twZRVF85H9cy5Yt67I1VEKl76KyadOmeOihh2LhwoUfiUsAAHz61NfXV3xz0Q+b
PXt2l69pb5HjYDuzhQPXpbeJXblyZVxyySXx+c9/Pi655JJ49NFHu+RSha6a9+/+7u/ihRde6PTj
dpYZM2bE5s2bu2Sut99+O0qlUrz44outj23btq1L77m9cePG2LFjR5ecVVEURezYsSM2bNhQ9rn2
Z/PmzfHggw/GTTfdFM8991yllwMAQIVdfPHFH/lwXykXX3xx1NXVVWTuvUUOPlnKvgfH3uzatav1
Tg41NTUxZcqU/d4BIsO8jY2NMW3atDjxxBNbH3vyySc77fgHqqmpKcaMGROvvfbaPu+A0hleeOGF
KIoi3nvvvYh4/9KUMWPGxK5du8o67wddddVV8eCDD8ZFF10Up5xyShx66KFlmWf9+vXxxBNPxF13
3RX/8R//UZY52ut3v/tdPPjggxERMXfu3NbbcfXq1av1+7B7D45+/frF0KFDY8eOHTFkyJCoqqqK
gQMHxtChQ6Nfv34xcODA1uc2NTXt81InAAAOTvX19bFq1ap4/PHHu+QuJh+2adOmOPXUU2PVqlVd
PvcH7T5zpNz7cGzevLnT7lqzadOmTjnOp0FFAscHvfrqq7FgwYJPzLzPPPPMQb3/wRtvvBF//Md/
HCtXrixr5Lj//vsj4v9vNnr22WfHb37zm7LNtzcbNmyIf/u3f4tHHnkkTjjhhPj6178eZ555Znz+
859v/cDeUU1NTbFu3bp49NFH46677oqnn356j41tDwZbtmyJBx54IIqiiHnz5sWYMWNi5MiR8c1v
fjMiIqqqqqKqqiq+/OUvx6WXXhpNTU1x+OGHR//+/eO0006LYcOGxc6dO6O2tjYGDhwYEe9/T3dH
KwAAclm1alWMHDmyy/efqK+vj9mzZx80H9S7InLU1dXF/PnzO+VYixYt6pTjfBqU4v3bqfApM3Hi
xFi+fHlZIkdLS0scdthhsX79+liwYEH8z//8T/zrv/5rp8/TXj179owjjjgiJk2aFFdccUWHz+h4
66234uabb47ly5fHb37zm4MubHxYv3794pxzzonvfe97MWrUqA4fp7m5OW699daoq6trvRMLAAA5
jR8/PubPnx/jx48v2xwNDQ1x7bXXHrQbnU6bNq01cjzxxBOd/r2ora2Nc889t/XnNTU1+71zTH19
/R5/177//vsrftZLNhW/V61RmTFy5Mhix44dnX6P5t/97ndFqVQqIqLo169fxd/nh0f37t2LQw89
tLj00kuLJ598sti6dWvR0tLyse+npaWl2LJlS/Hkk08Wl156aXHooYcW3bp1q/j7aM8YMGBAMWPG
jGLt2rXFu+++2+7xxhtvFCtWrChOO+20onv37hV/P4ZhGIZhGEbnjPHjxxf33Xdfp34euO+++4rx
48dX/L21ZUybNq0oiqJoaGjoku/1/mT5vh2so+KXqFA5a9asierq6lixYkWMGzeu087muP/++1s3
9ty2bVunHLMzNTU1xfr16+O2226Ln/zkJzFhwoT45je/GX/0R38UAwcObP0+tLS0xJYtW2LlypXx
ox/9KB555JFobm6u8Oo7ZsuWLXHnnXdGt27doqampt2v37BhQzz88MPxv//7v9HU1FSGFQIAUAkN
DQ3R0NAQNTU1ce6558akSZM6dCZDQ0NDLF++PO6///5UZ/vuvlxlf2dWkINLVIiIiBEjRrRuuNrR
W53ujho9evRIFwL69+8fo0ePjqlTp8bEiROjKIp48MEHY+nSpfHSSy/F1q1bK71EAADoEtXV1TF2
7Niora2N6urq1v/utmnTpli1alXrf1evXn3Q7K/RUbW1tWW/FKS2tjYWLly4z+fMnj3bJSkHQOCg
ValUimOOOSYWL14cxx57bHTv3n2/saMoimhubo7Vq1fHX//1X8ezzz7bJbdlLZeePXvGqFGjolQq
xa9+9auDfn8NAAAA3idwsFfdunWLz33uc3HeeefF2WefHUcffXQccsghERHx7rvvxosvvhg///nP
4957741169alO2MDAACATxaBAwAAAEiv8+8RCgAAANDFBA4AAAAgPYEDAAAASE/gAAAAANITOAAA
AID0BA4AAAAgPYEDAAAASE/gAAAAANITOAAAAID0BA4AAAAgPYEDAAAASE/gAAAAANITOAAAAID0
BA4AAAAgPYEDAAAASE/gAAAAANITOAAAAID0BA4AAAAgPYEDAAAASE/gAAAAANITOAAAAID0BA4A
AAAgPYEDAAAASE/gAAAAANITOAAAAID0BA4AAAAgPYEDAAAASE/gAAAAANITOAAAAID0BA4AAAAg
PYEDAAAASE/gAAAAANITOAAAAID0BA4AAAAgPYEDAAAASE/gAAAAANITOAAAAID0BA4AAAAgPYED
AAAASE/gAAAAANITOAAAAID0BA4AAAAgPYEDAAAASE/gAAAAANITOAAAAID0BA4AAAAgPYEDAAAA
SE/gAAAAANITOAAAAID0BA4AAAAgPYEDAAAASE/gAAAAANITOAAAAID0BA4AAAAgPYEDAAAASE/g
AAAAANITOAAAAID0BA4AAAAgPYEDAAAASE/gAAAAANITOAAAAID0BA4AAAAgPYEDAAAASE/gAAAA
ANITOAAAAID0BA4AAAAgPYEDAAAASE/gAAAAANITOAAAAID0BA4AAAAgPYEDAAAASE/gAAAAANIT
OAAAAID0BA4AAAAgve47d+6s9BoAAAAADogzOAAAAID0BA4AAAAgPYEDAAAASE/gAAAAANITOAAA
AID0BA4AAAAgPYEDAAAASE/gAAAAANITOAAAAID0BA4AAAAgPYEDAAAASE/gAAAAANITOAAAAID0
BA4AAAAgPYEDAAAASE/gAAAAANITOAAAAID0BA4AAAAgPYEDAAAASE/gAAAAANITOAAAAID0BA4A
AAAgPYEDAAAASE/gAAAAANITOAAAAID0BA4AAAAgPYEDAAAASE/gAAAAANITOAAAAID0BA4AAAAg
PYEDAAAASE/gAAAAANITOAAAAID0BA4AAAAgPYEDAAAASE/gAAAAANITOAAAAID0BA4AAAAgPYED
AAAASE/gAAAAANITOAAAAID0BA4AAAAgPYEDAAAASE/gAAAAANITOAAAAID0BA4AAAAgPYEDAAAA
SE/gAAAAANITOAAAAID0BA4AAAAgPYEDAAAASE/gAAAAANITOAAAAID0BA4AAAAgPYEDAAAASE/g
AAAAANITOAAAAID0BA4AAAAgPYEDAAAASE/gAAAAANITOAAAAID0BA4AAAAgPYEDAAAASE/gAAAA
ANITOAAAAID0BA4AAAAgPYEDAAAASE/gAAAAANITOAAAAID0BA4AAAAgPYEDAAAASE/gAAAAANIT
OAAAAID0BA4AAAAgPYEDAAAASE/gAAAAANITOAAAAID0BA4AAAAgPYEDAAAASE/gAAAAANITOAAA
AID0BA4AAAAgPYEDAAAASE/gAAAAANITOAAAAID0BA4AAAAgPYEDAAAASE/gAAAAANITOAAAAID0
BA4AAAAgPYEDAAAASE/gAAAAANITOAAAAID0BA4AAAAgPYEDAAAASE/gAAAAANITOAAAAID0BA4A
AAAgPYEDAAAASE/gAAAAANITOAAAAID0BA4AAAAgPYEDAAAASE/gAAAAANITOAAAAID0BA4AAAAg
PYEDAAAASE/gAAAAANITOAAAAID0BA4AAAAgPYEDAAAASE/gAAAAANITOAAAAID0BA4AAAAgPYED
AAAASE/gAAAAANITOAAAAID0BA4AAAAgPYEDAAAASE/gAAAAANITOAAAAID0BA4AAAAgPYEDAAAA
SE/gAAAAANITOAAAAID0BA4AAAAgPYEDAAAASE/gAAAAANITOAAAAID0BA4AAAAgPYEDAAAASE/g
AAAAANITOAAAAID0BA4AAAAgPYEDAAAASE/gAAAAANITOAAAAID0BA4AAAAgPYEDAAAASE/gAAAA
ANITOAAAAID0BA4AAAAgPYEDAAAASE/gAAAAANITOAAAAID0BA4AAAAgPYEDAAAASE/gAAAAANIT
OAAAAID0BA4AAAAgPYEDAAAASE/gAAAAANITOAAAAID0BA4AAAAgPYEDAAAASE/gAAAAANITOAAA
AID0BA4AAAAgPYEDAAAASE/gAAAAANITOAAAAID0BA4AAAAgPYEDAAAASE/gAAAAANITOAAAAID0
BA4AAAAgPYEDAAAASE/gAAAAANITOAAAAID0BA4AAAAgPYEDAAAASE/gAAAAANITOAAAAID0BA4A
AAAgPYEDAAAASE/gAAAAANITOAAAAID0BA4AAAAgPYEDAAAASE/gAAAAANITOAAAAID0BA4AAAAg
PYEDAAAASE/gAAAAANITOAAAAID0BA4AAAAgPYEDAAAASE/gAAAAANITOAAAAID0BA4AAAAgPYED
AAAASE/gAAAAANITOAAAAID0BA4AAAAgPYEDAAAASE/gAAAAANITOAAAAID0BA4AAAAgPYEDO54y
gwAAIABJREFUAAAASE/gAAAAANITOAAAAID0BA4AAAAgPYEDAAAASE/gAAAAANITOAAAAID0BA4A
AAAgPYEDAAAASE/gAAAAANITOAAAAID0BA4AAAAgPYEDAAAASE/gAAAAANITOAAAAID0BA4AAAAg
PYEDAAAASE/gAAAAANITOAAAAID0BA4AAAAgPYEDAAAASE/gAAAAANITOAAAAID0BA4AAAAgPYED
AAAASE/gAAAAANITOAAAAID0BA4AAAAgPYEDAAAASE/gAAAAANITOAAAAID0BA4AAAAgPYEDAAAA
SE/gAAAAANITOAAAAID0BA4AAAAgPYEDAAAASE/gAAAAANITOAAAAID0BA4AAAAgPYEDAAAASE/g
AAAAANITOAAAAID0BA4AAAAgPYEDAAAASE/gAAAAANITOAAAAID0BA4AAAAgPYEDAAAASE/gAAAA
ANITOAAAAID0BA4AAAAgPYEDAAAASE/gAAAAANITOAAAAID0BA4AAAAgPYEDAAAASE/gAAAAANIT
OAAAAID0BA4AAAAgPYEDAAAASE/gAAAAANITOAAAAID0BA4AAAAgPYEDAAAASE/gAAAAANITOAAA
AID0BA4AAAAgPYEDAAAASE/gAAAAANITOAAAAID0BA4AAAAgPYEDAAAASE/gAAAAANITOAAAAID0
BA4AAAAgPYEDAAAASE/gAAAAANITOAAAAID0BA4AAAAgPYEDAAAASE/gAAAAANITOAAAAID0BA4A
AAAgPYEDAAAASE/gAAAAANITOAAAAID0BA4AAAAgPYEDAAAASE/gAAAAANITOAAAAID0BA4AAAAg
PYEDAAAASE/gAAAAANITOAAAAID0BA4AAAAgPYEDAAAASE/gAAAAANITOAAAAID0BA4AAAAgPYED
AAAASE/gAAAAANITOAAAAID0BA4AAAAgPYEDAAAASE/gAAAAANITOAAAAID0BA4AAAAgPYEDAAAA
SE/gAAAAANITOAAAAID0BA4AAAAgPYEDAAAASE/gAAAAANITOAAAAID0BA4AAAAgPYEDAAAASE/g
AAAAANITOAAAAID0BA4AAAAgPYEDAAAASE/gAAAAANITOAAAAID0BA4AAAAgPYEDAAAASE/gAAAA
ANITOAAAAID0BA4AAAAgPYEDAAAASE/gAAAAANITOAAAAID0BA4AAAAgPYEDAAAASE/gAAAAANIT
OAAAAID0BA4AAAAgPYEDAAAASE/gAAAAANITOAAAAID0BA4AAAAgPYEDAAAASE/gAAAAANITOAAA
AID0BA4AAAAgPYEDAAAASE/gAAAAANITOAAAAID0BA4AAAAgPYEDAAAASE/gAAAAANITOAAAAID0
BA4AAAAgPYEDAAAASE/gAAAAANITOAAAAID0BA4AAAAgPYEDAAAASE/gAAAAANITOAAAAID0BA4A
AAAgPYEDAAAASE/gAAAAANITOAAAAID0BA4AAAAgPYEDAAAASE/gAAAAANITOAAAAID0BA4AAAAg
PYEDAAAASE/gAAAAANITOAAAAID0BA4AAAAgPYEDAAAASE/gAAAAANITOAAAAID0BA4AAAAgPYED
AAAASE/gAAAAANITOAAAAID0BA4AAAAgPYEDAAAASE/gAAAAANITOAAAAID0BA4AAAAgPYEDAAAA
SE/gAAAAANITOAAAAID0BA4AAAAgPYEDAAAASE/gAAAAANITOAAAAID0BA4AAAAgPYEDAAAASE/g
AAAAANITOAAAAID0BA4AAAAgPYEDAAAASE/gAAAAANITOAAAAID0BA4AAAAgPYEDAAAASE/gAAAA
ANITOAAAAID0BA4AAAAgPYEDAAAASE/gAAAAANITOAAAAID0BA4AAAAgPYEDAAAASE/gAAAAANIT
OAAAAID0BA4AAAAgPYEDAAAASE/gAAAAANITOAAAAID0BA4AAAAgPYEDAAAASE/gAAAAANITOAAA
AID0BA4AAAAgPYEDAAAASE/gAAAAANITOAAAAID0BA4AAAAgPYEDAAAASE/gAAAAANITOAAAAID0
BA4AAAAgPYEDAAAASE/gAAAAANITOAAAAID0BA4AAAAgPYEDAAAASE/gAAAAANITOAAAAID0BA4A
AAAgPYEDAAAASE/gAAAAANITOAAAAID0BA4AAAAgPYEDAAAASE/gAAAAANITOAAAAID0BA4AAAAg
PYEDAAAASE/gAAAAANITOAAAAID0BA4AAAAgPYEDAAAASE/gAAAAANITOAAAAID0BA4AAAAgPYED
AAAASE/gAAAAANITOAAAAID0BA4AAAAgPYEDAAAASE/gAAAAANITOAAAAID0BA4AAAAgPYEDAAAA
SE/gAAAAANITOAAAAID0BA4AAAAgPYEDAAAASE/gAAAAANITOAAAAID0BA4AAAAgPYEDAAAASE/g
AAAAANITOAAAAID0BA4AAAAgPYEDAAAASE/gAAAAANITOAAAAID0BA4AAAAgPYEDAAAASE/gAAAA
ANITOAAAAID0BA4AAAAgPYEDAAAASE/gAAAAANITOAAAAID0BA4AAAAgPYEDAAAASE/gAAAAANIT
OAAAAID0BA4AAAAgPYEDAAAASE/gAAAAANITOAAAAID0BA4AAAAgPYEDAAAASE/gAAAAANITOAAA
AID0BA4AAAAgPYEDAAAASE/gAAAAANITOAAAAID0BA4AAAAgPYEDAAAASE/gAAAAANITOAAAAID0
BA4AAAAgPYEDAAAASE/gAAAAANITOAAAAID0BA4AAAAgPYEDAAAASE/gAAAAANITOAAAAID0BA4A
AAAgPYEDAAAASE/gAAAAANITOAAAAID0BA4AAAAgPYEDAAAASE/gAAAAANITOAAAAID0BA4AAAAg
PYEDAAAASE/gAAAAANITOAAAAID0BA4AAAAgPYEDAAAASE/gAAAAANITOAAAAID0BA4AAAAgPYED
AAAASE/gAAAAANITOAAAAID0BA4AAAAgPYEDAAAASE/gAAAAANITOAAAAID0BA4AAAAgPYEDAAAA
SE/gAAAAANITOAAAAID0BA4AAAAgPYEDAAAASE/gAAAAANITOAAAAID0BA4AAAAgPYEDAAAASE/g
AAAAANITOAAAAID0BA4AAAAgPYEDAAAASE/gAAAAANITOAAAAID0BA4AAAAgPYEDAAAASE/gAAAA
ANITOAAAAID0BA4AAAAgPYEDAAAASE/gAAAAANITOAAAAID0BA4AAAAgPYEDAAAASE/gAAAAANIT
OAAAAID0BA4AAAAgPYEDAAAASE/gAAAAANITOAAAAID0BA4AAAAgPYEDAAAASE/gAAAAANITOAAA
AID0BA4AAAAgPYED4P+xd99hklV1/vg/1d1D90QmkkTSDCODZFByMK/gKgJKMoCoqCBBFEwoYFjZ
RXcNu4txQTFgAtwvCBJGRIKCiixpiIIkh2ES0zM9M91dvz/4VVHVXbmqw+l+vZ6nn+l76957TnW1
j5x3n/M5AABA8gQcAAAAQPIEHAAAAEDyBBwAAABA8gQcAAAAQPIEHAAAAEDyOka6AwCQqmw2O9Jd
YAzIZDIj3QUAGBMEHABQo1ygkc1mi75KXQOlDAwzMplM0VepawCA2gg4AKAGhYFGf39/9PX15f8t
dW2lY8aHUmHGQO3t7dHW1pb/ymQy+X8BgPoIOACgRrlwo7e3N3p7e6Ovry/Wrl1b8rrCf8udG/ga
aSkVQpSahVFpZkZnZ2e0tbVFR0dHdHR0RFtbW/73QcgBAPURcABAjfr7+2PNmjWxatWq6O7ujnXr
1sWqVasiYvDylVLfF/7L2DQwzBi49GTg61OmTIkJEybExIkTY8qUKTFx4sSYMGGCcAMAGiDgAIAa
ZLPZ6Ovri1WrVsUzzzwTS5YsiVWrVsWyZcuKrqk16DCAHVsGfq6Vgo3Cz37GjBkxceLEmDFjRmy0
0UbR3t4eHR3+8wwAGuH/QQGgRrmAY8mSJfHcc8/F2rVrY82aNfnXy4UauePCfwUcY0upgCOnUsDR
3t4ePT090dfXFx0dHTFt2rTo6uqK9vb2Yew9AIwNAg4AqFFfX1+sXr06enp6YvLkyTFnzpyigaj6
GgxUqU5HxAu/U2vWrIne3t5YtWpVrF+/3u8MADRIwAEANcpms7F+/fro7e2NSZMmxYYbbhj9/f1l
r4WccjN2cgHZypUr8zM5AIDGCDgAoEa5OhzZbDY6Ojpi0qRJ0dPTM9LdImFdXV3R3d0dERG9vb2D
ljYBALUTcABAHXKDz1wxSAUhacaECROivb09MpmMcAMAmuS/ygCgTrlCkZlMJiZMmFD02lirw1Gt
hkQrjcef3cCiowBA4wQcAFCnSn9pL7WLxmg02vtXr9EehIz2/gHAWCDgAIA6pRoOpNrvWhS+txTD
BDM5AKB5Ag4AqEMqMzQKpdTXVsi93xSDDgCgcW0j3QEASFUKwUEKfRwq4/m9A8B4ZAYHAIwhBvXF
Bv48zOoAgLFLwAEAdRptIcJo689oNpprdfgcAaA5Ag4AaMBwD0ZHy+B3qPsxnKFDpfcy3OHHaPl8
ASBlAg4AqMN4GoiOxHuttc3RNvsCABh5Ag4AICLSCm/GUm2NlH7uADCaCTgAoE7DMSBtdRtjfRDd
6sBjuAOUTCaT/wIAGmObWACog3AjDa0ODMbjzxAAUiPgAIAaFP4FfygHu8KN1mtV2DHUn7vPCgCa
Y4kKAIyg1AKNsbSLSiPGUu0PABhrBBwAkLDUA41q7bU6QBBQAMDYJeAAgBHQTHCQYh2QRuX6MVRB
ROH7bKSNoe4fAFA7AQcA1CE3oG0kABjNocZoCTTKqaV/I7lzSrNBSan2AYD6CDgAoE4jvWxjuO5N
Tan32kzo0ernVWpnPH1OADBUBBwA0KBqA9NSrzU6kBVyNKZVS0hy91f7WWaz2ZIzQcrdV3h+PH9O
ANAKAg4AaEC1wWgrwg2hRus0G3TUunwlk8kMeq3UOQCg9QQcAFCHRoKNRs43QqgxfCoFJuVCjnLX
AwCtIeAAgDrVsqxgrBYFHep2hzoAGK7ZFOVmfJSb2SOcAoDmCTgAoA7ZbHZE/go/VgONVrXX6I4n
rXgeADA6CDgAoA7j4a/tKb6/VmzTmlK7AMBgAg4AGCHDFSSkGFg0Y6TqXTTTbi44G2+fFQC0koAD
AOrU6EB0JLaIpTEjsfOJzxkAmiPgAIA61FJgtJVtpKzS+0hhOUetW8M228ZY+bwBYKQJOABgjGl2
wLx6zZq4//6HYtGih2Px4iXR398fM2ZsGNvO2zp23HFBbLjhtGHpY7OBwnAEFADA6CHgAIA6VKuV
MPB8pYF8M0FEq//qn8lk4rnnlsUPf/TL+MUvr4zVq9eUvG7KlMnxjmMPj2OPOSy6ujpb2odSfSqn
0ToXzTyv3P0D7y1VeLRSfQ6zOACgNQQcAFCnwpCjmaBjNAUc9y96KM746LmxePGSitetWtUdF37z
+/GHP/w5zj//0zFzxvSW9iM12Wy25GcxMNgod23uWMgBAM0TcADAEGtF3Y6hmLGRs2pVd1G4sf2C
+XHUUYfGLru8PGZM3zB6e3vj739/Kq7+zW/jRz/6ZURE/OXOu+Occ78c//7lc6K9vb2lfau3/xGj
bzlLqedVC8MEHADQnLaR7gAApGzgbI7Cv8SX+qt8NpvNf41kPwvllp1ERLz7XW+Pb3/rgjj4ja+O
zTbdOCZO7IqpU6fE9tvPj4+c9v741/PPzt93yy23x4033jqs76OcWmbVjKV2AYDBBBwAUKN6BrLD
UUSzVrX05eijDo0v/9tn4+STjo/Ozg3KXvfqV+0bRx35lvzx/7vyupb0sdWaDR2GeyvgVt0PAOOZ
gAMARkitg9nhqNWRyWTiwAP3rnp9JpOJ17xm//zxLbfeEWvW9JSdyVLv11Bo5vnDNTvDDBAAaJ4a
HAAwTBoJNHp7e2Px4iWxfPnK6F69Jrq6OmPa1Cmx2WabxIQJHWXva7YvK1euiqeeeiZWreqOyZMn
xUtesmlMmzYlIiI2f8mmRf1btnxFTJo0sea2m+lXzljZ8lWwAQCtI+AAgAaUG5hWKyha69KVO/50
V9x44y2xcOHNsfjZ5wZdM2nSxHjVQfvGwW98dbzylbsOajcXAPz9iafirYe9J//ar664ODbbdOOy
7+mpp/4R3/3ej+Kqq66PtevW5V/r6OiI1752/zj+3UfGRhvNKbpvdffgLWWvvnphfOrsL0VExIIF
28Yl3/9Gxff8m2tvjE988osREbHllpvHZb/4Xsnryu1OknPBl/87fnLpFRERcdCB+8QF//aZQe/x
6msWxqfPPv+Fvm23bfzg+18v2UbOtdf+Lj756X/J9+3nP/122fdRqpho4blywYyQAwCaJ+AAgDqV
2/WiFeHGww//Lf7rwovjd7+7reJ1q1eviSuvui6uvOq6ePWr9o0zP3ZSzJkza3AfY3Afy/X7zjvv
jtPPOCdWrFg5qL3e3t64+uqFcd11N8VZZ55U9Fp/tr/q+6rHwD6X6mtE6bAjWhAUtGJJUGGQURg4
FX4/sC0hBwA0R8ABAA2od2vPWq77y513x8fO/FxRwPDSl24W+++/V2zx0s2iq6szVq/uiccffyJu
WHhzflvXGxbeHE8++Ux87aufj9mzZzbUl8cefyLO+Ni5RW2//vUHxs47vTw6OzeIZ55ZHFdf89t4
4omn4gtf/Oqg5w165sDDarU9KoQaZe+ptrVrpkzQVNhWmWuKnlXHe6kWZFTaLhYAaI6AAwDq0EjN
hFr+Sr9o0cNxyqmfjp6etRERsc3WW8SHP3xC7LP3HtHe3j7ovlM+fEL87Gf/L/79q9964f4HHo6v
ff07cd65Z5ZtO6J0kJDNZuNrX/9uLFu2IiIiNtpodvzb+WfHjjsuKLruvSccG/9z0U/im9/6waBn
VprNUul9FzykaZlM8bsbjhihUi2QqrNNSlwHADTOLioA0IDCGRzVdgMpHARns9n8V+G5//jqt/Ph
xvxtt4kL//v82H+/PaO9vb1k+52dnfGOdxwep3z4hPy5K6+6Pp544um6d/64++77Y+HCm/PHn/rk
qflwo/BZnZ0bxAdOfFe88x1H1PTcZrRq95VGd2kZjt1dBrZX+C8AUD8BBwDUodEBaKm/9OfOPfro
43H7HXfmz5980vExc+aMmp77ljf/U9HxPfcuqrtv19/w+/z3e+y+c+y/354VB/bDEXCkopUhiHAD
AJoj4ACAOjWyRKXS0oSHHv5b0flddt2h5vamT58WG280O3+8dOnyuvoWEXHLLbfnv3/DGw6q+v46
OzvrbmO0GMoQoVLYUbUGiXADAJqmBgcAtFi9A9w5c2bFe084JiIiJkyYEJMnTaq5jXXr1sfy5S8W
Bu3qqh4+FPZlxYqVRQHLdtvNq3r/aDSwqGfli5u4t47+FMoVFy3VjnADAFpDwAEADai2NKGekGO3
XXeM3Xbdsep1pc7/6c93xdp16/LHW265ecWipgOPn39+VdFx4Vaz9ahUzLRUEdJq9zfeh+Iyo7V8
DgM/x4EhRKmtdiuptfBoLc8CAGpniQoA1GGoik42Epg89PDf4ktf+nr+eLPNNokdXr5dXe2uWdNT
dNzV1VXX/eX61pQyW7cOl4pFS2sIaxpts63Nf5YBQDPM4ACAOjW7VWylc7V44smn44orro5LfviL
/M4rERGnnHxCTUtUCg3cpaW3t7dq34Yre6g0q2Kk5frWin4N104tADDWCTgAoA6Vln+08p6BnvnH
s/HHP/4lblj4+7jxxlsHvX7qKe+NN7zhoLqfO2lycb2P7lWrY/asmQ31cShV2np3qNprtI1S96q/
AQBDT8ABAEMsV2Ay932hSgPc1avXxI2/uzWuvOr6op1OCm299RZxxukfiH33fUVdfcq1O3Pm9Ojs
3CDWrn2hjsff//5kbLnl5nU9q9Xaahj0D0fgkW+joKlMW/2hVkTx7wAAMDQEHADQhMpLORob0Pb0
rI1f/e9v4jvf/WEsWbK05DXbbz8/3v62N8cbXn9Q3ctSCvvVucEGsdtuO8Wtt94RERG33/HX2G+/
PRvqdzPWrX2xUOrkyZPrvj/3noYiQ1i3rrBv1Xe4aZQABACaI+AAgDqVq5nQbNiRyWTiwQcfiXM/
95W4555Fg16fP39uvOH1B8aer9wtFiyYH21VZhO80M+B5wZfd8D+e+UDjssu/3Ucf9yRMX36hmXf
wxNPPD3omYPeX8HhAw8+Eg8++EjMnz+3bF//XvDMmTOnl72uLgX9KjfD48EHH40HHngk5s/fpqa+
zZo5o7iJMp9rpZk6pV4TbgBA85TrBoA6lNtitNL5F2cXZCp+3Xf/g3HiB88sCjdmz54ZHz7pPfGL
n30nLv3xhXHCe46JHXbYLtrb26o+r1p/c1+vftV+0dm5QURErFz5fPznf19U9j0seW5pfOGLXx34
QynbfsQLhUvPPe8rsXjxkpLXdXevjiuvui5//cteNq/qeyv/ngu3py3zvqO4b+d9vnTfIiJWreqO
qwr6Nv9lc2v+udfyuzHwPADQOAEHADSolQPStWvXxnnnfSWWLVuRP/f+970jLvvF9+KEE46JuXO3
GrIB8CabzIkT3//O/PHPfva/8dlz/i0eeeSxiHjhfa5Z0xM3LLw5TvzAmXHPvYNnl1Rz9z33x/tO
/GhcffUNsap7dURErFu3Pu6+Z1Gc8dFz4sknX5wlseeeu5YNAepVKWjIueeeRXHiB8+Mq69ZGN0F
fbvnnkXxsbM+F08++Uz+2le+Ypem+lOuf4XHAEBjLFEBgDoNxZKCO+64K+5f9FD++KwzT46jjnxL
S9uo5NhjDo//+7/7Y+Fvb46IiCt+dU1c8atrYvLkSbHhhtPiqadeHOTvs/ce8eCDj8azS56r6dn7
7vOKmD59w7jyquvizI9/PiIiNt1ko3h2ydL8trQ5Bx20T+y+285F5yot76jXwM9tn733iOkzNoyr
rro+Pv6JL0RExCabbBRLSvTtwAP3jt123amp9gfKZrP5AqTCDQBojhkcADAK3HvfA/nvX/KSTeKI
ww+p+d577lkUd999f9x99/1FRUlrHTBnMpmYOLErvvD5j8cRh7+p6LXu7tVF4cabDnld/Ov5Z8fm
m29ac/9mzpoR53z2jHjfe9+RP/f0M4tLBgjnfvajFWuLtGpmR86sWTPis2d/JN57wrH5c8+U6tsB
e8dnzz6jat0TAGDkmMEBAC1UbuBdbUC+YsXK/Pfz5m0dHR0dNQ3i161bH8e+86T88Zcv+Gy89jUH
5I+nTpsaZ37sxdenTp1S9rlTpkyOz5z9kXjroW+M3954azz40CPx3HPLYtasGbHtvG1iv/1eGbvu
skNERBx99Fvj9a8/MCIGF96MiJg7d6s468wX2t38JZtFZ2dnfPjk98TBB78mfve7W+PuexbFP/7x
bEyc2BXz5m0d++79ith7792jvb296nvOaTTkmDdvqzjzox+KiIiXbL5pdHZ2xsknHR8Hv/HV8bub
bot7BvRt7733iL33erFv1WaRZDKZskVGFRgFgKEj4ACAOtRaM6Ge2RMRUbRryTNPL462ttomWT70
8KNFx1tssXlR2zOmbxjvOPbwuvq2007bx047bV/xmjf+06srvr5gu21jwXbbDjq/7bytY9t5W5e9
r5klKC8s9Sg8Uzo8mD9/bskdXebO3Srmzt2qat9qWTIzsN1S9+aOhRwA0BqWqADAKLBgwYthwKIH
Hi65TWwpl176q/z3L5s/N7adN3i701oKbZbT+G4mjWm2r0PdRquNpr4AQOoEHABQp6EYkO6x+84x
r2Bmw7mf+0pR7YuBbWez2fifi34SV/zq6vxrH/rQcYNqROSuXbHi+ejvr292xGgYcDf1s67xlmba
aPZ3oXAGyGj4eQNAyixRAYA6DNUgtKurMz5x1ofjxA+eGb29vbFo0UNx9DEfjCOPfEvstttOMWf2
zOjo6Ijnn18VDz/yWFx+xa/jz3/+v/z9xx57eBx04D6Dnruqe3Wceuqn44+3/yV22mn7+MbXvxgz
CpbDpKSVu6kMRRvl6mzU2y4A0BgBBwDUqdpAtt76Gzm7775T/Me/nxef/vSXYvmKlbF8xcr45rd+
UPU5xx5zWJx2yvtKtvvnP98Vf7z9LxERcddd98bNN/8x3nTI62rq32hW6r0OVehR2GYtbZQrMjrU
/QOA8U7AAQA1KrUUod4io6XOF547YP+94ic/vjD+5+JL4/LLfx1r164r25+ddto+3vueY+Kgg/Yp
W/h0443mFN2z6aYbVwxgUp1J8EKB0QEFYCOKirWWCxjqCapqmeGR60u1c7W0BwDULrNu3Tp/TgCA
Kvr6+qK7uzuefPLJePbZZ2Pq1Kkxe/bs6O/vL3l9pZ1Wah3ILlu2PO67/6F49NHHYuXKVbF+/fqY
OnVqbLTRrFiwYH5svdVLo62trerzbrrptrjzr/fE9gvmx2tes39DfUnFI488FsuWr4iIiMmTJsXL
XjZ4t5RKMyma3cWl3HG557a3t8eyZctixYoVMWHChNhyyy1j+vTp0dnZOeY+GwAYagIOAKhBqwKO
RgtZNvJaK+9JValgodEQo5b7yoUaAg4AGHqWqABAHRoZdOYGt+VqMzTDLhwjq5UBCgDQHAEHAIwy
rQ4qBB/Favl5CCkAID0CDgCoU7Xik604V2u7zVw3HjS67WstRUKbPZdrJ/eazw0AmiPgAIAGVBuU
DmXgMRwD4RQG2/XOsqj3PQ1c/lNpeVFhYFHvuUb6BgAMJuAAgDoMLBha6yB7OGZuNGMo2mgmUGjk
+SO5rKTRYKPcOQCgfgIOAKhTvQPSZndRGQrqfIwuhUtVAIDGCDgAoAn1bOE6WgawrezHaHlPEY3X
22jk+eUU1ttQqBQAhpeAAwAa0Ip6GrUMmJsJEFoRPgxngFGqrUZDglYsX6lnCVKpewZxNOv6AAAg
AElEQVR+30xfAIDqBBwAUKdadr2oZfbGcC0TGemQpBmNhAw5A4uEljpfS/v1tJO7Z2CwUa4vuaUp
I/1zBoCxQMABAHVoZEBqG9DmtLqY6HA8r9HZHwBA4wQcADDEyg14R+OAdjT2aaDRFniUur6RcCOF
nz0AjGZtI90BABjrRnJ5Sj33pzrAHoqfZSMzdKqda/RZAEBtzOAAgDpUG/xWqr3RyOB1KOpnjOaa
HM0UFS03Q6aVz6x0bU6lIqOlnifUAIDWEHAAQAPqDTrqfXajz2v1da2+t5LCLVZbeW8jBUZbtfvJ
wGBjtG4dDABjgYADAKhouAbhzdTCaHVdjuGW8hIhABgtBBwAUKPRPAAdTTM8WqWZ2RPl7m12RkY9
bZdqt9QymtHwswaAsUDAAQB1qndpSrOhQqPPTCnMqKZUH5upj1HpfO61Zmt6lKvLUa49AKA5Ag4A
aEClv7w3W9yz1SHJWAo6IsrXsyh3XS1KLXEpt+ylkXbL1d4o/D1K5ecPAKOVgAMAmpDyoHSktqpt
dmnIcNTbqCfwAABGh7aR7gAApGoowo2RKujZzHPqrSPRyD3Vnldv261oI+VwCwDGIjM4AKBGub/i
NzKgb+S1eq6p57pmtbKdoSz6WaqORql2W91+vbU6yvUHAKiPgAMAatDMLh6VzjVyTbPXNTOYHsqB
eKVAotF761k2U20JSqXCo6XuqzW8afWMFgAYrwQcAFCnwgFpLQPywoHrSAQTqYQcpUKGob63UhhR
7Vy1fgzV7wYAUJqAAwCGWLlBb6u3hW3FPcP5vHLPH+rindWeX26mRrn7Sp1XgBQAhp+AAwDq0MoZ
Bs3MWChnqOpjDKdG6nLUOpum1cGDcAMARg8BBwC0WKo7bqTQx0pq2ca1mTof9fSjnhkgqf/cAWC0
EHAAQJ0qFYSsVFNhpGZrpDyAbma3k3L31hKE1KqWNgrrd1QKORQaBYDmCDgAoEG1Bh2ljqtdX8+5
Rq5p5NrRotVbyzZSYLTarigDa62UK1Ka4s8fAEYrAQcA1GE4alw0s8RlJJbHNFOXZCjbbuT5lYrB
lisQq+YGAIwOAg4AGAbDVWR0OLSqz61cKjJSWlFkNMXfAQAYjdpGugMAAAAAzTKDAwDqVK0YZO61
epaLNPpX/OFYkjJcMwxaPaOjlhkz9bRRrS5HpTaq7d5iFgcANE/AAQA1GhhsVCoYWUsxyUYKj1Z7
bThqhAyXUrUvmn1eqe1bS7VRrcZGudfL1esoDD5KtWUHFQBonoADAOpUOBitd1eTRndBaWbwm8qM
jkpbqLbyebW0US20KHdvrVvCVvseAKifgAMAapDJZKKtrS0mTJgQEyZMiPb29mhra6tpEF1p0GtQ
m7Zai4xWmnHT3t4+6PcKAKifgAMAapALONrb2/NfbW1t0d/fX/dzWnmu1jaGQ63tNjNTo9lZGbW2
UU9tjUbayGlra8t/5X6vhF4A0BgBBwDUoHAGR0dHR2Qymejr66u7TsZw1eJopWb6V+n6RmprtOLe
QpVmW5RaplLt3nq3je3v749MJhMTJkyIzs7OfMAh5ACA+gk4AKBGuYBjgw02iIiI9evXR1dXV13P
aLQ4aCsGvI0GEa2+vtwOJLWqNkuimVke9bRRa+hRSU9PT/T39w8KOACA+lnkCQA1yM3g2GCDDfKh
xpo1a+p+TjabLftX/lYX2ay3jYFfjT6/2lezKoUSrdxxpZ42Gm17zZo1RQFHbnYQAFA/MzgAoEaZ
TCY6Ojpi4sSJERGxbt26WL58ef71epcnjMRAdqwPnlsVcLSqzWpLknIFRru6uqKrq8sMDgBogoAD
AGqU2/Fi4sSJ0dHREb29vdHb25t/vd6AYySNtUF0Sj/nwnMdHR3R3t4eHR0d0dHREW1tbWPuswGA
4ZJZt27d6PwvAgAYhQYut6hlF5XROvhmaNUSVOQCjWaWBgEALzCDAwDqYBAKADA6KTIKAAAAJE/A
AQAAACRPwAEAAAAkT8ABAAAAJE/AAQAAACRPwAEAAAAkT8ABAAAAJE/AAQAAACRPwAEAAAAkT8AB
AAAAJE/AAQAAACRPwAEAAAAkT8ABAAAAJE/AAQAAACRPwAEAAAAkT8ABAAAAJE/AAQAAACRPwAEA
AAAkT8ABAAAAJE/AAQAAACRPwAEAAAAkT8ABAAAAJE/AAQAAACRPwAEAAAAkT8ABAAAAJE/AAQAA
ACRPwAEAAAAkT8ABAAAAJE/AAQAAACRPwAEAAAAkT8ABAAAAJE/AAQAAACRPwAEAAAAkT8ABAAAA
JE/AAQAAACRPwAEAAAAkT8ABAAAAJE/AAQAAACRPwAEAAAAkT8ABAAAAJE/AAQAAACRPwAEAAAAk
T8ABAAAAJE/AAQAAACRPwAEAAAAkT8ABAAAAJE/AAQAAACRPwAEAAAAkT8ABAAAAJE/AAQAAACRP
wAEAAAAkT8ABAAAAJE/AAQAAACRPwAEAAAAkT8ABAAAAJE/AAQAAACRPwAEAAAAkT8ABAAAAJE/A
AQAAACRPwAEAAAAkT8ABAAAAJE/AAQAAACRPwAEAAAAkT8ABAAAAJE/AAQAAACRPwAEAAAAkT8AB
AAAAJE/AAQAAACRPwAEAAAAkT8ABAAAAJE/AAQAAACRPwAEAAAAkT8ABAAAAJE/AAQAAACRPwAEA
AAAkT8ABAAAAJE/AAQAAACRPwAEAAAAkT8ABAAAAJE/AAQAAACRPwAEAAAAkT8ABAAAAJE/AAQAA
ACRPwAEAAAAkT8ABAAAAJE/AAQAAACRPwAEAAAAkT8ABAAAAJE/AAQAAACRPwAEAAAAkT8ABAAAA
JE/AAQAAACRPwAEAAAAkT8ABAAAAJE/AAQAAACRPwAEAAAAkT8ABAAAAJE/AAQAAACRPwAEAAAAk
T8ABAAAAJE/AAQAAACRPwAEAAAAkT8ABAAAAJE/AAQAAACRPwAEAAAAkT8ABAAAAJE/AAQAAACRP
wAEAAAAkT8ABAAAAJE/AAQAAACRPwAEAAAAkT8ABAAAAJE/AAQAAACRPwAEAAAAkT8ABAAAAJE/A
AQAAACRPwAEAAAAkT8ABAAAAJE/AAQAAACRPwAEAAAAkr2OkO1CvbDYbvb29kc1mI5vNFr2WyWRG
qFcAAACQpoFj67a2tujo6EhujJ1kwLFmzZpYv359RAg1AAAAoBVyQUd7e3tMnTo12trakhpzJxVw
ZLPZ6O/vj+effz5Wr16dT5UAAACA5vT19UVfX19ssMEGMXny5GhrS6uqRZLpQDabjc7Ozpg6dWpM
nDgxstlsPlWqlC6llDwBAABAswYuPyn1Wm5M3dPTE6tWrYq+vr7h6l5LJRdwZDKZaGtri7a2tujs
7IyJEydGf39/ZDKZQQFG4bFwAwAAgPGoMOQYGHjk6lu2tbVFNpuNnp6eokkEKUku4IiIotkalYKN
agFHih8YAAAAlFNpxkap60qNr1MdKycZcES8WI+j1G4qhR9U7oNJNYECAACAWpUKOAqXopSbwZHJ
ZPJj7FSlVTGkgoEf1MDZG5WWrwAAAMBYUEv5hsKJACkHGgONmYCj8EOqVnBUuAEAAMB4Ui74GEvj
42SXqJRTLeQwkwMAAICxaOCqhlKzM3LnC18fK+PiMRdwRNQeYoyVDxEAAAAGhhqFY95awo/UjZkl
KgAAAMD4NW4DDrM3AAAAGGvG81h3XAYc4/kDBwAAYGwbr2PecRlwAAAAAGOLgAMAAABInoADAAAA
SJ6AAwAAAEiegAMAAABInoADAAAASJ6AAwAAAEiegAMAAABInoADAAAASJ6AAwAAAEiegAMAAABI
noADAAAASJ6AAwAAAEiegAMAAABInoADAAAASJ6AAwAAAEiegAMAAABInoADAAAASJ6AAwAAAEie
gAMAAABInoADAAAASJ6AAwAAAEiegAMAAABInoADAAAASJ6AAwAAAEiegAMAAABInoADAAAASJ6A
AwAAAEiegAMAAABInoADAAAASJ6AAwAAAEiegAMAAABInoADAAAASJ6AAwAAAEhe0gFHNpsd6S4A
AAAAo0DSAQcAAABAhIADAAAAGAMEHAAAAEDyBBwAAABA8gQcAAAAQPIEHAAAAEDyBBwAAABA8gQc
AAAAQPIEHAAAAEDyBBwAAABA8gQcAAAAQPIEHAAAAEDyBBwAAABA8gQcAAAAQPIEHAAAAEDyBBwA
AABA8gQcAAAAQPIEHAAAAEDyBBwAAABA8gQcAAAAQPIEHAAAAEDyBBwAAABA8gQcAAAAQPIEHAAA
AEDyBBwAAABA8gQcAAAAQPIEHAAAAEDyBBwAAABA8gQcAAAAQPIEHAAAAEDyBBwAAABA8gQcAAAA
QPIEHAAAAEDyBBwAAABA8gQcAAAAQPIEHAAAAEDyBBwAAABA8gQcAAAAQPIEHAAAAEDyBBwAAABA
8gQcAAAAQPIEHAAAAEDyBBwAAABA8gQcAAAAQPIEHAAAAEDyBBwAAABA8gQcAAAAQPIEHAAAAEDy
BBwAAABA8gQcAAAAQPIEHAAAAEDyBBwAAABA8gQcAAAAQPIEHAAAAEDyBBwN+tOf/hQnn3xybL/9
9jFt2rTYcccd4/TTT4+77rpLe9ob8fYAAADGm8y6deuyI92JWmWz2ejv74/FixdHNpuNadOmxdSp
U6O/vz8iIjKZTP4rZ+Bx7lwzLr744jjuuONKvjZhwoS45JJL4u1vf3tTbWhPewAAAI3KZrODjgvP
5Y5z59ra2qK7uztWrlwZvb29sckmm0R7e3vT4+fhJOCo07333hu77LJLrF+/vuw1XV1d8de//jXm
z5/fcDva0x4AAECjxmPAYYlKnX74wx9WHKxGRPT09MQll1yiPe0Ne3sAAADjlYCjTgsXLmzpddrT
XivbAwAAGK8EHHV64IEHarruwQcf1J72hr09AACA8UrAUadcvY9WXac97bWyPQAAgPFKwFGnuXPn
tvQ67Wmvle0BAACMVwKOOh1wwAE1XbfffvtpT3vD3h4AAMB4JeCo01FHHVXTdUceeaT2tDfs7QEA
AIxXAo46veIVr4jzzz+/4jUXXHBB7LHHHtrT3rC3BwAAMF61n3322eeMdCfqkc1mo7u7OyIiOjs7
o7OzM7LZbEREZDKZ/FfOwOPcuWbsu+++cdBBB8WECROiu7s71q1bF3Pnzo3DDjssvvKVr8TRRx/d
1PO1pz0AAIDhlMlkYv369bF27dro7++PKVOmRFtbW9Pj5+GUWbduXXakO1GrbDYb/f39sXjx4shm
szFt2rSYOnVqfgeK4Qo4AAAAYDTLTQQoPC48lzvOnWtra4vu7u5YuXJl9Pb2xiabbBLt7e1JjZ8t
UQEAAACSJ+AAAAAAkifgAAAAAJIn4AAAAACSJ+AAAAAAkifgAAAAAJIn4AAAAACSJ+AAAAAAkifg
AAAAAJIn4AAAAACSJ+AAAAAAkifgAAAAAJIn4AAAAACSJ+AAAAAAkifgAAAAAJIn4AAAAACSJ+AA
AAAAkifgAAAAAJIn4AAAAACSJ+AAAAAAkifgAAAAAJIn4AAAAACSJ+AAAAAAkifgAAAAAJIn4AAA
AACSJ+AAAAAAkifgAAAAAJIn4AAAAACSJ+AAAAAAkifgAAAAAJIn4AAAAACSJ+AAAAAAkifgAAAA
AJIn4AAAAACSJ+AAAAAAkifgAAAAAJIn4AAAAACSJ+AAAAAAkifgAAAAAJIn4AAAAACSJ+AAAAAA
kifgAAAAAJIn4AAAAACSJ+AAAAAAkifgAAAAAJIn4AAAAACSJ+AAAAAAkifgAAAAAJIn4AAAAACS
J+AAAAAAkifgAAAAAJIn4AAAAACSJ+AAAAAAkifgAAAAAJIn4AAAAACSJ+AAAAAAkifgAAAAAJIn
4AAAAACSJ+AAAAAAkifgAAAAAJIn4AAAAACSJ+AAAAAAkifgAAAAAJIn4AAAAACSJ+AAAAAAkifg
AAAAAJIn4AAAAACSJ+AAAAAAkifgAAAAAJIn4AAAAACSJ+AAAAAAkifgAAAAAJIn4AAAAACSJ+AA
AAAAkjcuA45sNjvSXQAAAIAhMV7HvOMy4IgYvx84AAAAY9d4HusmH3DU8uFls9mS143nDx4AAICx
pdy4t9Zxc+qSDzhKKffBCDkAAAAYi+oZ7w48nztOfXzcMdIdaIVsNhuZTKbquUrXAgAAwFhRzx/+
x4oxEXBEFH9IuQAjd65U0AEAAADjxcClKrnjsRR4jMklKgOVmn4zlj5EAAAAiCg93h0v498xF3BU
Kig6Xj5UAAAAiGiu8Ghqkl+iUqmQSiaTKVuLo9y9AAAAMBaMp3AjYgwEHBH11d+oFHgAAADAWFCu
VEOpOhylrk/RmAg4BioMMMbChwQAAAD1KFeHY+CkgLEk6YCjkcIpuWUrAAAAMJYNnK1R7rVazqcg
2SKj5abRVKsYm/KHBQAAALWoJdwYa7utJBtwRBSvISq3jqjwHAAAAIwn1cKNcuPqFCW9RGWgwgKi
lQqPAgAAwFhWy8qGsbbaIemAY2DKNHBb2EpriuykAgAAwFhUbnvYcscDZ3OkKtmAo9wHpogoAAAA
41k9BUTH0vg56RocOdVSprH+IQIAAEBE/eFG6rM2CiU7gyOn1DSbUstP1OQAAABgvKg23h2LG3Mk
H3AUKrVEpVrYAQAAAONBpR1VxkKdyiQDjlLb2QAAAACVlds5pXBsneoYO8mAI6L0Xr2FszcGLkMZ
C2kUAAAA1KuWHVTGQimHJAOOWmZtDJxiU+p6oQcAAABjSb21NwrPp75KIsmAI+KFH35/f3/+31Kq
BRgCDgAAAMaSRgOOtra2/Bg7VckGHBEvhhy5r2rFRQsJNwAAABiL6gk5MpnMoPFxqiFHkgFH4bSZ
/v7+6OvrK5k0CTEAAADgRaXGzbkvMziGWWGosX79+ujo6Ije3t6qH4KwAwAAgPGq0pg5N17u7e2N
vr6+qtePVkkGHGvXro3nn38+nn/++ejo6ChbgwMAAACorr29PR9wTJw4MclxdnIBRyaTic7Ozujr
64v29vZoa2sb6S4BAABA0jKZTPT19UVfX190dnYmuQoiqYAjk8lEW1tbTJs2LSZNmpQPOFKcOgMA
AACjRa4GR39/f7S1tUV7e/tId6lumXXr1kkHAAAAgKRZ3wEAAAAkT8ABAAAAJE/AAQAAACRPwAEA
AAAkT8ABAAAAJE/AAQAAACRPwAEAAAAkT8ABAAAAJE/AAQAAACRPwAEAAAAkT8ABAAAAJE/AAQAA
ACRPwAEAAAAkT8ABAAAAJE/AAQAAACRPwAEAAAAkT8ABAAAAJE/AAQAAACRPwAEAAAAkT8ABAAAA
JE/AAQAAACRPwAEAAAAkT8ABAAAAJE/AAQAAACRPwAEAAAAkT8ABAAAAJE/AAQAAACRPwAEAAAAk
T8ABAAAAJE/AAQAAACRPwAEAAAAkT8ABAAAAJE/AAQAAACRPwAEAAAAkT8ABAAAAJE/AAQAAACRP
wAEAAAAkT8ABAAAAJE/AAQAAACRPwAEAAAAkT8ABAAAAJE/AAQAAACRPwAEAAAAkT8ABAAAAJE/A
AQAAACRPwAEAAAAkT8ABAAAAJE/AAQAAACRPwAEAAAAkT8ABAAAAJE/AAQAAACRPwAEAAAAkT8AB
AAAAJE/AAQAAACRPwAEAAAAkT8ABAAAAJE/AAQAAACRPwAEAAAAkT8ABAAAAJE/AAQAAACRPwAEA
AAAkT8ABAAAAJE/AAQAAACRPwAEAAAAkT8ABAAAAJE/AAQAAACRPwAEAAAAkT8ABAAAAJE/AAQAA
ACRPwAEAAAAkT8ABAAAAJE/AAQAAACRPwAEAAAAkT8ABAAAAJE/AAQAAACSvY6Q7QBqu+c3CeOqp
Z/LHCxbMj7323H0EewQAAAAvEnBQk8sv/3Vc+tPL88cfP+sUAQcAAACjhiUqAAAAQPIEHAAAAEDy
BBwAAABA8gQcAAAAQPIEHAAAAEDy7KIyxLq7V8eDDz0Szz+/KiZPmhSbbbZJbLLJRlXvW7ZsRTz5
1NOxfPmKaG9vj+kbTottttkyOjs7h6HX9Vm7dm08/PBjsXTZspg0cWLN73Ggxx9/MhYvfjZ61q6N
2bNmxrx520RHR3vD/cpms/HUU8/Ec0uXxYoVK6Nzgw1i9uyZscUWL637ua181kh48smnY/Gzz8Wq
VatiypQpsdGcWfGSl2w6rH34+9+fimee+Uf09vXFnNmzYptttoy2NhkrAADQGskEHL+/+Q/x5re8
s6ln7LLzDnHD9b/MH7/zXR+KK6+6Ln/8xS98Kj5w4rvL3j9v/itj6dLl+eMffP+/4pCDX1vy2p6e
nvja178T3/jP78aqVd1Fr132i4viwAP3GXRPb29f/Prq6+NHP/pFXPObhYNenzZtahx+2JviPccf
Ey9/+ctKtnvKqZ+MS3748/zxx886Jc782Mll31MzVq58Pv77wovioot/Ev/4x7NFr73h9a+KMz7y
wdhjj10qPiObzcb/u/LauPDCi+LW2+4oem3zzTeLD5/83njXO98Wix54OA561aFFr19/7S9i1113
HPTMpUuXx49/8su49KeXx9133z/o9TlzZsfRR7013vmOt8XcuVtV7F8rnxUR8cADD8de+7wxf/zB
DxwXX/j8J8tef9sf/hQHH3J0/viTnzgtPnrGh6q2E/HC7+BPLr08fvTjX8Ydd9w56PU99tgljjn6
sDjqyEOjq6ur7HOa/Z367W9vjv/46rfidzfdWnR+wYL5cfJJJ8Tb3/bm+NnP/zc+dNKZ+deq/W8R
AABgIH8+HSLnnndBfOn8rw0KNyIi+vv7B5178smn421vf0+8+7iTS4YbES8ECv9z0Y9j/wP/Ob76
tW9FX19fy/tdq0cffTze/JZ3xvn/+vVB4UZExDW/WRiv/6e3xw9+8LOyz+jt7Yszzzov3n3cyYPC
jYiIJ554Ks76+HlxzDs+GFdffX3Ra5tvvlnsvPPLB93z+5v/EK97wxFx9me+VDKQiIh49tkl8bWv
fzv2P+Cf46KLf1K2f618Vs7tA4KGy6/4daxf31v2+htvvKXo+NrrbqzaRsQLQcob/unI+MgZnykZ
bkRE3HHHnfGRMz4T//TGo+LBBx+p6bn1yGazccGX/ysOO+L4QeFGRMR99z0QJ518Vpx62qfiiSee
ann7AADA+JLMDI6UPPTQo/HNb32/5usfe+yJOOyI4+LRRx+v+Z5zz7sgnl2yND537lmRyWQa6WZT
Lv3p5TVdd+rpn4pNN904XvvaAwa9duE3L4rvfu+HVZ+xcOHvY+HC3xed2/OVuw1a3nDHHXfGkUe9
P9asWVN0fvasmbHV1lvE0ueWxSOPPpY/37N2bXzkjM9EV1dXHHXkoUP2rEI33XRb0fHTT/8j7rrr
nth9950HXZvNZuPyK35ddO722/8SzzyzuOISoPvvfzAOf9t74umn/1H2mkJ3/d+98dbDj4vLfnFR
bLvtNjXdU4vv/+Cn8cV/+Y+q1/3ox7+seg0AAEA1SQcchxz82th1151qvn7atKlD2JsX/fH2vww6
96V/OTv22mv3iIjYtGBwunbt2vjwKZ8YFG4ceujB8e53HRnbzts62tvb4x+Ln40bb7wlvvGf34tn
n10SERHXX/+7OP20E2PWzBlD+G7KmzJlcnz0jA/Fa159QMyaNSOWL18RV151XXzhi/9edN0nP/2F
2HvvPWLy5En5c8uXr4iv/PuFRdfNm7t1nHvumbH7bi8M9h959LG45JKflRwAb7rpxkXHa9etiw+f
+smiQGK/ffeMz5x9Ruyyy475OhmPP/5knP+vX4sf/+Sy/HWfPvuLccjBr42pU6e0/FmFenp64upr
bhh0/nc33VYy4Ljvvgdj0aKHBp3/05/vKrs0as2aNXHq6Z8uCje6Ojvj4x8/JV77mgNj1qwZsXTp
svjNtb+N88//evSsXRsREU899Uycdvqn4xc//17F5Sq1euKJp+Kz5/xr0bnZs2bGJz5xauy15+7R
2blB/P3vT8X3L/lpXHbZVU23BwAAkHTA8dnPfCzmzdt6pLsxyOLFxUs2XvWq/eL97ytdP+Syy38d
v7/5D0XnPnfex+NDHzy+aGbGxhvPiZ123D6OOPyf40MnnRnPLV0WP/zBhSMWbkRE/PTS78Ree+6e
P95kk41iu+22jW222TJOeO9p+fMPPfRoXPObhXHYWw/Jn7vn3kWxfPmKoudd+N//Frvt9mJgtdFG
s2OvPXeP3XbbKT76sXOKru3qKi62euONtxSFAZtvvllcfNE3YsaMDYuu22KLl8SXLzg3br7lj/H4
409GxAt1Nv70p7/GQQft2/JnFbr77vtj5crnB53/3/+9Jk4/7cRB5wf+XuTceuvtZQOOX152Vdxe
ELBNmNARP//592KfvV+RP7fxxnNiwYL5seuuO8Whb33Xi8+97Y644lfXxJFvf0vJZ9fjRz/+ZdF7
nTZtalz2y4uLasdss81Wsf/+e8XcbbaKC778X023CQAAjG9qcAyB7u7VRccvfelmJa/LZrPxjf/8
btG5ww9706Bwo9Cmm24c3/nOf8RPfvStss8dLoXhRqG3HnrwoAH4ZZddWXT83JKlRcebbbZJUbhR
6D3HHzPo3MCfz333PVB0/LYj/nlQIJHT1dUVc7cpLgj63NJlQ/KsQrf94U8lz9/517vjkUf+Nuj8
lVdeW/L6X199fck6Lv39/fHNb11cdO60U08sCjcKHbD/XnHKh99XdO6b37w4stlsyetrtX59b1FR
0oiIj5z+gZKFcdva2uKMj3ywqfYAAAAiBBxDYuAAsVxY8eijj8W99y4qOnfi+99VtabGrJkzYrPN
Nmmuk0169av3r/j6EYf/c9HxDQtvjrXr1uWPN9xwWtHrPT090dtbvmjqnnvuVrG94487Ohbdd0v+
6yOnlx80P/jgI4NmR8yeNXNInlWosI7IjjssKAqBfn/zH4uuffLJp+Om379YrxzPPWEAACAASURB
VOO0U1+c4fHoo4/HQw89Ouj5jz76+KBiqAM/h4GOOKL49Tv/enf87bG/V7ynmkce+dugoqFvetPr
y14/Grc+BgAA0iPgGEGLHni46HjatKmx006DdwYZjfYoUTOi0HbbbVt0vGbNmnj8sSfyxzvsuCAm
THhxhdTSpcvj2ut+W/Z5286rXPxy2rSpMWfO7PxXYb2PnKef/kd893s/jDcf+s6inUtmz5oZO+64
/ZA8K+e5pcti4W9vzh8fcMDe8brXHZQ//s1vit/7zbe8GHjssvMOg4KKgbuxRMSgsGyzzTapuoRr
+wXzBwUy99yzqMzVtXlwQPgyZcrk2HqrLZp6JgAAQDVJ1+BI3dKly4uOV658Pi7+/qV1PWPuNltW
nU0xFAbuYDLQzJnTB51bsWJl/vtZM2fEBz9wfHzt69/OnzvxAx+NL37+k/GmN70+pk8vvSSkHt3d
q+PPf7krbr75j3HddTfGn//yfyWvO+ecM0v2t5XP+sufi6/fbbedYscdFuSPr/r1dfHc0mX5miqF
gcchh7wu5s3bOqZP3zBft+Smm26LY485vOiZS54rXvaz047bV50N1NbWFjvutH3R7JIlS56reE81
ywb8Xm+z9ZZV+7HllpvHYwUBGAAAQL0EHCNozZqeQefO+vh5dT3jxPe/a0QCjmo23HBwQDGwNslH
Tv9A3Hf/A3HttTdGRMSqVd1xymmfilNO+1TssvMOsfHGc/I7llx51XU1t/3440/Gt7/zg7j4+5fG
qlXdZa/beOM58fnPfSIOP+xNQ/6sW2+7veh4xx0WxNy5W8UOO2yXX1Zy221/ikMOfm2sWLEyrip4
v/vvt2dssMGEOPDAfeKK/3/b2KuvuSF6enqKdjwZWMC01l2Dpk8vXi5UqhBqPVZ1F/+cRno5FQAA
MD4IOEbQpEkTm35GR8fo/AjXFdTbyOmYUNzXadOmxkXf+1p8+zuXxAVf/q+iAOHOv97dULtXXnVd
nHTyWRUH6bvsvEMce+zhceihB1fchaZVz8pms3H1NQvzxxtvPCe23nqLyGQy8aZDXpcPOG644aY4
5ODXxh/++Of89q2zZ/1/7N15nI114//x9wzDWMZgjG0ky0QGoUISMiJEljtNylY33S20p4WUWyqt
6EsJZUlKJilkCWVJcWfLEsm+zxgzgzH79fvDb07nOtucM2bmuMbr+Xich7mu87mu63Ou68wx1/t8
lopq0rSRJKnFzU1tAUdy8jnt2PGnbr65qW2/JYKCTMdNz8hwW29TuTTztQpy2I+vHLf3FAwBAAAA
QH65Mu+OvbR7915lZbkfmNLeddfVybVbRWFzHGhTkl584QmP26xfv9E0+GRISFmP5ffs3efx+YLi
2P1GksuxLEqVKqUnhg3RoIH3af0vG/XHH7u0Z+/fSjybpKSkZGVnXxqw1ZvAY/Pm7eo/4DGn9TVr
Ruiurh3V/OZmatassWrWjMi1y0R+7uvAwcOmmVna395axYpdapnSpk0rvTXuQ0nSwu9+0NjXX9Kq
VWttZbt3v1MlS5SQJDW+wTy2x28bN5sCjlCHbj0nTpz0WK8cx46Zy1Wo4Lm7Tm7vKcf35P4Dh3Kt
w6mTcbmWAQAAAABPLB1wDHxwmNdljxza6vIG255jFwpHOTfbOQIDPd/Y5ubaa2s4rRs08D5VrlzJ
7TYjkt4wBRyeykrSggVLNH3q+LxX0g3HWTIcnTp12mldeKUwt+XLlQtRl84d1KVzB5fPP/Hky05T
jzr66OMZpuWaNSP03juj1a5da1tXF2/l575+/32bablFi39mhGnWtJFtbI2EhET9+uvvWvDtD7bn
b7+9te3nqAbmaVZXrV6nxx97yLbs+H7avHm7zp+/oLJly7itW2JiklN4VKvWNR5fT27vqerVq5iW
jx8/qeTkcx67zOS0WAEAAACAvLqymjT42RdzY90+l5aebhvgMUcpu/EP8qJ+vUinGSx++WWTm9KX
bNy0xbTc4Pp6l1WHvMotbHCc9rR69apOYzEkJiaZHunp7rtUpKaab4BLlTKfe8MwtPqndaZ1b497
VR06tHUKJAzD0KZNW0yPs2eTCmRfkvO5uMFulpXg4GB1736nbXn4C/9VXFy8bfmWW26y/VyxYnnd
ZDd7zerV63Qm4axtuVHD603HycjIdJrC1tGaNRtMy0FBxdUwqr6b0t6pd11dp3WbHN63AAAAAJDf
CDjsHDhw2O14AXv2ODfLd9XFxBdBQcU1cGCMad2kjz5Vaqrz4KPSpZYA9q0BKoVVVKNG17ssa+/7
75ddVj3dSXMxzoYkxcXF6+MpM03r7u5+p1NXjtuje6pOZHPbY4mbgUSzs7P1x47dpnVVq1ZxUc5w
KFPZ5f5OnYrTnV1iTI/jx83dNPJrX+npGfrB7nUFlyzpNIVutF0rjX1//zPF6h13tHVq9dL61ham
ZfvZWUJDy2nAgHtNz38wforb99OFCykaP+ET07oB/WNy7fYkeX5PVakSrvZ2r0mSJn88wzSdrr29
DtMlAwAAAEBeWDrgeO/d0VqyeK5Xj5IlS3q1z8ceH67Tp+NN65KTz2nc/x8nwV7durUu+zX073ev
SpX6Z7DR33/fppdHvOHUXebQoaN69rlXTesGDozJtduNdKkrz/PDR+vHH9do+x+7tG37Tq/GRcjN
yy+PdRqAMy4uXo8Pe9HUCkGS7r67s9P2nTq2Ny1/NGWGUysZSfpmwWKngKlBA3NIEBAQoLZtW5nW
zZ//vQzDHFQYhuEUvlQKq2jqlpGf+9q1e49p+tbb2rR0Glz2lltulit3dmrvtK7Z/x9wNMevv/3P
tPzQg/ebljdt2qJnn3vV6TolJibp6WdeceqeMmjgfS7r4ii399T9DlPYrl69TqP/+45T2LJv3wE9
+tjzXh0TAAAAADyx9BgcbW67RZGRtfN1n4sWr9BPP/+inj26KCKimhISzuqHpaucxpzoc8/dpjEF
Zs76yvbN/fsffGwqO3PmV6oc/s9YGYP//YDC//9yzZoRevONEXrq6ZG252fM/FKrf1qnnj26qnz5
cjp46IjmzftOFy9etJWpUaO6Hn54gNeva/qnczT90zm25bFjXtKjjz7o9faufDZjrhYtXqG7ut6h
KlXCdfLUaS1YsMTpZrpnz65qaTfuRI5/P3S/Pv/8a9v4C5s2bVGnO+/Vgw/2Ve3aNZWWmqa1637T
p599YdouOrqNmtzQ0Gl/A/r10XffLbUt/9+k6Tp+/KR69OiisLAKOhOfoNgFi01lJGnYsMFOQVF+
7WvTpq2m51vd0typ3lWqhKtd21b62aG7yK2tnMs2dOiGsnTZao14+Wlb65gbGkfp5Zee0htv/jNG
xtwvF2jV6nX6V+9uqly5kk6ePK358783BS+S9Oqo59SwoffdUzy9p7p3u1MtW96o337bbHt+8kef
afGSFera5Q6VLVtG+/4+oEWLlrtt2QEAAAAAvrB0wJHfHh7SX/Njv1dCQqLHMSaCgorr8ccfMq1b
unSVli1f7WYL6Z13J9l+7nPP3baAQ5L6PXCPjh49rnffm2xbd+jQUU2YaO4+kKNcuRB9MuU9j4N2
5ujRo4uWLFnhdBOZlZ2d67aeVAqrqPgzCYqLi9eMmV+6LVevXl2NGf2Cy5lG6teP1JSP39Xgh5+2
1W/f3wc0YuQbbvdXo0Z1vT1ulMvnoqPb6Omn/qMPxk+xrftmwWJ9s2Cx2/316NHFZVCUX/tavdo8
lkfTJs7BjCR17tzBFHBERtZ26soiSbVr11SVKuE6derSrCO7du3RocNHVevaf1qNPDFsiOLjz+iT
qbNt606ditPkjz5zW/fHHn1Qjz36kNvn7XnznipRIkjj339dve95UCdOnLKtP3ToqNMArmXLlmEq
WQAAAACXzdJdVPJb5zuj9U3sDNNAjo7Kli2jaVPHmwaKvFyBgYF6+aWnNG3qB6pZM8Jj2ZYtb9S3
C2bqlpY3eSyXo0vnaH380bsKduiik32ZAcfkSW9r/Aevm7rXOGrf/jbN/WKKIiKquS3TvfudWrJo
rpo3b5brMTvfGa1v5n+mOrWvdVtmxMtPa8IHY1XeYcpUR0FBxfXKyGc16cO3bNOw5ve+kpPPaeWq
Naayji0wctx6q7m1Ro+7O7sMhYoVK6Z2bW81rXOcpaVEiSC9MXaEPpz4pqpUCfdY9+rVq2rypLf1
39EvKCjIu7zT2/dU/fqRmj9vusdrW6f2tfrqy6mKjm7j1bEBAAAAwJ2rugXHv3p3V+vWLW3LderU
Us2aEVr03edatXqdVq1ap/37D+rc+QuqVrWyWrS40dZ1xVGfPnerXbtLN54vjxjr9PwbY0fYfq5Q
sbzL+vTudZfu6NBWP6/ZoLVrf9WBg4eVmJikqlXCFRlZR+3attKtt7ZQiRJBbl9Tly4dFGU3C8YN
jaN0/fXXKapBPX351bfavn2nUlPTVPMa5ylqPbnrro5qYtf6oH79SN1xR1vd3q61Fi9ZoY2btujY
sRMKDS2nyLq11Knj7WrTppVXU6redFMT/bB4rjZt2qpfNmzStu07dfr0pRYK1atVVYMG9dSubSvd
eOMNCgz0nMkFBgaqf/8+6t69k35cuUa//bZZ+w8cUlJiksLDK6lqtcpq2eIm3d7uVrcDh+bXvs6d
O6/Rr71gWy5RIsjttL5RDerprq53aPGSHxVcsqTu+Vd3t/UaNOg+NbUbi6NiBef3U2BgoB64/1+6
q+sdWrv2V61d95uOHDmm+DMJCq8UpmuvraHbbrtFbW5r6XH6Vuny3lMNGtTTd9/O0qrV6/Tjj2t0
8OBhXUxNVc1raqht21bq2qVDrgESAAAAAHgjID093ci9mP+tW/+b7u7R37Ru46/L8n0Mjvzw+tj3
TeNwDBwYow/eG+PHGgFXtnvu/bdWrVprW35j7Ag98p+BfqwRAAAAAKuhiwoAAAAAALA8S3dR+WXD
Jp09m+h1+TJlyigqql4B1ggAAAAAAPiDpQMO+6lVvXFX1zs0e9bk3AsCAAAAAABLsXTAcaXqc8/d
atOmlW05LKyCH2sDAAAAAEDRR8BRAOrXj1T9+pH+rgYAAAAAAFcNywQcUQ3qa8niuZKkjIwMrVv3
m5rf3ExlQ8p4vY+yZb0vCwAAAAAArMMyAUfFiuV1S8ubbMttbrvFj7UBkJ9uvqmJwiuF2ZZr1Kju
x9oAAAAAsKKA9PR0w9+VAAAAAAAAuByB/q4AAAAAAADA5SLgAAAAAAAAlkfAAQAAAAAALI+AAwAA
AAAAWB4BBwAAAAAAsDwCDgAAAAAAYHkEHAAAAAAAwPIIOAAAAAAAgOURcAAAAAAAAMsj4AAAAAAA
AJZHwAEAAAAAACyPgAMAAAAAAFgeAQcAAAAAALA8Ag4AAAAAAGB5BBwAAAAAAMDyCDgAAAAAAIDl
EXAAAAAAAADLI+AAAAAAAACWR8ABAAAAAAAsj4ADAAAAAABYHgEHAAAAAACwPAIOAAAAAABgeQQc
AAAAAADA8gg4AAAAAACA5RX3dwV8ZRiGMjIylJ2d7fRcQECAH2oEAAAAAIA1GYbhtC4wMFBBQUGW
u8e2ZMCRkpKi9PR0BQQEmE641U4+AAAAAAD+ZB9wGIYhwzAUFBSkcuXKKTAw0FL32ZYKOAzDUHZ2
ti5cuKCLFy+qWLFiKl78n5dgpRMPAAAAAIC/2QccWVlZyszMVFBQkMqWLavAQGuNamGpgCOHYRgq
WbKkypUrp9KlS8swDFu44SnkIAABAAAAAFxNXHVBcXwu5546NTVVycnJyszMLKzq5SvLBRwBAQG2
FCkoKEglSpSwXRRPIQfhBgAAAADgauQq5LAPN6RL98yZmZkqXry4srOzLXkPbbmAQ5LTuBuOF8tV
iw4rXhwAAAAAAPKLp9Yc9mNcWvX+2ZIBh/TP4Cc5D1fP53ZRrHrRAAAAAABwxZvWGq4GFg0ICFB2
drbHEORKZ60RQzywDzpym13F8XkAAAAAAIoCV/e77pbdNRiwKsu24HCUcxEdgw2CDAAAAADA1c4+
1LBftl9ndUUm4HDkLtjILckCAAAAAMCK7IMKV+NVultfVO6Li2TA4W2IUVQuIgAAAAAAjuGFu1Ya
7sIPqysyY3AAAAAAAICr11UbcNB6AwAAAABQ1FzN97pXZcBxNV9wAAAAAEDRdrXe816VAQcAAAAA
AChaCDgAAAAAAIDlEXAAAAAAAADLI+AAAAAAAACWR8ABAAAAAAAsj4ADAAAAAABYHgEHAAAAAACw
PAIOAAAAAABgeQQcAAAAAADA8gg4AAAAAACA5RFwAAAAAAAAyyPgAAAAAAAAlkfAAQAAAAAALI+A
AwAAAAAAWB4BBwAAAAAAsDwCDgAAAAAAYHkEHAAAAAAAwPIIOAAAAAAAgOURcAAAAAAAAMsj4AAA
AAAAAJZHwAEAAAAAACyPgAMAAAAAAFgeAQcAAAAAALA8Ag4AAAAAAGB5BBwAAAAAAMDyCDgAAAAA
AIDlEXAAAAAAAADLI+AAAAAAAACWR8ABAAAAAAAsj4ADAAAAAABYHgEHAAAAAACwPAIOAAAAAABg
eQQcAAAAAADA8gg4AAAAAACA5Vk64DAMw99VAAAAAAAAVwBLBxwAAAAAAAASAQcAAAAAACgCCDgA
AAAAAIDlEXAAAAAAAADLI+AAAAAAAACWR8ABAAAAAAAsj4ADAAAAAABYHgEHAAAAAACwPAIOAAAA
AABgeQQcAAAAAADA8gg4AAAAAACA5RFwAAAAAAAAyyPgAAAAAAAAlkfAAQAAAAAALI+AAwAAAAAA
WB4BBwAAAAAAsDwCDgAAAAAAYHkEHAAAAAAAwPKK+7sCAPLXxYsXdfz4cZ0+fVoXLlxQenq6SpUq
pZCQEFWvXl3VqlVTQECAv6sJAAAAAPmKgOMqMH/+fB07dsy23KZNG914442WPQ6c7dq1S0uWLNGq
Vav0448/KiMjw23Z8PBwde7cWR07dlTHjh1VtWrVQqxp/ktLS9PWrVu1ceNGHTx4UCdOnFCpUqVU
qVIlNWzYUDfffLMaNGhAqGMBXEsAAABcDgKOq8C8efP09ddf25Y//fTTAgkeCus4+MfPP/+st99+
W0uWLPF6m7i4OM2ePVuzZ89WSEiInnvuOY0aNaoAa1kwdu3apenTp2vmzJk6c+aMx7KdO3fWc889
pw4dOhRS7eALriUAAADyAwEHYEGnT5/WiBEjNG3aNKfn6tWrp3bt2qlu3boqX768SpYsqYsXLyox
MVF79uzRr7/+qj179kiSzp07p/379xd29S9LVlaW3n//fY0YMcJjSxV7S5cu1dKlSzV8+HC99tpr
KlWqVAHXEt7gWgIAACA/EXAAFrNjxw7FxMRo165dtnU1atTQk08+qe7du6tevXq5NuHft2+fVq1a
pQkTJqhnz54FXeV8YxiGnnvuOY0fP97puUaNGikqKkphYWFKSEjQunXrTF2mJOntt9/W6dOnNXXq
VBUvzsefP3EtAQAAkN/4qxCwkO3bt6tTp046deqUbd2YMWM0bNgwhYaGer2fyMhIRUZGauDAgTIM
oyCqWiDWrl3rdEP8xBNP6KGHHtINN9xgCnaysrK0fv16jR49WqtWrbKtnzFjhm644QY9/fTThVZv
OONaAgAAIL8xTSxgEUeOHFHPnj1t4UZ4eLh++uknjRw50qdww17JkiUVHBycn9UsUG3atNHzzz8v
SapWrZpWrlypCRMmqEmTJk6tVooVK6a2bdtq8eLFGjRokOm5MWPGmEIiFD6uJQAAAPIbAQdgARkZ
GXrsscd04MABSVKFChW0bNkytWvXzs81K1wBAQEaO3ashgwZosWLFys6OjrXbYKDgzVx4kRFRkba
1p09e1axsbEFWVXkgmsJAACA/EbAAVjAnDlztGjRItvy559/rmbNmvmxRv4TFBSkTz75xKfXHxIS
oqeeesq0bsWKFfldNfiIawkAAID8RMABXOESExM1cuRI2/JTTz2lrl27+rFG1nTrrbealpcuXaqs
rCw/1QaXg2sJAAAAVxhk1EeGYejgwYM6dOiQkpOTlZqaqjJlyqhixYqqV6+ewsLCLmv/Fy5c0B9/
/KHTp08rLS1NoaGhCg8PV1RUlEqWLJlPr8IsLS1Nu3bt0unTp5WcnKzQ0FBVqVJFUVFRCgoKstRx
EhIStG/fPp05c0bnz59X+fLlFRYWpnr16qls2bL5coz8cOzYMf3xxx9KTk5W6dKlVbVqVV1//fUu
6zhv3jzbDBIVKlTQCy+84HHf58+f16ZNm3Tq1CmVLVtWderUUVRUlNvye/bs0YEDBxQfH68yZcqo
Vq1aBfp+Kwjx8fH666+/dPr0aWVnZyssLEyRkZGqXr26rYz9z5KUmpqq5ORkVahQwadjJSYm6q+/
/tKZM2eUnJysEiVKqGLFiqpbt64iIiLy5fUUhvj4eO3du1enT5+WJIWFhalu3bpO58kf9Sqsa+kN
X35X7eX8X/H3338rKSlJJUqUUOXKlVW/fn2VL18+3+vpTkZGhvbv369ixYqpTp06Cgz0/XsNwzC0
f/9+nThxQgkJCUpPT1f58uVVq1Yt1a1bN9dZm7xllc9vAABwBUtPTzes8khLSzMuXrxoHDp0yDh4
8KCRkJBgZGRkGGlpaUZaWpqRnp5uZGRkGJmZmbZHVlaWkZ2dbXrkxeHDh40xY8YYdevWNSS5fURH
RxuzZ882UlJSfNr/gQMHjKefftooXbq0y/2GhYUZjz/+uLF3717DMAxj8eLFpucfe+wxt/vu06eP
qeynn35qGIZh7N+/33jqqaeM8PBwl8esXbu28frrrxuJiYlevYbCOo6jrKwsY8GCBUbv3r2NoKAg
l8cICQkxBg0aZKxZs8anffft29fla8qrkydPGoMHD3ZZx4EDB7p8bY0bN7aVGT16tNt9Z2dnG1Om
THF5nrt162Zs3brVVP7gwYPGvffe67IutWrVMj788EMjNTXVq9d1Oefpk08+MW3bt29fr7fdvHmz
0b9/f7fXPTo62li4cKGRnZ1tnDt3zun5Q4cOeXWczMxMY8GCBUavXr3cHkuS0bp1a+Ozzz4zLl68
mOs+/XXOtm3bZgwcONAIDg52+Ro6depkLFq0yPZZ2bt3b9Pzhw8fdrvv+fPnO51/bxXUtcxrnXz9
Xc2RmppqzJw502jatKnLbUuXLm08/PDDxrZt22zbvP7666YykZGRbvfvy+uJj483br/9dlvZXr16
+fR/U3x8vDFu3DijWbNmbt/zDRo0MD788EMjISHB6/3aK8jP727dupn2M2fOHK+3/fDDD03bPvzw
w15vu337dqfXkJaW5lPdAQDID473wVlZWaZ75YyMDNt9dlpampGRkWEkJiYahw8fNvbv32+kpKTY
7rOt8iDg8OJNMXPmTLfBg7tH8+bNjc2bN3t1jGXLlrm9+Xd8BAUFGR999JHTH7m+BhzTp093e4Pj
+GjUqJFXr6WwjmNv7969RufOnX26Ng899JARFxfn1f7zM+CIi4szmjRp4rFejjZv3mwq8+eff7rd
/xtvvOHxdYeGhhqLFi0yDMMwTpw44bEuOY/OnTt7deNS2Dfr2dnZxrvvvusxbLB/xMTEGMeOHXNa
f+DAgVyPtXPnTtNNojePW265xdi5c+cVd84mTJjg9Tm7//77jXPnzhmtW7c2rc/vgKOgr2Ve6pSX
31XDuPR71aVLF6/fJ6+99pqRnp7u9P4aNWpUvpzjCRMmOB1z3rx5ub5+wzCMBQsWGDVr1vT6tdSu
XdtYuXKlV/vOUdCf3wQcAICr3dUYcNBFJRfjxo3TSy+95PN2mzZtUseOHbV48WK1bNnSbbmtW7eq
V69eSklJ8Wq/GRkZevTRR9W8eXOf65Tjgw8+0B9//OF1+R07dujuu+/WqlWrdN11110xx9m+fbt6
9OihgwcPen0MSfr000+1Z88ezZ8/X1WrVvVp28vx0Ucfadu2bW6fd9V0fO3atbafb7nlFtWvX9/l
tr///rtefvll07rg4GDddNNNio+P1549e5SUlKR7771X69at04IFC0x1GTJkiGJiYhQUFKTt27dr
woQJ2rdvn5YuXar7779f33777RXVZeXdd9/V8OHDvS7/1Vdf2br5+GLt2rXq06ePz9OQ/vrrr2rb
tq2++eYbtW3b1ufjFoTx48frmWee8br8F198ofPnz/v8++WrwrqWvsjL72pSUpJiYmK0Zs0ar4/z
2muv6c8//9TGjRtN62+66SbvK+tBTvcje3Fxcblu9+WXX6pv374+HevAgQPq0KGDZsyYoYEDB+Za
3mqf3wAAwBoYZNSDBQsWOIUbVapU0ciRI/Xrr7/q2LFjSklJ0ZkzZ/S///1Pr7/+ukJCQmxlz5w5
owcffFBJSUluj/Hiiy86hRvdu3fX4sWLtX//fu3du1cbNmzQtGnT1KZNG1uZTZs25fl15YQOoaGh
GjFihDZu3KiTJ0/q/PnzOnz4sGJjY9WhQwfTNkePHlX//v2VlpZ2RRzn6NGj6tq1q+mP46CgIA0f
PlwbNmzQyZMndeHCBR07dkzLly9Xv379TNuvX79effr00cWLF71+PZfDMAzNnDnTtK5JkyaaN2+e
du7cqc2bN2vw4MFO261fv972c7du3dzu/+OPPzYtDxgwQIcOHdK6deu0e/du/fTTT2rcuLFSUlI0
YMAATZw40Vb2zTff1CeffKIOHTqobdu2Gjp0qDZs2KA777xT0qUBHN9///08ve6CsHTpUqcb4pCQ
EI0YMUJr167VX3/9pb179+rnn3/WqFGjbOPirFu3zqfj7Nq1S927d3cKNwYMGKDly5fr1KlTSk9P
V2Jiovbu3avp06ebgsczZ87o7rvv1tatW/P4SvPPihUrnMKNnN9Lx3M2YsQI21gW3333XYGGCYV1
LX2R19/V8ePHO4UbNWvW1Lhx4/Tjjz9q48aNWrVqlSZNmqTbbrvNVubLJJPmqQAAIABJREFUL790
+j/gmmuuyZfXcvvttzutsz+2Kxs2bHAKN+rXr6+pU6fqzz//VHJysi5cuKADBw5o9uzZTjPgDBo0
yDTjkytW+/wGAAAW4u8mJFdqF5WkpCSjdu3aTk2jz5w543G77du3O3U3mTFjhsuyW7ZscdlkOSsr
y20To9mzZ7vsLuNLFxVJRrNmzTw2oU9NTTWef/55p+2mTZvm9+NkZmYa99xzj6l8RESEsXHjRrfb
GIZhzJ071+k4r776qsdt8quLyvHjx52OnVt9s7OzTe+l77//3mW5CxcumN4TjRo1Ms6dO+dU7sSJ
E6bxPHIeJ06ccLnfo0ePGhEREYZ0adyAgwcPuq1rYXW3OHfunNGoUSNT+UaNGhm7du1yu83x48eN
jh07umzu7q5bw/nz542WLVuaypYuXdrtNciRmppqjB071rTde++957JsYZ2z5ORkIyoqylS+cePG
xu7du91uc+TIEbfdcvKri0phXUtfu6jk5Xc1MTHR6XO5devWxsmTJ12Wz8rKMr788ksjJCTEp9eS
l9fz7bffGoMGDTIefvhhY/Xq1R7LXrx40el93759e4//750/f954/PHHTdvUrFnTbTeSwvz8posK
AOBqdzV2UaEFhxvLly/XgQMHbMsRERH6+OOPVbFiRY/bNW7cWK+88opp3Q8//OCyrGMrjKioKL30
0ktuR7kPCAhQv3799MUXX3jzEtwKDw/X119/7XFmjZIlS+r11193ajUwduxYpaen+/U4S5cu1fz5
803r5s6dm2u3nfvuu0//93//Z1o3evRo7d271+N2+cFVK57GjRt73CYuLs7UnLxOnTouy+3evdv0
DfDgwYNdzjhQtWpVTZkyxbQuNDTUbTPviIgIWwumlJQUzZ0712N9C0NsbKx27NhhWw4KCtKsWbPU
oEEDt9tUq1ZN33zzjU/dur766iv99ttvTus8taKRLr2fX375ZU2dOlUhISGaN2+eT91CCsK8efO0
a9cu23JwcLA+//xzXX/99W63qVGjhr799ls1bdq0wOpVWNfSV3n5Xd20aZNTK4xJkyapSpUqLssH
BgYqJiZGP/30k8uZt/KzO1iPHj302WefacqUKS5bdNj7+uuvTe/7unXravbs2R7/3ytTpozGjx+v
nj172tYdPnxY8+bNc1neip/fAADAOgg43HBsAt2/f3+vp/Zz/AN93759Lstt377dtNy7d2+VKFEi
1/336NHDqcmuL0aOHKm6devmWq5EiRJOYc2BAwe8bh5eUMeZNGmSaXno0KGm7juePPzww2rVqpVp
3YwZM7za9nK46nITHBzscRvHrhHVqlXzqpxjk3F7rVq1MjU/t+9S5Urfvn1t9ZwzZ44Mw/BYviAZ
hqHp06eb1j3xxBMeX2+OsmXLOt0cuZOWlqZ3333XtO7xxx/PNdywN3jwYO3cuVN9+vTxepuCYBiG
pk6dalr35JNP6oYbbsh129DQUKfftfysV2Fcy7zIy+/qyZMnTcs333yzmjRpkuuxbrzxRpevJS9T
uV4uwzD0ySefmNa98MILXk19XLx4cafpq2NjY12WteLnNwAAsA4CDjfq16+vZ555xvbo1KmT19se
OnTItBwUFOSynOONqbsBJF3J7RtFT3K7qbXXokULtW/f3rRu+fLlfjvO3r17nVrEPProo14fJygo
yOkb9cmTJys1NdXrfeRFXoKB5ORk03K5cuW8KlepUiWP+42JibH9HB8f77FuFStWVO/evSVdGgTW
vlVTYfv7779Ng65Kl8bD8JanlkT2tm/frt27d5vWDRs2zOvj5MivcRQux59//unUEsWXc1avXr38
rpKkwruWeZGX39Xixc3jddeqVcvrbR0/9/xl165dplA5NDTUp4CuWbNm6tChg6KjoxUdHa2goCBl
Z2ebylj18xsAAFgHs6i44csfXfbOnz+vDz/80LSuYcOGLssmJCSYln0JBApT7969tXr1atuy4w1T
YR7n999/Ny23bt3a55udjh07Kjg42PZHcVJSknbs2KGbb745D7UuOPZN3sPDw1WsWDGX5RwDtNy+
/bVvNp+amqrk5GSFhoa6Ld+mTRtbt6iNGze67SpT0Hbu3GlajoqKuqygzx3H912HDh18Ch+vJI6t
xJo0aeKxC0hhKaxrWVgcu6L8/ffffqpJ3m3ZssW0HB0d7XWrRelSt5off/zRY5mr6fMbAAD4By04
8tG+ffs0cOBAp+kFe/To4bK84xgT/miW7A3H5uzr16/3aTaV/DzO//73P9Nybn3KXQkNDXVqEn0l
zHThyP6bZMdviO2VLl3atHzhwgWP+3XsT+8YtDmyH6vBXXerwuB4U9y2bVsFBATk+3EcW29cKd+w
54XjOWvTpk2BnDNfFda1LCw33nijKaDesmVLgQXBBcXxM7BFixb5foyr6fMbAAD4x5V5R20RGRkZ
2r59u2bOnKk+ffrouuuu0zfffGMqExMTo7vuustPNcwf1157rWk5IyPD49S3BXkcxykr8/rNumP/
+NOnT+dpPwXJPvDy1ATbsY/8iRMnPO7X14CjcuXKtp+PHDnisWxBsh9wVZKuu+66QjnOldDVJK8K
65z56kqtV16FhobqkUceMa0bPHiwaXDXK53j50b16tXz/RhX0+c3AADwD7qo+OjYsWNauXKlli1b
pmXLlunMmTNuyz700EOaOHHiFdsyw1uuZuTIrZVAQR3H8cbIU9cKT3y9yfeHMmXK2H4+e/as0tLS
XM6uUKNGDdNybiFE+fLlFRQUpIyMDEny+B7OKZ/j8OHDuda7oJw9e9a0XFBduuLj403LH3/8sRYt
WnRZ+3zvvff8EpRcqd3gCutaFqaXXnpJixcvtoUaO3bsUNOmTfXoo4+qW7duatCggapVq+a2q5m/
OX4O5PWz1ZOr6fMbAAD4BwGHlzZv3qwPP/zQqxHb27dvr+HDh6tz586FULOC5+qmuiC6qHhznHPn
zpmWc5vdwJ1SpUqZls+fP5+n/RQkxz/iz5w54/Jb1YoVKyoyMtLWfcSxi5Sj4sWLq06dOtqzZ48k
5xt6TwriunvLsRVLfk6lac9xkMkNGzZc9j7HjBlz2fvIi4sXL5qWvZmlqTAU1rUsTBUqVNDSpUvV
t29frV+/XtKlVmgTJ07UxIkTbeVq1KhhCi+zsrIKva6uFMZ75Wr6/AYAAP5h7aYFheDixYt6/vnn
ddNNN3kMN6KiojRq1Cht3LhRK1euLDLhhuT8h6/k/AdmYR2nQoUKpuW8tiRx/IPY3Qwl/uQYcDh+
+2nPfpyXZcuWOc1e4Mh+lofcAg77G7DMzEyPZQuSYwsf+0FYC/I4+cFfwYJjy4iCOme+KqxrWdiu
ueYarVixQh999JHb6VWPHj2qPXv22B7+HNfGnn3oIrn+PL5cV9PnNwAA8A9acHiQnZ2twYMH22aQ
sBcREaF//etfuvXWW9W8eXPVrl3b0oPkeeJqvA3HP4YL6zjh4eGm5bw2TXa8qXfc75UgLCxMVapU
sU0n7Kmfebt27fTee+9Jkg4ePKitW7fqxhtvdFu+WrVqtp9z679uH5YUxHX3luOMDo7dHPKLY7B0
2223eTyXjrKysjRp0iTTuoIITbzheENZUOfMV4V1Lf2hVKlSeuSRRzRo0CD98ssvWrt2rbZt26at
W7fqxIkTV+yUpo7TSycmJub7Ma6mz28AAOAfBBweLFy40CnciI6O1osvvqh27dpdMc29C5rjlIel
S5cukP7Z3hzHvuWB5Dwbg7ccZzgoiAH1LldgYKBat25tG7h2z5496tixo8uy7du3V0REhG0Qv6+/
/trrgCMnQHEnZ6wOyfmGuTDZD3Yq5f3a56ZevXqm5WbNmmnChAlebx8fH+8UcPhrjImqVaualq+U
QS8L61r6U3BwsKKjoxUdHW1bZxiGUlNTTa2iTp8+rbp16/qjiiaOY8QcOHAg349xNX1+AwAA/6CL
igdff/21ablr165avHixOnbseNWEG5K0adMm03KbNm0UFBTkl+M0b97ctLxkyRKfu00cO3ZMv/76
q2lds2bNfNpHYbEPKX7++We35cqWLasnn3zStjx+/HiPTd/tv/F0nNnAkf3sClWqVPFYNi8cu9O4
mxK3YcOGpuVVq1YVyJggjRs3Ni2vWbPGaVwOTw4dOmRabt26dZ7HGnDH23Pm+FpWrlzpND21PxTW
tbzSBAQEqFSpUipbtqzt4c9WUfYcPwPXrVvn0/aZmZkaOnSoHn/8cT3++OMaOnSo0/vUSp/fjnX3
5f3pqovglTq4LAAARQ0BhweOgzU+8sgjXt2obNq0SbNmzbI9fP1D8UqSmZnp1Irl5ptv9ttxbrrp
JtPynj17nP7Yzc13331nWq5Vq5bX0xUWRL90T2655Rbbz0uWLPE4VsGDDz5o+4Y0NTVVzz77rNvm
8PYBh+MNuSP7b3Jr167tVb19uWlx7Jrk2H0hh+NN8YkTJ/JlAFBHrVq1Mi1v27ZNf/zxh9fbO9bJ
/hp6Uhjn7OjRo9q4caPXxykohXUtC1NqaqouXrxoe+Q2Do79do7yOxDzhmOLr59++inXzwZ7Bw8e
1KRJkzR58mRNnjxZ69atc5pBzN+f375w7D6zadMmr4NOx8FUr+TZcwAAKGoIOHzg7TdtU6ZM0cCB
A22PKy3g2L17t9dlv//+e6fyd955p9+OU6NGDQ0cONC07u233/b6D8+kpCS99dZbpnXDhg3z+o/P
CRMmOP3xWpBuueUWWzedlJQUbd682W3ZSpUqmbpGfPfddxo6dKjL+tr3t9+/f7/HmzH7rkN16tTx
qt4TJ050OaaKK9u3bzctO46BkaNWrVrq0KGDaZ1jVxBPPJ07e+Hh4fr3v/9tWjdlyhSvts3MzHQa
jPiOO+7watuCOGeRkZFq3769aZ0v52zr1q1el/VFYV3LwtSqVSuVLl3a9li5cqVX2x08eNC0XLp0
ab8MmlmnTh3TYMWSNGvWLK+3dwwebrvtNqcy/v783rFjh1flJDkFgbt27XLqGuPOX3/9ZVq+9tpr
vT4uAAC4PAQcHtxwww2m5VWrVuW6zd69ezVnzhzTOsdvK/3tnXfe0Q8//JBruVOnTumll14yratX
r57TN9yFfZxHHnnEtPz9999r5syZuR7HMAyNHDlShw8ftq0LCQlRv379ct02x969e/Xcc88V2kCB
ZcqUUZ8+fWzLs2fP9li+a9euev31123L06dPV5s2bTR16lT9+uuvWr9+vWbNmqV33nnHViY1NdXj
gIL236w3atTIq3rv2LFDL7zwQq7Nuo8fP67Y2FjTOk+/L4MGDTItz58/XwsWLMi1PidPntSjjz6a
a7kcQ4cONS1PnjxZS5cuzXW7BQsW6Pfff7ct16hRQ7fffrtXxyyoc/bQQw+Zlr/88kunm1FXfD1n
viqsa1lYHG/ov/rqK6+2cyzXqVMnvw1YPXjwYNPyW2+95dR10JV9+/aZPnck6a677nJZ1p+f32++
+abp99Od7du3u/y/a9SoUbm24jMMQ3PnzjWt8/b/TAAAkA/S09MNqzzS0tKMixcvGocOHTIOHjxo
JCQkGBkZGUZaWpqRlpZmpKenGxkZGUZmZqbtkZWVZWRnZ5se3po3b54hyfYICgoyli9f7rb84cOH
jZYtW5q2iYiIMJKSklyWb9Omjansd99953Xdxo0bZ9r2sccec1u2T58+prKSjODgYGPWrFlGVlaW
y20OHDhgREdHO233+eef+/04hmEYzzzzjNO1mTVrltvrm5KSYrz00ktOx5k+fbrH4/Tt29dpG0lG
165djZUrVxoZGRket8+xZcsWp314a/Xq1abXeejQIY/ls7OzjdGjR7ust6vHwIEDjZSUFJf7OnDg
gK1cVFSU2/Pr7jz17dvXOH36tMttzp49a/Tq1ctpm7/++svta0tJSTGaNWtmKl+hQgVj4cKFbrfZ
tWuX0aRJE5f1O3DggNvtXn75ZVPZ0NBQY9GiRW7L/+9//zPCwsJM20yZMsVt+cI8Z82bNzeVDwsL
83jOtm3bZjRu3Nhl/Q4fPux2u/nz55vKRkdHe6xXYVxLX+pkGHn/Xd24caPTdu+9956RmZnpdpvZ
s2c7bTNt2jSPx/H19fgiKyvL6NGjh2n/tWvXNrZt2+Z2mz///NNo2rSpaZu2bdt6/GwsrM/vbt26
OW1TrVo1Y/Xq1W632bt3r9P70v4xYMAAIzEx0eW2aWlpLj97Y2NjPdYTAICC4ngfnJWVZbpXzsjI
sN1np6WlGRkZGUZiYqJx+PBhY//+/UZKSortPtsqD2ZR8aBnz57q0KGDralxRkaGOnXqpCeeeEKd
OnVSjRo1VLx4ccXHx2v9+vWaOHGi04wUb775pl+aG+cmNTVVAwYM0MSJEzVw4EBde+21CgkJUXx8
vNasWaNZs2Y5NZePjo5WTEzMFXGcV199VWvXrrV9u5iRkaEBAwZozpw5euCBBxQZGamQkBAlJCRo
69at+vTTT53GVHnggQecvkX21pIlS7RkyRKFhISoYcOGCg0N1eHDh/XNN9/o+uuv1+rVq019uF3N
SOD4LXzt2rVdznzStm1btWzZUr/99psyMjI0a9YsjRw50m3dAgICNGrUKLVo0UJPPvmk9u7d67Jc
VFSUxo4dqx49erj9xnjFihW2n2NiYrz+Zjlnetu5c+dq1apVGjx4sFq0aKGKFSvq3Llz+uOPP/TJ
J584zZwTExOjyMhIt/stVaqU3n//fVO3i7Nnz6pHjx7q1q2bevXqpWuuuUYlSpTQyZMn9fPPP2va
tGmmmWC8NXLkSG3atMl2DpKSktStWzf17dtXffr0sY1HcvLkSa1YsUIffvih6TgtW7Z0ao7vSUGe
sw8++MDUwuDMmTNO50y6NBbGkiVLvG59cDkK81p6kl+/q82bN9crr7yiMWPG2NY9++yzWrZsmf79
73+rcePGCg0NVUpKivbv36+vvvpKn376qWkfUVFRuu+++/LjZeVJYGCg3n77bf3yyy+Ki4uTdOl8
tGzZUg8//LA6duxo+3/vxIkTWr16tSZMmGAaGygkJETjx493O/Ct5N/P7xMnTqh9+/bq0qWLevfu
rYiICJUpU0ZxcXFas2aNpk2b5jTW0aBBg7R161Zt3bpVs2bN0k8//aT//Oc/atq0qcqVK6dz585p
9+7d+vzzz7VlyxbTtrVq1VKXLl18ricAAMgjfycsV3ILDsO41CrD3TeZuT1efPFFj8fzVwuOcePG
OX3TnNsjKirKOHr0qMc6FdZxcpw8edJo3bp1nq5Nv3793LZasOf4Lftrr71mVKtWze1+d+7caRiG
YfTs2dPnOr3yyitu62H/rW3p0qVtx8lNWlqasWzZMmPcuHHGsGHDjKefftp45513jBUrVhipqake
t83IyDBatWplO+7mzZu9Pk+xsbE+n4OwsDDjzz//9Op1TZ061efz+8wzz5hej+S5BYdhGEZcXJzR
sWNHn49Vt25dY//+/R73XdjnbM6cOT6/jnvvvddpXX614MhR0Ncytzrl5+9qRkaG8fjjj/u8P0lG
eHi48fvvv+d6vgqyBUeOX375xQgNDfX5NQQHB3ts5WSvMD6/HVtwjB492ggPD/fpWJGRkcbJkyeN
v/76y6hZs6bPdV26dOnlXg4AAPLsamzBwRgcubjmmmu0bNkyn1ouBAcH6+OPP9bYsWP91pfak7vv
vlvLly93GtHenU6dOun7779XRETEFXWcKlWqaOHChXrmmWe8rlNISIjeeecdTZs2TaVKlfJ6uxzN
mjXTvHnzVK1aNZfPGz5MJ+qLnj17qlOnTpIuDTY6bNgwr6YtLFGihDp16qThw4dr4sSJev/99/Xc
c8/pjjvuUMmSJT1uO3fuXNv4G126dPFpKsbKlStr9uzZeu6557wqX6tWLS1cuNDr2RAGDx6sL774
wjQbjDtBQUEaM2aMxo0bZ2up4K1KlSrp22+/1SuvvOL11MgdO3bU4sWLvZ5xJkdBn7P7779fsbGx
bt+7jkaPHq0JEyZ4VfZyFNa1LAzFixfXhAkT9Mknn6h06dJeb3f77bdr1apVLltw+UOrVq20evVq
r8ePkS6Nz7N27Vq3Y2848sfn95133qkVK1Z4PbNRo0aNtHDhQlWpUkWRkZFav369evXq5dW2oaGh
mjdvnteDcgMAgPxBFxUvVKtWTV988YUeeeQRzZ49W4sXL3bqiiJdaqLcu3dvPfDAA1798d2wYUPT
H8E5s2V4o0qVKqY/nGrWrOm2bGRkpKlsWFiYrr/+eq1du1Zz587VvHnztGzZMqftunfvrvvuu099
+vTx6uausI5jLywsTO+995769eun2NhYff311y67ZLRq1Uq9evVSTEyMx3PlqE6dOk6vqXXr1tqw
YYPGjx+v6dOnm2YpyQk46tWrZ9ouOTnZaRpMxz98q1ev7rYexYoV01tvvaXVq1crIyNDq1at0oQJ
EzR8+HCvX4svzp49a+oG8+KLL3os73ieKlasqLJly+qdd97RPffcozlz5ujzzz/X2bNnTds1aNBA
gwYN0qBBg1S5cmWf6ti3b1/ddtttmjFjhj7//HOn6x4REaGYmBgNHDjQNmDwjTfeaOoSVaJEiVyP
U7p0af33v/9Vv379NGvWLM2cOVNHjx51KtOrVy/17NlTPXv29Ng8P4c/zlnv3r1166236rPPPtPs
2bOdZi6KiIjQPffcoyFDhqhhw4aKj4/3af+hoaGm13Tdddd5tV1BXsvc6lQQv6tDhgxR9+7d9eWX
X2rBggVas2aNy3p17txZ/fr1U6dOnbx6LxamZs2aafny5fruu++0aNEixcbGOs3IFBwcrE6dOikm
Jka9e/f2eXrbgv78dry25cuXV/369fXzzz/r66+/1vz587V48WKnbk9t27ZV//79FRMTo5CQENv6
GjVqaN68eVq0aJFmzJihhQsXOh0zMjJS9913nwYPHszsKQAA+EFAenp6wXzlXAAMw1B2drZOnz4t
wzBUrlw5hYSE2Ka4DAgIsD1yOC7nrLscmZmZOnr0qJKTk5WWlqZy5cqpUqVKCgsLu6z9+tPZs2cV
Fxen5ORkhYaGKjw8XOXLl7fccbKzsxUXF6eEhARduHBB5cuXV4UKFQrs2pw/f14nTpxQUlKSKlWq
pFq1arkst3XrVqcWEHlp7TFp0iTTDB9z5szR/fff7/N+PMnMzNSQIUNs050OGDDAq1kOcpOamqpT
p07pzJkzKl68uCpWrKiIiIh8aeWUlZWlU6dOKT4+XtnZ2QoLC1OVKlUK5KYxOztbR44c0ZkzZxQY
GKiKFSuqUqVKPn1j763CPGcVK1ZUtWrVTCFjfHy8U8uKw4cPF2jricK8lq7k1++qvcTERJ0+fVrn
zp1TYGCgQkNDVaNGjTy9ptjYWN1zzz225ejoaK+npL0cqampOnPmjBISEpSenq7Q0FBVrVpVZcuW
zbdjFPbnt3RpbJ24uDglJiYqJCTEp//Lz507pyNHjujChQsKDg5WhQoV8u33EwCA/OD4N4xhGKZ1
Ocs56wIDA3XhwgUlJycrMzNTVatWVbFixSz1fxsBB1AI8uumKTs7W0OGDDENTvjRRx/pP//5T768
r9PT0/XCCy9o/Pjxki4NprhhwwZVqVLlsvcN6/FHwOFvBRFw5Cd/BRwAAMB6rsaAgzE4AAsJDAzU
pEmT9MADD9jWPfrooxoyZIjLblO+OHjwoO69915buBESEqIvvviCcAMAAACAJRBwABYTHBysqVOn
6pFHHrGtmz59uho2bKh33nlHR44c8Wl/e/bs0ahRo9SwYUNbn/LQ0FDFxsZ6PRgfAAAAAPgbg4wC
FlSqVClNnjxZLVq00GOPPWbrHz98+HANHz5cXbt2VYcOHVSvXj1FRESodOnSKlasmNLS0pSYmKhj
x47pjz/+0MqVK50GVIyKitKsWbO8nv0GyJGSkqIxY8Zo4cKFql69ul599VW1adOGOgEAAKBQEHAA
haBkyZL5flMVEBCgBx98UG3atNGbb75pGpdjyZIlWrJkiU/7Cw4O1rPPPqvnn3/epxl9gBwzZ87U
W2+9JUnavXu3tm/frr179xbIgMUFVaeC+F0FAABA4SDgAApBgwYNXE4VmR8iIyM1ffp0DR06VLGx
sZoxY4aOHTvm9fb169fXoEGD1LdvX6Y1xGVxnHY2Li5OR44c8WvA4WudCvJ3FQAAAAWLgAMoIpo1
a6ZmzZppxIgR2rVrl3bu3Kldu3YpPj5eCQkJSklJUUhIiCpUqKBrr71WdevWVdOmTXXdddepWLFi
/q4+ioCbb77ZtFy7dm3Vrl3bT7W55EqsEwAAAAoGAQdQxJQqVUo33XQTY2ig0PXt21dnz57VsmXL
VLlyZT3zzDMqW7YsdQIAAEChIOAAAOSLoKAgPfnkk3ryySf9XRWbK7FOAAAAKBgEHAAAl0JDQ7Vl
yxbTusqVK/upNpCkdu3ama5JcHCwH2sDAABwZSHgAAC4FBQUpKZNm/q7GrBTqVIlVapUyd/VAAAA
uCIF+rsCAAAAAAAAl4uAAwAAAAAAWB4BBwAAAAAAsDwCDgAAAAAAYHkEHAAAAAAAwPIIOAAAAAAA
gOURcAAAAAAAAMsj4AAAAAAAAJZHwAEAAAAAACyPgAMAAAAAAFgeAQcAAAAAALA8Ag4AAAAAAGB5
BBwAAAAAAMDyCDgAAAAAAIDlEXAAAAAAAADLI+AAAAAAAACWR8ABAAAAAAAsj4ADAAAAAABYHgEH
AAAAAACwPAIOAAAAAABgeQQcAAAAAADA8gg4AAAAAACA5RFwAAAAAAAAyyPgAAAAAAAAlkfAAQAA
AAAALI+AAwAAAAAAWB4BBwAAAAAAsDwCDgAAAAAAYHkEHAAAAAAAwPIIOAAAAAAAgOURcAAAAAAA
AMsj4AAAAAAAAJZHwAEAAAAAACyPgAMAAAAAAFgeAQcAAAAAALAvGMWQAAAgAElEQVQ8Ag4AAAAA
AGB5BBwAAAAAAMDyCDgAAAAAAIDlEXAAAAAAAADLI+AAAAAAAACWR8ABAAAAAAAsj4ADAAAAAABY
HgEHAAAAAACwPAIOAAAAAABgeQQcAAAAAADA8gg4AAAAAACA5V2VAYdhGP6uAgAAAAAABeJqvee9
KgMO6eq94AAAAACAoutqvte1fMDhzcUzDMNluav5wgMAAAAAihZ3973e3jdbneUDDlfcXRhCDgAA
AABAUeTL/a7j+pxlq98fF/d3BfKDYRgKCAjIdZ2nsgAAAAAAFBW+fPFfVBSJgEMyX6ScACNnnaug
AwAAAACAq4VjV5Wc5aIUeBTJLiqOXDW/KUoXEQAAAAAAyfX97tVy/1vkAg5PA4peLRcVAAAAAADp
8gYetRrLd1HxNJBKQECA27E43G0LAAAAAEBRcDWFG1IRCDgk38bf8BR4AAAAAABQFLgbqsHVOByu
yltRkQg4HNkHGEXhIgEAAAAA4At343A4NgooSiwdcORl4JScbisAAAAAABRljq013D3nzXorsOwg
o+6a0eQ2YqyVLxYAAAAAAN7wJtwoarOtWDbgkMx9iNz1I7JfBwAAAADA1SS3cMPdfbUVWbqLiiP7
AUQ9DTwKAAAAAEBR5k3PhqLW28HSAYdjyuQ4LaynPkXMpAIAAAAAKIrcTQ/rbtmxNYdVWTbgcHfB
GEQUAAAAAHA182UA0aJ0/2zpMThy5JYyFfWLCAAAAACA5Hu4YfVWG/Ys24Ijh6tmNq66nzAmBwAA
AADgapHb/W5RnJjD8gGHPVddVHILOwAAAAAAuBp4mlGlKIxTacmAw9V0NgAAAAAAwDN3M6fY31tb
9R7bkgGH5HquXvvWG47dUIpCGgUAAAAAgK+8mUGlKAzlYMmAw5tWG45NbFyVJ/QAAAAAABQlvo69
Yb/e6r0kLBlwSJdOfnZ2tu1fV3ILMAg4AAAAAABFSV4DjsDAQNs9tlVZNuCQ/gk5ch65DS5qj3AD
AAAAAFAU+RJyBAQEON0fWzXksGTAYd9sJjs7W1lZWS6TJkIMAAAAAAD+4eq+OedBC45CZh9qZGRk
qHjx4srMzMz1IhB2AAAAAACuVp7umXPulzMzM5WVlZVr+SuVJQOOtLQ0nTt3TufOnVPx4sXdjsEB
AAAAAAByV6xYMVvAUapUKUveZ1su4AgICFDJkiWVlZWlYsWKKTAw0N9VAgAAAADA0gICApSVlaWs
rCyVLFnSkr0gLBVwBAQEKDAwUOXKlVPp0qVtAYcVm84AAAAAAHClyBmDIzs7W4GBgSpWrJi/q+Sz
gPT0dNIBAAAAAABgafTvAAAAAAAAlkfAAQAAAAAALI+AAwAAAAAAWB4BBwAAAAAAsDwCDgAAAAAA
YHkEHAAAAAAAwPIIOAAAAAAAgOURcAAAAAAAAMsj4AAAAAAAAJZHwAEAAAAAACyPgAMAAAAAAFge
AQcAAAAAALA8Ag4AAAAAAGB5BBwAAAAAAMDyCDgAAAAAAIDlEXAAAAAAAADLI+AAAAAAAACWR8AB
AAAAAAAsj4ADAAAAAABYHgEHAAAAAACwPAIOAAAAAABgeQQcAAAAAADA8gg4AAAAAACA5RFwAAAA
AAAAyyPgAAAAAAAAlkfAAQAAAAAALI+AAwAAAAAAWB4BBwAAAAAAsDwCDgAAAAAAYHkEHAAAAAAA
wPIIOAAAAAAAgOURcAAAAAAAAMsj4AAAAAAAAJZHwAEAAAAAACyPgAMAAAAAAFgeAQcAAAAAALA8
Ag4AAAAAAGB5BBwAAAAAAMDyCDgAAAAAAIDlEXAAAAAAAADLI+AAAAAAAACWR8ABAAAAAAAsj4AD
AAAAAABYHgEHAAAAAACwPAIOAAAAAABgeQQcAAAAAADA8gg4AAAAAACA5RFwAAAAAAAAyyPgAAAA
AAAAlkfAAQAAAAAALI+AAwAAAAAAWB4BBwAAAAAAsDwCDgAAAAAAYHkEHAAAAAAAwPIIOAAAAAAA
gOURcAAAAAAAAMsj4AAAAAAAAJZHwAEAAAAAACyPgAMAAAAAAFhecX9XoKi7cCFFf+3br3PnzqtM
6dKqXr2qqlatnOt2Z88m6djxE0pMTFKxYsVUPrSc6tS5ViVLliyEWucuOfmc/t5/SOfPn1fZMmVU
pUq4qleveln7NAxDx4+f1JmEs0pKSlbJEiVUqVJF1ax5jYoXL5anfV7p59FXhw8f0+nTcUpNS1Ol
sIqKjKyT53NzJSlq1wkAAABA4bNMwLFu/W+6u0f/y9pH0yaNtGrlN7bl/gMe0+IlP9qW3xg7Qo/8
Z6Db7SPrtVBCQqJtefasybqr6x0uy6ampmrih9P0f5Om6/z5C6bnFsTOULt2tzptk5mZpR+WrtQX
X8Rq2fLVTs+XKxeif/XupocevF8NG9Z3edwnnnxZn8+Zb1t+8YUnNPz5oW5fk6+OHDmu98d/pJkz
v3J6rm2bVnpi2GBFR7fRQ4Of0rffLrE9N+/LabrjjrYu95mQkKi5X36jr+Z9qx07/nR6Pjy8kvre
10v9+/VR3bq1cq2jv85jQb2fDMPQosUr9PHHM7Th1/+ZnqtRo7qGDR2sAf37aM/ev3V7+56m51eu
iFWzZo1ty0Mefkax3yzy6nVduJCia65talr34/L5uvHGG1yW//HHNbr3vsGmdQnxe12WlfLnOgEA
AABADrqoFJDR/31Xb42b6BRuSFJ2drbTumPHTqjPvQ9p4KChLm/2pEutJj6bMVdt2nXXhImfKCsr
K9/r7clff+1Xl7vucxluSNKatRt0z73/1lvjJiopMcmrfa5b/5s63nmPXhn11v9j777jJKvK/I9/
n3OrevIwzDAw5BwFJKOuZBABRda4qyi4K8afqKtiICiCCVHXwCqrIIjIGhED6AKyRIUREJG4BIcd
yUxihk51z/P749a9XdVV1V093T3T1fN5+yqsunXr3nNv1fxxvn3OeZqGG5L0zDPP6uvf+I4OOPDV
uuji/xryeJ1wH0eiUkl1ysc+oxNO/H8N4YYkLV78uD728c/ozce/R7/97bV172222SZ68YtftKaa
OiKT7XsCAAAAsPZ1zAiOTvLQQ4/q/P/8ftv7L1q0WK99/Yl69NHH2v7MmZ85V888u0Rnnfkxmdnq
NHNEYoz60L+drscff3LYfc/50jfbOuaf/vRnvemf3qnu7u667RvMm6uttt5CS55bqkceXVRs7+nt
1b99+AxNnTpV//Sm4wYfriPu40h9+/yLdMGFlw6733XX3aTrrrupbtv+++2lECZehjkZvycAAAAA
a19HBxzHHH249tyz+XD5ZmbPnjWOrRlw28I7G7Z94fOn6yUv2VuStHHNGhy9vb16/8mfaOjsHXfc
0TrhbW/S9tttrSRJ9NTTz+j662/RN8+7UM8886wk6dprb9CHPvguzZu7/jheTea2hXfqlj8srNu2
77576pSPvE9bb7Olul/o0cMPP6oLv3eZbrjxD8Mer7evT+//wCfrwo2X/8P+OuP0D2uPPXYr1pV4
7LG/64vnfF2X/dflxX6nnf45HXP04Zo1a+bA8TrkPo7EsmXL9ZWvfrtu23bbbq0zzzxFe+/1YknS
I48u0g9+8BP98LKfN3x+4403WiPtHInJ+D0BAAAAmBg6OuD41Bkf1Xbbbb22m9Hg6aefqXt9yCEv
1ztPar5+yOW/uEo33Xxr3bazPvNxvfc9b6/7S/VGG83X7rvtote/7tV67/tO0XNLlurSS769xjp7
t956e93rjTfeSJdder7mzp1TbHvRi3bUka88VB//xFktp7Hkrr/+Fj3wwEPF680220QXX/RNrb/+
enX7bbHFpvryuWfq5ltu02OP/V1StmbH7bffpYMP/odiv065jyNxz70PaNmgqT7f/taX6tbA2HDD
DfSS/ffWXnvtro989NN1+06dOvEW6JyM3xMAAACAiaGjA46JatWqF+peb775Jk33c3d987wL6ra9
7rWvaujs1dp444303e/+u3p7ekddtWQk7r//obrXb3j9sXXhRm5KV5dOP/XDwwYc991Xv/jkG17/
6oZwIzd16lRtu81WRcAhSc8tWVo876T7OBLPPbuk7vUmmyxoucDnv7z9zQ0Bx0SbyjFZvycAAAAA
EwMBxzhw97rXrTpvjz66SPfe+0Ddtne9823DdkzXxl+xlyxdWve6VWgjqWnwMdjbT/xnvfmfX1u8
nj59est9//d/H2n4q/8G8+YWzzvpPo7EeuvNrnvd09OjSiVtWRZ2//330q233rEmmrZaJuv3BAAA
AGBimHgrEK5DHnjw4brXs2fP0u67T8yqF709fXWvy+XyqI43e/YszZ+/QfGYMaMx4Hjiiad0wYWX
6tjj3qr+/kqxfYN5c7XbbrsUrzvpPo7ErrvtrHJ5IINcsmSZrr7mf1ruv/1226yJZq22yfo9AQAA
AJgYGMGxFi1Zsqzu9YoVz+vi7w89tWOwbbfZUoceesBYNmutWbXqBd1x519088236Zprrtcdd97d
dL9Pf/qUulEik/U+zpu7vt7z7rfr69/4TrHtXe/+iD539if1qle9QnPmNJ/SM1FN1u8JAAAAwMRA
wLEWdXf3NGz72Mc/M6JjvOudb+v4Dt9jj/1d3/nuJbr4+z/SypWrWu630UbzdfZZn9DrXvuquu2T
+T7+24ferfvuf1BXX329JGnlylU6+YOn6uQPnqo9XryrNtpofjFl5TdXXrM2mzqsyfw9AQAAAFj7
CDjWounTp436GKVSZ3+Fv7nyGr3v/31MK1Y833KfPV68q97yltfpuOOObroew2S+j7Nnz9JFF35d
3/nuD3Tul/+jLgD6811/XYstG7nJ/D0BAAAAWPs6urdw330PKk3TtvbdfvttFMLEWnJk8CKSkvTx
j5085Gduvvk23XjTH4vXs2bNHHL/Bx58aMj316Y77viL3vq29zZs32KLTXXM0Udo33321J577qYt
tth0yIUoJ/t9nDZtmk5+/0k68YR/0s233Ka7775XDzz4sJYtXa7ly1coxmxR29UJPGKM47p/rTXx
PQEAAABYd3V0wHHC29/f9r7/t+jPTReyrDW4vOtgeUcyF8LoynBuueVmDdtOPOGftOGGG7T8zKnL
P1fX4RtqX0m6/PIrdcF3/n31GzmOvvXti+peb7HFpvryl87UQQf9Q8tKIc1M1Ps41r+n2bNn6ahX
HqajXnlY0/dP/sAn9YNLfzqiNj751NMj3P+Zlu+56q+ndoFUac18TwAAAADWXRNrSMNa9sPLftby
vd6+Pi1btrxu27SpU0d1vh132K6u3Kkk3XLLwiE/c9vCO+te77zTDqNqw9ri7rruf26q23bOFz+l
ww47sCHccHctXHhn3WPp0oHvYqLex7H4PS1btrzu0dfX3/KYPT299cebNvzv88c/uqLle88/v7Jh
29/+9ljb+2+00YZ1ryfq9wQAAABgciDgqPHoo4+1XOTygQcapyg0G3I/EuVySSec8Ka6bed960L1
9DQuxihJt99+l26//a7i9Qbz5mrXXXca9jy/+tXvRtXO8TJ4BMOCBRs23e+pp57RkUe9qe7x+ONP
Fu9P1Ps4Fr+ngw89Tttst2/xuLLFQqIxRt391/vqti1YsNGwbezp7a0rwVvrnnvub9j2jW9e0PJY
d911T93rLTbftO71mvqeAAAAAKybOjrg+PK5Z+rK31zW1mPKlCltHfO97ztFTz/9bN22FSue1xe/
+I2GfbfddqtRX8Nbj3+jpk0bWHzx9tvv0idP/VzD9IZFixbrwx/5VN22E05407DTbqRsKs9HTzlT
11xzg/5y97266y/36JFHF4267aNhZjrwwJfWbfvpT38l9/rQw9317fMvrtu2wby52mqrzeu2TdT7
ONrf0yuOOKTu9bfOv6hh5Ick/fzy3zSEJjvvvP2QbcudfsbnG+7Tk08+rS+c09jGZ555Vt/45ncb
QpE//enP+u4Fl9Zt22+/vRo+vya+JwAAAADrpo5eg+OAl79E22239Zge89e/uVr/c/0tOu41R2nT
TTfWkiVLddVvf6/Fix+v2+8Nrz9Ws2fPKl5f/P0fFaMKvvLVb9fte/HFP9KG8wfWDnjHv75F86uv
t9hiU33+c6fqgx86rXj/oov/S9f9z0067jVHa86c2frbov/Tj3/8S3V3dxf7bLbZJnrnO9/W9nVd
cOGluuDCgQ7oZ8/6hN7znre3/fnx8Lbj36Bf/vK3xetvnneBHn/8Sb3mNUdp3rz19dyzS/Szy39T
t48kvf/972jo6E7U+7i6v6fcv/7Lm/WDH/xEPb3Z9JOFC+/UK458o97+9n/W1ltvod6eXt140626
8Hs/rPvcoYceoBfv/qK2ruk/v3OJfvXr/9YxRx+hefPW1+NPPKVf/ep3TYMUSfrUp8/RT376Sx1y
8Ms1deoUPfi/j+iKK65q2O+IIw5q2LamvicAAAAA656ODjjG2jtPeqt++rNfacmSZUMu1lgul/S+
9/1L3bbf/vb3+t1/X9fyM18697zi+Rtef2wRcEjS8W95vRYvflznfvk/im2LFi3W177+n02PNXv2
LP3n+V/W/A3mDXtNr3nNUbryyqsb/uKejqIaxlg59NAD9KEPvktf/ffzi20/v/w3+vnlv2n5mde8
5qiWHd2Jdh9H83vK7bjjdjr/2+fqHe/8UHHuhx5+VKee9rmWx9tss010zhfPGOpyCoceeoBuufk2
PfHEU/ruBT9oud+cOevpil98X5///Nf029/9Xn/96/36618bp7Dkjj32ldq/yQgOaXy/JwAAAADr
ro6eojLWXnnkofr5zy7S3nu/uOU+M2fO0He/8+/afbddxuy8IQR98hMf1He/81VtscWmQ+67//57
6ReXX6yX7L93W8c+6pWH6tvfOldTB03RGU25z7F06ic/pK999bOaM2e9Ifcrl0s6/bQP67xvfEFT
urqa7jPR7uNY/Z5e/eojdeWvL9O+++45bDtfeeSh+vlPv6dttt5y2H2lrIrJj3/8Xe2ww7Yt95k/
fwNdfNE3tNuuO+s/z/+y3vGvxw95zCOOOEhfPvfMlmWZx/N7AgAAALDusr6+Ph9+t7Xvpptv1bGv
eWvdttv++LtRTVH5xS+uqiuTefRRh2uLLTZVb2+vfn/dTfr972/SI4/8Tc+vXKWNF2yo/fbbq5hq
MNjPL/9NsdbCJ0/9bMP7n/vsqcXzN7zhWM2bu37TNq1Y8byuv+EPuvHGP+rRvz2mZcuWa8FG87Xd
dtvooANfqpe9bD91dZVbXtNVv71WixYtLl4ffNDLtNNO2+uBBx7Sf/3oF/rLX+5RT0+vTnrHW3Xc
cUcNf5OqfvyTK7RkybLi9f777aU999yt5f6D1804/LADh/yuli1brmuuvUG33nqHHnl0kZYvW675
8zfQgo031P777a2DD3pZy0VIm1kb93Esf0/NxBi1cOGfdcsfFuquv9yjp5/OSrZusvEC7bzzDjro
wJdqr712bxksSNlCqX+vWaD1FUccpG222UorV67S739/o667/mY9tmixVjy/Uptttole9tJ9ddxr
Xlk34kiS/nL3vfrd767T3XffqyeefFozZ0zXzjvvoEMOebkOOfjlbZf5He33BAAAAAC5dTrgGC9n
f/YrdetwnHDCm/TVL5+1FlsEAAAAAMDkxhQVAAAAAADQ8Tp6kdFb/rBQS5cuG37HqhkzZmiXXXYY
xxYBAAAAAIC1oaMDjtpSk+045ujDdcn3/2P4HQEAAAAAQEfp6IBjonrD64/VAQe8tHg9b17zBUUB
AAAAAMDYIOAYBzvuuJ123HG7td0MAAAAAADWGR1TRWXJkmV68H8fliT19/frpptu1b777KmZs2a0
fYyZM2do1xftNF5NBAAAAAAAa0nHBBwAAAAAAACtUCYWAAAAAAB0PAIOAAAAAADQ8Qg4AAAAAABA
xyPgAAAAAAAAHY+AAwAAAAAAdDwCDgAAAAAA0PEIOAAAAAAAQMcj4AAAAAAAAB2PgAMAAAAAAHQ8
Ag4AAAAAANDxSrUvurq61lY7AAAAAAAAhtXX19d0OyM4AAAAAABAxyPgAAAAAAAAHY+AAwAAAAAA
dDwCDgAAAAAA0PEIOAAAAAAAQMcj4AAAAAAAAB2PgAMAAAAAAHQ8Ag4AAAAAANDxCDgAAAAAAEDH
I+AAAAAAAAAdj4ADAAAAAAB0PAIOAAAAAADQ8Qg4AAAAAABAxyPgAAAAAAAAHY+AAwAAAAAAdDwC
DgAAAAAA0PEIOAAAAAAAQMcj4AAAAAAAAB2PgAMAAAAAAHQ8Ag4AAAAAANDxCDgAAAAAAEDHI+AA
AAAAAAAdj4ADAAAAAAB0PAIOAAAAAADQ8Qg4AAAAAABAxyPgAAAAAAAAHY+AAwAAAAAAdDwCDgAA
AAAA0PEIOAAAAAAAQMcj4AAAAAAAAB2PgAMAAAAAAHQ8Ag4AAAAAANDxCDgAAAAAAEDHI+AAAAAA
AAAdj4ADAAAAAAB0PAIOAAAAAADQ8Qg4AAAAAABAxyPgAAAAAAAAHY+AAwAAAAAAdDwCDgAAAAAA
0PEIOAAAAAAAQMcj4AAAAAAAAB2PgAMAAAAAAHQ8Ag4AAAAAANDxCDgAAAAAAEDHI+AAAAAAAAAd
j4ADAAAAAAB0PAIOAAAAAADQ8Qg4AAAAAABAxyPgAAAAAAAAHY+AAwAAAAAAdDwCDgAAAAAA0PEI
OAAAAAAAQMcj4AAAAAAAAB2PgAMAAAAAAHQ8Ag4AAAAAANDxCDgAAAAAAEDHI+AAAAAAAAAdj4AD
AAAAAAB0PAIOAAAAAADQ8Qg4AAAAAABAxyPgAAAAAAAAHY+AAwAAAAAAdDwCDgAAAAAA0PEIOAAA
AAAAQMcj4AAAAAAAAB2PgAMAAAAAAHQ8Ag4AAAAAANDxCDgAAAAAAEDHI+AAAAAAAAAdj4ADAAAA
AAB0PAIOAAAAAADQ8Qg4AAAAAABAxyPgAAAAAAAAHY+AAwAAAAAAdDwCDgAAAAAA0PEIOAAAAAAA
QMcj4AAAAAAAAB2PgAMAAAAAAHQ8Ao5JzszWdhM6SghBZlZ337iHAAAAADDxEXBMMnnnnE756nN3
Sdm9TJJESZKs5RYBAAAAAIbTMQGHu8vdNX/+/CH3e+aZZ4p9845qq2MN9bjnnnsUQtAHPvABxRjl
7rr99ttbBgdmpn322UcxxmL/ZvseffTRxTne+MY3jvxG1JxPkkqlkrq7u4tj5ufP25CmqWKM+tKX
vqQQ6r/uZtcdY1Tq2SO2uIf5vsccc8yQbfzRj37U8F20G7y4p9VHffvSNNv26KOPasqUKSM4Tjrk
fnvvvbfcXZVKpe4+VioV9ff3F+c98cQTh7yPQzn44IOL/d785jc3vG9mdd/DcPfKzLTPvvuoP62o
ElMtX7G8+Ezr33asuSdxyOMDAAAAQCfpmICjHdOnT9cGG2wwJscyM8UY9bWvfa3oNO61115D/jV/
4cKFdcHDcB3e0XB3/eIXv1B/f7+mTp1at732vPlojo985COKsXWHtjaACMoeox0DMpoAp/anWdvu
PFzYcsst1dPT00YQEGoe9fLPdXd3609/+lPde/n9yMOGEILcXd/73veGvI/tatZmd1dvb29x7vXW
W68hTBm8/8LbFqoUEiUWtOH8Ddv4zZkG7gejfAAAAABMHpMq4Fi1alXb++ajAGqndNQ+XvSiFxX7
1nYye3p6mh5v0aJFxfPHHntMaTr0iIHRMDOdddZZxQiKPNQ47rjjlCSJQggKIWiTTTZRf39/W8cs
lUpN78PqTM/Iw6HRBzzZfZ8yZYpCCNp///116aWXqlKp1I1USNN0yCCg5dFDUH9/v7q6uopt3d3d
mjt3brEWR5IkeuMb39hyRM5YCiEUAZ2ZafHixW2HKXk4MlgezrT6nQMAAADAZDEpAg4z0yWXXCJJ
ddMzhvvMUB282s+7u2666SZJUpIkOuGEE+r2LZfL2nTTTYvPbL311qt1HSNx2mmnqVQqSZIuu+wy
lctlXXHFFXUjD5588slin+G06kivzmiF7bbbrhhZ0c7UjeHk00Zuu+02HX/88erq6ioCjbzznocc
g7/T1KOiXM1acPjhh6tUKhXHmjNnjmbNmqWlS5cW+7i7fvazn8lNik2PMnZijFq5cmXxevr06UMG
N8ccc0xxb6+//vr6Y8mz9gYb15FEAAAAADBRTIqAQ5KOP/54SVmHNx+NMJYOOuigYrrCRRddVGw3
M/X29had65kzZ457h/Lxxx8vnj///PN6y1veMq4jRkbqgQceKEZ+NAsdRisPTfLOf36/3/a2tzXc
+8RC0+k2ZqarrrqqeP3Wt75Vy5cvbxnoZMdYMyMerrvuuuL5Tjvt1HK/X//618VomUMOOaTuvXya
UWAaCgAAAIB1xKQIOGo792effbYkjXnIEGPUrFmziufPPfecJOl1r3td0YFfvHixXnjhhTE9bzO1
C62ut956436+kbj//vuL+/HYY48VoyvGg7trl112Kb7rCy64YERhSu00l0svvXT4/SWN8yAOSdnI
Eilr3z333DPkYri1U1AAAAAAYF3W0QGHmWmzzTarmwpx+umna++99x6XDt+qVau0ePFihRA0d+5c
zZkzRz/5yU8kZZ3kzTfffFxHb7SzLkZ+3bWd91ZWt63u3jBdI4Sgrq4u7bDDDsU0oa233rpYE2S8
PPDAA3XfdeP3HmseA7bZdhulcsmzUTC196LZmhXF+01+Vu3fR69py9CfcXelMZtek3rjJJt8TRAz
07777tukDbXnAgAAAIDJr2MDjryqxd/+9reis5d3pPfcc89RH79VQLLVVltJyjqYS5cuLf6Kvumm
m476nO0YPC1jcMd2cLnYocKFdkKgZvvklVYG6+3tLcKAl7zkJYoxKkmScR1dULv4Z/6bqNe8isqR
rzgyuwaT7rjjjrr3Yozq7e2tK7k71DW0f33tVTBxd+2662KQV1EAACAASURBVK5KQja9ZtddXqRg
oWngYmYNFWAazwUAAAAAk1/H9n7cXXfddVfx1/Znn312RCMF3F1bbrnlkMP/W31u8803L16bmZ5/
/nk9/fTTo76mduTTPepGFYyBfGHWwY9rrrmmrc+fcMIJRXtCCC063WOv9rsayf3Ybbfdiojhrrvu
GoeWjc59991XPL/nnnsa3s9DlZ6eHqanAAAAAICk9kpsTBDuXlSZSJIk66RWO/q161K0e6yhOoYh
hJYLTg4erbHeeuutVrWR1VHb5lYd+iRJmo7saHVN+ZQTkxqW0hzquh566KGiPRdeeGF2HHclY7Am
RD4FZrhFMgdPTxl83alnoy8GLxB61113Skrlnmju3Ll17+XTbZpN82mYslI11lOT8rKvtRVj8vO/
/e1vL9o2f/58qqQAAAAAgDpsBIeZqbu7W2am/v7+YvvgChLtCCFo0aJFDWst5I+W1TRC0B//+MeG
Tu7BBx888gsaocEjS1qNWGk2GiPf3oyZqRSSrOLIoPtwxBFHtGzPk08+KSlbmyQ/zoUXXFC0dTTa
rVoyOEgZfE9aVVG5/vobs7OY9MpXvrLuvfw+NRvJ02p0z3Blh1fHggULimN++MMfLn5zF1TvsTRw
7wEAAABgXddRAYeUdSRf9apXFa8rlYpuvPHGNXb+ZcuWFc833HDD4vm11167xtqwpkaLDCdNU82f
P19Tp04ttp100kljdvx2qpYMvhftBiv3339/foYRj/5ZU2p/a+ecc05DiLKmpgEBAAAAQCfoqIAj
77xeccUVxbZyubzGOvw77LCDZsyYIXfXihUrtGTJEk2ZMkVSFry88MILa2Q9hOXLlzc8X5PrMORT
WiqVip544olixMv6668/hmepVgAZ5rLyRWalqAcffHBEZ6gNQ44//vgJuZbFTTfdJEnFPT7ttNMk
udxT7b///kxPAQAAAICqjgo4zEwrVqwohur/8Ic/XCPnzac93HfffUUnOF93o7+/Xw888IBijJo2
bZr22muvcW/PvHnziuezZ8/WmWee2XJNkfEo05pXUbnlllvqjl074mD06ttcW/42r5iz9957a8st
t6y2IWjnnXduu8Pv7nUjgS655JKm5Xdrq/OMxzSU4Rx00EFFFZdXvepV+vSnP139rpMJM5IHAAAA
ACaCjgo43F0zZ86UlHU2jz/++DV23nx0hpnp7LPPrutw77TTTsUCngsXLhz3TrC766Mf/Wjx+owz
zpC7N3TQzUybbrqpKpXKuLRjzz33LNakGJ9ysAM/zzzAye93pVLRbbfdVrx/7rnnDlvOdbCrrrpK
vb29xev+/n7dcMMNdaFGfu7DDz983O5jK/mojTzQu+KKK6rXZzrqqKPWaFsAAAAAYMLr6+vz/KFs
xYMJ+cjFGL1Sqfi8efNa7nvSSScV+w91rKHcc889xf5mVmxP07TpMffaa69in+XLl7sk//GPf9zW
udzT4nHllVe2fU/OOeccjzHW3JuKx1hx97Ruu7v75Zdf7kmSjPg+uDfew8FOPPHElm2cMmVK3XHM
bETf9+D7M3Ct0VOPXompf+bss1oetxL7PfWKR2/+vUkq7lnt8evOk2bb8+9+8Lma3atLLrmkrp2p
R48ea84T68/h0a+++uqm7TvwwAMHfc/RQwht37+1/W+XBw8ePHjw4MGDBw8ePMbyUZtj1D46ZgSH
V6ce5H/Ff+6551ruW1tFZLB2/8JfO0IjTdOiDfmaG4PdeeedxTlnzZo1wtEMoXiM5HOnnHKKSqWS
3L3axiCzRO71lWDcXccdd1zDlIbRTnHIr/fiiy9uuc/gajPNvpPhDdyf/LvNp8mUQqIzTju9dclc
KykokQ0xWCmEknbYYSe5D5SFrT1ePpojhKDu7u4RtTxv50BVmPxarGGfUqnU9Pu/8cYbm5asBQAA
AAAMsOrIDUlSV1fX2mxLS7Wd5MEd5lb75/vV7juSTmIIoehID96/VXBS28Z2z9PsvCMJHmpLuk6d
OlWnnnqqttpqK0nSNddco0suuaSYWhFCKMKawW1utz2115bfo/x1q/bVvt/OOSWpVCo1nRKSf77d
47T726l9b//999fJJ59ctP3iiy/W7373u2Kf2nsy0t/mcG2VGu9l7XFLpVJd4DbccfLviGAEAAAA
wGTR19fXdHtHBBwAAAAAAABS64CjY6aoAAAAAAAAtELAAQAAAAAAOh4BBwAAAAAA6HgEHAAAAAAA
oOMRcAAAAAAAgI5HwAEAAAAAADoeAQcAAAAAAOh4BBwAAAAAAKDjEXAAAAAAAICOR8ABAAAAAAA6
HgEHAAAAAADoeAQcAAAAAACg4xFwAAAAAACAjkfAAQAAAAAAOh4BByYdK/4barbwUwcAAACAyYxe
HyYZk5tkJslcFkwmV6IoqSQLZWU/+5D9z5S9NuXJCAAAAACgA5XWdgOAseWSm0pyzZK022Zd2nP7
LbTDprM1o9yvaVOnqrunW92xrIeerujuh/+m2x94Xs9L6rVE8nRtXwAAAAAAYDVYX1+f5y+6urrW
ZluAYZgSuVIzJZ79bN0kc2mBSZd/9nXasvSUZoYeJTEqtbISr8jMlA4aneEhypVPXsn+2xfKKqmi
v6UL9MYzf6mHV0i9ZjKXopnMXW4uc8kHNw0AAAAAsEb09fU13U7AgY4TLFHwVO/bb4E+9bodNdVX
SoqSsjDCEim1soJHmaLMsmkrUhZMuOoDDrcs4AiKSmUqeao0mBJJ3cksXfXnZ/SvF96rXknmpmgl
mffLFarnBQAAAACsKQQcmARM25ZdN591lNavPCWVpD5LVPJU7lIMQcElCwP75wFHzi2LJGoDDquO
0nDLR2ZkIzUUTB6lREHuQT1dU3TSeXfqF/etlFyKBBwAAAAAsMYRcKCjJKoGESqrVO7XfrOm6dpP
7KxKX1QpmNxar48bireyACIPOMyl/up6oh4GgonaACQXlQUl5tn+sWYEiEJZ5970vD77k3ukKFWK
0R8AAAAAgPFGwIGOYpbIzbXfhtN09Qd217TKC0qtJAupUpPMg6olUBo/m+TPosxD04BDGgg5RhJw
yE0KUVFdCh708Z8/pm/d8Hel1cVA3FmdAwAAAADGEwEHOohptlwPfuFgze7vVrB+RSUypbIQZa5s
0dCQNP90CJKlygKOpHXAYZIsjizgkEtWyvdQSIJS79KOJ9+ox90IOAAAAABgnBFwYMIzlWSKOu+f
d9W/7GzqL0nBTeaJsmAhzdbLUKIok1fzDXdXbUSRBRwVSa7UEgWZEq8GHIlkisWio9IIR3BkHyie
hoH5MHrCFmiH9/1SqSUyT7M1OkySs04HAAAAAIyVVgFH64UMgDWsZBU994UDdNLO/YqhJHOTxXLT
fc1McpcGhRuDB1Ak3vxHbnFsf/omaZ4t0YpvvEwLQioPJllUINwAAAAAgDWCgAMTh0tdsU+VUFJ/
ElVOyzKNbMpHGLQuR4jZKIzm5xu7n7/LVY5Rph49dN4+OuPVW2clZfknBgAAAABrBFNUMCGYJLdE
UzzVU5/dV+XQp5CW5HJZMUYjykL152qmWFNJxTUw1cTMiikqDWtwlGJRErY4d5MpKlKWf4xkikp2
zCzS6EtMT5e313b/+kOVTer3oESudISBDQAAAACgHlNUMKG5JPNUvZZo3qkL1RenSFZSKUZJsbpo
qGRKZEo0+Kdr0rgs8Ok2KNwYgnnWhn5JXdG1cd/DevZbhyoqKJiUthxKAgAAAAAYLQIOTBiubF2N
VKYFp9+mGMqKSSJZNeQYRlCbSUSbwmrmEUGpUitJ1q9pWqmnzn+FZK6Sj237AAAAAAADCDgwgbiU
1UdRryeae9pN6olT5V6WPFEaKkqVypWVgG34dN1oC5OGCDwshuLRTNTAsdoNOvKys5IpeKoQszIv
M9Kn9fS3DlEql4WyTCX+5QEAAADAGKObhQknm65i6o3SBqf/QZUQFC3IfIqSFlNUsg/6QBjhofk+
tbuby8P4VjlJPCtVOyOu0KJvHawQK5Iq7c97AQAAAAC0hYADE5DJrSK5qSJp3qm3qc+mKolZejHk
TI9iHQ4bvkqKeRsTX0anYpJ7UL9Jc7VCN37pcLmFmoVTAQAAAABjgYADE5BnwziqU1b6PWiDT96s
7qSsEILcpdSTIY+QTVCpjy9iUP2UFLeW/wBqt49msIVJMosKMrnK2n3Oc3rD7jPkFiUlDecCAAAA
AKwe+lboAK7Ugjb45B+1MkxRlCkMO/Zi6IUziqkpw43yGENmUdbfpYvfvaNmuSRLZSopauiwBgAA
AAAwPAIOTHCmIJfclCpo/ik3qS+UZepvvrflwy1GX5I1VAeSjGVxVw+pFFyPfedAyUwuaxhpAgAA
AAAYOevr6yv6b11dXWuzLcCwTEFBUU+f+3KtX3leq8IUJaooqSSKlqo/dMlcSqxPnkjP2ww9vLJL
1/31Cf3PH+5VrGYJu247X689ZF9tPltar+sFdaXPK5hUToPS0K+oRBaipJAt+mE1MYcNzFkJYSAj
dJNclWy7ZaMyojWuGWJmkkVd/chU/eMXbpEUxzREAQAAAIDJrK+vr+l2Ag50FpOkkoJX9PSXD9P0
vmWyIMlKKqXdeiFM03/88QWdefndSiX1K5FVS8/GYsBSrDucS5oi6YCdN9Jl791V0yqrVElSlT0q
Cx9C/ZKgLQIOSYrWL8mGDThckqmiBe+6QyvN5E7EAQAAAADtIODAJGBK5EqrcUOQa+mXDlBSWaZu
n679z75dj75QkVsieVqkF1b9bD7ZxBUkxZr3s6kiUlQwU5e7bvzK67RL6TGFWFG0QTO5xijgcKuo
P5mlue+4oab6CwAAAABgKAQcmISCpihq141m6PanV8nc5OZjtmhGl6T7v36wZvvz6jKTLNWUiqmS
DIQajVNU2gs4JFeIiSqWar+P3qn7VlXGfsEPAAAAAJiECDgw+Vi2EGhWhcQkVaqjMcYgJTCp5FIl
lPSPO83V99+7lZTGbLqLjU3A4Uok9akvzNK8d96k4Gm1MC4AAAAAoJVWAQdVVNCZqut+ZlFGKlUX
93TZEB8aAc+OKk91+b1Pa7OTb5OFRApj80/GZQrqkXmXpsaV2n+zGUpNimPVfgAAAABYxzCCozoK
IElU7dEOu3vd82ZjBdJqadPUTHEir62QlDQtrahP9UlX7TU2a71X92lWkDWR1KOS8sBh8iipbKmW
fWU/KakoyNVvZZVrqquMqIpKMR8lKAbTijhbW77ralXU5g8RAAAAANZRrUZwlNZwOyYek9xLuvfd
L9eWLzxZbE6s5tb4QPffgkueTYOIVpE8kVs+VSHr7EaVFZNebf7te/TMmrqO1RFTPfXxfZQoVaKs
YkgmZJVDgksxm5Lh7jJLsn2CFRVJEplSpVklEzd54pp25p9bhj+dKSioon7r0pwP3aolXz9A5j0q
KZVqpquYK1sDpO1RGKH6Odf6tkxlSZVJdNcAAAAAYE1iikqUXFFJTCS5sj/Iu7zayXeF7C/zFuRm
1dfVKhhKir/Ou8Vsu5k8VORKJvzf4YNn4zCiZSMJzBKZmcykxKXEo1SsCpF32mP2yqTEsrsQVN3P
sjUqZImysRyTRZTLZLFfFQXN/8CNSs3kVr9ahkmytvOJgRAkidnn7r7gTVJgBQ4AAAAAWB0EHCbJ
YtaF9TzkaHZb8s5+rvrckqyLXx3lkO9RSsOEX03BFWVWkXk2TceiK8rkLkWLSt2qozaCzCSzbBSH
u8s9CzpkXi3LGiQPCjGRvCKf8PHOyHjxP6lHpp0+eJs8ZPcmtZJcpZpfx8hCikqQ3BItiI9JXsp+
NxP9xwMAAAAAEwwBRy7/a7yXJZ9Mow+GFqJUql56tPZGIGSjPBp74LUBz+QVFdz1d0k/vbdLJVXU
FfsUikVOg0b8z8pcbhUp9Gn76RW5lRVcIuUAAAAAgPYRcBTyrnn2V/l1QTYxRdXOdCZM/oRiVExS
DCaLJb3jvJvVbdOVKiqqr5iuZINXFR1CapLcFGJJIbouO+vVMu9fB4IiAAAAABhb60ZPfigNPcmK
RjrFoJO56qt8xJrnZqYoV5Q3VAJpxszW7JgDq670YZIskVVru9SsblF9HbISrwrZ4iEK2eKg+UgU
qzmgTCoWmE2yTTX/SlySostVUUXSnqfcIFci83J2hJAvNNoOl8klc6UhVVSibddbki18a8XZAAAA
AABtoIpKzoOkWK2KkY9tmPxitX/fbFKOuyvkU1HaLA6yJqMhcym1aiAR++WhpK5YUdmkl+04V8cf
uJP23mqqFkxzJV6RKc0WQS3WzTClVtJdT3br5gf79cPfLtTibqlbFYUwRWnsra4t0vrKHn5B6k7m
aHrslXlPthhp2zFP7b3NwoxSXKWpXlKfXKmlZBwAAAAA0CYCjsJAlZB1zVj2oddsfzzIPGqe9+vO
b75R01c9oen93SqFoDRExS5XrKxUUpGCotxSpRYkJSp5Vjc5WtDLF0S9bL7rYwe/RF6R+kv9eiHM
08L/69abv3ijVg4RdpkH7fX+q/XwV/ZWf75bk/VJ2mVW1r7bzNENjz6blZ1d7SMBAAAAwLqFgKOu
LxokpWpv9EZ1pIdHmbLJBp3GlI3gGOm6G+5esxppdVpH1Vgvz5rd22yqSPBUblIw6RXbztdF79lD
M3qeUxJMceXDkpnSLikfbmKVihKLCrIsLLCk2uwor5ZjDYpyt2xqSdovmVROpVnxWR20aZee/fc9
1NtV0v3dG+ofP36lnqwERY9F49yDFkdTfwhF2Vh3b7oIa1ui67Pv3ksHnfLf62DUBgAAAACrj4Aj
V1tFpZ3ds7qp2Ud83fo7e7bWRosqKqMYvdCMS0qUKrWypnmq3374ZdpznlTSKnnfCsUkKqTlLLDw
bIJIbdNCNiNFXq0QY1a/zkjrEweVYyqXqavP9OLSYv3vl16qmf/2h4FhFR5kqig109+7ttXmfY+o
L/QrNC0z3FyoTv0pfkHBtPMGq7LnJoZwAAAAAECb1o2FJtqy7lVR6RQzytLizx2s587eQy+Zl5Vk
dQW5KjIvqRJqxjoMCpvioK+y/fjFJUWlVla0qBhn6P50A7kNZIKmKDeTRdOxp/xcUSXFpM1au63O
6qmCT1EMozoMAAAAAKxzGMHRsHhmRQ2lM/JdPev0SpLZWE/GWDvyaSrybDRBWtOxzquo5M+HCwdG
W0UlSIpWkjwbdjE1RC084zBt17VM1v9sFlZ4RYkSRSWSeTaIpjYIMKsZoRGV5At4WlS0bCqReZA8
[...]
T67UUjIOAAAAAGgTAUdhoEvIVDOWY+hNOx4PMo+a7/26/Uuv0Ix1j2lG/waVQlAaomKXK1bWKqlI
QVFuqVILkhKVPOubHC3oeQujnrvA9b6jni2vSP2lfq0P87Xkrxv0yk9dr7VDhF3mQQe+/Wrd/9mD
1J/v1qQ+SbvMyjpk17m67sGnsrazG30kAAAAAJhaCDjqxqJBUqr2Zm9UZ3p4lClbbNBpTNkMjpHW
3XD3mmqk1WUdVWNdnjW7ttlSkeCp3KRg0vN3W6BvvuVZmtnztJJgimvvl8yUdkn5dBOrVJRYVJBl
YYEl1dOO8mo71qAod8uWlqT9kknlVJodn9KRi7r01L8/S71dJd27YWv9/fuv1OOVoOixODn3oEei
qT+Eom2suzctwtqW6Pr4mw/UkWf+zxSM2gAAAABg4xFw5Gq7qLSze9Y3NXuJT62/s2e1Nlp0URnF
7IVmXFKiVKmVNd1T/eLdz9Xi+VJJ6+R9qxWTqJCWs8DCswUitacWshUp8mqHGLP6OiOt3zioHFO5
TF19pmeWHtH/ffo5mvWvvx2YVuFBpopSM/2tazft0PeA+kK/QtM2w82F6tKf4hcUTPtstS67b2IK
BwAAAAC0aWoUmmjL1Oui0ilmlqVHPnGUnj7vWXr2/KwlqyvIVZF5SZVQM9dhUNgUB32V7ccvLikq
tbKiRcU4U/emW8ltIBM0RbmZLJpOOvNHiiopJm322m31rp4qeLdiGNVhAAAAAGDKYQZHQ/HMihpa
Z+S7ejbolSSzsV6MsXnky1Tk2WyCtGZgnXdRye8PFw6MtotKkBStJHk27WJaiFry4WO1e9dKWf9T
WVjhFSVKFJVI5tkkmtogwKxmhkZUkhfwtKho2VIi8yB5yDqV2OCFIF6ci5vJlEqSNpRcx53xU9X+
WFyS3OVyPbCqT6n1q5yW5BaV5r+TQUt4mr1XLVNQOV0vxWonFUIOAAAAAGgLAUeujS4qZiazbLt7
Kp8EMz2SOLBMIg6afLBJu6hUa4FETyXr1hdevr9eu1jqSlcopP3qt7KC91Xbu7pMQS5vujwo5MU5
83Up1b6rVt2ULWcJTcINtfyQIZpWyGTuTTOHHgsqq6ToaXaE6u9k6OsxEMZYHiTJFBQ1TVKvBzmV
OAAAAACgLQQchZF2UfFqy9H8UeeFHXlmEWrCi+Bt1qgY4pgb+8JU0ixzPfhvB2tO31ql0ZRaInlJ
Mq+2YG2PaSDbyJSymrCKihYVmoYbzQWPOuOyxxTcFFu0NjGP2mAz1KXVkkIRWIycSZ5Ui7VWQzcA
AAAAwLA6b1Q+1hq6qLQ5VSHfx5KODDdyrupSiKp2wg13lytWZxfUD+RHvnAnm7MgC3rlvgv1+LnP
1OzeDVnHE2WzNdyk4DV9atyqnVyyQq/NogR3l4KpEqTUpGx2TqwGOsN/X1FSqK4R6QslXXrzQ9XP
2/wCuaSKZc/HEYQnzaRJX81ZAAAAAADawQyO3Ai7qEwWsdp0ZCTBxNh1UTGV5Eot6LYzn6e9Z66T
RZcslVdrnLRqYWtmcs/rXDTn7kq8aHYjyzIPRa8PdVqpWElSn5bF7bLjKeRrX5q/n5VkrTOQphq6
qFTPM1Hr9wEAAAAANCLgKNR2UZlaA8vN92ldHkp67Jxna66vyAqeqlvNq1xsnLxNbM7anKDj5jJV
FK1Lz/rXKxTDNFnslQ/x4uD5LJF8JtDGyVfBTK1fIQAAAACMTueurRgrDaPIiqbK0oCig0qr56td
VKK8rRkP7XZRKVX3Lcm0+qPP0RytV+KuqJJU7VqSLzxpdn6uOOwSlUysnrcrDRXFUJFb2sYZSomb
EvUrWkkbUpNiTzV4af3byLrRJApt/3xcg6MMrxa6zXKY0fSkAQAAAICphYAjV3RR8RbdNaYed1eQ
KcjquqsMpZ0rVwkldbnrsU8cpZLWKarUEDzkMyWGWqIid8mHnFOR763gIWsPO4LQIKpL//zVe+Rh
ZMuWmnV2ac4UzRQJMgAAAABg1FiiUhhpFxU0087QPsRUfz3vKM3pXamSTCqtU8WmyxqCgXx2w+hz
uBBLWYvYEYRXaQj61T2rpFgZ2ZuZ1/fbJUcEAAAAgHFHwNHQRaXdKpEhW7Lg+YC5M/8KXyxT8Wy2
RBo07GyNbIZCdScz1X721sVKS9mykxD18Meeqy3StVIIqihU26KmijVBgClrCxvNqrM4TPJSUTA0
ustDtojD4sD5ZEtSbGCGR37Oli1Xyfu+WKwJHZImH9hNf1gW1ZeOMNyQZzU48vfuzJ8FAAAAAHQc
Ao5c0UWlvUtiVh1EayRLEiaeJFbH91btqNLGR6n97LVad1ExySqSS/ecfaTmxZWST5NCb3VpUKPm
S1RitQ6GySwUxThlkrkV4UbL8652UcmOlBUSlXnzWhcWdcK5t2XHCz5uE3uadVEBAAAAAIwcc+cL
tV1UpsZlyRuK1IYarWpejPadzKU3HLBA25c3KFVZaVKp1sQY7gzzGTWehSTF9kz1maIIam1R0mYh
TF2AY94yt9gQZmtDyPZJIjkgAAAAAEx0jNwGtw21SnW03Dj4zmZqZENis9aLMTpJHg4UFUgGBQSx
Gia00yFl8D5Z+FCW1K+ZJl3w8p0k71U5JjKzIVquenVGhilaqqBUUpC8q1iiUpdTDJyAgitb3GIm
tzS7eVlRZSWWSkqrwUY5q/lhrtRM5l7t5FJWTKJefN711a/alGqky1Ta1SxNCsM8DwAAAABoZmpM
VWiHJyoqNLQoRJktzUhklsg9zZZkdPDyFCkLNFq1ih1tFxVXIlO/zLr06Iefo3KsqFRp5ydnxYyM
4FmNjmxDHPKa59ut2jo2e9itGKVZvjYLOMzlHlVK+pRaWd2yrBmLglIzJepT2aN+95TlZzKOZTTo
ogIAAAAAY4UZHA3aLbbgspp9vYOzorGMaOqPlcgs1Q9Pe4amWZ/6k1RJ7FY6ooIWeWvXKFmqYgqH
GmfZFPNHLCr1spb3lfXt29fpsz+8Q73Vc+uvvqosyc30ksVb6+0n7ad9565Xl/dKnujm5VsWn8OL
c6C7DgAAAABMZAQcG91FJR9MJx07iyPvoDLSuhvtdlFJ1KdpJp2wW5e80q9SWlJqFbU3cShbO5Sd
X16Jc6CLSkUVycoqxeqSE0tkadBVT3XrXz57nVaEkkyVgSY3g/RkH0SX3faE/vu2JxRMCpboncfs
qK9d8/vqwprc5gk38voiAAAAAIDhEXDkRthFZSprt4tKDEGPnXeskp4V1U4h1lDyZIh3kdSqi4oU
VJJ5RRWvqGSJ3vXDpfrqkvVyVQOUmCpISod9nyCXlLorddMF1zxY7cxSkny8am/UvPsQXVSceAMA
AAAA2sZovlDbRYWB5VjYNYnqSlcoLZmSatLgYXA9j6GudT5TpFofxfK4IlHiUrSSfrdySz3/079S
VCJ5quwnndVSae9brAZbJkkVuRLJXebpRv4KmHcBAAAAAJsDAccIuqhMRvkyFXk2myANA61UN6aL
ilv2o6pIuuWsv5NVelT22LKQaTZzJl8aNLiDSFaEM1+i4l5WDKYuuTaEkvb4wM160rPzcs/Dj4FZ
FyNaWFJkEmn9w3HV7F1ql0hR+wMAAAAA2jU1RvHtaKOLymSURKlc/bjRVDe7YmO6qLhSpZJ2ny7N
0DqZXNFa/MxsoO1u40+xcYmKKapUkp4qzdW899+iJ2KQ3JWq3N7JbSLt12SxmhsAAAAAYDQIOBpE
TZW/mueTV2rDi5EWHB0sNals0pL3H67gQVlEMvh65j+7VPWzFZqdYc2MBku1XHO07Zm/UVqd1RFl
Ct7f5LWbkVVDMps6vyUAAAAA2NwIOBq6qDRsbCFkRTO9OuujQ7mqK3KqWi4lqX2Nu9xj089ejlK3
pO60tzqTITa5OjUFXYuiroODgHyJSlBqUR5MT5a21qL3XSd5rH5TqSSfYBGCyxQkr974JwYAAAAA
mwSjr1xtFxVPht5XeSeRILOgTl5iEK29UKPWUJ/dZfr5+16koL6G17lGEgYNLFEpRdNaS7TT+69R
jFmtjokVagAAAAAANjcCjkJtF5WpdVnGbv6JKzXTIV2PylvW3Wg3mvDqHI5UlvRrlw/erJJn27NZ
IcOHUJ2pc8MyAAAAANicptZIvpnBo3urqFXdhGxpRlrTsaOzFR1UWj1f7aIS5XXLWFpxzzqoZHU9
WsQm3uwn13i9zU1BqfpCWf/wtQe1zpPqXvlxJ+53kF8r13CzY7zmlqstOtq5S58AAAAAYFOjTWyu
6KKS90ltHIjnSzOkrC2pT/J8yN0VrGa0PkzIYVatSVJtFzu484opVOdlDPO+2c5KvazoZf3PX9Zk
j4snJzarXitTtsSmdThU+0QHfDAAAAAAmMAIOBq0v4SitjvIZA872jV8DjL42cZXWPHfqD0/fJP6
Farj/yCpMjYnuokEzzrLAAAAAADGF6Pyje6ikrcuTTo63KhdpjL0bIMBQ3VRsbp92piVYDVtYPPX
yiSl6ilvoSddkuftVjsr3JBGXsC1FrkIAAAAALSPGRy52i4qU0gSpaQ6iSI2WVbSTLZUZ4jhd760
ZdAuWReV2hoTyhKVQQVJTVGyko4+59fVpUMTt97GeGpnOQ8AAAAAINO5Uw/G3NTropIvDqkNNcIY
jakttjhQsy4qbg1TR1yuO3tN1nHhxmjnXRBqAAAAAMDGmBoj+aE0dFHpV/t1ODqfqz5bqF1SMdIu
KnXHbbV/bRcVS2tuA1+Ey/RUaZHkplY5yUTm1vz+EK8YdD9/zD9PAAAAAGgXI6hc0UVFzWcZTFLR
WteJcHcFmYKsraUrBbPsNnhzw88taOAnGGv2k0678JdtdW6ZkGpSmfauWyd+SAAAAACYWAg4GuQF
LaeOVmPwIetsDHfMdlqj1u1Ue81dt/21J6vF4clGn8NmY56FZBYVpthvCQAAAAA2l6lVUbOZhi4q
Ue3lPiELBtrpFDJBmbJwI1bvBJfSUB2fm8ndm4Ycdd1RRhGC1Bu45i5Tj/LWu51Wg8OzmSrVazSa
LioAAAAAgPYRcORG2EUl6yRSfUmHhhyurINKsy4qrcINqb0uKtZk2UW7XVRSK6lXJU21mTQAAAAA
gI3HEpVCbWHHsbksnfLH+9o6EbX3RxPcjKaLilfnlgTFzrmIY2bKfWAAAAAAGBPM4BhcyNIq1U4f
jSFHNuDPBuhmQ9eGiCFO+KFqfn5u+f0grwkg8i4q+f3hPo8rVchnY7TbRaVQs0TFsiUe2RKg4T7F
BFNcv+wCjLyLirXYDgAAAAAYCgFHruiiEqqD1MaAI1uakW13T6s1Ilqb6BfXQsiWpUjK4pr62RXu
rlCsw1FbkwuGqs9hCvK6QXttB5X6a57VADHZoFdMVHk9k4btPnTIkdXoyD4nAAAAAGDjsUSlQbtd
VFymWNwanvUOuLjucpNSM0XLioyOf9eP4buomLvMkxjZiwAAIABJREFU044b9ifybIZKzSyVsBEf
wMXcDQAAAAAYqQk/Bh93DV1Uav+/jRda0jiTw4OCm/bYevroz28cuaQQTYn7iAbi7l7calk2xM/u
V7uwtG/gGiZKFS3raDPRl/nkXFI5yUKaWFM0dbguKs2ukBc3Yg4AAAAAaBcBR662i4qP8rJYVFCi
Y3fZZvTnNY6mezYLZaDuRmjrs+ddVJp1Usm3N+vCknVRGTRod9Pgwq7BU01XlGvoOicTTaW/WneD
YAIAAAAANjkCjsLYdVFxi0q8V686dI8J3RRj33lluYLMa4OE0VcOcal1G9k2uqhI0halrKrFcHVO
JoppkmbFdYpW02sXAAAAALDJdMbocTwNHotaRe3V4BjqkEEVNy3seVJJXpyz1YB/Mzr7Jc9UsIpc
rmixeqsUz+ddVKK8zW4gA1oO8Qd3USluta9wfeK1z2lZ32SisOL/u7Tb3OmKoaJo65Va2nRpirtL
rdrnAgAAAABGhYAjV3RR8UHtS0euFLNWp2X1q6s49sQZ2OazK47dfroqKhUtYgdzdwWZgqztSQlF
bY4m9Tes4T1qZ8sMBBku08t3rUgyuXW198abQf4J3Sr6yfkvUr+VVfJuJbFLbo31N8xMChMv6AIA
AACAyYCAo8Hoe1ikFmRKJS/pC8cfIIXRBSZjzl3dQeqqrFASS0otZB1UBnVRabnMZBj5q5oXGW2j
i4qkchqVmJR430adwyZjUuKu7XsfUSlWFFVW4umw7WFb84m8qgkAAAAAJiwCjo3uohLkCk0H8Vnh
ziC3qFfuNV0hbly70PER5Il061nHymJJZn1KfKD7R9TAapFWA/RWXVSKwXm1VerIApKBa54f9eLT
njWB5r00yj6rtPcsV0UVSYmCp/Jqy90kbkzI4bJq5ZHGGS8AAAAAgFYYQeWKLirlUXcSqdVd2aBj
t5wut4lxqc1cSTTtWVkuScXMjUyUFIpBeatlKa0/u0lmsuDyJi9ut4uKSSrHXj1/jy7ZBJ7P4JKC
Srr2U8cp1Hy/tR+deqMAAAAAsGlMjFH3hJCPRPMB99ioWJ+uPGUfZX+Z37yDdZPJPej2M46Q9Wed
U8wHD8I37rNnjVDykqDe+jBtdlFJraxp3qszjthxo85nfFnx3922ME331S2DjJHP3Km9DqQjAAAA
ANAuAo4RdFHJlmWkcm+/pkZ3pVueRH3n5H1kZVeiZDPEHCaZ5Ilr91KqvctrVUkqdXvEInjI/t/M
WtTQaHb0oBCkdWGWVpXmyJVI3qL7SVtdVKRoppKCPnbCNtXGtZs7HsqF6rmW5Cbd8qnnKlFFscW/
pGbdVGo1Pm1NtwIAAAAAhkbAkWuji0q2LCORWVINOprVoaiXJhVZjHrF1kE7R1Mq3wxlJIMUEnVH
0x/edbBi6Jd5qZg4kU2eqP8puHvbNTQqIVWvSxfc8IQ+f/UDSkOUVG7YzxQGzWho3kWlegbVV6R6
4PwTFBJJE2CZjxUBkOuiNx+q7tgrKVEYLsloIQwx2QUAAAAA0D7GVg3a7aLiMsXi1kr0aUqD1B8S
3frmvTRDXv8H+nHNOvKDB1k0PXnmc9SlXiWxW271MziadVFpZwaHK+siUnLTl361VBdc/1dJMesi
M/hsXLLapSgtuqjkhTazIMi1Xe8TOmnvBRroMLI5ZjhY9cyk4Imme9Spe0lJ2qe4kd1mWhl9Hx8A
AAAAmHoIODa6i0peiTOp9rxoLqgic5O5NCt26em3PEPTglVXIiQqjddI1kxWLYNp6teaDyzWrN61
cg9y61cSm9XfGDmXFFVWn6ZrgwVVghR7U3mT9iHRorxlUYpBM0gUquefqidxfeufdtIW8uq8juy/
m05Qd/VaykpKSlGPfvEg9coVrVRtCZt9LjcpjjKe8OJGzAEAAAAA7SLgyNV1UUnG9tDV/3ePCjKt
fMtBmuVS4qkq47Xswl2eJCqHRKved6hKvVJ/afCylMG1PcNGfXazft3n85UqlWLQhQ+YKqFZdYkm
bXWbdFGpDS+CJyqnQSWr6JGPP0vdJrkFhU06+I/qtaCymcxSLf/sESq7pBaXamTtcQEAAAAAY4GA
o1DbRWVsB6j5pIVoZSWWKFRSLXvLAdqzVPOWdXfbf38b9P8DM0ukOWmqle99lmbEHgVFVUL9spEm
kyzUctQ+6D2L0MZMUUFHnXdFdXvUR757pxT6qjMtal7nWchRtyE/keYnI0nqD2W5JSrFoOUfP1Az
PSpa0KaaxZG/S0WuR79wpMpaKzdT0iRjoS0sAAAAAGweBBwj6KKysdIic6goKsqsomme6u7TF2vJ
m7LZAFmPkERuKpaWtMOraYNbKQsPQpBMuvDEnfTYu/fTjOiK0SRVVE4HlqXU3qJly0eyW2W4t6wr
FOpyWZDWm6odUky9JvWELSSF6pKUZOBc68SWXVQG6pqYEk8V3BUtKlFFT3ziYO1SlpK8Jse45Byl
vPmM3ErqsqgVn3+O5voqpTIF94YAR6pmNS1ql7i7FElAAAAAAGA8EHDk2uiisrGK8XdNi9TUSuq1
qGfZ01r/jmfqbc/YWqVqYc5mXU2GEhRkHuVyHbvtDK1516F6w17z1K2gfq1r+yjtijaQCwWXXv/d
RyU3uUV5dcnNYZ/8rTxxWQyS9UtqMrvBh+qiIpl7XQBlHmTqUlmp7vroYl30hsWyYBqfn3EqWSJZ
l47daYae/tzBKvl6xbRr6Jd56yUqZiYNWrpDQVEAAAAAGBsEHA3GfshZV1czDzmsopKbXCXFKH3+
iG3U87Zn6frX/522dCnR8DMp8tPtdtfXX/13Wv+exfrZKXsq2DrFYNmMh2EG5G55Z5DGLiqDB+rF
ihLlMyyC3EzfvefxbODuJQVP1SXTg+tS9cZpKqm3rq5HfchRuxymyawZa2yomx3dlUg6ZZ9ET3/q
edrWal87Rj9pc3V7qvs/fZR+esa+smpnl2hDz+4xjWyZSm1YlNn0TYQBAAAAYDIoDb/LJNfQRSWq
vUFytcxlG61U8yUqsihZNqJ1BXl1poi5KU0kKerZ3Wv1xP87QPKSVpama8W0OfrBb+/U1X94Wv3V
4+y9rekNxx2iPbtNM/9/e/cfXFd553f88zzn6koWv+SA+OGYWuCIpA5THAfb6TAu9m53WnbxIppM
6XS3xQnJdphCsNvpJGy2taFMMtlNY2d2Z2mz2bXJH8ywwxR7SaFhFozDbsHY2PwwWtbGlr02xlg2
FjaSrHvveZ7+cc65ulfSla9+WOce+/2aEZLuj3O/90qAzud+n+/jh2T8aRVtv6x3MlYyCmR8KCkY
fux6X4LkMmPkva8KOZIlJoGXnMnL+CE9tb9VzuQkFy3tcZIK8Wtyxx+/qpe+fatyLlRY9ZImx3TR
QU3yug9LdqYxpuLnYUJZDcjFa0dM0atZAzr4w6X6KJyl2/7rNh0uJcNi4+UlSj4bDV/iJZOTvJPk
FEhR70xglQuj+7/5h19VR9NBWfORnJriioM4ABpenDLVMGL0/aNKo8U+Vn6al0sBAAAAwIXKFAqF
8hl6Pn+O9vsLUXyG+f79yzVv4Hi528AE4ywziCXhgfc+GtngvGRMdM4ez1qw1la9S2+sr9pWNLrR
8DGj0/lQ3udlbCgZK2dLClw00FPeSkEoZwLlQiNvQnkZhTZX7r7wUQQQ1xqFB5XzL8YKLYYv83IV
tVXeNvnaRQdX6L2u+MGbKjkfRwflqKDs7LqvKHBhXOdYj6d4BxsvVxksjbELi+RlbVJ3ED1b42S8
U2gDyRuFxupPftWrH/6fAzqjJnnjlIQnwwNcnbwPZIxkFMrJqFle/+Lmq/XTb/0TXeL6otc7KEpq
SnpVKl9AJYeytXbBidt23BjzU0ctYTGVvw9eRkbXfGuH+gk4AAAAAGCUQqEw5uV0cJRN13vyo1lf
0cXhR3crVFVhjOTy8raowOcUWieropyZFS0LMV7ygQLXJKkYHdfnohDBjr8Hizejl0+YUU87kOLl
MWPNkvAmOmkPTaAf/+370dBMI3lvZRRWL7cwVp97bLv2/8GXoq6V8kTQqsEaikaVjqhLLu7iSJYM
RR0YI7tK5G082NMq0JC8WrR6ebse/LXLJeUV+ry6P5ml7fv79HbPMb3/D4f12TnXauHnrtdXbrxc
C64yusx9IhNtciuFn0gyMqYop1zU7GGLks9V1BaHPAAAAACAhkHAkZw7J0xpxPDLipt6r3I3gDn3
dqqJsZao1BL4aMip9VY+nkHhfXPFriJxLaYYz86wksK4qyLOP0w0dFSKZmrUilPK3RReFbMlkuc3
Okwo2ei41kW7mvxg6ymFgZXCqEti1NPyXkdKXkftpbrO98mGeYVBKDOipcHVXBLk4u6OCibabSa6
ruJ1UyiZJgWKjm/DJsk45f2gbr38rG5dFMovukqhaY/vF0o6FQ8giSZs2Irn7xXEO6j4qnAjui55
nWuUXYP3UfeOanQHAQAAAAAmjyGjiTp2UTHGyJhAxgTyPpT3vuaWoFX3Kz9Gui/3WN0bwyfq1bWN
6pSQop1avJe3TVr0x3s0pCTcGPdR9YX/9opyzkU9GSNqGP/Vs9Fr5oOqQaW1jPp5+OpOj4n8utcz
J3Qiw0QldlEBAAAAgPOJgGOUek85vYxc+WM8Y+6iMsOSMKOWsXZRGRneWHkFQaD9n1p1D4TlWR81
HzN+LYeM1W8+/r6K+ZJKFZ0vzpg6XukkmDh318Pw3JGxBMktznmcqYQO9YZeidG7qAAAAAAAJoOA
Y9QuKpWf67ijCco7ftRSvURlkkMj42BkIifPVXcfY9hlcvm494tv4L2XcaEGvXTLhp3R7A2NN02k
4sTdh/rr3rM65j4r66PZFs54WbmqQGX8I9XxvGuGG1Gl1inaetZLxvuah0xGsyZf16xqzO1nnMzI
NpVxsFgFAAAAAKYHAUciCR58U13LISZ06OSLqXRvmGQnkMkdo1YHx7k6O0zFlU4lzf/+LoUTXZuh
KAj54trndSZ/qZrCgowPpr2bZWLdEyaed1pfZ8iox6pxt2R2Sb2irhkAAAAAwFRxblVWuZ3I9L6v
Pr1LVGb6Pf9olxL5nH5v84c66fyEZ08kCjavub//qgaCvKzCOLRJXo+pL9QYf4lKtXLXzWSfTK3j
TrLDZlhl/SxeAQAAAIB6EXCM2p+0pPEXXkzctC1RmYaOBx+f0CdLVqIPKxdv/1q5o4kxRqEpKAid
nus1+vl7Z6ItYSeTsXhJ4ZAKcrp+3esq+VA2nuLhjZO3Yw92HftQNW5bZ7gh1ZdrjLfSZKz7ezP+
YhrvfXlpzzhHFgtXAAAAAGDiCDgSdeyiMllTWaJinJGdVKJQ19ElSd5E27yOvFxy8mGgd0pX6Wt/
8abkXVTLFOv5VNLNP9ijkpGMjQaVGtdUdZskBnATeKiJDvisx3hLeEbtSiMX77QzdtFj7qLCkFEA
AAAAmBYEHKNMbeNOo+F3/r0PyifB5UxgQiFHFLhMtunjXEwyQLTqUiurUF5WocnpveIVWvTjl+Ql
5eKOi6lOKPGSDhSlzz3ylrwJZL2V9UbeGNXeV+XcnQ0TWaJSr3M9alXW4yb+r1McqVUfU9PdQwQA
AAAAFz4CjknvomLlZas6BkycjRiFyrm8jhWL8T6gVlbF+OHqP3X11sgZr9CWJr+0pQbjrZJT62iL
2Og5W5XkZWRMUS8ea9WXN/yt5K28SipJkpzCKfYceElyoT4oObV/b6ectSoEVoEP5YyU88WxQwVv
ZBTUjlimOdxwxpU/xi7HS6YorybJhCoGORlvZUyx7scYc4Bp+TO9HQAAAABQLwKOxAR3UUmWIozs
GPDeyztpoHlIC594Vz/ad0Y+KKlommocaRzeVh9/ggMxvTlXJ0DlYNWKh5HX6l+e0W//xd9ILtnK
9Xz8qhh9aqS2P9ipwXyLjDGy3qtgm8p1VM3BMH7cZSgTWaKSdF6M//pYVW8aO7J6o1zYJOvO6u+G
rlLJtcrIy6m5rhokdlEBAAAAgOnCuVXZ1HdRKS9XMF6tBSsr6eFtB3TD/9yjwLuq20SfJ9qVUd/J
e2UOMv64DCPjFQ36jGsJldOcH+7R/9p1SJIUyMsZO6HOk4nIeWlI0jXfeVVvDHxGxgfypqjy8pzy
c0nmoySDWkfXcz6WqIycquqNq5ipIhWs0S0P79ai//RLGTWpEBhZP70zXAAAAAAA50bAMYFdVKIO
gVB+jBNY6+OuDmvkTF5h/Mo6Ix11Rq2P79GusE3eN8lK8iaUN0Y5Vxy3MSPpSKi3M6Hc8eD96Pkf
0XfxZxctfXGzlNOQStaou/8Stf7wTZ2UL2+jGkqSd+dpsYSPl71I8kXd9ocv6vrHdisMWlW0RtZJ
JRsPf407bIaXqIzxqzuRXVTin/G4/wIkL5yJls4EvqjAeXnjZNWit45friv+4w79/WAUrnjrlHNO
tQKy+nZRAQAAAABMRi7tAhpGeRcVE++iMvrUN1qSEl3ufVgOAUbf0JVzBOO9vPFyPtBtf7ZN/ygf
6M37l+jS0pBMWFTRBuOeZEcdCRVdJab2CfSIO8aPP7wdbDlIiY9hvZUL+nUmF2jZj9/Se0PRkpBo
q9iZnQDhJXknHXdOVzy8S3/0r27WA7eWZH1eko1uYFzFFrFjLCPyvu4Ojro2golfMOMDNYdexdwl
yoUDOpm7Wp9/8JcaKHkFSrKXIE45vGr9fIwxo646bxvkAAAAAMBFhg4OKQ4jTMU3I07tK7onyh0V
Jt4WNP6Qki1FXdXcCJsc2oRysjpYCPWZn+zW7Y/vUiHIy2rMNosxaqzvRzUylLCSgjjkGN7kw8ib
UAVr9G9+/r6u/f7beq8YdX+48vNKodOgvCVrqP/yv3er9fe7tc9cWd4q1lX8uvqqu1UsIansdBkx
HHQiYUK8QEbWOzkjDQU5farL1L7mLV1////VYOjlrVHJSNHA2VCh8XGtSSCV1Gsqfn7J19Ftkgkn
3iRb9tZfIwAAAABg2EXfwWEkeeVk43kUPjBy3sv4koyid9xNdKorV+7ZsNE5qg9UDkZ8tHRBxqvk
AwW+IK94iUf5PNvF/zyr/+eMLv3TXbqro02bVnaqtVSQ5BSaeLCmcfLKx4eOj5R0hYzRpWB9lMMk
J8hWTs40yblA3oYKNKSztkXW5xU6p1XPHNEz+08qTCKWMJ7C4aeySe7URY8dB0bWa+H3nldeXut/
d6l+d4HU5MPopxGG8rloCYvzXjkZee9ljB+eFzIypzKSnJW3Yy9BSrpdnPHyPidvvJq80Zsnclrx
37dryEaLY7zizCsJu5IhrN5Hu9OYkrxykvFRqOTj5MYo+h2yUSRjw6heH19urJO8lbNxf4oNJMc8
DwAAAACohykUCuXTwHw+n2Yt6TCBmn04oiOg9iKQ5Lrkc/K1Kr62koom+rrWyIVAOYWmFAUTMpqb
k57/z7+hm/qPyRkvWwqkfMWJeOVb+7WaOYwpL0eRvIJ4VxLvpaHAanehTV/9yVb1mqhzIEppSnHr
Rs1XKF3xi2okeWP1+cusnvveSl1bPCxvB5UzrQptTkbDW7NWBkBGrur7ZGeZypCj6npvFRjpjL1M
//onu/TKwT45Ncm7oryxynk3PDdkhLyJumWSI4/8PRmpaoOYiq+tpEHl5E1JdY5eAQAAAICLRqFQ
GPNyAg6TJAK1dwoZGWAML2aplQpYNcmrZGoPBzWyUceHpFyQV+iKksvJq6grJf3Vf/h1feHSs7q0
9KmiDUmj/hHjJcUdANVHtvJ2uMLBINDp3GV64pc79YNdp1VQk0oqylZuHeutZJwCbxU2bMIRtRmV
ZOMdVEy0jsYG+owrav2/v0W/cXO7WvWpmn1BXjmZyqmtxsUdOIq3mTVyJjpWkhmFpkVDuUvU83Go
O9a+pJOyMtbJu5zyJlTJBHK+pJyXSiYn+dERRxTAKNrat6LXJ7kuMWqmbXypL0dj0c8h6hQJ5EQH
BwAAAABUIuDIoKixIFCzQjV5aeF1l+iWOe36x3M+oyuaox1ISiWj4wWrPXsP6qX3T2hA0oCMnImW
bESn9o0bXkyFlZGzVsY7GS81RQtDdGWL9M++eK2+dFOHrrosVGCc5AN9PGD14ScDevfAB3r9vZM6
HUoFSSUTyCqU81GUAgAAAABoXAQcmRTvhCIb7ewS7/SSTH6IOjuGe0qiWanJgoj4nX8/utfjQlLZ
OSHjFXgpTNa0SPFTt5XfjJBc58a5DQAAAACgUdQKONhFpYGZ8o4u8UAPRVvOJksuTPkW0SVGPh50
WTEp1F7AJ+xG0VIQH8/a8FahGQ43hleqOCX7okRTY5PtWqrDoIBwAwAAAAAy66LfRaWR+fLnZNmE
G7HLiav6nHR2+PLWs7qwGxK8VP3cw6rnO/ZTdxVXJMFHdGumXQAAAABAdtHBAQAAAAAAMo+AAwAA
AAAAZB4BBwAAAAAAyDwCDgAAAAAAkHkEHAAAAAAAIPMIOAAAAAAAQOYRcAAAAAAAgMwj4AAAAAAA
AJlHwAEAAAAAADKPgAMAAAAAAGQeAQcAAAAAAMg8Ag4AAAAAAJB5BBxAhrW1taVdAgAAAAA0BAIO
IIM6Ojq0detWnTp1St57PfPMM4QdAAAAAC5qubQLAFC/trY2PfTQQ1q3bl3V5V1dXXrrrbdGXQ4A
abDWqr29Xc3NzWppaVF7e7skqbe3V2fPntXQ0JB6e3vlnEu5UgAXq66uLt11113q6OhItY6DBw9q
y5Yt2rx5c6p1ABcKUygUfPJNPp9PsxYA47j33nu1bt26mv8j3rZtm5YvXz7DVQFAJJ/P64YbbtD1
11+v+fPnq7OzUy0tLWptbdV1110nSfrwww81MDCgs2fPat++fdq/f78OHz6snp4eFQqFlJ8BgIvF
xo0btWrVqrTLqLJp0yZ9/etfT7sMIDNq/d1ABwfQ4BYuXKj169cTXgBoSLNmzdKCBQu0ePFiLVmy
RDfddJMWLFig2bNnj3u/U6dOqbu7W3v37tXrr7+uHTt2qLu7W4ODgzNUOYCLUVdXV8OFG5K0atUq
OjmAaUDAATSotrY2rV27VqtXr067FAAYpampSXPnztWyZcvU1dWlFStWTGgW0OzZs3Xbbbfptttu
0913362tW7dq8+bNeuWVV3TkyBEVi8XzWD2Ai1VXV1faJdTU1dVFwAFMEQEH0ICSORsMDgXQiFpb
W7Vo0SLdc889WrlypebNmzel47W1tenuu+/WokWL9Oyzz+qpp57Srl27NDAwME0VA0Ak7Zkb42nk
2oCsIOAAGsjy5cu1fv16LVy4MO1SAGBMbW1tuv322/XNb35Td95557Qee968eXrggQfU0dGhn/3s
Z9q2bZv6+vqm9TEAAMCFi4ADaAAdHR1au3ZtQ64JBYBEW1ub7rjjDq1evVpLliw5b49z55136uqr
r1Zra6uef/55Qg4AAFAXAg4gZcmcDZajAGhkra2tWr58udasWaPFixef98dbsmSJ1qxZo8HBQb3w
wgssVwEAAOdEwAGkpKurS+vXr2e9JYCG19TUpEWLFum+++6bkXAjsXjxYt133306ceKEtm/fzuBR
AAAwLgIOYIZ1dHRo48aNbPsKIDPmzp2re+65Z9pnbtTjzjvv1MGDB/XBBx+op6dnxh8fAABkh027
AOBikWz72tPTQ7gBIDNmzZqlZcuWaeXKlanVsHLlSi1btkyzZs1KrQYAAND4CDiAGXDvvfeqp6dH
69atS7sUAJiQBQsWqKura8pbwU7FvHnz1NXVpQULFqRWAwAAaHwEHMB5tHDhQm3dulWbNm1iiCiA
zMnn81q8eLFWrFiRdilasWKFFi9erHw+n3YpAACgQRFwAOdBW1ubNm7cqN27d7McBUBm3XjjjVq6
dGlDBLRtbW1aunSpbrzxxrRLAQAADYqAA5hmDz30kHp6erRq1aq0SwGAKZk7d646OzvTLqOss7NT
c+fOTbsMAADQoAg4gGmyfPly9fT0aMOGDQ3xbicATIW1VvPnz2+ouRcLFizQ/PnzZS1/vgAAgNH4
CwGYoo6ODj3zzDPaunWrOjo60i4HAKZFe3u7Ojs7NXv27LRLKZs9e7Y6OzvV3t6edikAAKAB5dIu
AMiytWvXavXq1XRsALjgNDc3N+S2rLNmzVJzc3PaZQAAgAZEwAFM0saNG5mzAeCC1dLS0rABR0tL
S9plAACABsQSFWAS2traCDcAXNDa29s1Z86ctMsYZc6cOSxRAQAAY8rl/93dw9/d81vpVQJkSF/a
BYzlyjbpq/9SCqxkTNrVAMgy76XOL0hXX5l2JaNdfaW0fKn02Sv4bx2A+nkvhS76e6lR8bccULeq
HKMCHRzAJP3k+b9KuwQAOG96z5zW0Y9Ppl3GKEc/PqneM6fTLgMAADQgAg5gklY/8VM98vST+mSg
P+1SAGB6GaOzxaIGi4W0KxllsFjQ2WKRdzcBAMAoBBzAFKx7+kkt/M639cS2F9MuBQCm1VCpqMFC
AwYchYKGSsW0ywAAAA2IgAOYooO9H2nV4+u14tGH9dahnrTLAYBp0XvmtPYdO6q+/k/TLqWsr/9T
7Tt2lCUqAABgTAQcwDR5ufsdLfzOg1rz8z9j2QqAzHPea/9Hx/Tu4UNpl1L27uFD2v/RMTnv0y4F
AAA0IAIOYJpteG6LOh78BkNIAWTekVMnte/Y0bTLKNt37KiOnGq8wacAAKAxEHAA50Fff79WP/FT
fem739a27j1plwMAk3Lg+DFt37e3IZap9PV/qu379urA8WNplwIAABoUAQdwHr158ICWP/pd3f0/
HtOhE8fTLgcAJqRQKmnHgb3a+u7baZeire++rR0H9qpQKqVdCgAAaFAEHMAM2LzjNS38zoN65Okn
0y4FACak+4PD2rzjNR3qTS+kPdR7XJt3vKbuDw6nVgMAAGh8BBzADOnr79e6p5/UDQ/epy07X0u7
HACoy2ChoFfee1fPvrE9tRqefWO7Xnnv3YbRFxXjAAAEpUlEQVTcthYAADQOAg5ghh3s/UhdP3pM
Kx59mGUrADLhyMcn9dRrr+gXu16f8cf+xa7X9dRrr+jIxwwXBQAA4yPgAFLycvc76njgG3rk6SfZ
VhZAQyuGJe3q2a8/3/qCduzfO2OPu2P/Xv351he0q2e/iiGzNwAAwPgIOICUrXv6SXU8+A09se3F
tEsBgJoGhob0cvc7Wv/clhkJOXbs36v1z23Ry93vaGBo6Lw/HoCLgCn/o0GZxi4PyAACDqAB9PX3
a9Xj67Xi0YfZVhZAw+rr79fzb+7U9zf/5XldrvKLXa/r+5v/Us+/uVN9/XS4AZgGxsQfaRcyDqPh
OgFMSi7tAgAMe7n7HS1/9Ltadfs/14Z7v6UrWi+Z2AH4/yGA86yvv18vvL1bJ86c1sHe41r55SWa
d9XV03LsQyeO69k3XtdTr/5Ku3r207kBYHoZo8b+Y4lwA5gqAg6gAW3a9tfavPNVrfva7+ihO367
vjuR+AOYIQNDQ9q+b68++Pikdh7Yp7u+vFS/dvMtEw9lY58M9OulPW9pyxvb9au/26MjJ08ycwPA
9DNGB08c1+1p11HDwRPH+VsOmCICDqBB9fX3a/UTP9WG57Zo0/1rdPuCm89xD0PIAWDGFMOSeo5/
pGN9p7Tn8CG98PZuLe38vDqvnaMvzp2ntkvGDzv6+vv17pFD2nfsqLbv+3vtOLBP3Uf+ga1gAZxX
m3e8qntv//W0yxjT5h2vpl0CkHlG9/yWT7sIAOfWtfgr2nDv79VsBd/W/Y6WP/rwDFcFAJF8Lqcb
r75Wc6+8SvOvuU6d116nWflmzcrnNWf2lZKko6dOarBQ0GBhSPuOfaj9H32oIydP6MDxYyqU6NgA
MDM23b+m4UKOJ7a9qFWPr0+7DCDzCDiADGm75BKtvuMurf7Nu0a1gj/y9JNa9/STKVUGAMOsMWq/
/Ao1NzWppSmv9suvkCT1nv5EZ4sFDRWL6j39iZznTxAA6eha/BV13fpP1dF+Tap1HOz9SJt3vqrN
O15LtQ7gQkHAAWRQR/s1Wve1f1t+92HLztfU9aPHUq4KAAAAANJDwAEAAAAAADLPpl0AAAAAAADA
VBFwAAAAAACAzCPgAAAAAAAAmUfAAQAAAAAAMo+AAwAAAAAAZB4BBwAAAAAAyDwCDgAAAAAAkHkE
HAAAAAAAIPMIOAAAAAAAQOYRcAAAAAAAgMwj4AAAAAAAAJlHwAEAAAAAADKPgAMAAAAAAGQeAQcA
AAAAAMg8Ag4AAAAAAJB5BBwAAAAAACDzCDgAAAAAAEDmEXAAAAAAAIDMI+AAAAAAAACZR8ABAAAA
AAAyj4ADAAAAAABkHgEHAAAAAADIPAIOAAAAAACQeQQcAAAAAAAg8wg4AAAAAABA5hFwAAAAAACA
zCPgAAAAAAAAmUfAAQAAAAAAMo+AAwAAAAAAZB4BBwAAAAAAyDwCDgAAAAAAkHkEHAAAAAAAIPMI
OAAAAAAAQOYRcAAAAAAAgMwj4AAAAAAAAJlHwAEAAAAAADKPgAMAAAAAAGQeAQcAAAAAAMg8Ag4A
AAAAAJB5BBwAAAAAACDzCDgAAAAAAEDm/X9gRRkvEjP/OwAAAABJRU5ErkJggg==
" width="800px"&gt;</msg>
<status status="PASS" starttime="20231205 01:14:56.083" endtime="20231205 01:14:56.791"/>
</kw>
<msg timestamp="20231205 01:14:56.791" level="INFO">xpath criteria: //*[@resource-id="com.example.myapplication:id/login"]</msg>
<msg timestamp="20231205 01:14:56.791" level="FAIL">ValueError: Element locator '//*[@resource-id="com.example.myapplication:id/login"]' did not match any elements.</msg>
<status status="FAIL" starttime="20231205 01:14:55.439" endtime="20231205 01:14:56.792"/>
</kw>
<status status="FAIL" starttime="20231205 01:14:55.439" endtime="20231205 01:14:56.793"/>
</kw>
<kw name="Close All Applications" library="AppiumLibrary">
<doc>Closes all open applications.</doc>
<status status="NOT RUN" starttime="20231205 01:14:56.794" endtime="20231205 01:14:56.794"/>
</kw>
<kw name="Close Flight Application" library="base" type="TEARDOWN">
<kw name="Close Application" library="AppiumLibrary">
<doc>Closes the current application and also close webdriver session.</doc>
<status status="PASS" starttime="20231205 01:14:56.796" endtime="20231205 01:14:57.954"/>
</kw>
<status status="PASS" starttime="20231205 01:14:56.795" endtime="20231205 01:14:57.954"/>
</kw>
<status status="FAIL" starttime="20231205 01:14:20.675" endtime="20231205 01:14:57.955">ValueError: Element locator '//*[@resource-id="com.example.myapplication:id/login"]' did not match any elements.</status>
</test>
<status status="FAIL" starttime="20231205 01:13:40.984" endtime="20231205 01:14:57.959"/>
</suite>
<statistics>
<total>
<stat pass="0" fail="2" skip="0">All Tests</stat>
</total>
<tag>
</tag>
<suite>
<stat pass="0" fail="2" skip="0" id="s1" name="Login">Login</stat>
</suite>
</statistics>
<errors>
</errors>
</robot>
