<?xml version="1.0" encoding="UTF-8"?>
<robot generator="Robot 6.1.1 (Python 3.12.0 on win32)" generated="20231203 23:14:48.191" rpa="false" schemaversion="4">
<suite id="s1" name="Search" source="D:\sanbercodeMobileAutomation519\Flight-Ritter\suites\search.robot">
<test id="s1-t1" name="Search with Logged in" line="16">
<kw name="Open Flight Application" library="base">
<kw name="Open Application" library="AppiumLibrary">
<arg>remote_url=${REMOTE_URL}</arg>
<arg>platformName=${PLAFORM_NAME}</arg>
<arg>platformVersion=${PLATFORM_VERSION}</arg>
<arg>deviceName=${DEVICE_NAME}</arg>
<arg>appPackage=${APP_PACKAGE}</arg>
<arg>appActivity=${APP_ACTIVITY}</arg>
<doc>Opens a new application to given Appium server.
Capabilities of appium server, Android and iOS,
Please check https://github.com/appium/appium/blob/master/docs/en/writing-running-appium/server-args.md
| *Option*            | *Man.* | *Description*     |
| remote_url          | Yes    | Appium server url |
| alias               | no     | alias             |
| strict_ssl          | No     | allows you to send commands to an invalid certificate host like a self-signed one. |</doc>
<status status="PASS" starttime="20231203 23:14:48.605" endtime="20231203 23:14:56.974"/>
</kw>
<status status="PASS" starttime="20231203 23:14:48.605" endtime="20231203 23:14:56.974"/>
</kw>
<kw name="Click Sign In Button On Home Page" library="homePage">
<kw name="Click Element" library="AppiumLibrary">
<arg>${sign-in-button}</arg>
<doc>Click element identified by `locator`.</doc>
<msg timestamp="20231203 23:14:56.976" level="INFO">Clicking element '//*[@resource-id="com.example.myapplication:id/login"]'.</msg>
<msg timestamp="20231203 23:14:57.877" level="INFO">xpath criteria: //*[@resource-id="com.example.myapplication:id/login"]</msg>
<status status="PASS" starttime="20231203 23:14:56.975" endtime="20231203 23:14:57.877"/>
</kw>
<status status="PASS" starttime="20231203 23:14:56.974" endtime="20231203 23:14:57.877"/>
</kw>
<kw name="Wait Until Element Is Visible" library="AppiumLibrary">
<arg>${username-input}</arg>
<doc>Waits until element specified with `locator` is visible.</doc>
<msg timestamp="20231203 23:14:58.859" level="INFO">xpath criteria: //*[@resource-id="com.example.myapplication:id/username"]
xpath criteria: //*[@resource-id="com.example.myapplication:id/username"]</msg>
<status status="PASS" starttime="20231203 23:14:57.878" endtime="20231203 23:14:58.859"/>
</kw>
<kw name="Input Username On Login Page" library="loginPage">
<arg>${VALID_USERNAME}</arg>
<kw name="Input Text" library="AppiumLibrary">
<arg>${username-input}</arg>
<arg>${username}</arg>
<doc>Types the given `text` into text field identified by `locator`.</doc>
<msg timestamp="20231203 23:14:58.862" level="INFO">Typing text 'support@ngendigital.com' into text field '//*[@resource-id="com.example.myapplication:id/username"]'</msg>
<msg timestamp="20231203 23:14:58.978" level="INFO">xpath criteria: //*[@resource-id="com.example.myapplication:id/username"]</msg>
<status status="PASS" starttime="20231203 23:14:58.860" endtime="20231203 23:14:58.978"/>
</kw>
<status status="PASS" starttime="20231203 23:14:58.860" endtime="20231203 23:14:58.978"/>
</kw>
<kw name="Input Password On Login Page" library="loginPage">
<arg>${VALID_PASSWORD}</arg>
<kw name="Input Text" library="AppiumLibrary">
<arg>${password-input}</arg>
<arg>${password}</arg>
<doc>Types the given `text` into text field identified by `locator`.</doc>
<msg timestamp="20231203 23:14:58.980" level="INFO">Typing text 'abc123' into text field '//*[@resource-id="com.example.myapplication:id/password"]'</msg>
<msg timestamp="20231203 23:14:59.488" level="INFO">xpath criteria: //*[@resource-id="com.example.myapplication:id/password"]</msg>
<status status="PASS" starttime="20231203 23:14:58.979" endtime="20231203 23:14:59.488"/>
</kw>
<status status="PASS" starttime="20231203 23:14:58.978" endtime="20231203 23:14:59.488"/>
</kw>
<kw name="Click Login Button On Login Page" library="loginPage">
<kw name="Click Element" library="AppiumLibrary">
<arg>${log-in-button}</arg>
<doc>Click element identified by `locator`.</doc>
<msg timestamp="20231203 23:14:59.491" level="INFO">Clicking element '//*[@resource-id="com.example.myapplication:id/signIn"]'.</msg>
<msg timestamp="20231203 23:15:00.081" level="INFO">xpath criteria: //*[@resource-id="com.example.myapplication:id/signIn"]</msg>
<status status="PASS" starttime="20231203 23:14:59.489" endtime="20231203 23:15:00.081"/>
</kw>
<status status="PASS" starttime="20231203 23:14:59.489" endtime="20231203 23:15:00.081"/>
</kw>
<kw name="Wait Until Page Contains Element" library="AppiumLibrary">
<arg>xpath=//*[contains(@text, "NGen")]</arg>
<doc>Waits until element specified with `locator` appears on current page.</doc>
<msg timestamp="20231203 23:15:01.308" level="INFO">xpath criteria: //*[contains(@text, "NGen")]
xpath criteria: //*[contains(@text, "NGen")]</msg>
<status status="PASS" starttime="20231203 23:15:00.081" endtime="20231203 23:15:01.308"/>
</kw>
<kw name="Wait Until Page Contains Element" library="AppiumLibrary">
<arg>xpath=//*[contains(@text, "Out")]</arg>
<doc>Waits until element specified with `locator` appears on current page.</doc>
<msg timestamp="20231203 23:15:01.372" level="INFO">xpath criteria: //*[contains(@text, "Out")]</msg>
<status status="PASS" starttime="20231203 23:15:01.310" endtime="20231203 23:15:01.372"/>
</kw>
<kw name="Open Search" library="searchPage">
<kw name="Click Element" library="AppiumLibrary">
<arg>${search-flight-button}</arg>
<doc>Click element identified by `locator`.</doc>
<msg timestamp="20231203 23:15:01.375" level="INFO">Clicking element '//*[@resource-id="com.example.myapplication:id/search_flight"]'.</msg>
<msg timestamp="20231203 23:15:01.481" level="INFO">xpath criteria: //*[@resource-id="com.example.myapplication:id/search_flight"]</msg>
<status status="PASS" starttime="20231203 23:15:01.373" endtime="20231203 23:15:01.481"/>
</kw>
<status status="PASS" starttime="20231203 23:15:01.372" endtime="20231203 23:15:01.482"/>
</kw>
<kw name="Wait Until Element Is Visible" library="AppiumLibrary">
<arg>${search-input}</arg>
<doc>Waits until element specified with `locator` is visible.</doc>
<msg timestamp="20231203 23:15:02.841" level="INFO">xpath criteria: //*[@resource-id="com.example.myapplication:id/flight_number"]
xpath criteria: //*[@resource-id="com.example.myapplication:id/flight_number"]</msg>
<status status="PASS" starttime="20231203 23:15:01.482" endtime="20231203 23:15:02.841"/>
</kw>
<kw name="Input Search" library="searchPage">
<arg>${SEARCH}</arg>
<kw name="Input Text" library="AppiumLibrary">
<arg>${search-input}</arg>
<arg>${search-key}</arg>
<doc>Types the given `text` into text field identified by `locator`.</doc>
<msg timestamp="20231203 23:15:02.844" level="INFO">Typing text 'DA935' into text field '//*[@resource-id="com.example.myapplication:id/flight_number"]'</msg>
<msg timestamp="20231203 23:15:02.931" level="INFO">xpath criteria: //*[@resource-id="com.example.myapplication:id/flight_number"]</msg>
<status status="PASS" starttime="20231203 23:15:02.842" endtime="20231203 23:15:02.931"/>
</kw>
<status status="PASS" starttime="20231203 23:15:02.842" endtime="20231203 23:15:02.931"/>
</kw>
<kw name="Click Search Button" library="searchPage">
<kw name="Click Element" library="AppiumLibrary">
<arg>${search-button}</arg>
<doc>Click element identified by `locator`.</doc>
<msg timestamp="20231203 23:15:02.934" level="INFO">Clicking element '//android.widget.Button[@resource-id="com.example.myapplication:id/searchFlight"]'.</msg>
<msg timestamp="20231203 23:15:03.531" level="INFO">xpath criteria: //android.widget.Button[@resource-id="com.example.myapplication:id/searchFlight"]</msg>
<status status="PASS" starttime="20231203 23:15:02.932" endtime="20231203 23:15:03.531"/>
</kw>
<status status="PASS" starttime="20231203 23:15:02.931" endtime="20231203 23:15:03.531"/>
</kw>
<kw name="Wait Until Page Contains Element" library="AppiumLibrary">
<arg>xpath=//*[contains(@text, "Toronto")]</arg>
<doc>Waits until element specified with `locator` appears on current page.</doc>
<msg timestamp="20231203 23:15:04.387" level="INFO">xpath criteria: //*[contains(@text, "Toronto")]
xpath criteria: //*[contains(@text, "Toronto")]</msg>
<status status="PASS" starttime="20231203 23:15:03.531" endtime="20231203 23:15:04.387"/>
</kw>
<kw name="Wait Until Page Contains Element" library="AppiumLibrary">
<arg>xpath=//*[contains(@text, "Paris")]</arg>
<doc>Waits until element specified with `locator` appears on current page.</doc>
<msg timestamp="20231203 23:15:04.526" level="INFO">xpath criteria: //*[contains(@text, "Paris")]</msg>
<status status="PASS" starttime="20231203 23:15:04.387" endtime="20231203 23:15:04.526"/>
</kw>
<kw name="Wait Until Page Contains Element" library="AppiumLibrary">
<arg>xpath=//*[contains(@text, "935")]</arg>
<doc>Waits until element specified with `locator` appears on current page.</doc>
<msg timestamp="20231203 23:15:04.583" level="INFO">xpath criteria: //*[contains(@text, "935")]</msg>
<status status="PASS" starttime="20231203 23:15:04.526" endtime="20231203 23:15:04.583"/>
</kw>
<kw name="Close Flight Application" library="base">
<kw name="Close Application" library="AppiumLibrary">
<doc>Closes the current application and also close webdriver session.</doc>
<status status="PASS" starttime="20231203 23:15:04.583" endtime="20231203 23:15:05.167"/>
</kw>
<status status="PASS" starttime="20231203 23:15:04.583" endtime="20231203 23:15:05.167"/>
</kw>
<status status="PASS" starttime="20231203 23:14:48.604" endtime="20231203 23:15:05.169"/>
</test>
<test id="s1-t2" name="Search with Logged in using invalid Flight Number" line="34">
<kw name="Open Flight Application" library="base">
<kw name="Open Application" library="AppiumLibrary">
<arg>remote_url=${REMOTE_URL}</arg>
<arg>platformName=${PLAFORM_NAME}</arg>
<arg>platformVersion=${PLATFORM_VERSION}</arg>
<arg>deviceName=${DEVICE_NAME}</arg>
<arg>appPackage=${APP_PACKAGE}</arg>
<arg>appActivity=${APP_ACTIVITY}</arg>
<doc>Opens a new application to given Appium server.
Capabilities of appium server, Android and iOS,
Please check https://github.com/appium/appium/blob/master/docs/en/writing-running-appium/server-args.md
| *Option*            | *Man.* | *Description*     |
| remote_url          | Yes    | Appium server url |
| alias               | no     | alias             |
| strict_ssl          | No     | allows you to send commands to an invalid certificate host like a self-signed one. |</doc>
<status status="PASS" starttime="20231203 23:15:05.171" endtime="20231203 23:15:13.196"/>
</kw>
<status status="PASS" starttime="20231203 23:15:05.171" endtime="20231203 23:15:13.196"/>
</kw>
<kw name="Click Sign In Button On Home Page" library="homePage">
<kw name="Click Element" library="AppiumLibrary">
<arg>${sign-in-button}</arg>
<doc>Click element identified by `locator`.</doc>
<msg timestamp="20231203 23:15:13.201" level="INFO">Clicking element '//*[@resource-id="com.example.myapplication:id/login"]'.</msg>
<msg timestamp="20231203 23:15:14.095" level="INFO">xpath criteria: //*[@resource-id="com.example.myapplication:id/login"]</msg>
<status status="PASS" starttime="20231203 23:15:13.197" endtime="20231203 23:15:14.095"/>
</kw>
<status status="PASS" starttime="20231203 23:15:13.197" endtime="20231203 23:15:14.095"/>
</kw>
<kw name="Wait Until Element Is Visible" library="AppiumLibrary">
<arg>${username-input}</arg>
<doc>Waits until element specified with `locator` is visible.</doc>
<msg timestamp="20231203 23:15:15.110" level="INFO">xpath criteria: //*[@resource-id="com.example.myapplication:id/username"]
xpath criteria: //*[@resource-id="com.example.myapplication:id/username"]</msg>
<status status="PASS" starttime="20231203 23:15:14.097" endtime="20231203 23:15:15.111"/>
</kw>
<kw name="Input Username On Login Page" library="loginPage">
<arg>${VALID_USERNAME}</arg>
<kw name="Input Text" library="AppiumLibrary">
<arg>${username-input}</arg>
<arg>${username}</arg>
<doc>Types the given `text` into text field identified by `locator`.</doc>
<msg timestamp="20231203 23:15:15.113" level="INFO">Typing text 'support@ngendigital.com' into text field '//*[@resource-id="com.example.myapplication:id/username"]'</msg>
<msg timestamp="20231203 23:15:15.223" level="INFO">xpath criteria: //*[@resource-id="com.example.myapplication:id/username"]</msg>
<status status="PASS" starttime="20231203 23:15:15.112" endtime="20231203 23:15:15.224"/>
</kw>
<status status="PASS" starttime="20231203 23:15:15.111" endtime="20231203 23:15:15.224"/>
</kw>
<kw name="Input Password On Login Page" library="loginPage">
<arg>${VALID_PASSWORD}</arg>
<kw name="Input Text" library="AppiumLibrary">
<arg>${password-input}</arg>
<arg>${password}</arg>
<doc>Types the given `text` into text field identified by `locator`.</doc>
<msg timestamp="20231203 23:15:15.227" level="INFO">Typing text 'abc123' into text field '//*[@resource-id="com.example.myapplication:id/password"]'</msg>
<msg timestamp="20231203 23:15:15.800" level="INFO">xpath criteria: //*[@resource-id="com.example.myapplication:id/password"]</msg>
<status status="PASS" starttime="20231203 23:15:15.225" endtime="20231203 23:15:15.800"/>
</kw>
<status status="PASS" starttime="20231203 23:15:15.224" endtime="20231203 23:15:15.800"/>
</kw>
<kw name="Click Login Button On Login Page" library="loginPage">
<kw name="Click Element" library="AppiumLibrary">
<arg>${log-in-button}</arg>
<doc>Click element identified by `locator`.</doc>
<msg timestamp="20231203 23:15:15.805" level="INFO">Clicking element '//*[@resource-id="com.example.myapplication:id/signIn"]'.</msg>
<msg timestamp="20231203 23:15:16.394" level="INFO">xpath criteria: //*[@resource-id="com.example.myapplication:id/signIn"]</msg>
<status status="PASS" starttime="20231203 23:15:15.801" endtime="20231203 23:15:16.395"/>
</kw>
<status status="PASS" starttime="20231203 23:15:15.801" endtime="20231203 23:15:16.395"/>
</kw>
<kw name="Wait Until Page Contains Element" library="AppiumLibrary">
<arg>xpath=//*[contains(@text, "NGen")]</arg>
<doc>Waits until element specified with `locator` appears on current page.</doc>
<msg timestamp="20231203 23:15:17.182" level="INFO">xpath criteria: //*[contains(@text, "NGen")]
xpath criteria: //*[contains(@text, "NGen")]</msg>
<status status="PASS" starttime="20231203 23:15:16.395" endtime="20231203 23:15:17.182"/>
</kw>
<kw name="Wait Until Page Contains Element" library="AppiumLibrary">
<arg>xpath=//*[contains(@text, "Out")]</arg>
<doc>Waits until element specified with `locator` appears on current page.</doc>
<msg timestamp="20231203 23:15:17.249" level="INFO">xpath criteria: //*[contains(@text, "Out")]</msg>
<status status="PASS" starttime="20231203 23:15:17.182" endtime="20231203 23:15:17.249"/>
</kw>
<kw name="Open Search" library="searchPage">
<kw name="Click Element" library="AppiumLibrary">
<arg>${search-flight-button}</arg>
<doc>Click element identified by `locator`.</doc>
<msg timestamp="20231203 23:15:17.251" level="INFO">Clicking element '//*[@resource-id="com.example.myapplication:id/search_flight"]'.</msg>
<msg timestamp="20231203 23:15:17.360" level="INFO">xpath criteria: //*[@resource-id="com.example.myapplication:id/search_flight"]</msg>
<status status="PASS" starttime="20231203 23:15:17.249" endtime="20231203 23:15:17.360"/>
</kw>
<status status="PASS" starttime="20231203 23:15:17.249" endtime="20231203 23:15:17.360"/>
</kw>
<kw name="Wait Until Element Is Visible" library="AppiumLibrary">
<arg>${search-input}</arg>
<doc>Waits until element specified with `locator` is visible.</doc>
<msg timestamp="20231203 23:15:18.719" level="INFO">xpath criteria: //*[@resource-id="com.example.myapplication:id/flight_number"]
xpath criteria: //*[@resource-id="com.example.myapplication:id/flight_number"]</msg>
<status status="PASS" starttime="20231203 23:15:17.361" endtime="20231203 23:15:18.719"/>
</kw>
<kw name="Input Search" library="searchPage">
<arg>${INVALID_SEARCH}</arg>
<kw name="Input Text" library="AppiumLibrary">
<arg>${search-input}</arg>
<arg>${search-key}</arg>
<doc>Types the given `text` into text field identified by `locator`.</doc>
<msg timestamp="20231203 23:15:18.722" level="INFO">Typing text 'ZZ666' into text field '//*[@resource-id="com.example.myapplication:id/flight_number"]'</msg>
<msg timestamp="20231203 23:15:18.836" level="INFO">xpath criteria: //*[@resource-id="com.example.myapplication:id/flight_number"]</msg>
<status status="PASS" starttime="20231203 23:15:18.720" endtime="20231203 23:15:18.836"/>
</kw>
<status status="PASS" starttime="20231203 23:15:18.720" endtime="20231203 23:15:18.836"/>
</kw>
<kw name="Click Search Button" library="searchPage">
<kw name="Click Element" library="AppiumLibrary">
<arg>${search-button}</arg>
<doc>Click element identified by `locator`.</doc>
<msg timestamp="20231203 23:15:18.838" level="INFO">Clicking element '//android.widget.Button[@resource-id="com.example.myapplication:id/searchFlight"]'.</msg>
<msg timestamp="20231203 23:15:19.447" level="INFO">xpath criteria: //android.widget.Button[@resource-id="com.example.myapplication:id/searchFlight"]</msg>
<status status="PASS" starttime="20231203 23:15:18.837" endtime="20231203 23:15:19.447"/>
</kw>
<status status="PASS" starttime="20231203 23:15:18.837" endtime="20231203 23:15:19.447"/>
</kw>
<kw name="Wait Until Page Contains Element" library="AppiumLibrary">
<arg>xpath=//*[contains(@text, "Please enter valid Flight Number")]</arg>
<doc>Waits until element specified with `locator` appears on current page.</doc>
<msg timestamp="20231203 23:15:19.811" level="INFO">xpath criteria: //*[contains(@text, "Please enter valid Flight Number")]</msg>
<status status="PASS" starttime="20231203 23:15:19.448" endtime="20231203 23:15:19.811"/>
</kw>
<kw name="Close Flight Application" library="base">
<kw name="Close Application" library="AppiumLibrary">
<doc>Closes the current application and also close webdriver session.</doc>
<status status="PASS" starttime="20231203 23:15:19.811" endtime="20231203 23:15:20.478"/>
</kw>
<status status="PASS" starttime="20231203 23:15:19.811" endtime="20231203 23:15:20.478"/>
</kw>
<status status="PASS" starttime="20231203 23:15:05.170" endtime="20231203 23:15:20.479"/>
</test>
<test id="s1-t3" name="Search without Logged in" line="50">
<kw name="Open Flight Application" library="base">
<kw name="Open Application" library="AppiumLibrary">
<arg>remote_url=${REMOTE_URL}</arg>
<arg>platformName=${PLAFORM_NAME}</arg>
<arg>platformVersion=${PLATFORM_VERSION}</arg>
<arg>deviceName=${DEVICE_NAME}</arg>
<arg>appPackage=${APP_PACKAGE}</arg>
<arg>appActivity=${APP_ACTIVITY}</arg>
<doc>Opens a new application to given Appium server.
Capabilities of appium server, Android and iOS,
Please check https://github.com/appium/appium/blob/master/docs/en/writing-running-appium/server-args.md
| *Option*            | *Man.* | *Description*     |
| remote_url          | Yes    | Appium server url |
| alias               | no     | alias             |
| strict_ssl          | No     | allows you to send commands to an invalid certificate host like a self-signed one. |</doc>
<status status="PASS" starttime="20231203 23:15:20.481" endtime="20231203 23:15:28.913"/>
</kw>
<status status="PASS" starttime="20231203 23:15:20.481" endtime="20231203 23:15:28.914"/>
</kw>
<kw name="Page Should Not Contain Element" library="AppiumLibrary">
<arg>${search-input}</arg>
<doc>Verifies that current page not contains `locator` element.</doc>
<msg timestamp="20231203 23:15:29.808" level="INFO">Current page not contains element '//*[@resource-id="com.example.myapplication:id/flight_number"]'.</msg>
<msg timestamp="20231203 23:15:29.809" level="INFO">xpath criteria: //*[@resource-id="com.example.myapplication:id/flight_number"]</msg>
<status status="PASS" starttime="20231203 23:15:28.914" endtime="20231203 23:15:29.809"/>
</kw>
<kw name="Close Flight Application" library="base">
<kw name="Close Application" library="AppiumLibrary">
<doc>Closes the current application and also close webdriver session.</doc>
<status status="PASS" starttime="20231203 23:15:29.809" endtime="20231203 23:15:30.308"/>
</kw>
<status status="PASS" starttime="20231203 23:15:29.809" endtime="20231203 23:15:30.308"/>
</kw>
<status status="PASS" starttime="20231203 23:15:20.480" endtime="20231203 23:15:30.309"/>
</test>
<status status="PASS" starttime="20231203 23:14:48.195" endtime="20231203 23:15:30.311"/>
</suite>
<statistics>
<total>
<stat pass="3" fail="0" skip="0">All Tests</stat>
</total>
<tag>
</tag>
<suite>
<stat pass="3" fail="0" skip="0" id="s1" name="Search">Search</stat>
</suite>
</statistics>
<errors>
</errors>
</robot>
