<?xml version="1.0" encoding="UTF-8"?>
<robot generator="Robot 6.1.1 (Python 3.12.0 on win32)" generated="20231205 23:09:37.918" rpa="false" schemaversion="4">
<suite id="s1" name="Suites" source="e:\code\mobileAutomation\sanbercodeMobileAutomation519\suites">
<suite id="s1-s1" name="Book" source="e:\code\mobileAutomation\sanbercodeMobileAutomation519\suites\book.robot">
<test id="s1-s1-t1" name="Book: One way - Toronto - Paris - Economy - Flight only - with Day" line="15">
<kw name="Open Flight Application" library="base">
<kw name="Open Application" library="AppiumLibrary">
<arg>remote_url=${REMOTE_URL}</arg>
<arg>platformName=${PLAFORM_NAME}</arg>
<arg>platformVersion=${PLATFORM_VERSION}</arg>
<arg>deviceName=${DEVICE_NAME}</arg>
<arg>appPackage=${APP_PACKAGE}</arg>
<arg>appActivity=${APP_ACTIVITY}</arg>
<doc>Opens a new application to given Appium server.
Capabilities of appium server, Android and iOS,
Please check https://github.com/appium/appium/blob/master/docs/en/writing-running-appium/server-args.md
| *Option*            | *Man.* | *Description*     |
| remote_url          | Yes    | Appium server url |
| alias               | no     | alias             |
| strict_ssl          | No     | allows you to send commands to an invalid certificate host like a self-signed one. |</doc>
<status status="PASS" starttime="20231205 23:09:38.449" endtime="20231205 23:09:48.706"/>
</kw>
<status status="PASS" starttime="20231205 23:09:38.449" endtime="20231205 23:09:48.706"/>
</kw>
<kw name="Click Sign In Button On Home Page" library="homePage">
<kw name="Click Element" library="AppiumLibrary">
<arg>${sign-in-button}</arg>
<doc>Click element identified by `locator`.</doc>
<msg timestamp="20231205 23:09:48.710" level="INFO">Clicking element '//*[@resource-id="com.example.myapplication:id/login"]'.</msg>
<msg timestamp="20231205 23:09:49.655" level="INFO">xpath criteria: //*[@resource-id="com.example.myapplication:id/login"]</msg>
<status status="PASS" starttime="20231205 23:09:48.708" endtime="20231205 23:09:49.655"/>
</kw>
<status status="PASS" starttime="20231205 23:09:48.707" endtime="20231205 23:09:49.655"/>
</kw>
<kw name="Wait Until Element Is Visible" library="AppiumLibrary">
<arg>${username-input}</arg>
<doc>Waits until element specified with `locator` is visible.</doc>
<msg timestamp="20231205 23:09:50.424" level="INFO">xpath criteria: //*[@resource-id="com.example.myapplication:id/username"]
xpath criteria: //*[@resource-id="com.example.myapplication:id/username"]</msg>
<status status="PASS" starttime="20231205 23:09:49.657" endtime="20231205 23:09:50.425"/>
</kw>
<kw name="Input Username On Login Page" library="loginPage">
<arg>${VALID_USERNAME}</arg>
<kw name="Input Text" library="AppiumLibrary">
<arg>${username-input}</arg>
<arg>${username}</arg>
<doc>Types the given `text` into text field identified by `locator`.</doc>
<msg timestamp="20231205 23:09:50.429" level="INFO">Typing text 'support@ngendigital.com' into text field '//*[@resource-id="com.example.myapplication:id/username"]'</msg>
<msg timestamp="20231205 23:09:50.546" level="INFO">xpath criteria: //*[@resource-id="com.example.myapplication:id/username"]</msg>
<status status="PASS" starttime="20231205 23:09:50.427" endtime="20231205 23:09:50.547"/>
</kw>
<status status="PASS" starttime="20231205 23:09:50.426" endtime="20231205 23:09:50.547"/>
</kw>
<kw name="Input Password On Login Page" library="loginPage">
<arg>${VALID_PASSWORD}</arg>
<kw name="Input Text" library="AppiumLibrary">
<arg>${password-input}</arg>
<arg>${password}</arg>
<doc>Types the given `text` into text field identified by `locator`.</doc>
<msg timestamp="20231205 23:09:50.550" level="INFO">Typing text 'abc123' into text field '//*[@resource-id="com.example.myapplication:id/password"]'</msg>
<msg timestamp="20231205 23:09:51.107" level="INFO">xpath criteria: //*[@resource-id="com.example.myapplication:id/password"]</msg>
<status status="PASS" starttime="20231205 23:09:50.548" endtime="20231205 23:09:51.108"/>
</kw>
<status status="PASS" starttime="20231205 23:09:50.548" endtime="20231205 23:09:51.108"/>
</kw>
<kw name="Click Login Button On Login Page" library="loginPage">
<kw name="Click Element" library="AppiumLibrary">
<arg>${log-in-button}</arg>
<doc>Click element identified by `locator`.</doc>
<msg timestamp="20231205 23:09:51.113" level="INFO">Clicking element '//*[@resource-id="com.example.myapplication:id/signIn"]'.</msg>
<msg timestamp="20231205 23:09:51.711" level="INFO">xpath criteria: //*[@resource-id="com.example.myapplication:id/signIn"]</msg>
<status status="PASS" starttime="20231205 23:09:51.111" endtime="20231205 23:09:51.711"/>
</kw>
<status status="PASS" starttime="20231205 23:09:51.110" endtime="20231205 23:09:51.712"/>
</kw>
<kw name="Wait Until Page Contains Element" library="AppiumLibrary">
<arg>xpath=//*[contains(@text, "Sign Out")]</arg>
<doc>Waits until element specified with `locator` appears on current page.</doc>
<msg timestamp="20231205 23:09:52.413" level="INFO">xpath criteria: //*[contains(@text, "Sign Out")]
xpath criteria: //*[contains(@text, "Sign Out")]</msg>
<status status="PASS" starttime="20231205 23:09:51.720" endtime="20231205 23:09:52.413"/>
</kw>
<kw name="Open Book" library="bookPage">
<kw name="Click Element" library="AppiumLibrary">
<arg>${book-button}</arg>
<doc>Click element identified by `locator`.</doc>
<msg timestamp="20231205 23:09:52.416" level="INFO">Clicking element '//android.widget.Button[@resource-id="com.example.myapplication:id/book"]'.</msg>
<msg timestamp="20231205 23:09:52.525" level="INFO">xpath criteria: //android.widget.Button[@resource-id="com.example.myapplication:id/book"]</msg>
<status status="PASS" starttime="20231205 23:09:52.414" endtime="20231205 23:09:52.525"/>
</kw>
<status status="PASS" starttime="20231205 23:09:52.413" endtime="20231205 23:09:52.526"/>
</kw>
<kw name="Wait Until Element Is Visible" library="AppiumLibrary">
<arg>${one-way-button}</arg>
<doc>Waits until element specified with `locator` is visible.</doc>
<msg timestamp="20231205 23:09:53.780" level="INFO">xpath criteria: //android.support.v7.app.ActionBar.Tab[@content-desc="One Way"]
xpath criteria: //android.support.v7.app.ActionBar.Tab[@content-desc="One Way"]</msg>
<status status="PASS" starttime="20231205 23:09:52.536" endtime="20231205 23:09:53.781"/>
</kw>
<kw name="Choose One-way Flight" library="bookPage">
<kw name="Click Element" library="AppiumLibrary">
<arg>${one-way-button}</arg>
<doc>Click element identified by `locator`.</doc>
<msg timestamp="20231205 23:09:53.784" level="INFO">Clicking element '//android.support.v7.app.ActionBar.Tab[@content-desc="One Way"]'.</msg>
<msg timestamp="20231205 23:09:53.905" level="INFO">xpath criteria: //android.support.v7.app.ActionBar.Tab[@content-desc="One Way"]</msg>
<status status="PASS" starttime="20231205 23:09:53.782" endtime="20231205 23:09:53.905"/>
</kw>
<status status="PASS" starttime="20231205 23:09:53.781" endtime="20231205 23:09:53.906"/>
</kw>
<kw name="Choose From City Toronto" library="bookPage">
<kw name="Click Element" library="AppiumLibrary">
<arg>${from-city-button}</arg>
<doc>Click element identified by `locator`.</doc>
<msg timestamp="20231205 23:09:53.909" level="INFO">Clicking element '//android.widget.Spinner[@resource-id="com.example.myapplication:id/spinnerFrom"]'.</msg>
<msg timestamp="20231205 23:09:54.443" level="INFO">xpath criteria: //android.widget.Spinner[@resource-id="com.example.myapplication:id/spinnerFrom"]</msg>
<status status="PASS" starttime="20231205 23:09:53.907" endtime="20231205 23:09:54.443"/>
</kw>
<kw name="Wait Until Element Is Visible" library="AppiumLibrary">
<arg>${toronto}</arg>
<doc>Waits until element specified with `locator` is visible.</doc>
<msg timestamp="20231205 23:09:55.389" level="INFO">xpath criteria: //android.widget.TextView[@resource-id="android:id/text1" and @text="Toronto"]
xpath criteria: //android.widget.TextView[@resource-id="android:id/text1" and @text="Toronto"]</msg>
<status status="PASS" starttime="20231205 23:09:54.443" endtime="20231205 23:09:55.390"/>
</kw>
<kw name="Click Element" library="AppiumLibrary">
<arg>${toronto}</arg>
<doc>Click element identified by `locator`.</doc>
<msg timestamp="20231205 23:09:55.392" level="INFO">Clicking element '//android.widget.TextView[@resource-id="android:id/text1" and @text="Toronto"]'.</msg>
<msg timestamp="20231205 23:09:56.125" level="INFO">xpath criteria: //android.widget.TextView[@resource-id="android:id/text1" and @text="Toronto"]</msg>
<status status="PASS" starttime="20231205 23:09:55.390" endtime="20231205 23:09:56.126"/>
</kw>
<status status="PASS" starttime="20231205 23:09:53.907" endtime="20231205 23:09:56.126"/>
</kw>
<kw name="Choose To City Paris" library="bookPage">
<kw name="Click Element" library="AppiumLibrary">
<arg>${to-city-button}</arg>
<doc>Click element identified by `locator`.</doc>
<msg timestamp="20231205 23:09:56.132" level="INFO">Clicking element '//android.widget.Spinner[@resource-id="com.example.myapplication:id/spinnerTo"]'.</msg>
<msg timestamp="20231205 23:09:56.404" level="INFO">xpath criteria: //android.widget.Spinner[@resource-id="com.example.myapplication:id/spinnerTo"]</msg>
<status status="PASS" starttime="20231205 23:09:56.130" endtime="20231205 23:09:56.404"/>
</kw>
<kw name="Wait Until Element Is Visible" library="AppiumLibrary">
<arg>${paris}</arg>
<doc>Waits until element specified with `locator` is visible.</doc>
<msg timestamp="20231205 23:09:57.335" level="INFO">xpath criteria: //android.widget.TextView[@resource-id="android:id/text1" and @text="Paris"]
xpath criteria: //android.widget.TextView[@resource-id="android:id/text1" and @text="Paris"]</msg>
<status status="PASS" starttime="20231205 23:09:56.404" endtime="20231205 23:09:57.335"/>
</kw>
<kw name="Click Element" library="AppiumLibrary">
<arg>${paris}</arg>
<doc>Click element identified by `locator`.</doc>
<msg timestamp="20231205 23:09:57.337" level="INFO">Clicking element '//android.widget.TextView[@resource-id="android:id/text1" and @text="Paris"]'.</msg>
<msg timestamp="20231205 23:09:58.112" level="INFO">xpath criteria: //android.widget.TextView[@resource-id="android:id/text1" and @text="Paris"]</msg>
<status status="PASS" starttime="20231205 23:09:57.335" endtime="20231205 23:09:58.112"/>
</kw>
<status status="PASS" starttime="20231205 23:09:56.129" endtime="20231205 23:09:58.112"/>
</kw>
<kw name="Choose Class Economy" library="bookPage">
<kw name="Click Element" library="AppiumLibrary">
<arg>${class-button}</arg>
<doc>Click element identified by `locator`.</doc>
<msg timestamp="20231205 23:09:58.115" level="INFO">Clicking element '//android.widget.Spinner[@resource-id="com.example.myapplication:id/spinnerClass"]'.</msg>
<msg timestamp="20231205 23:09:58.261" level="INFO">xpath criteria: //android.widget.Spinner[@resource-id="com.example.myapplication:id/spinnerClass"]</msg>
<status status="PASS" starttime="20231205 23:09:58.113" endtime="20231205 23:09:58.261"/>
</kw>
<kw name="Wait Until Element Is Visible" library="AppiumLibrary">
<arg>${economy}</arg>
<doc>Waits until element specified with `locator` is visible.</doc>
<msg timestamp="20231205 23:09:59.168" level="INFO">xpath criteria: //android.widget.TextView[@resource-id="android:id/text1" and @text="Economy"]
xpath criteria: //android.widget.TextView[@resource-id="android:id/text1" and @text="Economy"]</msg>
<status status="PASS" starttime="20231205 23:09:58.261" endtime="20231205 23:09:59.168"/>
</kw>
<kw name="Click Element" library="AppiumLibrary">
<arg>${economy}</arg>
<doc>Click element identified by `locator`.</doc>
<msg timestamp="20231205 23:09:59.170" level="INFO">Clicking element '//android.widget.TextView[@resource-id="android:id/text1" and @text="Economy"]'.</msg>
<msg timestamp="20231205 23:09:59.883" level="INFO">xpath criteria: //android.widget.TextView[@resource-id="android:id/text1" and @text="Economy"]</msg>
<status status="PASS" starttime="20231205 23:09:59.168" endtime="20231205 23:09:59.883"/>
</kw>
<status status="PASS" starttime="20231205 23:09:58.113" endtime="20231205 23:09:59.884"/>
</kw>
<kw name="Choose Start Date" library="bookPage">
<kw name="Click Element" library="AppiumLibrary">
<arg>${start-date}</arg>
<doc>Click element identified by `locator`.</doc>
<msg timestamp="20231205 23:09:59.888" level="INFO">Clicking element '//android.widget.TextView[@resource-id="com.example.myapplication:id/textStartDate"]'.</msg>
<msg timestamp="20231205 23:10:00.039" level="INFO">xpath criteria: //android.widget.TextView[@resource-id="com.example.myapplication:id/textStartDate"]</msg>
<status status="PASS" starttime="20231205 23:09:59.885" endtime="20231205 23:10:00.040"/>
</kw>
<kw name="Wait Until Element Is Visible" library="AppiumLibrary">
<arg>${01-aug}</arg>
<doc>Waits until element specified with `locator` is visible.</doc>
<msg timestamp="20231205 23:10:00.868" level="INFO">xpath criteria: //android.view.View[@content-desc="01 August 2019"]
xpath criteria: //android.view.View[@content-desc="01 August 2019"]</msg>
<status status="PASS" starttime="20231205 23:10:00.040" endtime="20231205 23:10:00.868"/>
</kw>
<kw name="Click Element" library="AppiumLibrary">
<arg>${01-aug}</arg>
<doc>Click element identified by `locator`.</doc>
<msg timestamp="20231205 23:10:00.871" level="INFO">Clicking element '//android.view.View[@content-desc="01 August 2019"]'.</msg>
<msg timestamp="20231205 23:10:01.533" level="INFO">xpath criteria: //android.view.View[@content-desc="01 August 2019"]</msg>
<status status="PASS" starttime="20231205 23:10:00.869" endtime="20231205 23:10:01.533"/>
</kw>
<kw name="Click Element" library="AppiumLibrary">
<arg>${date-ok-button}</arg>
<doc>Click element identified by `locator`.</doc>
<msg timestamp="20231205 23:10:01.535" level="INFO">Clicking element '//android.widget.Button[@resource-id="android:id/button1"]'.</msg>
<msg timestamp="20231205 23:10:01.708" level="INFO">xpath criteria: //android.widget.Button[@resource-id="android:id/button1"]</msg>
<status status="PASS" starttime="20231205 23:10:01.533" endtime="20231205 23:10:01.708"/>
</kw>
<status status="PASS" starttime="20231205 23:09:59.885" endtime="20231205 23:10:01.708"/>
</kw>
<kw name="Choose End Date" library="bookPage">
<kw name="Click Element" library="AppiumLibrary">
<arg>${end-date}</arg>
<doc>Click element identified by `locator`.</doc>
<msg timestamp="20231205 23:10:01.717" level="INFO">Clicking element '//android.widget.TextView[@resource-id="com.example.myapplication:id/textEndDate"]'.</msg>
<msg timestamp="20231205 23:10:02.337" level="INFO">xpath criteria: //android.widget.TextView[@resource-id="com.example.myapplication:id/textEndDate"]</msg>
<status status="PASS" starttime="20231205 23:10:01.714" endtime="20231205 23:10:02.337"/>
</kw>
<kw name="Wait Until Element Is Visible" library="AppiumLibrary">
<arg>${31-aug}</arg>
<doc>Waits until element specified with `locator` is visible.</doc>
<msg timestamp="20231205 23:10:03.086" level="INFO">xpath criteria: //android.view.View[@content-desc="31 August 2019"]
xpath criteria: //android.view.View[@content-desc="31 August 2019"]</msg>
<status status="PASS" starttime="20231205 23:10:02.337" endtime="20231205 23:10:03.087"/>
</kw>
<kw name="Click Element" library="AppiumLibrary">
<arg>${31-aug}</arg>
<doc>Click element identified by `locator`.</doc>
<msg timestamp="20231205 23:10:03.089" level="INFO">Clicking element '//android.view.View[@content-desc="31 August 2019"]'.</msg>
<msg timestamp="20231205 23:10:03.848" level="INFO">xpath criteria: //android.view.View[@content-desc="31 August 2019"]</msg>
<status status="PASS" starttime="20231205 23:10:03.087" endtime="20231205 23:10:03.848"/>
</kw>
<kw name="Click Element" library="AppiumLibrary">
<arg>${date-ok-button}</arg>
<doc>Click element identified by `locator`.</doc>
<msg timestamp="20231205 23:10:03.851" level="INFO">Clicking element '//android.widget.Button[@resource-id="android:id/button1"]'.</msg>
<msg timestamp="20231205 23:10:04.009" level="INFO">xpath criteria: //android.widget.Button[@resource-id="android:id/button1"]</msg>
<status status="PASS" starttime="20231205 23:10:03.849" endtime="20231205 23:10:04.009"/>
</kw>
<status status="PASS" starttime="20231205 23:10:01.714" endtime="20231205 23:10:04.009"/>
</kw>
<kw name="Choose Flight Only" library="bookPage">
<kw name="Wait Until Element Is Visible" library="AppiumLibrary">
<arg>${flight-button}</arg>
<doc>Waits until element specified with `locator` is visible.</doc>
<msg timestamp="20231205 23:10:04.609" level="INFO">xpath criteria: //android.widget.RadioButton[@resource-id="com.example.myapplication:id/radioButtonFlight"]</msg>
<status status="PASS" starttime="20231205 23:10:04.012" endtime="20231205 23:10:04.609"/>
</kw>
<kw name="Click Element" library="AppiumLibrary">
<arg>${flight-button}</arg>
<doc>Click element identified by `locator`.</doc>
<msg timestamp="20231205 23:10:04.612" level="INFO">Clicking element '//android.widget.RadioButton[@resource-id="com.example.myapplication:id/radioButtonFlight"]'.</msg>
<msg timestamp="20231205 23:10:04.706" level="INFO">xpath criteria: //android.widget.RadioButton[@resource-id="com.example.myapplication:id/radioButtonFlight"]</msg>
<status status="PASS" starttime="20231205 23:10:04.610" endtime="20231205 23:10:04.706"/>
</kw>
<status status="PASS" starttime="20231205 23:10:04.012" endtime="20231205 23:10:04.707"/>
</kw>
<kw name="Choose Checkbox Day" library="bookPage">
<kw name="Wait Until Element Is Visible" library="AppiumLibrary">
<arg>${checkbox-day-button}</arg>
<doc>Waits until element specified with `locator` is visible.</doc>
<msg timestamp="20231205 23:10:05.329" level="INFO">xpath criteria: //android.widget.CheckBox[@resource-id="com.example.myapplication:id/checkBoxDay"]</msg>
<status status="PASS" starttime="20231205 23:10:04.708" endtime="20231205 23:10:05.329"/>
</kw>
<kw name="Click Element" library="AppiumLibrary">
<arg>${checkbox-day-button}</arg>
<doc>Click element identified by `locator`.</doc>
<msg timestamp="20231205 23:10:05.331" level="INFO">Clicking element '//android.widget.CheckBox[@resource-id="com.example.myapplication:id/checkBoxDay"]'.</msg>
<msg timestamp="20231205 23:10:05.442" level="INFO">xpath criteria: //android.widget.CheckBox[@resource-id="com.example.myapplication:id/checkBoxDay"]</msg>
<status status="PASS" starttime="20231205 23:10:05.329" endtime="20231205 23:10:05.442"/>
</kw>
<status status="PASS" starttime="20231205 23:10:04.707" endtime="20231205 23:10:05.442"/>
</kw>
<kw name="Submit Book" library="bookPage">
<kw name="Click Element" library="AppiumLibrary">
<arg>${submit-book-button}</arg>
<doc>Click element identified by `locator`.</doc>
<msg timestamp="20231205 23:10:05.446" level="INFO">Clicking element '//android.widget.Button[@resource-id="com.example.myapplication:id/book_flight"]'.</msg>
<msg timestamp="20231205 23:10:06.364" level="INFO">xpath criteria: //android.widget.Button[@resource-id="com.example.myapplication:id/book_flight"]</msg>
<status status="PASS" starttime="20231205 23:10:05.443" endtime="20231205 23:10:06.364"/>
</kw>
<status status="PASS" starttime="20231205 23:10:05.443" endtime="20231205 23:10:06.364"/>
</kw>
<kw name="Choose and Confirm Price" library="bookPage">
<kw name="Wait Until Element Is Visible" library="AppiumLibrary">
<arg>${choose-price-button}</arg>
<doc>Waits until element specified with `locator` is visible.</doc>
<msg timestamp="20231205 23:10:07.061" level="INFO">xpath criteria: //android.widget.Button[@resource-id="com.example.myapplication:id/price9"]
xpath criteria: //android.widget.Button[@resource-id="com.example.myapplication:id/price9"]</msg>
<status status="PASS" starttime="20231205 23:10:06.372" endtime="20231205 23:10:07.062"/>
</kw>
<kw name="Click Element" library="AppiumLibrary">
<arg>${choose-price-button}</arg>
<doc>Click element identified by `locator`.</doc>
<msg timestamp="20231205 23:10:07.064" level="INFO">Clicking element '//android.widget.Button[@resource-id="com.example.myapplication:id/price9"]'.</msg>
<msg timestamp="20231205 23:10:07.245" level="INFO">xpath criteria: //android.widget.Button[@resource-id="com.example.myapplication:id/price9"]</msg>
<status status="PASS" starttime="20231205 23:10:07.062" endtime="20231205 23:10:07.245"/>
</kw>
<kw name="Click Element" library="AppiumLibrary">
<arg>${confirm-button}</arg>
<doc>Click element identified by `locator`.</doc>
<msg timestamp="20231205 23:10:07.247" level="INFO">Clicking element '//android.widget.Button[@resource-id="com.example.myapplication:id/confirm_order"]'.</msg>
<msg timestamp="20231205 23:10:07.963" level="INFO">xpath criteria: //android.widget.Button[@resource-id="com.example.myapplication:id/confirm_order"]</msg>
<status status="PASS" starttime="20231205 23:10:07.245" endtime="20231205 23:10:07.963"/>
</kw>
<status status="PASS" starttime="20231205 23:10:06.371" endtime="20231205 23:10:07.964"/>
</kw>
<kw name="Wait Until Page Contains Element" library="AppiumLibrary">
<arg>xpath=//*[contains(@text, "Your flight is booked")]</arg>
<doc>Waits until element specified with `locator` appears on current page.</doc>
<msg timestamp="20231205 23:10:08.591" level="INFO">xpath criteria: //*[contains(@text, "Your flight is booked")]
xpath criteria: //*[contains(@text, "Your flight is booked")]</msg>
<status status="PASS" starttime="20231205 23:10:07.965" endtime="20231205 23:10:08.592"/>
</kw>
<kw name="Close Flight Application" library="base">
<kw name="Close Application" library="AppiumLibrary">
<doc>Closes the current application and also close webdriver session.</doc>
<status status="PASS" starttime="20231205 23:10:08.593" endtime="20231205 23:10:09.087"/>
</kw>
<status status="PASS" starttime="20231205 23:10:08.592" endtime="20231205 23:10:09.088"/>
</kw>
<status status="PASS" starttime="20231205 23:09:38.448" endtime="20231205 23:10:09.090"/>
</test>
<test id="s1-s1-t2" name="Book: One way - Chicago - Ottawa - First - Flight only - without Day" line="38">
<kw name="Open Flight Application" library="base">
<kw name="Open Application" library="AppiumLibrary">
<arg>remote_url=${REMOTE_URL}</arg>
<arg>platformName=${PLAFORM_NAME}</arg>
<arg>platformVersion=${PLATFORM_VERSION}</arg>
<arg>deviceName=${DEVICE_NAME}</arg>
<arg>appPackage=${APP_PACKAGE}</arg>
<arg>appActivity=${APP_ACTIVITY}</arg>
<doc>Opens a new application to given Appium server.
Capabilities of appium server, Android and iOS,
Please check https://github.com/appium/appium/blob/master/docs/en/writing-running-appium/server-args.md
| *Option*            | *Man.* | *Description*     |
| remote_url          | Yes    | Appium server url |
| alias               | no     | alias             |
| strict_ssl          | No     | allows you to send commands to an invalid certificate host like a self-signed one. |</doc>
<status status="PASS" starttime="20231205 23:10:09.094" endtime="20231205 23:10:16.954"/>
</kw>
<status status="PASS" starttime="20231205 23:10:09.094" endtime="20231205 23:10:16.954"/>
</kw>
<kw name="Click Sign In Button On Home Page" library="homePage">
<kw name="Click Element" library="AppiumLibrary">
<arg>${sign-in-button}</arg>
<doc>Click element identified by `locator`.</doc>
<msg timestamp="20231205 23:10:16.958" level="INFO">Clicking element '//*[@resource-id="com.example.myapplication:id/login"]'.</msg>
<msg timestamp="20231205 23:10:18.050" level="INFO">xpath criteria: //*[@resource-id="com.example.myapplication:id/login"]</msg>
<status status="PASS" starttime="20231205 23:10:16.955" endtime="20231205 23:10:18.050"/>
</kw>
<status status="PASS" starttime="20231205 23:10:16.955" endtime="20231205 23:10:18.050"/>
</kw>
<kw name="Wait Until Element Is Visible" library="AppiumLibrary">
<arg>${username-input}</arg>
<doc>Waits until element specified with `locator` is visible.</doc>
<msg timestamp="20231205 23:10:18.841" level="INFO">xpath criteria: //*[@resource-id="com.example.myapplication:id/username"]
xpath criteria: //*[@resource-id="com.example.myapplication:id/username"]</msg>
<status status="PASS" starttime="20231205 23:10:18.060" endtime="20231205 23:10:18.842"/>
</kw>
<kw name="Input Username On Login Page" library="loginPage">
<arg>${VALID_USERNAME}</arg>
<kw name="Input Text" library="AppiumLibrary">
<arg>${username-input}</arg>
<arg>${username}</arg>
<doc>Types the given `text` into text field identified by `locator`.</doc>
<msg timestamp="20231205 23:10:18.845" level="INFO">Typing text 'support@ngendigital.com' into text field '//*[@resource-id="com.example.myapplication:id/username"]'</msg>
<msg timestamp="20231205 23:10:18.951" level="INFO">xpath criteria: //*[@resource-id="com.example.myapplication:id/username"]</msg>
<status status="PASS" starttime="20231205 23:10:18.843" endtime="20231205 23:10:18.952"/>
</kw>
<status status="PASS" starttime="20231205 23:10:18.843" endtime="20231205 23:10:18.952"/>
</kw>
<kw name="Input Password On Login Page" library="loginPage">
<arg>${VALID_PASSWORD}</arg>
<kw name="Input Text" library="AppiumLibrary">
<arg>${password-input}</arg>
<arg>${password}</arg>
<doc>Types the given `text` into text field identified by `locator`.</doc>
<msg timestamp="20231205 23:10:18.956" level="INFO">Typing text 'abc123' into text field '//*[@resource-id="com.example.myapplication:id/password"]'</msg>
<msg timestamp="20231205 23:10:19.525" level="INFO">xpath criteria: //*[@resource-id="com.example.myapplication:id/password"]</msg>
<status status="PASS" starttime="20231205 23:10:18.954" endtime="20231205 23:10:19.525"/>
</kw>
<status status="PASS" starttime="20231205 23:10:18.954" endtime="20231205 23:10:19.525"/>
</kw>
<kw name="Click Login Button On Login Page" library="loginPage">
<kw name="Click Element" library="AppiumLibrary">
<arg>${log-in-button}</arg>
<doc>Click element identified by `locator`.</doc>
<msg timestamp="20231205 23:10:19.528" level="INFO">Clicking element '//*[@resource-id="com.example.myapplication:id/signIn"]'.</msg>
<msg timestamp="20231205 23:10:20.054" level="INFO">xpath criteria: //*[@resource-id="com.example.myapplication:id/signIn"]</msg>
<status status="PASS" starttime="20231205 23:10:19.526" endtime="20231205 23:10:20.054"/>
</kw>
<status status="PASS" starttime="20231205 23:10:19.526" endtime="20231205 23:10:20.054"/>
</kw>
<kw name="Wait Until Page Contains Element" library="AppiumLibrary">
<arg>xpath=//*[contains(@text, "Sign Out")]</arg>
<doc>Waits until element specified with `locator` appears on current page.</doc>
<msg timestamp="20231205 23:10:20.785" level="INFO">xpath criteria: //*[contains(@text, "Sign Out")]
xpath criteria: //*[contains(@text, "Sign Out")]</msg>
<status status="PASS" starttime="20231205 23:10:20.059" endtime="20231205 23:10:20.785"/>
</kw>
<kw name="Open Book" library="bookPage">
<kw name="Click Element" library="AppiumLibrary">
<arg>${book-button}</arg>
<doc>Click element identified by `locator`.</doc>
<msg timestamp="20231205 23:10:20.789" level="INFO">Clicking element '//android.widget.Button[@resource-id="com.example.myapplication:id/book"]'.</msg>
<msg timestamp="20231205 23:10:20.916" level="INFO">xpath criteria: //android.widget.Button[@resource-id="com.example.myapplication:id/book"]</msg>
<status status="PASS" starttime="20231205 23:10:20.786" endtime="20231205 23:10:20.916"/>
</kw>
<status status="PASS" starttime="20231205 23:10:20.786" endtime="20231205 23:10:20.916"/>
</kw>
<kw name="Wait Until Element Is Visible" library="AppiumLibrary">
<arg>${one-way-button}</arg>
<doc>Waits until element specified with `locator` is visible.</doc>
<msg timestamp="20231205 23:10:21.913" level="INFO">xpath criteria: //android.support.v7.app.ActionBar.Tab[@content-desc="One Way"]
xpath criteria: //android.support.v7.app.ActionBar.Tab[@content-desc="One Way"]</msg>
<status status="PASS" starttime="20231205 23:10:20.919" endtime="20231205 23:10:21.913"/>
</kw>
<kw name="Choose One-way Flight" library="bookPage">
<kw name="Click Element" library="AppiumLibrary">
<arg>${one-way-button}</arg>
<doc>Click element identified by `locator`.</doc>
<msg timestamp="20231205 23:10:21.917" level="INFO">Clicking element '//android.support.v7.app.ActionBar.Tab[@content-desc="One Way"]'.</msg>
<msg timestamp="20231205 23:10:22.064" level="INFO">xpath criteria: //android.support.v7.app.ActionBar.Tab[@content-desc="One Way"]</msg>
<status status="PASS" starttime="20231205 23:10:21.915" endtime="20231205 23:10:22.064"/>
</kw>
<status status="PASS" starttime="20231205 23:10:21.914" endtime="20231205 23:10:22.065"/>
</kw>
<kw name="Choose From City Chicago" library="bookPage">
<kw name="Click Element" library="AppiumLibrary">
<arg>${from-city-button}</arg>
<doc>Click element identified by `locator`.</doc>
<msg timestamp="20231205 23:10:22.068" level="INFO">Clicking element '//android.widget.Spinner[@resource-id="com.example.myapplication:id/spinnerFrom"]'.</msg>
<msg timestamp="20231205 23:10:22.708" level="INFO">xpath criteria: //android.widget.Spinner[@resource-id="com.example.myapplication:id/spinnerFrom"]</msg>
<status status="PASS" starttime="20231205 23:10:22.066" endtime="20231205 23:10:22.709"/>
</kw>
<kw name="Wait Until Element Is Visible" library="AppiumLibrary">
<arg>${chicago}</arg>
<doc>Waits until element specified with `locator` is visible.</doc>
<msg timestamp="20231205 23:10:23.644" level="INFO">xpath criteria: //android.widget.TextView[@resource-id="android:id/text1" and @text="Chicago"]
xpath criteria: //android.widget.TextView[@resource-id="android:id/text1" and @text="Chicago"]</msg>
<status status="PASS" starttime="20231205 23:10:22.709" endtime="20231205 23:10:23.644"/>
</kw>
<kw name="Click Element" library="AppiumLibrary">
<arg>${chicago}</arg>
<doc>Click element identified by `locator`.</doc>
<msg timestamp="20231205 23:10:23.647" level="INFO">Clicking element '//android.widget.TextView[@resource-id="android:id/text1" and @text="Chicago"]'.</msg>
<msg timestamp="20231205 23:10:24.400" level="INFO">xpath criteria: //android.widget.TextView[@resource-id="android:id/text1" and @text="Chicago"]</msg>
<status status="PASS" starttime="20231205 23:10:23.645" endtime="20231205 23:10:24.400"/>
</kw>
<status status="PASS" starttime="20231205 23:10:22.065" endtime="20231205 23:10:24.400"/>
</kw>
<kw name="Choose To City Ottawa" library="bookPage">
<kw name="Click Element" library="AppiumLibrary">
<arg>${to-city-button}</arg>
<doc>Click element identified by `locator`.</doc>
<msg timestamp="20231205 23:10:24.404" level="INFO">Clicking element '//android.widget.Spinner[@resource-id="com.example.myapplication:id/spinnerTo"]'.</msg>
<msg timestamp="20231205 23:10:24.523" level="INFO">xpath criteria: //android.widget.Spinner[@resource-id="com.example.myapplication:id/spinnerTo"]</msg>
<status status="PASS" starttime="20231205 23:10:24.401" endtime="20231205 23:10:24.523"/>
</kw>
<kw name="Wait Until Element Is Visible" library="AppiumLibrary">
<arg>${ottawa}</arg>
<doc>Waits until element specified with `locator` is visible.</doc>
<msg timestamp="20231205 23:10:25.446" level="INFO">xpath criteria: //android.widget.TextView[@resource-id="android:id/text1" and @text="Ottawa"]
xpath criteria: //android.widget.TextView[@resource-id="android:id/text1" and @text="Ottawa"]</msg>
<status status="PASS" starttime="20231205 23:10:24.523" endtime="20231205 23:10:25.446"/>
</kw>
<kw name="Click Element" library="AppiumLibrary">
<arg>${ottawa}</arg>
<doc>Click element identified by `locator`.</doc>
<msg timestamp="20231205 23:10:25.448" level="INFO">Clicking element '//android.widget.TextView[@resource-id="android:id/text1" and @text="Ottawa"]'.</msg>
<msg timestamp="20231205 23:10:26.167" level="INFO">xpath criteria: //android.widget.TextView[@resource-id="android:id/text1" and @text="Ottawa"]</msg>
<status status="PASS" starttime="20231205 23:10:25.446" endtime="20231205 23:10:26.167"/>
</kw>
<status status="PASS" starttime="20231205 23:10:24.401" endtime="20231205 23:10:26.167"/>
</kw>
<kw name="Choose Class First" library="bookPage">
<kw name="Click Element" library="AppiumLibrary">
<arg>${class-button}</arg>
<doc>Click element identified by `locator`.</doc>
<msg timestamp="20231205 23:10:26.171" level="INFO">Clicking element '//android.widget.Spinner[@resource-id="com.example.myapplication:id/spinnerClass"]'.</msg>
<msg timestamp="20231205 23:10:26.359" level="INFO">xpath criteria: //android.widget.Spinner[@resource-id="com.example.myapplication:id/spinnerClass"]</msg>
<status status="PASS" starttime="20231205 23:10:26.169" endtime="20231205 23:10:26.360"/>
</kw>
<kw name="Wait Until Element Is Visible" library="AppiumLibrary">
<arg>${first}</arg>
<doc>Waits until element specified with `locator` is visible.</doc>
<msg timestamp="20231205 23:10:27.215" level="INFO">xpath criteria: //android.widget.TextView[@resource-id="android:id/text1" and @text="First"]</msg>
<status status="PASS" starttime="20231205 23:10:26.360" endtime="20231205 23:10:27.215"/>
</kw>
<kw name="Click Element" library="AppiumLibrary">
<arg>${first}</arg>
<doc>Click element identified by `locator`.</doc>
<msg timestamp="20231205 23:10:27.217" level="INFO">Clicking element '//android.widget.TextView[@resource-id="android:id/text1" and @text="First"]'.</msg>
<msg timestamp="20231205 23:10:27.927" level="INFO">xpath criteria: //android.widget.TextView[@resource-id="android:id/text1" and @text="First"]</msg>
<status status="PASS" starttime="20231205 23:10:27.215" endtime="20231205 23:10:27.928"/>
</kw>
<status status="PASS" starttime="20231205 23:10:26.168" endtime="20231205 23:10:27.928"/>
</kw>
<kw name="Choose Start Date" library="bookPage">
<kw name="Click Element" library="AppiumLibrary">
<arg>${start-date}</arg>
<doc>Click element identified by `locator`.</doc>
<msg timestamp="20231205 23:10:27.931" level="INFO">Clicking element '//android.widget.TextView[@resource-id="com.example.myapplication:id/textStartDate"]'.</msg>
<msg timestamp="20231205 23:10:28.044" level="INFO">xpath criteria: //android.widget.TextView[@resource-id="com.example.myapplication:id/textStartDate"]</msg>
<status status="PASS" starttime="20231205 23:10:27.929" endtime="20231205 23:10:28.044"/>
</kw>
<kw name="Wait Until Element Is Visible" library="AppiumLibrary">
<arg>${01-aug}</arg>
<doc>Waits until element specified with `locator` is visible.</doc>
<msg timestamp="20231205 23:10:28.850" level="INFO">xpath criteria: //android.view.View[@content-desc="01 August 2019"]
xpath criteria: //android.view.View[@content-desc="01 August 2019"]</msg>
<status status="PASS" starttime="20231205 23:10:28.044" endtime="20231205 23:10:28.850"/>
</kw>
<kw name="Click Element" library="AppiumLibrary">
<arg>${01-aug}</arg>
<doc>Click element identified by `locator`.</doc>
<msg timestamp="20231205 23:10:28.852" level="INFO">Clicking element '//android.view.View[@content-desc="01 August 2019"]'.</msg>
<msg timestamp="20231205 23:10:29.499" level="INFO">xpath criteria: //android.view.View[@content-desc="01 August 2019"]</msg>
<status status="PASS" starttime="20231205 23:10:28.850" endtime="20231205 23:10:29.499"/>
</kw>
<kw name="Click Element" library="AppiumLibrary">
<arg>${date-ok-button}</arg>
<doc>Click element identified by `locator`.</doc>
<msg timestamp="20231205 23:10:29.503" level="INFO">Clicking element '//android.widget.Button[@resource-id="android:id/button1"]'.</msg>
<msg timestamp="20231205 23:10:29.696" level="INFO">xpath criteria: //android.widget.Button[@resource-id="android:id/button1"]</msg>
<status status="PASS" starttime="20231205 23:10:29.501" endtime="20231205 23:10:29.696"/>
</kw>
<status status="PASS" starttime="20231205 23:10:27.928" endtime="20231205 23:10:29.696"/>
</kw>
<kw name="Choose End Date" library="bookPage">
<kw name="Click Element" library="AppiumLibrary">
<arg>${end-date}</arg>
<doc>Click element identified by `locator`.</doc>
<msg timestamp="20231205 23:10:29.699" level="INFO">Clicking element '//android.widget.TextView[@resource-id="com.example.myapplication:id/textEndDate"]'.</msg>
<msg timestamp="20231205 23:10:30.325" level="INFO">xpath criteria: //android.widget.TextView[@resource-id="com.example.myapplication:id/textEndDate"]</msg>
<status status="PASS" starttime="20231205 23:10:29.697" endtime="20231205 23:10:30.325"/>
</kw>
<kw name="Wait Until Element Is Visible" library="AppiumLibrary">
<arg>${31-aug}</arg>
<doc>Waits until element specified with `locator` is visible.</doc>
<msg timestamp="20231205 23:10:31.052" level="INFO">xpath criteria: //android.view.View[@content-desc="31 August 2019"]
xpath criteria: //android.view.View[@content-desc="31 August 2019"]</msg>
<status status="PASS" starttime="20231205 23:10:30.325" endtime="20231205 23:10:31.052"/>
</kw>
<kw name="Click Element" library="AppiumLibrary">
<arg>${31-aug}</arg>
<doc>Click element identified by `locator`.</doc>
<msg timestamp="20231205 23:10:31.055" level="INFO">Clicking element '//android.view.View[@content-desc="31 August 2019"]'.</msg>
<msg timestamp="20231205 23:10:31.797" level="INFO">xpath criteria: //android.view.View[@content-desc="31 August 2019"]</msg>
<status status="PASS" starttime="20231205 23:10:31.053" endtime="20231205 23:10:31.798"/>
</kw>
<kw name="Click Element" library="AppiumLibrary">
<arg>${date-ok-button}</arg>
<doc>Click element identified by `locator`.</doc>
<msg timestamp="20231205 23:10:31.800" level="INFO">Clicking element '//android.widget.Button[@resource-id="android:id/button1"]'.</msg>
<msg timestamp="20231205 23:10:31.965" level="INFO">xpath criteria: //android.widget.Button[@resource-id="android:id/button1"]</msg>
<status status="PASS" starttime="20231205 23:10:31.798" endtime="20231205 23:10:31.966"/>
</kw>
<status status="PASS" starttime="20231205 23:10:29.697" endtime="20231205 23:10:31.966"/>
</kw>
<kw name="Choose Flight Only" library="bookPage">
<kw name="Wait Until Element Is Visible" library="AppiumLibrary">
<arg>${flight-button}</arg>
<doc>Waits until element specified with `locator` is visible.</doc>
<msg timestamp="20231205 23:10:32.563" level="INFO">xpath criteria: //android.widget.RadioButton[@resource-id="com.example.myapplication:id/radioButtonFlight"]</msg>
<status status="PASS" starttime="20231205 23:10:31.976" endtime="20231205 23:10:32.563"/>
</kw>
<kw name="Click Element" library="AppiumLibrary">
<arg>${flight-button}</arg>
<doc>Click element identified by `locator`.</doc>
<msg timestamp="20231205 23:10:32.565" level="INFO">Clicking element '//android.widget.RadioButton[@resource-id="com.example.myapplication:id/radioButtonFlight"]'.</msg>
<msg timestamp="20231205 23:10:32.663" level="INFO">xpath criteria: //android.widget.RadioButton[@resource-id="com.example.myapplication:id/radioButtonFlight"]</msg>
<status status="PASS" starttime="20231205 23:10:32.563" endtime="20231205 23:10:32.663"/>
</kw>
<status status="PASS" starttime="20231205 23:10:31.975" endtime="20231205 23:10:32.663"/>
</kw>
<kw name="Submit Book" library="bookPage">
<kw name="Click Element" library="AppiumLibrary">
<arg>${submit-book-button}</arg>
<doc>Click element identified by `locator`.</doc>
<msg timestamp="20231205 23:10:32.670" level="INFO">Clicking element '//android.widget.Button[@resource-id="com.example.myapplication:id/book_flight"]'.</msg>
<msg timestamp="20231205 23:10:34.365" level="INFO">xpath criteria: //android.widget.Button[@resource-id="com.example.myapplication:id/book_flight"]</msg>
<status status="PASS" starttime="20231205 23:10:32.668" endtime="20231205 23:10:34.365"/>
</kw>
<status status="PASS" starttime="20231205 23:10:32.668" endtime="20231205 23:10:34.365"/>
</kw>
<kw name="Choose and Confirm Price" library="bookPage">
<kw name="Wait Until Element Is Visible" library="AppiumLibrary">
<arg>${choose-price-button}</arg>
<doc>Waits until element specified with `locator` is visible.</doc>
<msg timestamp="20231205 23:10:34.477" level="INFO">xpath criteria: //android.widget.Button[@resource-id="com.example.myapplication:id/price9"]</msg>
<status status="PASS" starttime="20231205 23:10:34.372" endtime="20231205 23:10:34.478"/>
</kw>
<kw name="Click Element" library="AppiumLibrary">
<arg>${choose-price-button}</arg>
<doc>Click element identified by `locator`.</doc>
<msg timestamp="20231205 23:10:34.480" level="INFO">Clicking element '//android.widget.Button[@resource-id="com.example.myapplication:id/price9"]'.</msg>
<msg timestamp="20231205 23:10:34.609" level="INFO">xpath criteria: //android.widget.Button[@resource-id="com.example.myapplication:id/price9"]</msg>
<status status="PASS" starttime="20231205 23:10:34.478" endtime="20231205 23:10:34.609"/>
</kw>
<kw name="Click Element" library="AppiumLibrary">
<arg>${confirm-button}</arg>
<doc>Click element identified by `locator`.</doc>
<msg timestamp="20231205 23:10:34.611" level="INFO">Clicking element '//android.widget.Button[@resource-id="com.example.myapplication:id/confirm_order"]'.</msg>
<msg timestamp="20231205 23:10:35.343" level="INFO">xpath criteria: //android.widget.Button[@resource-id="com.example.myapplication:id/confirm_order"]</msg>
<status status="PASS" starttime="20231205 23:10:34.609" endtime="20231205 23:10:35.343"/>
</kw>
<status status="PASS" starttime="20231205 23:10:34.371" endtime="20231205 23:10:35.343"/>
</kw>
<kw name="Wait Until Page Contains Element" library="AppiumLibrary">
<arg>xpath=//*[contains(@text, "Your flight is booked")]</arg>
<doc>Waits until element specified with `locator` appears on current page.</doc>
<msg timestamp="20231205 23:10:36.009" level="INFO">xpath criteria: //*[contains(@text, "Your flight is booked")]
xpath criteria: //*[contains(@text, "Your flight is booked")]</msg>
<status status="PASS" starttime="20231205 23:10:35.345" endtime="20231205 23:10:36.009"/>
</kw>
<kw name="Close Flight Application" library="base">
<kw name="Close Application" library="AppiumLibrary">
<doc>Closes the current application and also close webdriver session.</doc>
<status status="PASS" starttime="20231205 23:10:36.010" endtime="20231205 23:10:36.380"/>
</kw>
<status status="PASS" starttime="20231205 23:10:36.010" endtime="20231205 23:10:36.380"/>
</kw>
<status status="PASS" starttime="20231205 23:10:09.094" endtime="20231205 23:10:36.381"/>
</test>
<test id="s1-s1-t3" name="Book: One way - New York - London - Bussiness - Flight and Hotel - with Day" line="60">
<kw name="Open Flight Application" library="base">
<kw name="Open Application" library="AppiumLibrary">
<arg>remote_url=${REMOTE_URL}</arg>
<arg>platformName=${PLAFORM_NAME}</arg>
<arg>platformVersion=${PLATFORM_VERSION}</arg>
<arg>deviceName=${DEVICE_NAME}</arg>
<arg>appPackage=${APP_PACKAGE}</arg>
<arg>appActivity=${APP_ACTIVITY}</arg>
<doc>Opens a new application to given Appium server.
Capabilities of appium server, Android and iOS,
Please check https://github.com/appium/appium/blob/master/docs/en/writing-running-appium/server-args.md
| *Option*            | *Man.* | *Description*     |
| remote_url          | Yes    | Appium server url |
| alias               | no     | alias             |
| strict_ssl          | No     | allows you to send commands to an invalid certificate host like a self-signed one. |</doc>
<status status="PASS" starttime="20231205 23:10:36.391" endtime="20231205 23:10:44.465"/>
</kw>
<status status="PASS" starttime="20231205 23:10:36.390" endtime="20231205 23:10:44.465"/>
</kw>
<kw name="Click Sign In Button On Home Page" library="homePage">
<kw name="Click Element" library="AppiumLibrary">
<arg>${sign-in-button}</arg>
<doc>Click element identified by `locator`.</doc>
<msg timestamp="20231205 23:10:44.475" level="INFO">Clicking element '//*[@resource-id="com.example.myapplication:id/login"]'.</msg>
<msg timestamp="20231205 23:10:45.478" level="INFO">xpath criteria: //*[@resource-id="com.example.myapplication:id/login"]</msg>
<status status="PASS" starttime="20231205 23:10:44.471" endtime="20231205 23:10:45.478"/>
</kw>
<status status="PASS" starttime="20231205 23:10:44.471" endtime="20231205 23:10:45.478"/>
</kw>
<kw name="Wait Until Element Is Visible" library="AppiumLibrary">
<arg>${username-input}</arg>
<doc>Waits until element specified with `locator` is visible.</doc>
<msg timestamp="20231205 23:10:46.335" level="INFO">xpath criteria: //*[@resource-id="com.example.myapplication:id/username"]
xpath criteria: //*[@resource-id="com.example.myapplication:id/username"]</msg>
<status status="PASS" starttime="20231205 23:10:45.485" endtime="20231205 23:10:46.335"/>
</kw>
<kw name="Input Username On Login Page" library="loginPage">
<arg>${VALID_USERNAME}</arg>
<kw name="Input Text" library="AppiumLibrary">
<arg>${username-input}</arg>
<arg>${username}</arg>
<doc>Types the given `text` into text field identified by `locator`.</doc>
<msg timestamp="20231205 23:10:46.340" level="INFO">Typing text 'support@ngendigital.com' into text field '//*[@resource-id="com.example.myapplication:id/username"]'</msg>
<msg timestamp="20231205 23:10:46.455" level="INFO">xpath criteria: //*[@resource-id="com.example.myapplication:id/username"]</msg>
<status status="PASS" starttime="20231205 23:10:46.337" endtime="20231205 23:10:46.455"/>
</kw>
<status status="PASS" starttime="20231205 23:10:46.337" endtime="20231205 23:10:46.455"/>
</kw>
<kw name="Input Password On Login Page" library="loginPage">
<arg>${VALID_PASSWORD}</arg>
<kw name="Input Text" library="AppiumLibrary">
<arg>${password-input}</arg>
<arg>${password}</arg>
<doc>Types the given `text` into text field identified by `locator`.</doc>
<msg timestamp="20231205 23:10:46.462" level="INFO">Typing text 'abc123' into text field '//*[@resource-id="com.example.myapplication:id/password"]'</msg>
<msg timestamp="20231205 23:10:47.017" level="INFO">xpath criteria: //*[@resource-id="com.example.myapplication:id/password"]</msg>
<status status="PASS" starttime="20231205 23:10:46.459" endtime="20231205 23:10:47.017"/>
</kw>
<status status="PASS" starttime="20231205 23:10:46.459" endtime="20231205 23:10:47.018"/>
</kw>
<kw name="Click Login Button On Login Page" library="loginPage">
<kw name="Click Element" library="AppiumLibrary">
<arg>${log-in-button}</arg>
<doc>Click element identified by `locator`.</doc>
<msg timestamp="20231205 23:10:47.021" level="INFO">Clicking element '//*[@resource-id="com.example.myapplication:id/signIn"]'.</msg>
<msg timestamp="20231205 23:10:47.663" level="INFO">xpath criteria: //*[@resource-id="com.example.myapplication:id/signIn"]</msg>
<status status="PASS" starttime="20231205 23:10:47.019" endtime="20231205 23:10:47.663"/>
</kw>
<status status="PASS" starttime="20231205 23:10:47.018" endtime="20231205 23:10:47.663"/>
</kw>
<kw name="Wait Until Page Contains Element" library="AppiumLibrary">
<arg>xpath=//*[contains(@text, "Sign Out")]</arg>
<doc>Waits until element specified with `locator` appears on current page.</doc>
<msg timestamp="20231205 23:10:48.352" level="INFO">xpath criteria: //*[contains(@text, "Sign Out")]
xpath criteria: //*[contains(@text, "Sign Out")]</msg>
<status status="PASS" starttime="20231205 23:10:47.664" endtime="20231205 23:10:48.353"/>
</kw>
<kw name="Open Book" library="bookPage">
<kw name="Click Element" library="AppiumLibrary">
<arg>${book-button}</arg>
<doc>Click element identified by `locator`.</doc>
<msg timestamp="20231205 23:10:48.356" level="INFO">Clicking element '//android.widget.Button[@resource-id="com.example.myapplication:id/book"]'.</msg>
<msg timestamp="20231205 23:10:48.458" level="INFO">xpath criteria: //android.widget.Button[@resource-id="com.example.myapplication:id/book"]</msg>
<status status="PASS" starttime="20231205 23:10:48.354" endtime="20231205 23:10:48.458"/>
</kw>
<status status="PASS" starttime="20231205 23:10:48.353" endtime="20231205 23:10:48.459"/>
</kw>
<kw name="Wait Until Element Is Visible" library="AppiumLibrary">
<arg>${one-way-button}</arg>
<doc>Waits until element specified with `locator` is visible.</doc>
<msg timestamp="20231205 23:10:49.358" level="INFO">xpath criteria: //android.support.v7.app.ActionBar.Tab[@content-desc="One Way"]
xpath criteria: //android.support.v7.app.ActionBar.Tab[@content-desc="One Way"]</msg>
<status status="PASS" starttime="20231205 23:10:48.459" endtime="20231205 23:10:49.358"/>
</kw>
<kw name="Choose One-way Flight" library="bookPage">
<kw name="Click Element" library="AppiumLibrary">
<arg>${one-way-button}</arg>
<doc>Click element identified by `locator`.</doc>
<msg timestamp="20231205 23:10:49.361" level="INFO">Clicking element '//android.support.v7.app.ActionBar.Tab[@content-desc="One Way"]'.</msg>
<msg timestamp="20231205 23:10:49.496" level="INFO">xpath criteria: //android.support.v7.app.ActionBar.Tab[@content-desc="One Way"]</msg>
<status status="PASS" starttime="20231205 23:10:49.359" endtime="20231205 23:10:49.496"/>
</kw>
<status status="PASS" starttime="20231205 23:10:49.359" endtime="20231205 23:10:49.496"/>
</kw>
<kw name="Choose From City New York" library="bookPage">
<kw name="Click Element" library="AppiumLibrary">
<arg>${from-city-button}</arg>
<doc>Click element identified by `locator`.</doc>
<msg timestamp="20231205 23:10:49.499" level="INFO">Clicking element '//android.widget.Spinner[@resource-id="com.example.myapplication:id/spinnerFrom"]'.</msg>
<msg timestamp="20231205 23:10:50.023" level="INFO">xpath criteria: //android.widget.Spinner[@resource-id="com.example.myapplication:id/spinnerFrom"]</msg>
<status status="PASS" starttime="20231205 23:10:49.497" endtime="20231205 23:10:50.023"/>
</kw>
<kw name="Wait Until Element Is Visible" library="AppiumLibrary">
<arg>${newyork}</arg>
<doc>Waits until element specified with `locator` is visible.</doc>
<msg timestamp="20231205 23:10:50.930" level="INFO">xpath criteria: //android.widget.TextView[@resource-id="android:id/text1" and @text="New York"]</msg>
<status status="PASS" starttime="20231205 23:10:50.023" endtime="20231205 23:10:50.930"/>
</kw>
<kw name="Click Element" library="AppiumLibrary">
<arg>${newyork}</arg>
<doc>Click element identified by `locator`.</doc>
<msg timestamp="20231205 23:10:50.932" level="INFO">Clicking element '//android.widget.TextView[@resource-id="android:id/text1" and @text="New York"]'.</msg>
<msg timestamp="20231205 23:10:51.659" level="INFO">xpath criteria: //android.widget.TextView[@resource-id="android:id/text1" and @text="New York"]</msg>
<status status="PASS" starttime="20231205 23:10:50.930" endtime="20231205 23:10:51.659"/>
</kw>
<status status="PASS" starttime="20231205 23:10:49.497" endtime="20231205 23:10:51.660"/>
</kw>
<kw name="Choose To City London" library="bookPage">
<kw name="Click Element" library="AppiumLibrary">
<arg>${to-city-button}</arg>
<doc>Click element identified by `locator`.</doc>
<msg timestamp="20231205 23:10:51.663" level="INFO">Clicking element '//android.widget.Spinner[@resource-id="com.example.myapplication:id/spinnerTo"]'.</msg>
<msg timestamp="20231205 23:10:51.800" level="INFO">xpath criteria: //android.widget.Spinner[@resource-id="com.example.myapplication:id/spinnerTo"]</msg>
<status status="PASS" starttime="20231205 23:10:51.661" endtime="20231205 23:10:51.801"/>
</kw>
<kw name="Wait Until Element Is Visible" library="AppiumLibrary">
<arg>${london}</arg>
<doc>Waits until element specified with `locator` is visible.</doc>
<msg timestamp="20231205 23:10:52.655" level="INFO">xpath criteria: //android.widget.TextView[@resource-id="android:id/text1" and @text="London"]</msg>
<status status="PASS" starttime="20231205 23:10:51.801" endtime="20231205 23:10:52.655"/>
</kw>
<kw name="Click Element" library="AppiumLibrary">
<arg>${london}</arg>
<doc>Click element identified by `locator`.</doc>
<msg timestamp="20231205 23:10:52.658" level="INFO">Clicking element '//android.widget.TextView[@resource-id="android:id/text1" and @text="London"]'.</msg>
<msg timestamp="20231205 23:10:53.375" level="INFO">xpath criteria: //android.widget.TextView[@resource-id="android:id/text1" and @text="London"]</msg>
<status status="PASS" starttime="20231205 23:10:52.656" endtime="20231205 23:10:53.376"/>
</kw>
<status status="PASS" starttime="20231205 23:10:51.660" endtime="20231205 23:10:53.376"/>
</kw>
<kw name="Choose Class Bussiness" library="bookPage">
<kw name="Click Element" library="AppiumLibrary">
<arg>${class-button}</arg>
<doc>Click element identified by `locator`.</doc>
<msg timestamp="20231205 23:10:53.379" level="INFO">Clicking element '//android.widget.Spinner[@resource-id="com.example.myapplication:id/spinnerClass"]'.</msg>
<msg timestamp="20231205 23:10:53.506" level="INFO">xpath criteria: //android.widget.Spinner[@resource-id="com.example.myapplication:id/spinnerClass"]</msg>
<status status="PASS" starttime="20231205 23:10:53.377" endtime="20231205 23:10:53.506"/>
</kw>
<kw name="Wait Until Element Is Visible" library="AppiumLibrary">
<arg>${bussines}</arg>
<doc>Waits until element specified with `locator` is visible.</doc>
<msg timestamp="20231205 23:10:54.415" level="INFO">xpath criteria: //android.widget.TextView[@resource-id="android:id/text1" and @text="Business"]
xpath criteria: //android.widget.TextView[@resource-id="android:id/text1" and @text="Business"]</msg>
<status status="PASS" starttime="20231205 23:10:53.507" endtime="20231205 23:10:54.416"/>
</kw>
<kw name="Click Element" library="AppiumLibrary">
<arg>${bussines}</arg>
<doc>Click element identified by `locator`.</doc>
<msg timestamp="20231205 23:10:54.418" level="INFO">Clicking element '//android.widget.TextView[@resource-id="android:id/text1" and @text="Business"]'.</msg>
<msg timestamp="20231205 23:10:55.126" level="INFO">xpath criteria: //android.widget.TextView[@resource-id="android:id/text1" and @text="Business"]</msg>
<status status="PASS" starttime="20231205 23:10:54.416" endtime="20231205 23:10:55.126"/>
</kw>
<status status="PASS" starttime="20231205 23:10:53.376" endtime="20231205 23:10:55.126"/>
</kw>
<kw name="Choose Start Date" library="bookPage">
<kw name="Click Element" library="AppiumLibrary">
<arg>${start-date}</arg>
<doc>Click element identified by `locator`.</doc>
<msg timestamp="20231205 23:10:55.129" level="INFO">Clicking element '//android.widget.TextView[@resource-id="com.example.myapplication:id/textStartDate"]'.</msg>
<msg timestamp="20231205 23:10:55.256" level="INFO">xpath criteria: //android.widget.TextView[@resource-id="com.example.myapplication:id/textStartDate"]</msg>
<status status="PASS" starttime="20231205 23:10:55.127" endtime="20231205 23:10:55.256"/>
</kw>
<kw name="Wait Until Element Is Visible" library="AppiumLibrary">
<arg>${01-aug}</arg>
<doc>Waits until element specified with `locator` is visible.</doc>
<msg timestamp="20231205 23:10:56.062" level="INFO">xpath criteria: //android.view.View[@content-desc="01 August 2019"]
xpath criteria: //android.view.View[@content-desc="01 August 2019"]</msg>
<status status="PASS" starttime="20231205 23:10:55.256" endtime="20231205 23:10:56.062"/>
</kw>
<kw name="Click Element" library="AppiumLibrary">
<arg>${01-aug}</arg>
<doc>Click element identified by `locator`.</doc>
<msg timestamp="20231205 23:10:56.064" level="INFO">Clicking element '//android.view.View[@content-desc="01 August 2019"]'.</msg>
<msg timestamp="20231205 23:10:56.733" level="INFO">xpath criteria: //android.view.View[@content-desc="01 August 2019"]</msg>
<status status="PASS" starttime="20231205 23:10:56.062" endtime="20231205 23:10:56.733"/>
</kw>
<kw name="Click Element" library="AppiumLibrary">
<arg>${date-ok-button}</arg>
<doc>Click element identified by `locator`.</doc>
<msg timestamp="20231205 23:10:56.735" level="INFO">Clicking element '//android.widget.Button[@resource-id="android:id/button1"]'.</msg>
<msg timestamp="20231205 23:10:56.960" level="INFO">xpath criteria: //android.widget.Button[@resource-id="android:id/button1"]</msg>
<status status="PASS" starttime="20231205 23:10:56.733" endtime="20231205 23:10:56.960"/>
</kw>
<status status="PASS" starttime="20231205 23:10:55.127" endtime="20231205 23:10:56.960"/>
</kw>
<kw name="Choose End Date" library="bookPage">
<kw name="Click Element" library="AppiumLibrary">
<arg>${end-date}</arg>
<doc>Click element identified by `locator`.</doc>
<msg timestamp="20231205 23:10:56.963" level="INFO">Clicking element '//android.widget.TextView[@resource-id="com.example.myapplication:id/textEndDate"]'.</msg>
<msg timestamp="20231205 23:10:57.622" level="INFO">xpath criteria: //android.widget.TextView[@resource-id="com.example.myapplication:id/textEndDate"]</msg>
<status status="PASS" starttime="20231205 23:10:56.961" endtime="20231205 23:10:57.622"/>
</kw>
<kw name="Wait Until Element Is Visible" library="AppiumLibrary">
<arg>${31-aug}</arg>
<doc>Waits until element specified with `locator` is visible.</doc>
<msg timestamp="20231205 23:10:58.257" level="INFO">xpath criteria: //android.view.View[@content-desc="31 August 2019"]</msg>
<status status="PASS" starttime="20231205 23:10:57.623" endtime="20231205 23:10:58.257"/>
</kw>
<kw name="Click Element" library="AppiumLibrary">
<arg>${31-aug}</arg>
<doc>Click element identified by `locator`.</doc>
<msg timestamp="20231205 23:10:58.259" level="INFO">Clicking element '//android.view.View[@content-desc="31 August 2019"]'.</msg>
<msg timestamp="20231205 23:10:59.015" level="INFO">xpath criteria: //android.view.View[@content-desc="31 August 2019"]</msg>
<status status="PASS" starttime="20231205 23:10:58.257" endtime="20231205 23:10:59.016"/>
</kw>
<kw name="Click Element" library="AppiumLibrary">
<arg>${date-ok-button}</arg>
<doc>Click element identified by `locator`.</doc>
<msg timestamp="20231205 23:10:59.018" level="INFO">Clicking element '//android.widget.Button[@resource-id="android:id/button1"]'.</msg>
<msg timestamp="20231205 23:10:59.186" level="INFO">xpath criteria: //android.widget.Button[@resource-id="android:id/button1"]</msg>
<status status="PASS" starttime="20231205 23:10:59.016" endtime="20231205 23:10:59.186"/>
</kw>
<status status="PASS" starttime="20231205 23:10:56.961" endtime="20231205 23:10:59.187"/>
</kw>
<kw name="Choose Flight and Hotel" library="bookPage">
<kw name="Wait Until Element Is Visible" library="AppiumLibrary">
<arg>${flight-hotel-button}</arg>
<doc>Waits until element specified with `locator` is visible.</doc>
<msg timestamp="20231205 23:10:59.777" level="INFO">xpath criteria: //android.widget.RadioButton[@resource-id="com.example.myapplication:id/radioButtonFlightHotel"]</msg>
<status status="PASS" starttime="20231205 23:10:59.192" endtime="20231205 23:10:59.777"/>
</kw>
<kw name="Click Element" library="AppiumLibrary">
<arg>${flight-hotel-button}</arg>
<doc>Click element identified by `locator`.</doc>
<msg timestamp="20231205 23:10:59.780" level="INFO">Clicking element '//android.widget.RadioButton[@resource-id="com.example.myapplication:id/radioButtonFlightHotel"]'.</msg>
<msg timestamp="20231205 23:10:59.895" level="INFO">xpath criteria: //android.widget.RadioButton[@resource-id="com.example.myapplication:id/radioButtonFlightHotel"]</msg>
<status status="PASS" starttime="20231205 23:10:59.778" endtime="20231205 23:10:59.896"/>
</kw>
<status status="PASS" starttime="20231205 23:10:59.191" endtime="20231205 23:10:59.896"/>
</kw>
<kw name="Choose Checkbox Day" library="bookPage">
<kw name="Wait Until Element Is Visible" library="AppiumLibrary">
<arg>${checkbox-day-button}</arg>
<doc>Waits until element specified with `locator` is visible.</doc>
<msg timestamp="20231205 23:11:00.512" level="INFO">xpath criteria: //android.widget.CheckBox[@resource-id="com.example.myapplication:id/checkBoxDay"]</msg>
<status status="PASS" starttime="20231205 23:10:59.906" endtime="20231205 23:11:00.512"/>
</kw>
<kw name="Click Element" library="AppiumLibrary">
<arg>${checkbox-day-button}</arg>
<doc>Click element identified by `locator`.</doc>
<msg timestamp="20231205 23:11:00.515" level="INFO">Clicking element '//android.widget.CheckBox[@resource-id="com.example.myapplication:id/checkBoxDay"]'.</msg>
<msg timestamp="20231205 23:11:00.644" level="INFO">xpath criteria: //android.widget.CheckBox[@resource-id="com.example.myapplication:id/checkBoxDay"]</msg>
<status status="PASS" starttime="20231205 23:11:00.513" endtime="20231205 23:11:00.645"/>
</kw>
<status status="PASS" starttime="20231205 23:10:59.904" endtime="20231205 23:11:00.645"/>
</kw>
<kw name="Submit Book" library="bookPage">
<kw name="Click Element" library="AppiumLibrary">
<arg>${submit-book-button}</arg>
<doc>Click element identified by `locator`.</doc>
<msg timestamp="20231205 23:11:00.649" level="INFO">Clicking element '//android.widget.Button[@resource-id="com.example.myapplication:id/book_flight"]'.</msg>
<msg timestamp="20231205 23:11:01.291" level="INFO">xpath criteria: //android.widget.Button[@resource-id="com.example.myapplication:id/book_flight"]</msg>
<status status="PASS" starttime="20231205 23:11:00.646" endtime="20231205 23:11:01.292"/>
</kw>
<status status="PASS" starttime="20231205 23:11:00.646" endtime="20231205 23:11:01.292"/>
</kw>
<kw name="Choose and Confirm Price" library="bookPage">
<kw name="Wait Until Element Is Visible" library="AppiumLibrary">
<arg>${choose-price-button}</arg>
<doc>Waits until element specified with `locator` is visible.</doc>
<msg timestamp="20231205 23:11:02.005" level="INFO">xpath criteria: //android.widget.Button[@resource-id="com.example.myapplication:id/price9"]
xpath criteria: //android.widget.Button[@resource-id="com.example.myapplication:id/price9"]</msg>
<status status="PASS" starttime="20231205 23:11:01.294" endtime="20231205 23:11:02.006"/>
</kw>
<kw name="Click Element" library="AppiumLibrary">
<arg>${choose-price-button}</arg>
<doc>Click element identified by `locator`.</doc>
<msg timestamp="20231205 23:11:02.008" level="INFO">Clicking element '//android.widget.Button[@resource-id="com.example.myapplication:id/price9"]'.</msg>
<msg timestamp="20231205 23:11:02.712" level="INFO">xpath criteria: //android.widget.Button[@resource-id="com.example.myapplication:id/price9"]</msg>
<status status="PASS" starttime="20231205 23:11:02.006" endtime="20231205 23:11:02.712"/>
</kw>
<kw name="Click Element" library="AppiumLibrary">
<arg>${confirm-button}</arg>
<doc>Click element identified by `locator`.</doc>
<msg timestamp="20231205 23:11:02.714" level="INFO">Clicking element '//android.widget.Button[@resource-id="com.example.myapplication:id/confirm_order"]'.</msg>
<msg timestamp="20231205 23:11:02.817" level="INFO">xpath criteria: //android.widget.Button[@resource-id="com.example.myapplication:id/confirm_order"]</msg>
<status status="PASS" starttime="20231205 23:11:02.712" endtime="20231205 23:11:02.817"/>
</kw>
<status status="PASS" starttime="20231205 23:11:01.294" endtime="20231205 23:11:02.817"/>
</kw>
<kw name="Wait Until Page Contains Element" library="AppiumLibrary">
<arg>xpath=//*[contains(@text, "Your flight is booked")]</arg>
<doc>Waits until element specified with `locator` appears on current page.</doc>
<msg timestamp="20231205 23:11:03.447" level="INFO">xpath criteria: //*[contains(@text, "Your flight is booked")]
xpath criteria: //*[contains(@text, "Your flight is booked")]</msg>
<status status="PASS" starttime="20231205 23:11:02.819" endtime="20231205 23:11:03.448"/>
</kw>
<kw name="Close Flight Application" library="base">
<kw name="Close Application" library="AppiumLibrary">
<doc>Closes the current application and also close webdriver session.</doc>
<status status="PASS" starttime="20231205 23:11:03.450" endtime="20231205 23:11:03.971"/>
</kw>
<status status="PASS" starttime="20231205 23:11:03.449" endtime="20231205 23:11:03.971"/>
</kw>
<status status="PASS" starttime="20231205 23:10:36.389" endtime="20231205 23:11:03.972"/>
</test>
<test id="s1-s1-t4" name="Book: One way - New York - Ottawa - Economy - Flight and Hotel - without Day" line="83">
<kw name="Open Flight Application" library="base">
<kw name="Open Application" library="AppiumLibrary">
<arg>remote_url=${REMOTE_URL}</arg>
<arg>platformName=${PLAFORM_NAME}</arg>
<arg>platformVersion=${PLATFORM_VERSION}</arg>
<arg>deviceName=${DEVICE_NAME}</arg>
<arg>appPackage=${APP_PACKAGE}</arg>
<arg>appActivity=${APP_ACTIVITY}</arg>
<doc>Opens a new application to given Appium server.
Capabilities of appium server, Android and iOS,
Please check https://github.com/appium/appium/blob/master/docs/en/writing-running-appium/server-args.md
| *Option*            | *Man.* | *Description*     |
| remote_url          | Yes    | Appium server url |
| alias               | no     | alias             |
| strict_ssl          | No     | allows you to send commands to an invalid certificate host like a self-signed one. |</doc>
<status status="PASS" starttime="20231205 23:11:03.974" endtime="20231205 23:11:12.279"/>
</kw>
<status status="PASS" starttime="20231205 23:11:03.974" endtime="20231205 23:11:12.279"/>
</kw>
<kw name="Click Sign In Button On Home Page" library="homePage">
<kw name="Click Element" library="AppiumLibrary">
<arg>${sign-in-button}</arg>
<doc>Click element identified by `locator`.</doc>
<msg timestamp="20231205 23:11:12.282" level="INFO">Clicking element '//*[@resource-id="com.example.myapplication:id/login"]'.</msg>
<msg timestamp="20231205 23:11:13.238" level="INFO">xpath criteria: //*[@resource-id="com.example.myapplication:id/login"]</msg>
<status status="PASS" starttime="20231205 23:11:12.280" endtime="20231205 23:11:13.239"/>
</kw>
<status status="PASS" starttime="20231205 23:11:12.280" endtime="20231205 23:11:13.239"/>
</kw>
<kw name="Wait Until Element Is Visible" library="AppiumLibrary">
<arg>${username-input}</arg>
<doc>Waits until element specified with `locator` is visible.</doc>
<msg timestamp="20231205 23:11:14.004" level="INFO">xpath criteria: //*[@resource-id="com.example.myapplication:id/username"]
xpath criteria: //*[@resource-id="com.example.myapplication:id/username"]</msg>
<status status="PASS" starttime="20231205 23:11:13.240" endtime="20231205 23:11:14.004"/>
</kw>
<kw name="Input Username On Login Page" library="loginPage">
<arg>${VALID_USERNAME}</arg>
<kw name="Input Text" library="AppiumLibrary">
<arg>${username-input}</arg>
<arg>${username}</arg>
<doc>Types the given `text` into text field identified by `locator`.</doc>
<msg timestamp="20231205 23:11:14.008" level="INFO">Typing text 'support@ngendigital.com' into text field '//*[@resource-id="com.example.myapplication:id/username"]'</msg>
<msg timestamp="20231205 23:11:14.107" level="INFO">xpath criteria: //*[@resource-id="com.example.myapplication:id/username"]</msg>
<status status="PASS" starttime="20231205 23:11:14.006" endtime="20231205 23:11:14.107"/>
</kw>
<status status="PASS" starttime="20231205 23:11:14.006" endtime="20231205 23:11:14.107"/>
</kw>
<kw name="Input Password On Login Page" library="loginPage">
<arg>${VALID_PASSWORD}</arg>
<kw name="Input Text" library="AppiumLibrary">
<arg>${password-input}</arg>
<arg>${password}</arg>
<doc>Types the given `text` into text field identified by `locator`.</doc>
<msg timestamp="20231205 23:11:14.115" level="INFO">Typing text 'abc123' into text field '//*[@resource-id="com.example.myapplication:id/password"]'</msg>
<msg timestamp="20231205 23:11:14.679" level="INFO">xpath criteria: //*[@resource-id="com.example.myapplication:id/password"]</msg>
<status status="PASS" starttime="20231205 23:11:14.113" endtime="20231205 23:11:14.679"/>
</kw>
<status status="PASS" starttime="20231205 23:11:14.112" endtime="20231205 23:11:14.679"/>
</kw>
<kw name="Click Login Button On Login Page" library="loginPage">
<kw name="Click Element" library="AppiumLibrary">
<arg>${log-in-button}</arg>
<doc>Click element identified by `locator`.</doc>
<msg timestamp="20231205 23:11:14.682" level="INFO">Clicking element '//*[@resource-id="com.example.myapplication:id/signIn"]'.</msg>
<msg timestamp="20231205 23:11:15.277" level="INFO">xpath criteria: //*[@resource-id="com.example.myapplication:id/signIn"]</msg>
<status status="PASS" starttime="20231205 23:11:14.680" endtime="20231205 23:11:15.277"/>
</kw>
<status status="PASS" starttime="20231205 23:11:14.679" endtime="20231205 23:11:15.277"/>
</kw>
<kw name="Wait Until Page Contains Element" library="AppiumLibrary">
<arg>xpath=//*[contains(@text, "Sign Out")]</arg>
<doc>Waits until element specified with `locator` appears on current page.</doc>
<msg timestamp="20231205 23:11:15.956" level="INFO">xpath criteria: //*[contains(@text, "Sign Out")]
xpath criteria: //*[contains(@text, "Sign Out")]</msg>
<status status="PASS" starttime="20231205 23:11:15.278" endtime="20231205 23:11:15.956"/>
</kw>
<kw name="Open Book" library="bookPage">
<kw name="Click Element" library="AppiumLibrary">
<arg>${book-button}</arg>
<doc>Click element identified by `locator`.</doc>
<msg timestamp="20231205 23:11:15.960" level="INFO">Clicking element '//android.widget.Button[@resource-id="com.example.myapplication:id/book"]'.</msg>
<msg timestamp="20231205 23:11:16.058" level="INFO">xpath criteria: //android.widget.Button[@resource-id="com.example.myapplication:id/book"]</msg>
<status status="PASS" starttime="20231205 23:11:15.957" endtime="20231205 23:11:16.058"/>
</kw>
<status status="PASS" starttime="20231205 23:11:15.957" endtime="20231205 23:11:16.058"/>
</kw>
<kw name="Wait Until Element Is Visible" library="AppiumLibrary">
<arg>${one-way-button}</arg>
<doc>Waits until element specified with `locator` is visible.</doc>
<msg timestamp="20231205 23:11:17.009" level="INFO">xpath criteria: //android.support.v7.app.ActionBar.Tab[@content-desc="One Way"]
xpath criteria: //android.support.v7.app.ActionBar.Tab[@content-desc="One Way"]</msg>
<status status="PASS" starttime="20231205 23:11:16.060" endtime="20231205 23:11:17.009"/>
</kw>
<kw name="Choose One-way Flight" library="bookPage">
<kw name="Click Element" library="AppiumLibrary">
<arg>${one-way-button}</arg>
<doc>Click element identified by `locator`.</doc>
<msg timestamp="20231205 23:11:17.012" level="INFO">Clicking element '//android.support.v7.app.ActionBar.Tab[@content-desc="One Way"]'.</msg>
<msg timestamp="20231205 23:11:17.124" level="INFO">xpath criteria: //android.support.v7.app.ActionBar.Tab[@content-desc="One Way"]</msg>
<status status="PASS" starttime="20231205 23:11:17.010" endtime="20231205 23:11:17.125"/>
</kw>
<status status="PASS" starttime="20231205 23:11:17.010" endtime="20231205 23:11:17.125"/>
</kw>
<kw name="Choose From City New York" library="bookPage">
<kw name="Click Element" library="AppiumLibrary">
<arg>${from-city-button}</arg>
<doc>Click element identified by `locator`.</doc>
<msg timestamp="20231205 23:11:17.133" level="INFO">Clicking element '//android.widget.Spinner[@resource-id="com.example.myapplication:id/spinnerFrom"]'.</msg>
<msg timestamp="20231205 23:11:17.751" level="INFO">xpath criteria: //android.widget.Spinner[@resource-id="com.example.myapplication:id/spinnerFrom"]</msg>
<status status="PASS" starttime="20231205 23:11:17.131" endtime="20231205 23:11:17.751"/>
</kw>
<kw name="Wait Until Element Is Visible" library="AppiumLibrary">
<arg>${newyork}</arg>
<doc>Waits until element specified with `locator` is visible.</doc>
<msg timestamp="20231205 23:11:18.682" level="INFO">xpath criteria: //android.widget.TextView[@resource-id="android:id/text1" and @text="New York"]
xpath criteria: //android.widget.TextView[@resource-id="android:id/text1" and @text="New York"]</msg>
<status status="PASS" starttime="20231205 23:11:17.751" endtime="20231205 23:11:18.682"/>
</kw>
<kw name="Click Element" library="AppiumLibrary">
<arg>${newyork}</arg>
<doc>Click element identified by `locator`.</doc>
<msg timestamp="20231205 23:11:18.684" level="INFO">Clicking element '//android.widget.TextView[@resource-id="android:id/text1" and @text="New York"]'.</msg>
<msg timestamp="20231205 23:11:19.431" level="INFO">xpath criteria: //android.widget.TextView[@resource-id="android:id/text1" and @text="New York"]</msg>
<status status="PASS" starttime="20231205 23:11:18.682" endtime="20231205 23:11:19.431"/>
</kw>
<status status="PASS" starttime="20231205 23:11:17.130" endtime="20231205 23:11:19.431"/>
</kw>
<kw name="Choose To City Ottawa" library="bookPage">
<kw name="Click Element" library="AppiumLibrary">
<arg>${to-city-button}</arg>
<doc>Click element identified by `locator`.</doc>
<msg timestamp="20231205 23:11:19.435" level="INFO">Clicking element '//android.widget.Spinner[@resource-id="com.example.myapplication:id/spinnerTo"]'.</msg>
<msg timestamp="20231205 23:11:19.547" level="INFO">xpath criteria: //android.widget.Spinner[@resource-id="com.example.myapplication:id/spinnerTo"]</msg>
<status status="PASS" starttime="20231205 23:11:19.433" endtime="20231205 23:11:19.547"/>
</kw>
<kw name="Wait Until Element Is Visible" library="AppiumLibrary">
<arg>${ottawa}</arg>
<doc>Waits until element specified with `locator` is visible.</doc>
<msg timestamp="20231205 23:11:20.402" level="INFO">xpath criteria: //android.widget.TextView[@resource-id="android:id/text1" and @text="Ottawa"]</msg>
<status status="PASS" starttime="20231205 23:11:19.547" endtime="20231205 23:11:20.403"/>
</kw>
<kw name="Click Element" library="AppiumLibrary">
<arg>${ottawa}</arg>
<doc>Click element identified by `locator`.</doc>
<msg timestamp="20231205 23:11:20.405" level="INFO">Clicking element '//android.widget.TextView[@resource-id="android:id/text1" and @text="Ottawa"]'.</msg>
<msg timestamp="20231205 23:11:21.110" level="INFO">xpath criteria: //android.widget.TextView[@resource-id="android:id/text1" and @text="Ottawa"]</msg>
<status status="PASS" starttime="20231205 23:11:20.403" endtime="20231205 23:11:21.110"/>
</kw>
<status status="PASS" starttime="20231205 23:11:19.433" endtime="20231205 23:11:21.110"/>
</kw>
<kw name="Choose Class Economy" library="bookPage">
<kw name="Click Element" library="AppiumLibrary">
<arg>${class-button}</arg>
<doc>Click element identified by `locator`.</doc>
<msg timestamp="20231205 23:11:21.114" level="INFO">Clicking element '//android.widget.Spinner[@resource-id="com.example.myapplication:id/spinnerClass"]'.</msg>
<msg timestamp="20231205 23:11:21.266" level="INFO">xpath criteria: //android.widget.Spinner[@resource-id="com.example.myapplication:id/spinnerClass"]</msg>
<status status="PASS" starttime="20231205 23:11:21.111" endtime="20231205 23:11:21.266"/>
</kw>
<kw name="Wait Until Element Is Visible" library="AppiumLibrary">
<arg>${economy}</arg>
<doc>Waits until element specified with `locator` is visible.</doc>
<msg timestamp="20231205 23:11:22.128" level="INFO">xpath criteria: //android.widget.TextView[@resource-id="android:id/text1" and @text="Economy"]</msg>
<status status="PASS" starttime="20231205 23:11:21.266" endtime="20231205 23:11:22.129"/>
</kw>
<kw name="Click Element" library="AppiumLibrary">
<arg>${economy}</arg>
<doc>Click element identified by `locator`.</doc>
<msg timestamp="20231205 23:11:22.131" level="INFO">Clicking element '//android.widget.TextView[@resource-id="android:id/text1" and @text="Economy"]'.</msg>
<msg timestamp="20231205 23:11:22.826" level="INFO">xpath criteria: //android.widget.TextView[@resource-id="android:id/text1" and @text="Economy"]</msg>
<status status="PASS" starttime="20231205 23:11:22.129" endtime="20231205 23:11:22.827"/>
</kw>
<status status="PASS" starttime="20231205 23:11:21.111" endtime="20231205 23:11:22.827"/>
</kw>
<kw name="Choose Start Date" library="bookPage">
<kw name="Click Element" library="AppiumLibrary">
<arg>${start-date}</arg>
<doc>Click element identified by `locator`.</doc>
<msg timestamp="20231205 23:11:22.830" level="INFO">Clicking element '//android.widget.TextView[@resource-id="com.example.myapplication:id/textStartDate"]'.</msg>
<msg timestamp="20231205 23:11:22.937" level="INFO">xpath criteria: //android.widget.TextView[@resource-id="com.example.myapplication:id/textStartDate"]</msg>
<status status="PASS" starttime="20231205 23:11:22.828" endtime="20231205 23:11:22.937"/>
</kw>
<kw name="Wait Until Element Is Visible" library="AppiumLibrary">
<arg>${01-aug}</arg>
<doc>Waits until element specified with `locator` is visible.</doc>
<msg timestamp="20231205 23:11:23.726" level="INFO">xpath criteria: //android.view.View[@content-desc="01 August 2019"]
xpath criteria: //android.view.View[@content-desc="01 August 2019"]</msg>
<status status="PASS" starttime="20231205 23:11:22.937" endtime="20231205 23:11:23.726"/>
</kw>
<kw name="Click Element" library="AppiumLibrary">
<arg>${01-aug}</arg>
<doc>Click element identified by `locator`.</doc>
<msg timestamp="20231205 23:11:23.728" level="INFO">Clicking element '//android.view.View[@content-desc="01 August 2019"]'.</msg>
<msg timestamp="20231205 23:11:24.382" level="INFO">xpath criteria: //android.view.View[@content-desc="01 August 2019"]</msg>
<status status="PASS" starttime="20231205 23:11:23.726" endtime="20231205 23:11:24.382"/>
</kw>
<kw name="Click Element" library="AppiumLibrary">
<arg>${date-ok-button}</arg>
<doc>Click element identified by `locator`.</doc>
<msg timestamp="20231205 23:11:24.385" level="INFO">Clicking element '//android.widget.Button[@resource-id="android:id/button1"]'.</msg>
<msg timestamp="20231205 23:11:24.545" level="INFO">xpath criteria: //android.widget.Button[@resource-id="android:id/button1"]</msg>
<status status="PASS" starttime="20231205 23:11:24.382" endtime="20231205 23:11:24.545"/>
</kw>
<status status="PASS" starttime="20231205 23:11:22.827" endtime="20231205 23:11:24.545"/>
</kw>
<kw name="Choose End Date" library="bookPage">
<kw name="Click Element" library="AppiumLibrary">
<arg>${end-date}</arg>
<doc>Click element identified by `locator`.</doc>
<msg timestamp="20231205 23:11:24.548" level="INFO">Clicking element '//android.widget.TextView[@resource-id="com.example.myapplication:id/textEndDate"]'.</msg>
<msg timestamp="20231205 23:11:25.173" level="INFO">xpath criteria: //android.widget.TextView[@resource-id="com.example.myapplication:id/textEndDate"]</msg>
<status status="PASS" starttime="20231205 23:11:24.546" endtime="20231205 23:11:25.174"/>
</kw>
<kw name="Wait Until Element Is Visible" library="AppiumLibrary">
<arg>${31-aug}</arg>
<doc>Waits until element specified with `locator` is visible.</doc>
<msg timestamp="20231205 23:11:25.934" level="INFO">xpath criteria: //android.view.View[@content-desc="31 August 2019"]
xpath criteria: //android.view.View[@content-desc="31 August 2019"]</msg>
<status status="PASS" starttime="20231205 23:11:25.174" endtime="20231205 23:11:25.934"/>
</kw>
<kw name="Click Element" library="AppiumLibrary">
<arg>${31-aug}</arg>
<doc>Click element identified by `locator`.</doc>
<msg timestamp="20231205 23:11:25.936" level="INFO">Clicking element '//android.view.View[@content-desc="31 August 2019"]'.</msg>
<msg timestamp="20231205 23:11:26.667" level="INFO">xpath criteria: //android.view.View[@content-desc="31 August 2019"]</msg>
<status status="PASS" starttime="20231205 23:11:25.934" endtime="20231205 23:11:26.667"/>
</kw>
<kw name="Click Element" library="AppiumLibrary">
<arg>${date-ok-button}</arg>
<doc>Click element identified by `locator`.</doc>
<msg timestamp="20231205 23:11:26.670" level="INFO">Clicking element '//android.widget.Button[@resource-id="android:id/button1"]'.</msg>
<msg timestamp="20231205 23:11:26.820" level="INFO">xpath criteria: //android.widget.Button[@resource-id="android:id/button1"]</msg>
<status status="PASS" starttime="20231205 23:11:26.667" endtime="20231205 23:11:26.821"/>
</kw>
<status status="PASS" starttime="20231205 23:11:24.546" endtime="20231205 23:11:26.821"/>
</kw>
<kw name="Choose Flight and Hotel" library="bookPage">
<kw name="Wait Until Element Is Visible" library="AppiumLibrary">
<arg>${flight-hotel-button}</arg>
<doc>Waits until element specified with `locator` is visible.</doc>
<msg timestamp="20231205 23:11:27.428" level="INFO">xpath criteria: //android.widget.RadioButton[@resource-id="com.example.myapplication:id/radioButtonFlightHotel"]</msg>
<status status="PASS" starttime="20231205 23:11:26.823" endtime="20231205 23:11:27.428"/>
</kw>
<kw name="Click Element" library="AppiumLibrary">
[...]
</kw>
<status status="PASS" starttime="20231205 23:14:07.348" endtime="20231205 23:14:25.002"/>
</test>
<status status="PASS" starttime="20231205 23:13:19.035" endtime="20231205 23:14:25.007"/>
</suite>
<suite id="s1-s3" name="Search" source="e:\code\mobileAutomation\sanbercodeMobileAutomation519\suites\search.robot">
<test id="s1-s3-t1" name="Search Flight without Login" line="16">
<kw name="Open Flight Application" library="base">
<kw name="Open Application" library="AppiumLibrary">
<arg>remote_url=${REMOTE_URL}</arg>
<arg>platformName=${PLAFORM_NAME}</arg>
<arg>platformVersion=${PLATFORM_VERSION}</arg>
<arg>deviceName=${DEVICE_NAME}</arg>
<arg>appPackage=${APP_PACKAGE}</arg>
<arg>appActivity=${APP_ACTIVITY}</arg>
<doc>Opens a new application to given Appium server.
Capabilities of appium server, Android and iOS,
Please check https://github.com/appium/appium/blob/master/docs/en/writing-running-appium/server-args.md
| *Option*            | *Man.* | *Description*     |
| remote_url          | Yes    | Appium server url |
| alias               | no     | alias             |
| strict_ssl          | No     | allows you to send commands to an invalid certificate host like a self-signed one. |</doc>
<status status="PASS" starttime="20231205 23:14:25.021" endtime="20231205 23:14:33.464"/>
</kw>
<status status="PASS" starttime="20231205 23:14:25.020" endtime="20231205 23:14:33.465"/>
</kw>
<kw name="Page Should Not Contain Element" library="AppiumLibrary">
<arg>${search-input}</arg>
<doc>Verifies that current page not contains `locator` element.</doc>
<msg timestamp="20231205 23:14:34.388" level="INFO">Current page not contains element '//*[@resource-id="com.example.myapplication:id/flight_number"]'.</msg>
<msg timestamp="20231205 23:14:34.389" level="INFO">xpath criteria: //*[@resource-id="com.example.myapplication:id/flight_number"]</msg>
<status status="PASS" starttime="20231205 23:14:33.465" endtime="20231205 23:14:34.389"/>
</kw>
<kw name="Close Flight Application" library="base">
<kw name="Close Application" library="AppiumLibrary">
<doc>Closes the current application and also close webdriver session.</doc>
<status status="PASS" starttime="20231205 23:14:34.390" endtime="20231205 23:14:34.766"/>
</kw>
<status status="PASS" starttime="20231205 23:14:34.390" endtime="20231205 23:14:34.767"/>
</kw>
<status status="PASS" starttime="20231205 23:14:25.020" endtime="20231205 23:14:34.777"/>
</test>
<test id="s1-s3-t2" name="Search Flight with Login using invalid Flight Number" line="21">
<kw name="Open Flight Application" library="base">
<kw name="Open Application" library="AppiumLibrary">
<arg>remote_url=${REMOTE_URL}</arg>
<arg>platformName=${PLAFORM_NAME}</arg>
<arg>platformVersion=${PLATFORM_VERSION}</arg>
<arg>deviceName=${DEVICE_NAME}</arg>
<arg>appPackage=${APP_PACKAGE}</arg>
<arg>appActivity=${APP_ACTIVITY}</arg>
<doc>Opens a new application to given Appium server.
Capabilities of appium server, Android and iOS,
Please check https://github.com/appium/appium/blob/master/docs/en/writing-running-appium/server-args.md
| *Option*            | *Man.* | *Description*     |
| remote_url          | Yes    | Appium server url |
| alias               | no     | alias             |
| strict_ssl          | No     | allows you to send commands to an invalid certificate host like a self-signed one. |</doc>
<status status="PASS" starttime="20231205 23:14:34.785" endtime="20231205 23:14:43.197"/>
</kw>
<status status="PASS" starttime="20231205 23:14:34.784" endtime="20231205 23:14:43.197"/>
</kw>
<kw name="Click Sign In Button On Home Page" library="homePage">
<kw name="Click Element" library="AppiumLibrary">
<arg>${sign-in-button}</arg>
<doc>Click element identified by `locator`.</doc>
<msg timestamp="20231205 23:14:43.201" level="INFO">Clicking element '//*[@resource-id="com.example.myapplication:id/login"]'.</msg>
<msg timestamp="20231205 23:14:44.212" level="INFO">xpath criteria: //*[@resource-id="com.example.myapplication:id/login"]</msg>
<status status="PASS" starttime="20231205 23:14:43.199" endtime="20231205 23:14:44.212"/>
</kw>
<status status="PASS" starttime="20231205 23:14:43.199" endtime="20231205 23:14:44.212"/>
</kw>
<kw name="Wait Until Element Is Visible" library="AppiumLibrary">
<arg>${username-input}</arg>
<doc>Waits until element specified with `locator` is visible.</doc>
<msg timestamp="20231205 23:14:44.978" level="INFO">xpath criteria: //*[@resource-id="com.example.myapplication:id/username"]
xpath criteria: //*[@resource-id="com.example.myapplication:id/username"]</msg>
<status status="PASS" starttime="20231205 23:14:44.213" endtime="20231205 23:14:44.979"/>
</kw>
<kw name="Input Username On Login Page" library="loginPage">
<arg>${VALID_USERNAME}</arg>
<kw name="Input Text" library="AppiumLibrary">
<arg>${username-input}</arg>
<arg>${username}</arg>
<doc>Types the given `text` into text field identified by `locator`.</doc>
<msg timestamp="20231205 23:14:44.982" level="INFO">Typing text 'support@ngendigital.com' into text field '//*[@resource-id="com.example.myapplication:id/username"]'</msg>
<msg timestamp="20231205 23:14:45.088" level="INFO">xpath criteria: //*[@resource-id="com.example.myapplication:id/username"]</msg>
<status status="PASS" starttime="20231205 23:14:44.980" endtime="20231205 23:14:45.088"/>
</kw>
<status status="PASS" starttime="20231205 23:14:44.979" endtime="20231205 23:14:45.088"/>
</kw>
<kw name="Input Password On Login Page" library="loginPage">
<arg>${VALID_PASSWORD}</arg>
<kw name="Input Text" library="AppiumLibrary">
<arg>${password-input}</arg>
<arg>${password}</arg>
<doc>Types the given `text` into text field identified by `locator`.</doc>
<msg timestamp="20231205 23:14:45.091" level="INFO">Typing text 'abc123' into text field '//*[@resource-id="com.example.myapplication:id/password"]'</msg>
<msg timestamp="20231205 23:14:45.604" level="INFO">xpath criteria: //*[@resource-id="com.example.myapplication:id/password"]</msg>
<status status="PASS" starttime="20231205 23:14:45.090" endtime="20231205 23:14:45.605"/>
</kw>
<status status="PASS" starttime="20231205 23:14:45.089" endtime="20231205 23:14:45.605"/>
</kw>
<kw name="Click Login Button On Login Page" library="loginPage">
<kw name="Click Element" library="AppiumLibrary">
<arg>${log-in-button}</arg>
<doc>Click element identified by `locator`.</doc>
<msg timestamp="20231205 23:14:45.617" level="INFO">Clicking element '//*[@resource-id="com.example.myapplication:id/signIn"]'.</msg>
<msg timestamp="20231205 23:14:46.209" level="INFO">xpath criteria: //*[@resource-id="com.example.myapplication:id/signIn"]</msg>
<status status="PASS" starttime="20231205 23:14:45.615" endtime="20231205 23:14:46.209"/>
</kw>
<status status="PASS" starttime="20231205 23:14:45.615" endtime="20231205 23:14:46.209"/>
</kw>
<kw name="Wait Until Page Contains Element" library="AppiumLibrary">
<arg>xpath=//*[contains(@text, "Sign Out")]</arg>
<doc>Waits until element specified with `locator` appears on current page.</doc>
<msg timestamp="20231205 23:14:46.910" level="INFO">xpath criteria: //*[contains(@text, "Sign Out")]
xpath criteria: //*[contains(@text, "Sign Out")]</msg>
<status status="PASS" starttime="20231205 23:14:46.210" endtime="20231205 23:14:46.911"/>
</kw>
<kw name="Open Search" library="searchPage">
<kw name="Click Element" library="AppiumLibrary">
<arg>${search-flight-button}</arg>
<doc>Click element identified by `locator`.</doc>
<msg timestamp="20231205 23:14:46.913" level="INFO">Clicking element '//*[@resource-id="com.example.myapplication:id/search_flight"]'.</msg>
<msg timestamp="20231205 23:14:47.060" level="INFO">xpath criteria: //*[@resource-id="com.example.myapplication:id/search_flight"]</msg>
<status status="PASS" starttime="20231205 23:14:46.912" endtime="20231205 23:14:47.060"/>
</kw>
<status status="PASS" starttime="20231205 23:14:46.911" endtime="20231205 23:14:47.061"/>
</kw>
<kw name="Wait Until Element Is Visible" library="AppiumLibrary">
<arg>${search-input}</arg>
<doc>Waits until element specified with `locator` is visible.</doc>
<msg timestamp="20231205 23:14:48.056" level="INFO">xpath criteria: //*[@resource-id="com.example.myapplication:id/flight_number"]
xpath criteria: //*[@resource-id="com.example.myapplication:id/flight_number"]</msg>
<status status="PASS" starttime="20231205 23:14:47.062" endtime="20231205 23:14:48.056"/>
</kw>
<kw name="Input Search" library="searchPage">
<arg>${INVALID_SEARCH}</arg>
<kw name="Input Text" library="AppiumLibrary">
<arg>${search-input}</arg>
<arg>${search-key}</arg>
<doc>Types the given `text` into text field identified by `locator`.</doc>
<msg timestamp="20231205 23:14:48.059" level="INFO">Typing text 'DA999' into text field '//*[@resource-id="com.example.myapplication:id/flight_number"]'</msg>
<msg timestamp="20231205 23:14:48.161" level="INFO">xpath criteria: //*[@resource-id="com.example.myapplication:id/flight_number"]</msg>
<status status="PASS" starttime="20231205 23:14:48.057" endtime="20231205 23:14:48.162"/>
</kw>
<status status="PASS" starttime="20231205 23:14:48.057" endtime="20231205 23:14:48.162"/>
</kw>
<kw name="Click Search Button" library="searchPage">
<kw name="Click Element" library="AppiumLibrary">
<arg>${search-button}</arg>
<doc>Click element identified by `locator`.</doc>
<msg timestamp="20231205 23:14:48.170" level="INFO">Clicking element '//*[@resource-id="com.example.myapplication:id/searchFlight"]'.</msg>
<msg timestamp="20231205 23:14:48.728" level="INFO">xpath criteria: //*[@resource-id="com.example.myapplication:id/searchFlight"]</msg>
<status status="PASS" starttime="20231205 23:14:48.168" endtime="20231205 23:14:48.728"/>
</kw>
<status status="PASS" starttime="20231205 23:14:48.168" endtime="20231205 23:14:48.728"/>
</kw>
<kw name="Wait Until Page Contains Element" library="AppiumLibrary">
<arg>xpath=//*[contains(@text, "Please enter valid Flight Number")]</arg>
<doc>Waits until element specified with `locator` appears on current page.</doc>
<msg timestamp="20231205 23:14:49.065" level="INFO">xpath criteria: //*[contains(@text, "Please enter valid Flight Number")]</msg>
<status status="PASS" starttime="20231205 23:14:48.770" endtime="20231205 23:14:49.065"/>
</kw>
<kw name="Close Flight Application" library="base">
<kw name="Close Application" library="AppiumLibrary">
<doc>Closes the current application and also close webdriver session.</doc>
<status status="PASS" starttime="20231205 23:14:49.072" endtime="20231205 23:14:49.919"/>
</kw>
<status status="PASS" starttime="20231205 23:14:49.071" endtime="20231205 23:14:49.919"/>
</kw>
<status status="PASS" starttime="20231205 23:14:34.783" endtime="20231205 23:14:49.925"/>
</test>
<test id="s1-s3-t3" name="Search Flight with Login" line="36">
<kw name="Open Flight Application" library="base">
<kw name="Open Application" library="AppiumLibrary">
<arg>remote_url=${REMOTE_URL}</arg>
<arg>platformName=${PLAFORM_NAME}</arg>
<arg>platformVersion=${PLATFORM_VERSION}</arg>
<arg>deviceName=${DEVICE_NAME}</arg>
<arg>appPackage=${APP_PACKAGE}</arg>
<arg>appActivity=${APP_ACTIVITY}</arg>
<doc>Opens a new application to given Appium server.
Capabilities of appium server, Android and iOS,
Please check https://github.com/appium/appium/blob/master/docs/en/writing-running-appium/server-args.md
| *Option*            | *Man.* | *Description*     |
| remote_url          | Yes    | Appium server url |
| alias               | no     | alias             |
| strict_ssl          | No     | allows you to send commands to an invalid certificate host like a self-signed one. |</doc>
<status status="PASS" starttime="20231205 23:14:49.935" endtime="20231205 23:14:58.327"/>
</kw>
<status status="PASS" starttime="20231205 23:14:49.935" endtime="20231205 23:14:58.327"/>
</kw>
<kw name="Click Sign In Button On Home Page" library="homePage">
<kw name="Click Element" library="AppiumLibrary">
<arg>${sign-in-button}</arg>
<doc>Click element identified by `locator`.</doc>
<msg timestamp="20231205 23:14:58.330" level="INFO">Clicking element '//*[@resource-id="com.example.myapplication:id/login"]'.</msg>
<msg timestamp="20231205 23:14:59.300" level="INFO">xpath criteria: //*[@resource-id="com.example.myapplication:id/login"]</msg>
<status status="PASS" starttime="20231205 23:14:58.329" endtime="20231205 23:14:59.300"/>
</kw>
<status status="PASS" starttime="20231205 23:14:58.328" endtime="20231205 23:14:59.300"/>
</kw>
<kw name="Wait Until Element Is Visible" library="AppiumLibrary">
<arg>${username-input}</arg>
<doc>Waits until element specified with `locator` is visible.</doc>
<msg timestamp="20231205 23:15:00.168" level="INFO">xpath criteria: //*[@resource-id="com.example.myapplication:id/username"]
xpath criteria: //*[@resource-id="com.example.myapplication:id/username"]</msg>
<status status="PASS" starttime="20231205 23:14:59.304" endtime="20231205 23:15:00.168"/>
</kw>
<kw name="Input Username On Login Page" library="loginPage">
<arg>${VALID_USERNAME}</arg>
<kw name="Input Text" library="AppiumLibrary">
<arg>${username-input}</arg>
<arg>${username}</arg>
<doc>Types the given `text` into text field identified by `locator`.</doc>
<msg timestamp="20231205 23:15:00.171" level="INFO">Typing text 'support@ngendigital.com' into text field '//*[@resource-id="com.example.myapplication:id/username"]'</msg>
<msg timestamp="20231205 23:15:00.272" level="INFO">xpath criteria: //*[@resource-id="com.example.myapplication:id/username"]</msg>
<status status="PASS" starttime="20231205 23:15:00.170" endtime="20231205 23:15:00.272"/>
</kw>
<status status="PASS" starttime="20231205 23:15:00.169" endtime="20231205 23:15:00.272"/>
</kw>
<kw name="Input Password On Login Page" library="loginPage">
<arg>${VALID_PASSWORD}</arg>
<kw name="Input Text" library="AppiumLibrary">
<arg>${password-input}</arg>
<arg>${password}</arg>
<doc>Types the given `text` into text field identified by `locator`.</doc>
<msg timestamp="20231205 23:15:00.281" level="INFO">Typing text 'abc123' into text field '//*[@resource-id="com.example.myapplication:id/password"]'</msg>
<msg timestamp="20231205 23:15:00.834" level="INFO">xpath criteria: //*[@resource-id="com.example.myapplication:id/password"]</msg>
<status status="PASS" starttime="20231205 23:15:00.279" endtime="20231205 23:15:00.834"/>
</kw>
<status status="PASS" starttime="20231205 23:15:00.279" endtime="20231205 23:15:00.834"/>
</kw>
<kw name="Click Login Button On Login Page" library="loginPage">
<kw name="Click Element" library="AppiumLibrary">
<arg>${log-in-button}</arg>
<doc>Click element identified by `locator`.</doc>
<msg timestamp="20231205 23:15:00.846" level="INFO">Clicking element '//*[@resource-id="com.example.myapplication:id/signIn"]'.</msg>
<msg timestamp="20231205 23:15:01.423" level="INFO">xpath criteria: //*[@resource-id="com.example.myapplication:id/signIn"]</msg>
<status status="PASS" starttime="20231205 23:15:00.844" endtime="20231205 23:15:01.423"/>
</kw>
<status status="PASS" starttime="20231205 23:15:00.843" endtime="20231205 23:15:01.423"/>
</kw>
<kw name="Wait Until Page Contains Element" library="AppiumLibrary">
<arg>xpath=//*[contains(@text, "Sign Out")]</arg>
<doc>Waits until element specified with `locator` appears on current page.</doc>
<msg timestamp="20231205 23:15:02.096" level="INFO">xpath criteria: //*[contains(@text, "Sign Out")]
xpath criteria: //*[contains(@text, "Sign Out")]</msg>
<status status="PASS" starttime="20231205 23:15:01.424" endtime="20231205 23:15:02.096"/>
</kw>
<kw name="Open Search" library="searchPage">
<kw name="Click Element" library="AppiumLibrary">
<arg>${search-flight-button}</arg>
<doc>Click element identified by `locator`.</doc>
<msg timestamp="20231205 23:15:02.098" level="INFO">Clicking element '//*[@resource-id="com.example.myapplication:id/search_flight"]'.</msg>
<msg timestamp="20231205 23:15:02.230" level="INFO">xpath criteria: //*[@resource-id="com.example.myapplication:id/search_flight"]</msg>
<status status="PASS" starttime="20231205 23:15:02.097" endtime="20231205 23:15:02.230"/>
</kw>
<status status="PASS" starttime="20231205 23:15:02.096" endtime="20231205 23:15:02.230"/>
</kw>
<kw name="Wait Until Element Is Visible" library="AppiumLibrary">
<arg>${search-input}</arg>
<doc>Waits until element specified with `locator` is visible.</doc>
<msg timestamp="20231205 23:15:03.253" level="INFO">xpath criteria: //*[@resource-id="com.example.myapplication:id/flight_number"]
xpath criteria: //*[@resource-id="com.example.myapplication:id/flight_number"]</msg>
<status status="PASS" starttime="20231205 23:15:02.232" endtime="20231205 23:15:03.253"/>
</kw>
<kw name="Input Search" library="searchPage">
<arg>${SEARCH}</arg>
<kw name="Input Text" library="AppiumLibrary">
<arg>${search-input}</arg>
<arg>${search-key}</arg>
<doc>Types the given `text` into text field identified by `locator`.</doc>
<msg timestamp="20231205 23:15:03.256" level="INFO">Typing text 'DA935' into text field '//*[@resource-id="com.example.myapplication:id/flight_number"]'</msg>
<msg timestamp="20231205 23:15:03.371" level="INFO">xpath criteria: //*[@resource-id="com.example.myapplication:id/flight_number"]</msg>
<status status="PASS" starttime="20231205 23:15:03.254" endtime="20231205 23:15:03.372"/>
</kw>
<status status="PASS" starttime="20231205 23:15:03.254" endtime="20231205 23:15:03.372"/>
</kw>
<kw name="Click Search Button" library="searchPage">
<kw name="Click Element" library="AppiumLibrary">
<arg>${search-button}</arg>
<doc>Click element identified by `locator`.</doc>
<msg timestamp="20231205 23:15:03.375" level="INFO">Clicking element '//*[@resource-id="com.example.myapplication:id/searchFlight"]'.</msg>
<msg timestamp="20231205 23:15:03.950" level="INFO">xpath criteria: //*[@resource-id="com.example.myapplication:id/searchFlight"]</msg>
<status status="PASS" starttime="20231205 23:15:03.373" endtime="20231205 23:15:03.950"/>
</kw>
<status status="PASS" starttime="20231205 23:15:03.373" endtime="20231205 23:15:03.950"/>
</kw>
<kw name="Wait Until Page Contains Element" library="AppiumLibrary">
<arg>xpath=//*[contains(@text, "Toronto to Paris")]</arg>
<doc>Waits until element specified with `locator` appears on current page.</doc>
<msg timestamp="20231205 23:15:04.619" level="INFO">xpath criteria: //*[contains(@text, "Toronto to Paris")]
xpath criteria: //*[contains(@text, "Toronto to Paris")]</msg>
<status status="PASS" starttime="20231205 23:15:03.955" endtime="20231205 23:15:04.620"/>
</kw>
<kw name="Wait Until Page Contains Element" library="AppiumLibrary">
<arg>xpath=//*[contains(@text, "DA 935")]</arg>
<doc>Waits until element specified with `locator` appears on current page.</doc>
<msg timestamp="20231205 23:15:04.673" level="INFO">xpath criteria: //*[contains(@text, "DA 935")]</msg>
<status status="PASS" starttime="20231205 23:15:04.620" endtime="20231205 23:15:04.674"/>
</kw>
<kw name="Close Flight Application" library="base">
<kw name="Close Application" library="AppiumLibrary">
<doc>Closes the current application and also close webdriver session.</doc>
<status status="PASS" starttime="20231205 23:15:04.675" endtime="20231205 23:15:05.131"/>
</kw>
<status status="PASS" starttime="20231205 23:15:04.674" endtime="20231205 23:15:05.131"/>
</kw>
<status status="PASS" starttime="20231205 23:14:49.930" endtime="20231205 23:15:05.131"/>
</test>
<status status="PASS" starttime="20231205 23:14:25.010" endtime="20231205 23:15:05.133"/>
</suite>
<status status="FAIL" starttime="20231205 23:09:37.924" endtime="20231205 23:15:05.135"/>
</suite>
<statistics>
<total>
<stat pass="14" fail="1" skip="0">All Tests</stat>
</total>
<tag>
</tag>
<suite>
<stat pass="14" fail="1" skip="0" id="s1" name="Suites">Suites</stat>
<stat pass="7" fail="1" skip="0" id="s1-s1" name="Book">Suites.Book</stat>
<stat pass="4" fail="0" skip="0" id="s1-s2" name="Login">Suites.Login</stat>
<stat pass="3" fail="0" skip="0" id="s1-s3" name="Search">Suites.Search</stat>
</suite>
</statistics>
<errors>
</errors>
</robot>
