<?xml version="1.0" encoding="UTF-8"?>
<robot generator="Robot 6.1.1 (Python 3.12.0 on win32)" generated="20231205 14:03:19.865" rpa="false" schemaversion="4">
<suite id="s1" name="Suites" source="e:\code\mobileAutomation\sanbercodeMobileAutomation519\flight-keri\suites">
<suite id="s1-s1" name="Book" source="e:\code\mobileAutomation\sanbercodeMobileAutomation519\flight-keri\suites\book.robot">
<test id="s1-s1-t1" name="Book: One way - Toronto - Paris - Economy - Flight only - with Day" line="15">
<kw name="Open Flight Application" library="base">
<kw name="Open Application" library="AppiumLibrary">
<arg>remote_url=${REMOTE_URL}</arg>
<arg>platformName=${PLAFORM_NAME}</arg>
<arg>platformVersion=${PLATFORM_VERSION}</arg>
<arg>deviceName=${DEVICE_NAME}</arg>
<arg>appPackage=${APP_PACKAGE}</arg>
<arg>appActivity=${APP_ACTIVITY}</arg>
<doc>Opens a new application to given Appium server.
Capabilities of appium server, Android and iOS,
Please check https://github.com/appium/appium/blob/master/docs/en/writing-running-appium/server-args.md
| *Option*            | *Man.* | *Description*     |
| remote_url          | Yes    | Appium server url |
| alias               | no     | alias             |
| strict_ssl          | No     | allows you to send commands to an invalid certificate host like a self-signed one. |</doc>
<status status="PASS" starttime="20231205 14:03:20.162" endtime="20231205 14:03:31.383"/>
</kw>
<status status="PASS" starttime="20231205 14:03:20.161" endtime="20231205 14:03:31.383"/>
</kw>
<kw name="Click Sign In Button On Home Page" library="homePage">
<kw name="Click Element" library="AppiumLibrary">
<arg>${sign-in-button}</arg>
<doc>Click element identified by `locator`.</doc>
<msg timestamp="20231205 14:03:31.387" level="INFO">Clicking element '//*[@resource-id="com.example.myapplication:id/login"]'.</msg>
<msg timestamp="20231205 14:03:32.386" level="INFO">xpath criteria: //*[@resource-id="com.example.myapplication:id/login"]</msg>
<status status="PASS" starttime="20231205 14:03:31.385" endtime="20231205 14:03:32.387"/>
</kw>
<status status="PASS" starttime="20231205 14:03:31.385" endtime="20231205 14:03:32.387"/>
</kw>
<kw name="Wait Until Element Is Visible" library="AppiumLibrary">
<arg>${username-input}</arg>
<doc>Waits until element specified with `locator` is visible.</doc>
<msg timestamp="20231205 14:03:33.406" level="INFO">xpath criteria: //*[@resource-id="com.example.myapplication:id/username"]
xpath criteria: //*[@resource-id="com.example.myapplication:id/username"]</msg>
<status status="PASS" starttime="20231205 14:03:32.391" endtime="20231205 14:03:33.407"/>
</kw>
<kw name="Input Username On Login Page" library="loginPage">
<arg>${VALID_USERNAME}</arg>
<kw name="Input Text" library="AppiumLibrary">
<arg>${username-input}</arg>
<arg>${username}</arg>
<doc>Types the given `text` into text field identified by `locator`.</doc>
<msg timestamp="20231205 14:03:33.411" level="INFO">Typing text 'support@ngendigital.com' into text field '//*[@resource-id="com.example.myapplication:id/username"]'</msg>
<msg timestamp="20231205 14:03:33.506" level="INFO">xpath criteria: //*[@resource-id="com.example.myapplication:id/username"]</msg>
<status status="PASS" starttime="20231205 14:03:33.408" endtime="20231205 14:03:33.506"/>
</kw>
<status status="PASS" starttime="20231205 14:03:33.408" endtime="20231205 14:03:33.506"/>
</kw>
<kw name="Input Password On Login Page" library="loginPage">
<arg>${VALID_PASSWORD}</arg>
<kw name="Input Text" library="AppiumLibrary">
<arg>${password-input}</arg>
<arg>${password}</arg>
<doc>Types the given `text` into text field identified by `locator`.</doc>
<msg timestamp="20231205 14:03:33.512" level="INFO">Typing text 'abc123' into text field '//*[@resource-id="com.example.myapplication:id/password"]'</msg>
<msg timestamp="20231205 14:03:34.026" level="INFO">xpath criteria: //*[@resource-id="com.example.myapplication:id/password"]</msg>
<status status="PASS" starttime="20231205 14:03:33.510" endtime="20231205 14:03:34.026"/>
</kw>
<status status="PASS" starttime="20231205 14:03:33.509" endtime="20231205 14:03:34.026"/>
</kw>
<kw name="Click Login Button On Login Page" library="loginPage">
<kw name="Click Element" library="AppiumLibrary">
<arg>${log-in-button}</arg>
<doc>Click element identified by `locator`.</doc>
<msg timestamp="20231205 14:03:34.030" level="INFO">Clicking element '//*[@resource-id="com.example.myapplication:id/signIn"]'.</msg>
<msg timestamp="20231205 14:03:34.637" level="INFO">xpath criteria: //*[@resource-id="com.example.myapplication:id/signIn"]</msg>
<status status="PASS" starttime="20231205 14:03:34.028" endtime="20231205 14:03:34.637"/>
</kw>
<status status="PASS" starttime="20231205 14:03:34.027" endtime="20231205 14:03:34.637"/>
</kw>
<kw name="Wait Until Page Contains Element" library="AppiumLibrary">
<arg>xpath=//*[contains(@text, "Sign Out")]</arg>
<doc>Waits until element specified with `locator` appears on current page.</doc>
<msg timestamp="20231205 14:03:35.354" level="INFO">xpath criteria: //*[contains(@text, "Sign Out")]
xpath criteria: //*[contains(@text, "Sign Out")]</msg>
<status status="PASS" starttime="20231205 14:03:34.639" endtime="20231205 14:03:35.354"/>
</kw>
<kw name="Open Book" library="bookPage">
<kw name="Click Element" library="AppiumLibrary">
<arg>${book-button}</arg>
<doc>Click element identified by `locator`.</doc>
<msg timestamp="20231205 14:03:35.358" level="INFO">Clicking element '//android.widget.Button[@resource-id="com.example.myapplication:id/book"]'.</msg>
<msg timestamp="20231205 14:03:35.454" level="INFO">xpath criteria: //android.widget.Button[@resource-id="com.example.myapplication:id/book"]</msg>
<status status="PASS" starttime="20231205 14:03:35.356" endtime="20231205 14:03:35.454"/>
</kw>
<status status="PASS" starttime="20231205 14:03:35.355" endtime="20231205 14:03:35.454"/>
</kw>
<kw name="Wait Until Element Is Visible" library="AppiumLibrary">
<arg>${one-way-button}</arg>
<doc>Waits until element specified with `locator` is visible.</doc>
<msg timestamp="20231205 14:03:36.499" level="INFO">xpath criteria: //android.support.v7.app.ActionBar.Tab[@content-desc="One Way"]
xpath criteria: //android.support.v7.app.ActionBar.Tab[@content-desc="One Way"]</msg>
<status status="PASS" starttime="20231205 14:03:35.455" endtime="20231205 14:03:36.499"/>
</kw>
<kw name="Choose One-way Flight" library="bookPage">
<kw name="Click Element" library="AppiumLibrary">
<arg>${one-way-button}</arg>
<doc>Click element identified by `locator`.</doc>
<msg timestamp="20231205 14:03:36.505" level="INFO">Clicking element '//android.support.v7.app.ActionBar.Tab[@content-desc="One Way"]'.</msg>
<msg timestamp="20231205 14:03:36.672" level="INFO">xpath criteria: //android.support.v7.app.ActionBar.Tab[@content-desc="One Way"]</msg>
<status status="PASS" starttime="20231205 14:03:36.503" endtime="20231205 14:03:36.672"/>
</kw>
<status status="PASS" starttime="20231205 14:03:36.502" endtime="20231205 14:03:36.672"/>
</kw>
<kw name="Choose From City Toronto" library="bookPage">
<kw name="Click Element" library="AppiumLibrary">
<arg>${from-city-button}</arg>
<doc>Click element identified by `locator`.</doc>
<msg timestamp="20231205 14:03:36.676" level="INFO">Clicking element '//android.widget.Spinner[@resource-id="com.example.myapplication:id/spinnerFrom"]'.</msg>
<msg timestamp="20231205 14:03:37.306" level="INFO">xpath criteria: //android.widget.Spinner[@resource-id="com.example.myapplication:id/spinnerFrom"]</msg>
<status status="PASS" starttime="20231205 14:03:36.674" endtime="20231205 14:03:37.307"/>
</kw>
<kw name="Wait Until Element Is Visible" library="AppiumLibrary">
<arg>${toronto}</arg>
<doc>Waits until element specified with `locator` is visible.</doc>
<msg timestamp="20231205 14:03:38.244" level="INFO">xpath criteria: //android.widget.TextView[@resource-id="android:id/text1" and @text="Toronto"]
xpath criteria: //android.widget.TextView[@resource-id="android:id/text1" and @text="Toronto"]</msg>
<status status="PASS" starttime="20231205 14:03:37.307" endtime="20231205 14:03:38.245"/>
</kw>
<kw name="Click Element" library="AppiumLibrary">
<arg>${toronto}</arg>
<doc>Click element identified by `locator`.</doc>
<msg timestamp="20231205 14:03:38.247" level="INFO">Clicking element '//android.widget.TextView[@resource-id="android:id/text1" and @text="Toronto"]'.</msg>
<msg timestamp="20231205 14:03:38.977" level="INFO">xpath criteria: //android.widget.TextView[@resource-id="android:id/text1" and @text="Toronto"]</msg>
<status status="PASS" starttime="20231205 14:03:38.245" endtime="20231205 14:03:38.978"/>
</kw>
<status status="PASS" starttime="20231205 14:03:36.673" endtime="20231205 14:03:38.978"/>
</kw>
<kw name="Choose To City Paris" library="bookPage">
<kw name="Click Element" library="AppiumLibrary">
<arg>${to-city-button}</arg>
<doc>Click element identified by `locator`.</doc>
<msg timestamp="20231205 14:03:38.982" level="INFO">Clicking element '//android.widget.Spinner[@resource-id="com.example.myapplication:id/spinnerTo"]'.</msg>
<msg timestamp="20231205 14:03:39.102" level="INFO">xpath criteria: //android.widget.Spinner[@resource-id="com.example.myapplication:id/spinnerTo"]</msg>
<status status="PASS" starttime="20231205 14:03:38.980" endtime="20231205 14:03:39.103"/>
</kw>
<kw name="Wait Until Element Is Visible" library="AppiumLibrary">
<arg>${paris}</arg>
<doc>Waits until element specified with `locator` is visible.</doc>
<msg timestamp="20231205 14:03:40.025" level="INFO">xpath criteria: //android.widget.TextView[@resource-id="android:id/text1" and @text="Paris"]
xpath criteria: //android.widget.TextView[@resource-id="android:id/text1" and @text="Paris"]</msg>
<status status="PASS" starttime="20231205 14:03:39.103" endtime="20231205 14:03:40.025"/>
</kw>
<kw name="Click Element" library="AppiumLibrary">
<arg>${paris}</arg>
<doc>Click element identified by `locator`.</doc>
<msg timestamp="20231205 14:03:40.028" level="INFO">Clicking element '//android.widget.TextView[@resource-id="android:id/text1" and @text="Paris"]'.</msg>
<msg timestamp="20231205 14:03:40.762" level="INFO">xpath criteria: //android.widget.TextView[@resource-id="android:id/text1" and @text="Paris"]</msg>
<status status="PASS" starttime="20231205 14:03:40.025" endtime="20231205 14:03:40.762"/>
</kw>
<status status="PASS" starttime="20231205 14:03:38.980" endtime="20231205 14:03:40.762"/>
</kw>
<kw name="Choose Class Economy" library="bookPage">
<kw name="Click Element" library="AppiumLibrary">
<arg>${class-button}</arg>
<doc>Click element identified by `locator`.</doc>
<msg timestamp="20231205 14:03:40.766" level="INFO">Clicking element '//android.widget.Spinner[@resource-id="com.example.myapplication:id/spinnerClass"]'.</msg>
<msg timestamp="20231205 14:03:40.887" level="INFO">xpath criteria: //android.widget.Spinner[@resource-id="com.example.myapplication:id/spinnerClass"]</msg>
<status status="PASS" starttime="20231205 14:03:40.764" endtime="20231205 14:03:40.888"/>
</kw>
<kw name="Wait Until Element Is Visible" library="AppiumLibrary">
<arg>${economy}</arg>
<doc>Waits until element specified with `locator` is visible.</doc>
<msg timestamp="20231205 14:03:41.778" level="INFO">xpath criteria: //android.widget.TextView[@resource-id="android:id/text1" and @text="Economy"]</msg>
<status status="PASS" starttime="20231205 14:03:40.888" endtime="20231205 14:03:41.778"/>
</kw>
<kw name="Click Element" library="AppiumLibrary">
<arg>${economy}</arg>
<doc>Click element identified by `locator`.</doc>
<msg timestamp="20231205 14:03:41.781" level="INFO">Clicking element '//android.widget.TextView[@resource-id="android:id/text1" and @text="Economy"]'.</msg>
<msg timestamp="20231205 14:03:42.489" level="INFO">xpath criteria: //android.widget.TextView[@resource-id="android:id/text1" and @text="Economy"]</msg>
<status status="PASS" starttime="20231205 14:03:41.778" endtime="20231205 14:03:42.489"/>
</kw>
<status status="PASS" starttime="20231205 14:03:40.763" endtime="20231205 14:03:42.490"/>
</kw>
<kw name="Choose Start Date" library="bookPage">
<kw name="Click Element" library="AppiumLibrary">
<arg>${start-date}</arg>
<doc>Click element identified by `locator`.</doc>
<msg timestamp="20231205 14:03:42.494" level="INFO">Clicking element '//android.widget.TextView[@resource-id="com.example.myapplication:id/textStartDate"]'.</msg>
<msg timestamp="20231205 14:03:42.686" level="INFO">xpath criteria: //android.widget.TextView[@resource-id="com.example.myapplication:id/textStartDate"]</msg>
<status status="PASS" starttime="20231205 14:03:42.491" endtime="20231205 14:03:42.686"/>
</kw>
<kw name="Wait Until Element Is Visible" library="AppiumLibrary">
<arg>${01-aug}</arg>
<doc>Waits until element specified with `locator` is visible.</doc>
<msg timestamp="20231205 14:03:43.605" level="INFO">xpath criteria: //android.view.View[@content-desc="01 August 2019"]
xpath criteria: //android.view.View[@content-desc="01 August 2019"]</msg>
<status status="PASS" starttime="20231205 14:03:42.686" endtime="20231205 14:03:43.605"/>
</kw>
<kw name="Click Element" library="AppiumLibrary">
<arg>${01-aug}</arg>
<doc>Click element identified by `locator`.</doc>
<msg timestamp="20231205 14:03:43.607" level="INFO">Clicking element '//android.view.View[@content-desc="01 August 2019"]'.</msg>
<msg timestamp="20231205 14:03:44.283" level="INFO">xpath criteria: //android.view.View[@content-desc="01 August 2019"]</msg>
<status status="PASS" starttime="20231205 14:03:43.605" endtime="20231205 14:03:44.283"/>
</kw>
<kw name="Click Element" library="AppiumLibrary">
<arg>${date-ok-button}</arg>
<doc>Click element identified by `locator`.</doc>
<msg timestamp="20231205 14:03:44.286" level="INFO">Clicking element '//android.widget.Button[@resource-id="android:id/button1"]'.</msg>
<msg timestamp="20231205 14:03:44.470" level="INFO">xpath criteria: //android.widget.Button[@resource-id="android:id/button1"]</msg>
<status status="PASS" starttime="20231205 14:03:44.284" endtime="20231205 14:03:44.470"/>
</kw>
<status status="PASS" starttime="20231205 14:03:42.490" endtime="20231205 14:03:44.470"/>
</kw>
<kw name="Choose End Date" library="bookPage">
<kw name="Click Element" library="AppiumLibrary">
<arg>${end-date}</arg>
<doc>Click element identified by `locator`.</doc>
<msg timestamp="20231205 14:03:44.474" level="INFO">Clicking element '//android.widget.TextView[@resource-id="com.example.myapplication:id/textEndDate"]'.</msg>
<msg timestamp="20231205 14:03:45.120" level="INFO">xpath criteria: //android.widget.TextView[@resource-id="com.example.myapplication:id/textEndDate"]</msg>
<status status="PASS" starttime="20231205 14:03:44.472" endtime="20231205 14:03:45.120"/>
</kw>
<kw name="Wait Until Element Is Visible" library="AppiumLibrary">
<arg>${31-aug}</arg>
<doc>Waits until element specified with `locator` is visible.</doc>
<msg timestamp="20231205 14:03:45.890" level="INFO">xpath criteria: //android.view.View[@content-desc="31 August 2019"]
xpath criteria: //android.view.View[@content-desc="31 August 2019"]</msg>
<status status="PASS" starttime="20231205 14:03:45.121" endtime="20231205 14:03:45.890"/>
</kw>
<kw name="Click Element" library="AppiumLibrary">
<arg>${31-aug}</arg>
<doc>Click element identified by `locator`.</doc>
<msg timestamp="20231205 14:03:45.892" level="INFO">Clicking element '//android.view.View[@content-desc="31 August 2019"]'.</msg>
<msg timestamp="20231205 14:03:46.661" level="INFO">xpath criteria: //android.view.View[@content-desc="31 August 2019"]</msg>
<status status="PASS" starttime="20231205 14:03:45.890" endtime="20231205 14:03:46.661"/>
</kw>
<kw name="Click Element" library="AppiumLibrary">
<arg>${date-ok-button}</arg>
<doc>Click element identified by `locator`.</doc>
<msg timestamp="20231205 14:03:46.664" level="INFO">Clicking element '//android.widget.Button[@resource-id="android:id/button1"]'.</msg>
<msg timestamp="20231205 14:03:46.860" level="INFO">xpath criteria: //android.widget.Button[@resource-id="android:id/button1"]</msg>
<status status="PASS" starttime="20231205 14:03:46.662" endtime="20231205 14:03:46.861"/>
</kw>
<status status="PASS" starttime="20231205 14:03:44.471" endtime="20231205 14:03:46.861"/>
</kw>
<kw name="Choose Flight Only" library="bookPage">
<kw name="Wait Until Element Is Visible" library="AppiumLibrary">
<arg>${flight-button}</arg>
<doc>Waits until element specified with `locator` is visible.</doc>
<msg timestamp="20231205 14:03:47.460" level="INFO">xpath criteria: //android.widget.RadioButton[@resource-id="com.example.myapplication:id/radioButtonFlight"]</msg>
<status status="PASS" starttime="20231205 14:03:46.863" endtime="20231205 14:03:47.460"/>
</kw>
<kw name="Click Element" library="AppiumLibrary">
<arg>${flight-button}</arg>
<doc>Click element identified by `locator`.</doc>
<msg timestamp="20231205 14:03:47.462" level="INFO">Clicking element '//android.widget.RadioButton[@resource-id="com.example.myapplication:id/radioButtonFlight"]'.</msg>
<msg timestamp="20231205 14:03:47.563" level="INFO">xpath criteria: //android.widget.RadioButton[@resource-id="com.example.myapplication:id/radioButtonFlight"]</msg>
<status status="PASS" starttime="20231205 14:03:47.460" endtime="20231205 14:03:47.564"/>
</kw>
<status status="PASS" starttime="20231205 14:03:46.862" endtime="20231205 14:03:47.564"/>
</kw>
<kw name="Choose Checkbox Day" library="bookPage">
<kw name="Wait Until Element Is Visible" library="AppiumLibrary">
<arg>${checkbox-day-button}</arg>
<doc>Waits until element specified with `locator` is visible.</doc>
<msg timestamp="20231205 14:03:48.161" level="INFO">xpath criteria: //android.widget.CheckBox[@resource-id="com.example.myapplication:id/checkBoxDay"]</msg>
<status status="PASS" starttime="20231205 14:03:47.566" endtime="20231205 14:03:48.161"/>
</kw>
<kw name="Click Element" library="AppiumLibrary">
<arg>${checkbox-day-button}</arg>
<doc>Click element identified by `locator`.</doc>
<msg timestamp="20231205 14:03:48.163" level="INFO">Clicking element '//android.widget.CheckBox[@resource-id="com.example.myapplication:id/checkBoxDay"]'.</msg>
<msg timestamp="20231205 14:03:48.330" level="INFO">xpath criteria: //android.widget.CheckBox[@resource-id="com.example.myapplication:id/checkBoxDay"]</msg>
<status status="PASS" starttime="20231205 14:03:48.161" endtime="20231205 14:03:48.331"/>
</kw>
<status status="PASS" starttime="20231205 14:03:47.565" endtime="20231205 14:03:48.331"/>
</kw>
<kw name="Submit Book" library="bookPage">
<kw name="Click Element" library="AppiumLibrary">
<arg>${submit-book-button}</arg>
<doc>Click element identified by `locator`.</doc>
<msg timestamp="20231205 14:03:48.341" level="INFO">Clicking element '//android.widget.Button[@resource-id="com.example.myapplication:id/book_flight"]'.</msg>
<msg timestamp="20231205 14:03:49.037" level="INFO">xpath criteria: //android.widget.Button[@resource-id="com.example.myapplication:id/book_flight"]</msg>
<status status="PASS" starttime="20231205 14:03:48.339" endtime="20231205 14:03:49.037"/>
</kw>
<status status="PASS" starttime="20231205 14:03:48.338" endtime="20231205 14:03:49.037"/>
</kw>
<kw name="Choose and Confirm Price" library="bookPage">
<kw name="Wait Until Element Is Visible" library="AppiumLibrary">
<arg>${choose-price-button}</arg>
<doc>Waits until element specified with `locator` is visible.</doc>
<msg timestamp="20231205 14:03:49.826" level="INFO">xpath criteria: //android.widget.Button[@resource-id="com.example.myapplication:id/price9"]
xpath criteria: //android.widget.Button[@resource-id="com.example.myapplication:id/price9"]</msg>
<status status="PASS" starttime="20231205 14:03:49.039" endtime="20231205 14:03:49.826"/>
</kw>
<kw name="Click Element" library="AppiumLibrary">
<arg>${choose-price-button}</arg>
<doc>Click element identified by `locator`.</doc>
<msg timestamp="20231205 14:03:49.828" level="INFO">Clicking element '//android.widget.Button[@resource-id="com.example.myapplication:id/price9"]'.</msg>
<msg timestamp="20231205 14:03:49.920" level="INFO">xpath criteria: //android.widget.Button[@resource-id="com.example.myapplication:id/price9"]</msg>
<status status="PASS" starttime="20231205 14:03:49.826" endtime="20231205 14:03:49.920"/>
</kw>
<kw name="Click Element" library="AppiumLibrary">
<arg>${confirm-button}</arg>
<doc>Click element identified by `locator`.</doc>
<msg timestamp="20231205 14:03:49.923" level="INFO">Clicking element '//android.widget.Button[@resource-id="com.example.myapplication:id/confirm_order"]'.</msg>
<msg timestamp="20231205 14:03:50.957" level="INFO">xpath criteria: //android.widget.Button[@resource-id="com.example.myapplication:id/confirm_order"]</msg>
<status status="PASS" starttime="20231205 14:03:49.920" endtime="20231205 14:03:50.957"/>
</kw>
<status status="PASS" starttime="20231205 14:03:49.038" endtime="20231205 14:03:50.958"/>
</kw>
<kw name="Wait Until Page Contains Element" library="AppiumLibrary">
<arg>xpath=//*[contains(@text, "Your flight is booked")]</arg>
<doc>Waits until element specified with `locator` appears on current page.</doc>
<msg timestamp="20231205 14:03:51.606" level="INFO">xpath criteria: //*[contains(@text, "Your flight is booked")]
xpath criteria: //*[contains(@text, "Your flight is booked")]</msg>
<status status="PASS" starttime="20231205 14:03:50.960" endtime="20231205 14:03:51.606"/>
</kw>
<kw name="Close Flight Application" library="base">
<kw name="Close Application" library="AppiumLibrary">
<doc>Closes the current application and also close webdriver session.</doc>
<status status="PASS" starttime="20231205 14:03:51.607" endtime="20231205 14:03:52.050"/>
</kw>
<status status="PASS" starttime="20231205 14:03:51.607" endtime="20231205 14:03:52.051"/>
</kw>
<status status="PASS" starttime="20231205 14:03:20.160" endtime="20231205 14:03:52.053"/>
</test>
<test id="s1-s1-t2" name="Book: One way - Chicago - Ottawa - First - Flight only - without Day" line="38">
<kw name="Open Flight Application" library="base">
<kw name="Open Application" library="AppiumLibrary">
<arg>remote_url=${REMOTE_URL}</arg>
<arg>platformName=${PLAFORM_NAME}</arg>
<arg>platformVersion=${PLATFORM_VERSION}</arg>
<arg>deviceName=${DEVICE_NAME}</arg>
<arg>appPackage=${APP_PACKAGE}</arg>
<arg>appActivity=${APP_ACTIVITY}</arg>
<doc>Opens a new application to given Appium server.
Capabilities of appium server, Android and iOS,
Please check https://github.com/appium/appium/blob/master/docs/en/writing-running-appium/server-args.md
| *Option*            | *Man.* | *Description*     |
| remote_url          | Yes    | Appium server url |
| alias               | no     | alias             |
| strict_ssl          | No     | allows you to send commands to an invalid certificate host like a self-signed one. |</doc>
<status status="PASS" starttime="20231205 14:03:52.058" endtime="20231205 14:04:00.814"/>
</kw>
<status status="PASS" starttime="20231205 14:03:52.057" endtime="20231205 14:04:00.815"/>
</kw>
<kw name="Click Sign In Button On Home Page" library="homePage">
<kw name="Click Element" library="AppiumLibrary">
<arg>${sign-in-button}</arg>
<doc>Click element identified by `locator`.</doc>
<msg timestamp="20231205 14:04:00.818" level="INFO">Clicking element '//*[@resource-id="com.example.myapplication:id/login"]'.</msg>
<msg timestamp="20231205 14:04:01.894" level="INFO">xpath criteria: //*[@resource-id="com.example.myapplication:id/login"]</msg>
<status status="PASS" starttime="20231205 14:04:00.816" endtime="20231205 14:04:01.894"/>
</kw>
<status status="PASS" starttime="20231205 14:04:00.815" endtime="20231205 14:04:01.894"/>
</kw>
<kw name="Wait Until Element Is Visible" library="AppiumLibrary">
<arg>${username-input}</arg>
<doc>Waits until element specified with `locator` is visible.</doc>
<msg timestamp="20231205 14:04:02.802" level="INFO">xpath criteria: //*[@resource-id="com.example.myapplication:id/username"]
xpath criteria: //*[@resource-id="com.example.myapplication:id/username"]</msg>
<status status="PASS" starttime="20231205 14:04:01.906" endtime="20231205 14:04:02.803"/>
</kw>
<kw name="Input Username On Login Page" library="loginPage">
<arg>${VALID_USERNAME}</arg>
<kw name="Input Text" library="AppiumLibrary">
<arg>${username-input}</arg>
<arg>${username}</arg>
<doc>Types the given `text` into text field identified by `locator`.</doc>
<msg timestamp="20231205 14:04:02.806" level="INFO">Typing text 'support@ngendigital.com' into text field '//*[@resource-id="com.example.myapplication:id/username"]'</msg>
<msg timestamp="20231205 14:04:02.926" level="INFO">xpath criteria: //*[@resource-id="com.example.myapplication:id/username"]</msg>
<status status="PASS" starttime="20231205 14:04:02.804" endtime="20231205 14:04:02.926"/>
</kw>
<status status="PASS" starttime="20231205 14:04:02.803" endtime="20231205 14:04:02.926"/>
</kw>
<kw name="Input Password On Login Page" library="loginPage">
<arg>${VALID_PASSWORD}</arg>
<kw name="Input Text" library="AppiumLibrary">
<arg>${password-input}</arg>
<arg>${password}</arg>
<doc>Types the given `text` into text field identified by `locator`.</doc>
<msg timestamp="20231205 14:04:02.929" level="INFO">Typing text 'abc123' into text field '//*[@resource-id="com.example.myapplication:id/password"]'</msg>
<msg timestamp="20231205 14:04:03.493" level="INFO">xpath criteria: //*[@resource-id="com.example.myapplication:id/password"]</msg>
<status status="PASS" starttime="20231205 14:04:02.927" endtime="20231205 14:04:03.493"/>
</kw>
<status status="PASS" starttime="20231205 14:04:02.927" endtime="20231205 14:04:03.494"/>
</kw>
<kw name="Click Login Button On Login Page" library="loginPage">
<kw name="Click Element" library="AppiumLibrary">
<arg>${log-in-button}</arg>
<doc>Click element identified by `locator`.</doc>
<msg timestamp="20231205 14:04:03.497" level="INFO">Clicking element '//*[@resource-id="com.example.myapplication:id/signIn"]'.</msg>
<msg timestamp="20231205 14:04:04.055" level="INFO">xpath criteria: //*[@resource-id="com.example.myapplication:id/signIn"]</msg>
<status status="PASS" starttime="20231205 14:04:03.495" endtime="20231205 14:04:04.056"/>
</kw>
<status status="PASS" starttime="20231205 14:04:03.495" endtime="20231205 14:04:04.056"/>
</kw>
<kw name="Wait Until Page Contains Element" library="AppiumLibrary">
<arg>xpath=//*[contains(@text, "Sign Out")]</arg>
<doc>Waits until element specified with `locator` appears on current page.</doc>
<msg timestamp="20231205 14:04:04.854" level="INFO">xpath criteria: //*[contains(@text, "Sign Out")]
xpath criteria: //*[contains(@text, "Sign Out")]</msg>
<status status="PASS" starttime="20231205 14:04:04.059" endtime="20231205 14:04:04.855"/>
</kw>
<kw name="Open Book" library="bookPage">
<kw name="Click Element" library="AppiumLibrary">
<arg>${book-button}</arg>
<doc>Click element identified by `locator`.</doc>
<msg timestamp="20231205 14:04:04.857" level="INFO">Clicking element '//android.widget.Button[@resource-id="com.example.myapplication:id/book"]'.</msg>
<msg timestamp="20231205 14:04:04.971" level="INFO">xpath criteria: //android.widget.Button[@resource-id="com.example.myapplication:id/book"]</msg>
<status status="PASS" starttime="20231205 14:04:04.856" endtime="20231205 14:04:04.972"/>
</kw>
<status status="PASS" starttime="20231205 14:04:04.855" endtime="20231205 14:04:04.972"/>
</kw>
<kw name="Wait Until Element Is Visible" library="AppiumLibrary">
<arg>${one-way-button}</arg>
<doc>Waits until element specified with `locator` is visible.</doc>
<msg timestamp="20231205 14:04:05.973" level="INFO">xpath criteria: //android.support.v7.app.ActionBar.Tab[@content-desc="One Way"]
xpath criteria: //android.support.v7.app.ActionBar.Tab[@content-desc="One Way"]</msg>
<status status="PASS" starttime="20231205 14:04:04.974" endtime="20231205 14:04:05.973"/>
</kw>
<kw name="Choose One-way Flight" library="bookPage">
<kw name="Click Element" library="AppiumLibrary">
<arg>${one-way-button}</arg>
<doc>Click element identified by `locator`.</doc>
<msg timestamp="20231205 14:04:05.977" level="INFO">Clicking element '//android.support.v7.app.ActionBar.Tab[@content-desc="One Way"]'.</msg>
<msg timestamp="20231205 14:04:06.124" level="INFO">xpath criteria: //android.support.v7.app.ActionBar.Tab[@content-desc="One Way"]</msg>
<status status="PASS" starttime="20231205 14:04:05.974" endtime="20231205 14:04:06.124"/>
</kw>
<status status="PASS" starttime="20231205 14:04:05.974" endtime="20231205 14:04:06.124"/>
</kw>
<kw name="Choose From City Chicago" library="bookPage">
<kw name="Click Element" library="AppiumLibrary">
<arg>${from-city-button}</arg>
<doc>Click element identified by `locator`.</doc>
<msg timestamp="20231205 14:04:06.128" level="INFO">Clicking element '//android.widget.Spinner[@resource-id="com.example.myapplication:id/spinnerFrom"]'.</msg>
<msg timestamp="20231205 14:04:06.762" level="INFO">xpath criteria: //android.widget.Spinner[@resource-id="com.example.myapplication:id/spinnerFrom"]</msg>
<status status="PASS" starttime="20231205 14:04:06.125" endtime="20231205 14:04:06.762"/>
</kw>
<kw name="Wait Until Element Is Visible" library="AppiumLibrary">
<arg>${chicago}</arg>
<doc>Waits until element specified with `locator` is visible.</doc>
<msg timestamp="20231205 14:04:07.699" level="INFO">xpath criteria: //android.widget.TextView[@resource-id="android:id/text1" and @text="Chicago"]
xpath criteria: //android.widget.TextView[@resource-id="android:id/text1" and @text="Chicago"]</msg>
<status status="PASS" starttime="20231205 14:04:06.762" endtime="20231205 14:04:07.699"/>
</kw>
<kw name="Click Element" library="AppiumLibrary">
<arg>${chicago}</arg>
<doc>Click element identified by `locator`.</doc>
<msg timestamp="20231205 14:04:07.702" level="INFO">Clicking element '//android.widget.TextView[@resource-id="android:id/text1" and @text="Chicago"]'.</msg>
<msg timestamp="20231205 14:04:08.418" level="INFO">xpath criteria: //android.widget.TextView[@resource-id="android:id/text1" and @text="Chicago"]</msg>
<status status="PASS" starttime="20231205 14:04:07.699" endtime="20231205 14:04:08.418"/>
</kw>
<status status="PASS" starttime="20231205 14:04:06.125" endtime="20231205 14:04:08.418"/>
</kw>
<kw name="Choose To City Ottawa" library="bookPage">
<kw name="Click Element" library="AppiumLibrary">
<arg>${to-city-button}</arg>
<doc>Click element identified by `locator`.</doc>
<msg timestamp="20231205 14:04:08.421" level="INFO">Clicking element '//android.widget.Spinner[@resource-id="com.example.myapplication:id/spinnerTo"]'.</msg>
<msg timestamp="20231205 14:04:08.537" level="INFO">xpath criteria: //android.widget.Spinner[@resource-id="com.example.myapplication:id/spinnerTo"]</msg>
<status status="PASS" starttime="20231205 14:04:08.419" endtime="20231205 14:04:08.537"/>
</kw>
<kw name="Wait Until Element Is Visible" library="AppiumLibrary">
<arg>${ottawa}</arg>
<doc>Waits until element specified with `locator` is visible.</doc>
<msg timestamp="20231205 14:04:09.451" level="INFO">xpath criteria: //android.widget.TextView[@resource-id="android:id/text1" and @text="Ottawa"]
xpath criteria: //android.widget.TextView[@resource-id="android:id/text1" and @text="Ottawa"]</msg>
<status status="PASS" starttime="20231205 14:04:08.537" endtime="20231205 14:04:09.452"/>
</kw>
<kw name="Click Element" library="AppiumLibrary">
<arg>${ottawa}</arg>
<doc>Click element identified by `locator`.</doc>
<msg timestamp="20231205 14:04:09.454" level="INFO">Clicking element '//android.widget.TextView[@resource-id="android:id/text1" and @text="Ottawa"]'.</msg>
<msg timestamp="20231205 14:04:10.192" level="INFO">xpath criteria: //android.widget.TextView[@resource-id="android:id/text1" and @text="Ottawa"]</msg>
<status status="PASS" starttime="20231205 14:04:09.452" endtime="20231205 14:04:10.192"/>
</kw>
<status status="PASS" starttime="20231205 14:04:08.419" endtime="20231205 14:04:10.192"/>
</kw>
<kw name="Choose Class First" library="bookPage">
<kw name="Click Element" library="AppiumLibrary">
<arg>${class-button}</arg>
<doc>Click element identified by `locator`.</doc>
<msg timestamp="20231205 14:04:10.197" level="INFO">Clicking element '//android.widget.Spinner[@resource-id="com.example.myapplication:id/spinnerClass"]'.</msg>
<msg timestamp="20231205 14:04:10.373" level="INFO">xpath criteria: //android.widget.Spinner[@resource-id="com.example.myapplication:id/spinnerClass"]</msg>
<status status="PASS" starttime="20231205 14:04:10.194" endtime="20231205 14:04:10.373"/>
</kw>
<kw name="Wait Until Element Is Visible" library="AppiumLibrary">
<arg>${first}</arg>
<doc>Waits until element specified with `locator` is visible.</doc>
<msg timestamp="20231205 14:04:11.290" level="INFO">xpath criteria: //android.widget.TextView[@resource-id="android:id/text1" and @text="First"]
xpath criteria: //android.widget.TextView[@resource-id="android:id/text1" and @text="First"]</msg>
<status status="PASS" starttime="20231205 14:04:10.373" endtime="20231205 14:04:11.290"/>
</kw>
<kw name="Click Element" library="AppiumLibrary">
<arg>${first}</arg>
<doc>Click element identified by `locator`.</doc>
<msg timestamp="20231205 14:04:11.293" level="INFO">Clicking element '//android.widget.TextView[@resource-id="android:id/text1" and @text="First"]'.</msg>
<msg timestamp="20231205 14:04:12.005" level="INFO">xpath criteria: //android.widget.TextView[@resource-id="android:id/text1" and @text="First"]</msg>
<status status="PASS" starttime="20231205 14:04:11.290" endtime="20231205 14:04:12.005"/>
</kw>
<status status="PASS" starttime="20231205 14:04:10.193" endtime="20231205 14:04:12.005"/>
</kw>
<kw name="Choose Start Date" library="bookPage">
<kw name="Click Element" library="AppiumLibrary">
<arg>${start-date}</arg>
<doc>Click element identified by `locator`.</doc>
<msg timestamp="20231205 14:04:12.009" level="INFO">Clicking element '//android.widget.TextView[@resource-id="com.example.myapplication:id/textStartDate"]'.</msg>
<msg timestamp="20231205 14:04:12.156" level="INFO">xpath criteria: //android.widget.TextView[@resource-id="com.example.myapplication:id/textStartDate"]</msg>
<status status="PASS" starttime="20231205 14:04:12.006" endtime="20231205 14:04:12.156"/>
</kw>
<kw name="Wait Until Element Is Visible" library="AppiumLibrary">
<arg>${01-aug}</arg>
<doc>Waits until element specified with `locator` is visible.</doc>
<msg timestamp="20231205 14:04:13.033" level="INFO">xpath criteria: //android.view.View[@content-desc="01 August 2019"]
xpath criteria: //android.view.View[@content-desc="01 August 2019"]</msg>
<status status="PASS" starttime="20231205 14:04:12.157" endtime="20231205 14:04:13.034"/>
</kw>
<kw name="Click Element" library="AppiumLibrary">
<arg>${01-aug}</arg>
<doc>Click element identified by `locator`.</doc>
<msg timestamp="20231205 14:04:13.036" level="INFO">Clicking element '//android.view.View[@content-desc="01 August 2019"]'.</msg>
<msg timestamp="20231205 14:04:13.733" level="INFO">xpath criteria: //android.view.View[@content-desc="01 August 2019"]</msg>
<status status="PASS" starttime="20231205 14:04:13.034" endtime="20231205 14:04:13.733"/>
</kw>
<kw name="Click Element" library="AppiumLibrary">
<arg>${date-ok-button}</arg>
<doc>Click element identified by `locator`.</doc>
<msg timestamp="20231205 14:04:13.735" level="INFO">Clicking element '//android.widget.Button[@resource-id="android:id/button1"]'.</msg>
<msg timestamp="20231205 14:04:13.904" level="INFO">xpath criteria: //android.widget.Button[@resource-id="android:id/button1"]</msg>
<status status="PASS" starttime="20231205 14:04:13.733" endtime="20231205 14:04:13.904"/>
</kw>
<status status="PASS" starttime="20231205 14:04:12.006" endtime="20231205 14:04:13.904"/>
</kw>
<kw name="Choose End Date" library="bookPage">
<kw name="Click Element" library="AppiumLibrary">
<arg>${end-date}</arg>
<doc>Click element identified by `locator`.</doc>
<msg timestamp="20231205 14:04:13.907" level="INFO">Clicking element '//android.widget.TextView[@resource-id="com.example.myapplication:id/textEndDate"]'.</msg>
<msg timestamp="20231205 14:04:14.553" level="INFO">xpath criteria: //android.widget.TextView[@resource-id="com.example.myapplication:id/textEndDate"]</msg>
<status status="PASS" starttime="20231205 14:04:13.906" endtime="20231205 14:04:14.553"/>
</kw>
<kw name="Wait Until Element Is Visible" library="AppiumLibrary">
<arg>${31-aug}</arg>
<doc>Waits until element specified with `locator` is visible.</doc>
<msg timestamp="20231205 14:04:15.276" level="INFO">xpath criteria: //android.view.View[@content-desc="31 August 2019"]
xpath criteria: //android.view.View[@content-desc="31 August 2019"]</msg>
<status status="PASS" starttime="20231205 14:04:14.553" endtime="20231205 14:04:15.276"/>
</kw>
<kw name="Click Element" library="AppiumLibrary">
<arg>${31-aug}</arg>
<doc>Click element identified by `locator`.</doc>
<msg timestamp="20231205 14:04:15.279" level="INFO">Clicking element '//android.view.View[@content-desc="31 August 2019"]'.</msg>
<msg timestamp="20231205 14:04:16.047" level="INFO">xpath criteria: //android.view.View[@content-desc="31 August 2019"]</msg>
<status status="PASS" starttime="20231205 14:04:15.277" endtime="20231205 14:04:16.047"/>
</kw>
<kw name="Click Element" library="AppiumLibrary">
<arg>${date-ok-button}</arg>
<doc>Click element identified by `locator`.</doc>
<msg timestamp="20231205 14:04:16.050" level="INFO">Clicking element '//android.widget.Button[@resource-id="android:id/button1"]'.</msg>
<msg timestamp="20231205 14:04:16.208" level="INFO">xpath criteria: //android.widget.Button[@resource-id="android:id/button1"]</msg>
<status status="PASS" starttime="20231205 14:04:16.047" endtime="20231205 14:04:16.209"/>
</kw>
<status status="PASS" starttime="20231205 14:04:13.905" endtime="20231205 14:04:16.209"/>
</kw>
<kw name="Choose Flight Only" library="bookPage">
<kw name="Wait Until Element Is Visible" library="AppiumLibrary">
<arg>${flight-button}</arg>
<doc>Waits until element specified with `locator` is visible.</doc>
<msg timestamp="20231205 14:04:16.807" level="INFO">xpath criteria: //android.widget.RadioButton[@resource-id="com.example.myapplication:id/radioButtonFlight"]</msg>
<status status="PASS" starttime="20231205 14:04:16.214" endtime="20231205 14:04:16.808"/>
</kw>
<kw name="Click Element" library="AppiumLibrary">
<arg>${flight-button}</arg>
<doc>Click element identified by `locator`.</doc>
<msg timestamp="20231205 14:04:16.810" level="INFO">Clicking element '//android.widget.RadioButton[@resource-id="com.example.myapplication:id/radioButtonFlight"]'.</msg>
<msg timestamp="20231205 14:04:16.950" level="INFO">xpath criteria: //android.widget.RadioButton[@resource-id="com.example.myapplication:id/radioButtonFlight"]</msg>
<status status="PASS" starttime="20231205 14:04:16.808" endtime="20231205 14:04:16.950"/>
</kw>
<status status="PASS" starttime="20231205 14:04:16.214" endtime="20231205 14:04:16.950"/>
</kw>
<kw name="Submit Book" library="bookPage">
<kw name="Click Element" library="AppiumLibrary">
<arg>${submit-book-button}</arg>
<doc>Click element identified by `locator`.</doc>
<msg timestamp="20231205 14:04:16.955" level="INFO">Clicking element '//android.widget.Button[@resource-id="com.example.myapplication:id/book_flight"]'.</msg>
<msg timestamp="20231205 14:04:18.261" level="INFO">xpath criteria: //android.widget.Button[@resource-id="com.example.myapplication:id/book_flight"]</msg>
<status status="PASS" starttime="20231205 14:04:16.953" endtime="20231205 14:04:18.261"/>
</kw>
<status status="PASS" starttime="20231205 14:04:16.953" endtime="20231205 14:04:18.261"/>
</kw>
<kw name="Choose and Confirm Price" library="bookPage">
<kw name="Wait Until Element Is Visible" library="AppiumLibrary">
<arg>${choose-price-button}</arg>
<doc>Waits until element specified with `locator` is visible.</doc>
<msg timestamp="20231205 14:04:18.337" level="INFO">xpath criteria: //android.widget.Button[@resource-id="com.example.myapplication:id/price9"]</msg>
<status status="PASS" starttime="20231205 14:04:18.262" endtime="20231205 14:04:18.337"/>
</kw>
<kw name="Click Element" library="AppiumLibrary">
<arg>${choose-price-button}</arg>
<doc>Click element identified by `locator`.</doc>
<msg timestamp="20231205 14:04:18.340" level="INFO">Clicking element '//android.widget.Button[@resource-id="com.example.myapplication:id/price9"]'.</msg>
<msg timestamp="20231205 14:04:18.455" level="INFO">xpath criteria: //android.widget.Button[@resource-id="com.example.myapplication:id/price9"]</msg>
<status status="PASS" starttime="20231205 14:04:18.337" endtime="20231205 14:04:18.455"/>
</kw>
<kw name="Click Element" library="AppiumLibrary">
<arg>${confirm-button}</arg>
<doc>Click element identified by `locator`.</doc>
<msg timestamp="20231205 14:04:18.458" level="INFO">Clicking element '//android.widget.Button[@resource-id="com.example.myapplication:id/confirm_order"]'.</msg>
<msg timestamp="20231205 14:04:19.207" level="INFO">xpath criteria: //android.widget.Button[@resource-id="com.example.myapplication:id/confirm_order"]</msg>
<status status="PASS" starttime="20231205 14:04:18.456" endtime="20231205 14:04:19.208"/>
</kw>
<status status="PASS" starttime="20231205 14:04:18.262" endtime="20231205 14:04:19.208"/>
</kw>
<kw name="Wait Until Page Contains Element" library="AppiumLibrary">
<arg>xpath=//*[contains(@text, "Your flight is booked")]</arg>
<doc>Waits until element specified with `locator` appears on current page.</doc>
<msg timestamp="20231205 14:04:19.867" level="INFO">xpath criteria: //*[contains(@text, "Your flight is booked")]</msg>
<status status="PASS" starttime="20231205 14:04:19.210" endtime="20231205 14:04:19.867"/>
</kw>
<kw name="Close Flight Application" library="base">
<kw name="Close Application" library="AppiumLibrary">
<doc>Closes the current application and also close webdriver session.</doc>
<status status="PASS" starttime="20231205 14:04:19.868" endtime="20231205 14:04:20.312"/>
</kw>
<status status="PASS" starttime="20231205 14:04:19.868" endtime="20231205 14:04:20.312"/>
</kw>
<status status="PASS" starttime="20231205 14:03:52.057" endtime="20231205 14:04:20.353"/>
</test>
<test id="s1-s1-t3" name="Book: One way - New York - London - Bussiness - Flight and Hotel - with Day" line="60">
<kw name="Open Flight Application" library="base">
<kw name="Open Application" library="AppiumLibrary">
<arg>remote_url=${REMOTE_URL}</arg>
<arg>platformName=${PLAFORM_NAME}</arg>
<arg>platformVersion=${PLATFORM_VERSION}</arg>
<arg>deviceName=${DEVICE_NAME}</arg>
<arg>appPackage=${APP_PACKAGE}</arg>
<arg>appActivity=${APP_ACTIVITY}</arg>
<doc>Opens a new application to given Appium server.
Capabilities of appium server, Android and iOS,
Please check https://github.com/appium/appium/blob/master/docs/en/writing-running-appium/server-args.md
| *Option*            | *Man.* | *Description*     |
| remote_url          | Yes    | Appium server url |
| alias               | no     | alias             |
| strict_ssl          | No     | allows you to send commands to an invalid certificate host like a self-signed one. |</doc>
<status status="PASS" starttime="20231205 14:04:20.450" endtime="20231205 14:04:31.272"/>
</kw>
<status status="PASS" starttime="20231205 14:04:20.450" endtime="20231205 14:04:31.272"/>
</kw>
<kw name="Click Sign In Button On Home Page" library="homePage">
<kw name="Click Element" library="AppiumLibrary">
<arg>${sign-in-button}</arg>
<doc>Click element identified by `locator`.</doc>
<msg timestamp="20231205 14:04:31.276" level="INFO">Clicking element '//*[@resource-id="com.example.myapplication:id/login"]'.</msg>
<msg timestamp="20231205 14:04:32.255" level="INFO">xpath criteria: //*[@resource-id="com.example.myapplication:id/login"]</msg>
<status status="PASS" starttime="20231205 14:04:31.273" endtime="20231205 14:04:32.255"/>
</kw>
<status status="PASS" starttime="20231205 14:04:31.273" endtime="20231205 14:04:32.255"/>
</kw>
<kw name="Wait Until Element Is Visible" library="AppiumLibrary">
<arg>${username-input}</arg>
<doc>Waits until element specified with `locator` is visible.</doc>
<msg timestamp="20231205 14:04:32.997" level="INFO">xpath criteria: //*[@resource-id="com.example.myapplication:id/username"]
xpath criteria: //*[@resource-id="com.example.myapplication:id/username"]</msg>
<status status="PASS" starttime="20231205 14:04:32.257" endtime="20231205 14:04:32.998"/>
</kw>
<kw name="Input Username On Login Page" library="loginPage">
<arg>${VALID_USERNAME}</arg>
<kw name="Input Text" library="AppiumLibrary">
<arg>${username-input}</arg>
<arg>${username}</arg>
<doc>Types the given `text` into text field identified by `locator`.</doc>
<msg timestamp="20231205 14:04:33.001" level="INFO">Typing text 'support@ngendigital.com' into text field '//*[@resource-id="com.example.myapplication:id/username"]'</msg>
<msg timestamp="20231205 14:04:33.113" level="INFO">xpath criteria: //*[@resource-id="com.example.myapplication:id/username"]</msg>
<status status="PASS" starttime="20231205 14:04:32.999" endtime="20231205 14:04:33.114"/>
</kw>
<status status="PASS" starttime="20231205 14:04:32.998" endtime="20231205 14:04:33.114"/>
</kw>
<kw name="Input Password On Login Page" library="loginPage">
<arg>${VALID_PASSWORD}</arg>
<kw name="Input Text" library="AppiumLibrary">
<arg>${password-input}</arg>
<arg>${password}</arg>
<doc>Types the given `text` into text field identified by `locator`.</doc>
<msg timestamp="20231205 14:04:33.117" level="INFO">Typing text 'abc123' into text field '//*[@resource-id="com.example.myapplication:id/password"]'</msg>
<msg timestamp="20231205 14:04:33.677" level="INFO">xpath criteria: //*[@resource-id="com.example.myapplication:id/password"]</msg>
<status status="PASS" starttime="20231205 14:04:33.115" endtime="20231205 14:04:33.677"/>
</kw>
<status status="PASS" starttime="20231205 14:04:33.115" endtime="20231205 14:04:33.677"/>
</kw>
<kw name="Click Login Button On Login Page" library="loginPage">
<kw name="Click Element" library="AppiumLibrary">
<arg>${log-in-button}</arg>
<doc>Click element identified by `locator`.</doc>
<msg timestamp="20231205 14:04:33.680" level="INFO">Clicking element '//*[@resource-id="com.example.myapplication:id/signIn"]'.</msg>
<msg timestamp="20231205 14:04:34.273" level="INFO">xpath criteria: //*[@resource-id="com.example.myapplication:id/signIn"]</msg>
<status status="PASS" starttime="20231205 14:04:33.678" endtime="20231205 14:04:34.273"/>
</kw>
<status status="PASS" starttime="20231205 14:04:33.677" endtime="20231205 14:04:34.273"/>
</kw>
<kw name="Wait Until Page Contains Element" library="AppiumLibrary">
<arg>xpath=//*[contains(@text, "Sign Out")]</arg>
<doc>Waits until element specified with `locator` appears on current page.</doc>
<msg timestamp="20231205 14:04:34.942" level="INFO">xpath criteria: //*[contains(@text, "Sign Out")]
xpath criteria: //*[contains(@text, "Sign Out")]</msg>
<status status="PASS" starttime="20231205 14:04:34.274" endtime="20231205 14:04:34.942"/>
</kw>
<kw name="Open Book" library="bookPage">
<kw name="Click Element" library="AppiumLibrary">
<arg>${book-button}</arg>
<doc>Click element identified by `locator`.</doc>
<msg timestamp="20231205 14:04:34.945" level="INFO">Clicking element '//android.widget.Button[@resource-id="com.example.myapplication:id/book"]'.</msg>
<msg timestamp="20231205 14:04:35.058" level="INFO">xpath criteria: //android.widget.Button[@resource-id="com.example.myapplication:id/book"]</msg>
<status status="PASS" starttime="20231205 14:04:34.943" endtime="20231205 14:04:35.059"/>
</kw>
<status status="PASS" starttime="20231205 14:04:34.943" endtime="20231205 14:04:35.059"/>
</kw>
<kw name="Wait Until Element Is Visible" library="AppiumLibrary">
<arg>${one-way-button}</arg>
<doc>Waits until element specified with `locator` is visible.</doc>
<msg timestamp="20231205 14:04:36.057" level="INFO">xpath criteria: //android.support.v7.app.ActionBar.Tab[@content-desc="One Way"]
xpath criteria: //android.support.v7.app.ActionBar.Tab[@content-desc="One Way"]</msg>
<status status="PASS" starttime="20231205 14:04:35.060" endtime="20231205 14:04:36.057"/>
</kw>
<kw name="Choose One-way Flight" library="bookPage">
<kw name="Click Element" library="AppiumLibrary">
<arg>${one-way-button}</arg>
<doc>Click element identified by `locator`.</doc>
<msg timestamp="20231205 14:04:36.061" level="INFO">Clicking element '//android.support.v7.app.ActionBar.Tab[@content-desc="One Way"]'.</msg>
<msg timestamp="20231205 14:04:36.193" level="INFO">xpath criteria: //android.support.v7.app.ActionBar.Tab[@content-desc="One Way"]</msg>
<status status="PASS" starttime="20231205 14:04:36.058" endtime="20231205 14:04:36.193"/>
</kw>
<status status="PASS" starttime="20231205 14:04:36.058" endtime="20231205 14:04:36.194"/>
</kw>
<kw name="Choose From City New York" library="bookPage">
<kw name="Click Element" library="AppiumLibrary">
<arg>${from-city-button}</arg>
<doc>Click element identified by `locator`.</doc>
<msg timestamp="20231205 14:04:36.196" level="INFO">Clicking element '//android.widget.Spinner[@resource-id="com.example.myapplication:id/spinnerFrom"]'.</msg>
<msg timestamp="20231205 14:04:36.807" level="INFO">xpath criteria: //android.widget.Spinner[@resource-id="com.example.myapplication:id/spinnerFrom"]</msg>
<status status="PASS" starttime="20231205 14:04:36.194" endtime="20231205 14:04:36.807"/>
</kw>
<kw name="Wait Until Element Is Visible" library="AppiumLibrary">
<arg>${newyork}</arg>
<doc>Waits until element specified with `locator` is visible.</doc>
<msg timestamp="20231205 14:04:37.748" level="INFO">xpath criteria: //android.widget.TextView[@resource-id="android:id/text1" and @text="New York"]
xpath criteria: //android.widget.TextView[@resource-id="android:id/text1" and @text="New York"]</msg>
<status status="PASS" starttime="20231205 14:04:36.808" endtime="20231205 14:04:37.749"/>
</kw>
<kw name="Click Element" library="AppiumLibrary">
<arg>${newyork}</arg>
<doc>Click element identified by `locator`.</doc>
<msg timestamp="20231205 14:04:37.751" level="INFO">Clicking element '//android.widget.TextView[@resource-id="android:id/text1" and @text="New York"]'.</msg>
<msg timestamp="20231205 14:04:38.472" level="INFO">xpath criteria: //android.widget.TextView[@resource-id="android:id/text1" and @text="New York"]</msg>
<status status="PASS" starttime="20231205 14:04:37.749" endtime="20231205 14:04:38.473"/>
</kw>
<status status="PASS" starttime="20231205 14:04:36.194" endtime="20231205 14:04:38.473"/>
</kw>
<kw name="Choose To City London" library="bookPage">
<kw name="Click Element" library="AppiumLibrary">
<arg>${to-city-button}</arg>
<doc>Click element identified by `locator`.</doc>
<msg timestamp="20231205 14:04:38.476" level="INFO">Clicking element '//android.widget.Spinner[@resource-id="com.example.myapplication:id/spinnerTo"]'.</msg>
<msg timestamp="20231205 14:04:38.589" level="INFO">xpath criteria: //android.widget.Spinner[@resource-id="com.example.myapplication:id/spinnerTo"]</msg>
<status status="PASS" starttime="20231205 14:04:38.474" endtime="20231205 14:04:38.589"/>
</kw>
<kw name="Wait Until Element Is Visible" library="AppiumLibrary">
<arg>${london}</arg>
<doc>Waits until element specified with `locator` is visible.</doc>
<msg timestamp="20231205 14:04:39.513" level="INFO">xpath criteria: //android.widget.TextView[@resource-id="android:id/text1" and @text="London"]
xpath criteria: //android.widget.TextView[@resource-id="android:id/text1" and @text="London"]</msg>
<status status="PASS" starttime="20231205 14:04:38.589" endtime="20231205 14:04:39.513"/>
</kw>
<kw name="Click Element" library="AppiumLibrary">
<arg>${london}</arg>
<doc>Click element identified by `locator`.</doc>
<msg timestamp="20231205 14:04:39.515" level="INFO">Clicking element '//android.widget.TextView[@resource-id="android:id/text1" and @text="London"]'.</msg>
<msg timestamp="20231205 14:04:40.274" level="INFO">xpath criteria: //android.widget.TextView[@resource-id="android:id/text1" and @text="London"]</msg>
<status status="PASS" starttime="20231205 14:04:39.513" endtime="20231205 14:04:40.275"/>
</kw>
<status status="PASS" starttime="20231205 14:04:38.473" endtime="20231205 14:04:40.275"/>
</kw>
<kw name="Choose Class Bussiness" library="bookPage">
<kw name="Click Element" library="AppiumLibrary">
<arg>${class-button}</arg>
<doc>Click element identified by `locator`.</doc>
<msg timestamp="20231205 14:04:40.278" level="INFO">Clicking element '//android.widget.Spinner[@resource-id="com.example.myapplication:id/spinnerClass"]'.</msg>
<msg timestamp="20231205 14:04:40.390" level="INFO">xpath criteria: //android.widget.Spinner[@resource-id="com.example.myapplication:id/spinnerClass"]</msg>
<status status="PASS" starttime="20231205 14:04:40.276" endtime="20231205 14:04:40.390"/>
</kw>
<kw name="Wait Until Element Is Visible" library="AppiumLibrary">
<arg>${bussines}</arg>
<doc>Waits until element specified with `locator` is visible.</doc>
<msg timestamp="20231205 14:04:41.298" level="INFO">xpath criteria: //android.widget.TextView[@resource-id="android:id/text1" and @text="Business"]
xpath criteria: //android.widget.TextView[@resource-id="android:id/text1" and @text="Business"]</msg>
<status status="PASS" starttime="20231205 14:04:40.390" endtime="20231205 14:04:41.298"/>
</kw>
<kw name="Click Element" library="AppiumLibrary">
<arg>${bussines}</arg>
<doc>Click element identified by `locator`.</doc>
<msg timestamp="20231205 14:04:41.300" level="INFO">Clicking element '//android.widget.TextView[@resource-id="android:id/text1" and @text="Business"]'.</msg>
<msg timestamp="20231205 14:04:42.009" level="INFO">xpath criteria: //android.widget.TextView[@resource-id="android:id/text1" and @text="Business"]</msg>
<status status="PASS" starttime="20231205 14:04:41.299" endtime="20231205 14:04:42.009"/>
</kw>
<status status="PASS" starttime="20231205 14:04:40.275" endtime="20231205 14:04:42.009"/>
</kw>
<kw name="Choose Start Date" library="bookPage">
<kw name="Click Element" library="AppiumLibrary">
<arg>${start-date}</arg>
<doc>Click element identified by `locator`.</doc>
<msg timestamp="20231205 14:04:42.012" level="INFO">Clicking element '//android.widget.TextView[@resource-id="com.example.myapplication:id/textStartDate"]'.</msg>
<msg timestamp="20231205 14:04:42.120" level="INFO">xpath criteria: //android.widget.TextView[@resource-id="com.example.myapplication:id/textStartDate"]</msg>
<status status="PASS" starttime="20231205 14:04:42.010" endtime="20231205 14:04:42.120"/>
</kw>
<kw name="Wait Until Element Is Visible" library="AppiumLibrary">
<arg>${01-aug}</arg>
<doc>Waits until element specified with `locator` is visible.</doc>
<msg timestamp="20231205 14:04:42.883" level="INFO">xpath criteria: //android.view.View[@content-desc="01 August 2019"]
xpath criteria: //android.view.View[@content-desc="01 August 2019"]</msg>
<status status="PASS" starttime="20231205 14:04:42.120" endtime="20231205 14:04:42.884"/>
</kw>
<kw name="Click Element" library="AppiumLibrary">
<arg>${01-aug}</arg>
<doc>Click element identified by `locator`.</doc>
<msg timestamp="20231205 14:04:42.886" level="INFO">Clicking element '//android.view.View[@content-desc="01 August 2019"]'.</msg>
<msg timestamp="20231205 14:04:43.545" level="INFO">xpath criteria: //android.view.View[@content-desc="01 August 2019"]</msg>
<status status="PASS" starttime="20231205 14:04:42.884" endtime="20231205 14:04:43.545"/>
</kw>
<kw name="Click Element" library="AppiumLibrary">
<arg>${date-ok-button}</arg>
<doc>Click element identified by `locator`.</doc>
<msg timestamp="20231205 14:04:43.547" level="INFO">Clicking element '//android.widget.Button[@resource-id="android:id/button1"]'.</msg>
<msg timestamp="20231205 14:04:43.701" level="INFO">xpath criteria: //android.widget.Button[@resource-id="android:id/button1"]</msg>
<status status="PASS" starttime="20231205 14:04:43.545" endtime="20231205 14:04:43.701"/>
</kw>
<status status="PASS" starttime="20231205 14:04:42.010" endtime="20231205 14:04:43.702"/>
</kw>
<kw name="Choose End Date" library="bookPage">
<kw name="Click Element" library="AppiumLibrary">
<arg>${end-date}</arg>
<doc>Click element identified by `locator`.</doc>
<msg timestamp="20231205 14:04:43.706" level="INFO">Clicking element '//android.widget.TextView[@resource-id="com.example.myapplication:id/textEndDate"]'.</msg>
<msg timestamp="20231205 14:04:44.337" level="INFO">xpath criteria: //android.widget.TextView[@resource-id="com.example.myapplication:id/textEndDate"]</msg>
<status status="PASS" starttime="20231205 14:04:43.704" endtime="20231205 14:04:44.337"/>
</kw>
<kw name="Wait Until Element Is Visible" library="AppiumLibrary">
<arg>${31-aug}</arg>
<doc>Waits until element specified with `locator` is visible.</doc>
<msg timestamp="20231205 14:04:45.058" level="INFO">xpath criteria: //android.view.View[@content-desc="31 August 2019"]
xpath criteria: //android.view.View[@content-desc="31 August 2019"]</msg>
<status status="PASS" starttime="20231205 14:04:44.337" endtime="20231205 14:04:45.059"/>
</kw>
<kw name="Click Element" library="AppiumLibrary">
<arg>${31-aug}</arg>
<doc>Click element identified by `locator`.</doc>
<msg timestamp="20231205 14:04:45.061" level="INFO">Clicking element '//android.view.View[@content-desc="31 August 2019"]'.</msg>
<msg timestamp="20231205 14:04:45.796" level="INFO">xpath criteria: //android.view.View[@content-desc="31 August 2019"]</msg>
<status status="PASS" starttime="20231205 14:04:45.059" endtime="20231205 14:04:45.797"/>
</kw>
<kw name="Click Element" library="AppiumLibrary">
<arg>${date-ok-button}</arg>
<doc>Click element identified by `locator`.</doc>
<msg timestamp="20231205 14:04:45.799" level="INFO">Clicking element '//android.widget.Button[@resource-id="android:id/button1"]'.</msg>
<msg timestamp="20231205 14:04:45.955" level="INFO">xpath criteria: //android.widget.Button[@resource-id="android:id/button1"]</msg>
<status status="PASS" starttime="20231205 14:04:45.797" endtime="20231205 14:04:45.955"/>
</kw>
<status status="PASS" starttime="20231205 14:04:43.704" endtime="20231205 14:04:45.955"/>
</kw>
<kw name="Choose Flight and Hotel" library="bookPage">
<kw name="Wait Until Element Is Visible" library="AppiumLibrary">
<arg>${flight-hotel-button}</arg>
<doc>Waits until element specified with `locator` is visible.</doc>
<msg timestamp="20231205 14:04:46.580" level="INFO">xpath criteria: //android.widget.RadioButton[@resource-id="com.example.myapplication:id/radioButtonFlightHotel"]</msg>
<status status="PASS" starttime="20231205 14:04:45.959" endtime="20231205 14:04:46.580"/>
</kw>
<kw name="Click Element" library="AppiumLibrary">
<arg>${flight-hotel-button}</arg>
<doc>Click element identified by `locator`.</doc>
<msg timestamp="20231205 14:04:46.582" level="INFO">Clicking element '//android.widget.RadioButton[@resource-id="com.example.myapplication:id/radioButtonFlightHotel"]'.</msg>
<msg timestamp="20231205 14:04:46.685" level="INFO">xpath criteria: //android.widget.RadioButton[@resource-id="com.example.myapplication:id/radioButtonFlightHotel"]</msg>
<status status="PASS" starttime="20231205 14:04:46.580" endtime="20231205 14:04:46.685"/>
</kw>
<status status="PASS" starttime="20231205 14:04:45.959" endtime="20231205 14:04:46.685"/>
</kw>
<kw name="Choose Checkbox Day" library="bookPage">
<kw name="Wait Until Element Is Visible" library="AppiumLibrary">
<arg>${checkbox-day-button}</arg>
<doc>Waits until element specified with `locator` is visible.</doc>
<msg timestamp="20231205 14:04:47.304" level="INFO">xpath criteria: //android.widget.CheckBox[@resource-id="com.example.myapplication:id/checkBoxDay"]</msg>
<status status="PASS" starttime="20231205 14:04:46.686" endtime="20231205 14:04:47.305"/>
</kw>
<kw name="Click Element" library="AppiumLibrary">
<arg>${checkbox-day-button}</arg>
<doc>Click element identified by `locator`.</doc>
<msg timestamp="20231205 14:04:47.307" level="INFO">Clicking element '//android.widget.CheckBox[@resource-id="com.example.myapplication:id/checkBoxDay"]'.</msg>
<msg timestamp="20231205 14:04:47.409" level="INFO">xpath criteria: //android.widget.CheckBox[@resource-id="com.example.myapplication:id/checkBoxDay"]</msg>
<status status="PASS" starttime="20231205 14:04:47.305" endtime="20231205 14:04:47.409"/>
</kw>
<status status="PASS" starttime="20231205 14:04:46.686" endtime="20231205 14:04:47.410"/>
</kw>
<kw name="Submit Book" library="bookPage">
<kw name="Click Element" library="AppiumLibrary">
<arg>${submit-book-button}</arg>
<doc>Click element identified by `locator`.</doc>
<msg timestamp="20231205 14:04:47.418" level="INFO">Clicking element '//android.widget.Button[@resource-id="com.example.myapplication:id/book_flight"]'.</msg>
<msg timestamp="20231205 14:04:48.121" level="INFO">xpath criteria: //android.widget.Button[@resource-id="com.example.myapplication:id/book_flight"]</msg>
<status status="PASS" starttime="20231205 14:04:47.415" endtime="20231205 14:04:48.121"/>
</kw>
<status status="PASS" starttime="20231205 14:04:47.415" endtime="20231205 14:04:48.121"/>
</kw>
<kw name="Choose and Confirm Price" library="bookPage">
<kw name="Wait Until Element Is Visible" library="AppiumLibrary">
<arg>${choose-price-button}</arg>
<doc>Waits until element specified with `locator` is visible.</doc>
<msg timestamp="20231205 14:04:48.822" level="INFO">xpath criteria: //android.widget.Button[@resource-id="com.example.myapplication:id/price9"]
xpath criteria: //android.widget.Button[@resource-id="com.example.myapplication:id/price9"]</msg>
<status status="PASS" starttime="20231205 14:04:48.122" endtime="20231205 14:04:48.822"/>
</kw>
<kw name="Click Element" library="AppiumLibrary">
<arg>${choose-price-button}</arg>
<doc>Click element identified by `locator`.</doc>
<msg timestamp="20231205 14:04:48.824" level="INFO">Clicking element '//android.widget.Button[@resource-id="com.example.myapplication:id/price9"]'.</msg>
<msg timestamp="20231205 14:04:48.970" level="INFO">xpath criteria: //android.widget.Button[@resource-id="com.example.myapplication:id/price9"]</msg>
<status status="PASS" starttime="20231205 14:04:48.822" endtime="20231205 14:04:48.970"/>
</kw>
<kw name="Click Element" library="AppiumLibrary">
<arg>${confirm-button}</arg>
<doc>Click element identified by `locator`.</doc>
<msg timestamp="20231205 14:04:48.973" level="INFO">Clicking element '//android.widget.Button[@resource-id="com.example.myapplication:id/confirm_order"]'.</msg>
<msg timestamp="20231205 14:04:49.620" level="INFO">xpath criteria: //android.widget.Button[@resource-id="com.example.myapplication:id/confirm_order"]</msg>
<status status="PASS" starttime="20231205 14:04:48.970" endtime="20231205 14:04:49.621"/>
</kw>
<status status="PASS" starttime="20231205 14:04:48.122" endtime="20231205 14:04:49.621"/>
</kw>
<kw name="Wait Until Page Contains Element" library="AppiumLibrary">
<arg>xpath=//*[contains(@text, "Your flight is booked")]</arg>
<doc>Waits until element specified with `locator` appears on current page.</doc>
<msg timestamp="20231205 14:04:50.292" level="INFO">xpath criteria: //*[contains(@text, "Your flight is booked")]
xpath criteria: //*[contains(@text, "Your flight is booked")]</msg>
<status status="PASS" starttime="20231205 14:04:49.622" endtime="20231205 14:04:50.292"/>
</kw>
<kw name="Close Flight Application" library="base">
<kw name="Close Application" library="AppiumLibrary">
<doc>Closes the current application and also close webdriver session.</doc>
<status status="PASS" starttime="20231205 14:04:50.293" endtime="20231205 14:04:50.768"/>
</kw>
<status status="PASS" starttime="20231205 14:04:50.293" endtime="20231205 14:04:50.768"/>
</kw>
<status status="PASS" starttime="20231205 14:04:20.436" endtime="20231205 14:04:50.771"/>
</test>
<test id="s1-s1-t4" name="Book: One way - New York - Ottawa - Economy - Flight and Hotel - without Day" line="83">
<kw name="Open Flight Application" library="base">
<kw name="Open Application" library="AppiumLibrary">
<arg>remote_url=${REMOTE_URL}</arg>
<arg>platformName=${PLAFORM_NAME}</arg>
<arg>platformVersion=${PLATFORM_VERSION}</arg>
<arg>deviceName=${DEVICE_NAME}</arg>
<arg>appPackage=${APP_PACKAGE}</arg>
<arg>appActivity=${APP_ACTIVITY}</arg>
<doc>Opens a new application to given Appium server.
Capabilities of appium server, Android and iOS,
Please check https://github.com/appium/appium/blob/master/docs/en/writing-running-appium/server-args.md
| *Option*            | *Man.* | *Description*     |
| remote_url          | Yes    | Appium server url |
| alias               | no     | alias             |
| strict_ssl          | No     | allows you to send commands to an invalid certificate host like a self-signed one. |</doc>
<status status="PASS" starttime="20231205 14:04:50.774" endtime="20231205 14:05:01.704"/>
</kw>
<status status="PASS" starttime="20231205 14:04:50.774" endtime="20231205 14:05:01.704"/>
</kw>
<kw name="Click Sign In Button On Home Page" library="homePage">
<kw name="Click Element" library="AppiumLibrary">
<arg>${sign-in-button}</arg>
<doc>Click element identified by `locator`.</doc>
<msg timestamp="20231205 14:05:01.708" level="INFO">Clicking element '//*[@resource-id="com.example.myapplication:id/login"]'.</msg>
<msg timestamp="20231205 14:05:02.668" level="INFO">xpath criteria: //*[@resource-id="com.example.myapplication:id/login"]</msg>
<status status="PASS" starttime="20231205 14:05:01.705" endtime="20231205 14:05:02.668"/>
</kw>
<status status="PASS" starttime="20231205 14:05:01.705" endtime="20231205 14:05:02.669"/>
</kw>
<kw name="Wait Until Element Is Visible" library="AppiumLibrary">
<arg>${username-input}</arg>
<doc>Waits until element specified with `locator` is visible.</doc>
<msg timestamp="20231205 14:05:03.481" level="INFO">xpath criteria: //*[@resource-id="com.example.myapplication:id/username"]
xpath criteria: //*[@resource-id="com.example.myapplication:id/username"]</msg>
<status status="PASS" starttime="20231205 14:05:02.670" endtime="20231205 14:05:03.481"/>
</kw>
<kw name="Input Username On Login Page" library="loginPage">
<arg>${VALID_USERNAME}</arg>
<kw name="Input Text" library="AppiumLibrary">
<arg>${username-input}</arg>
<arg>${username}</arg>
<doc>Types the given `text` into text field identified by `locator`.</doc>
<msg timestamp="20231205 14:05:03.485" level="INFO">Typing text 'support@ngendigital.com' into text field '//*[@resource-id="com.example.myapplication:id/username"]'</msg>
<msg timestamp="20231205 14:05:03.588" level="INFO">xpath criteria: //*[@resource-id="com.example.myapplication:id/username"]</msg>
<status status="PASS" starttime="20231205 14:05:03.482" endtime="20231205 14:05:03.588"/>
</kw>
<status status="PASS" starttime="20231205 14:05:03.482" endtime="20231205 14:05:03.588"/>
</kw>
<kw name="Input Password On Login Page" library="loginPage">
<arg>${VALID_PASSWORD}</arg>
<kw name="Input Text" library="AppiumLibrary">
<arg>${password-input}</arg>
<arg>${password}</arg>
<doc>Types the given `text` into text field identified by `locator`.</doc>
<msg timestamp="20231205 14:05:03.597" level="INFO">Typing text 'abc123' into text field '//*[@resource-id="com.example.myapplication:id/password"]'</msg>
<msg timestamp="20231205 14:05:04.162" level="INFO">xpath criteria: //*[@resource-id="com.example.myapplication:id/password"]</msg>
<status status="PASS" starttime="20231205 14:05:03.595" endtime="20231205 14:05:04.162"/>
</kw>
<status status="PASS" starttime="20231205 14:05:03.595" endtime="20231205 14:05:04.163"/>
</kw>
<kw name="Click Login Button On Login Page" library="loginPage">
<kw name="Click Element" library="AppiumLibrary">
<arg>${log-in-button}</arg>
<doc>Click element identified by `locator`.</doc>
<msg timestamp="20231205 14:05:04.166" level="INFO">Clicking element '//*[@resource-id="com.example.myapplication:id/signIn"]'.</msg>
<msg timestamp="20231205 14:05:04.872" level="INFO">xpath criteria: //*[@resource-id="com.example.myapplication:id/signIn"]</msg>
<status status="PASS" starttime="20231205 14:05:04.164" endtime="20231205 14:05:04.872"/>
</kw>
<status status="PASS" starttime="20231205 14:05:04.164" endtime="20231205 14:05:04.873"/>
</kw>
<kw name="Wait Until Page Contains Element" library="AppiumLibrary">
<arg>xpath=//*[contains(@text, "Sign Out")]</arg>
<doc>Waits until element specified with `locator` appears on current page.</doc>
<msg timestamp="20231205 14:05:05.544" level="INFO">xpath criteria: //*[contains(@text, "Sign Out")]
xpath criteria: //*[contains(@text, "Sign Out")]</msg>
<status status="PASS" starttime="20231205 14:05:04.874" endtime="20231205 14:05:05.544"/>
</kw>
<kw name="Open Book" library="bookPage">
<kw name="Click Element" library="AppiumLibrary">
<arg>${book-button}</arg>
<doc>Click element identified by `locator`.</doc>
<msg timestamp="20231205 14:05:05.547" level="INFO">Clicking element '//android.widget.Button[@resource-id="com.example.myapplication:id/book"]'.</msg>
<msg timestamp="20231205 14:05:05.651" level="INFO">xpath criteria: //android.widget.Button[@resource-id="com.example.myapplication:id/book"]</msg>
<status status="PASS" starttime="20231205 14:05:05.545" endtime="20231205 14:05:05.651"/>
</kw>
<status status="PASS" starttime="20231205 14:05:05.545" endtime="20231205 14:05:05.651"/>
</kw>
<kw name="Wait Until Element Is Visible" library="AppiumLibrary">
<arg>${one-way-button}</arg>
<doc>Waits until element specified with `locator` is visible.</doc>
<msg timestamp="20231205 14:05:06.597" level="INFO">xpath criteria: //android.support.v7.app.ActionBar.Tab[@content-desc="One Way"]
xpath criteria: //android.support.v7.app.ActionBar.Tab[@content-desc="One Way"]</msg>
<status status="PASS" starttime="20231205 14:05:05.652" endtime="20231205 14:05:06.597"/>
</kw>
<kw name="Choose One-way Flight" library="bookPage">
<kw name="Click Element" library="AppiumLibrary">
<arg>${one-way-button}</arg>
<doc>Click element identified by `locator`.</doc>
<msg timestamp="20231205 14:05:06.601" level="INFO">Clicking element '//android.support.v7.app.ActionBar.Tab[@content-desc="One Way"]'.</msg>
<msg timestamp="20231205 14:05:06.737" level="INFO">xpath criteria: //android.support.v7.app.ActionBar.Tab[@content-desc="One Way"]</msg>
<status status="PASS" starttime="20231205 14:05:06.599" endtime="20231205 14:05:06.737"/>
</kw>
<status status="PASS" starttime="20231205 14:05:06.598" endtime="20231205 14:05:06.737"/>
</kw>
<kw name="Choose From City New York" library="bookPage">
<kw name="Click Element" library="AppiumLibrary">
<arg>${from-city-button}</arg>
<doc>Click element identified by `locator`.</doc>
<msg timestamp="20231205 14:05:06.744" level="INFO">Clicking element '//android.widget.Spinner[@resource-id="com.example.myapplication:id/spinnerFrom"]'.</msg>
<msg timestamp="20231205 14:05:07.375" level="INFO">xpath criteria: //android.widget.Spinner[@resource-id="com.example.myapplication:id/spinnerFrom"]</msg>
<status status="PASS" starttime="20231205 14:05:06.742" endtime="20231205 14:05:07.375"/>
</kw>
<kw name="Wait Until Element Is Visible" library="AppiumLibrary">
<arg>${newyork}</arg>
<doc>Waits until element specified with `locator` is visible.</doc>
<msg timestamp="20231205 14:05:08.361" level="INFO">xpath criteria: //android.widget.TextView[@resource-id="android:id/text1" and @text="New York"]
xpath criteria: //android.widget.TextView[@resource-id="android:id/text1" and @text="New York"]</msg>
<status status="PASS" starttime="20231205 14:05:07.375" endtime="20231205 14:05:08.362"/>
</kw>
<kw name="Click Element" library="AppiumLibrary">
<arg>${newyork}</arg>
<doc>Click element identified by `locator`.</doc>
<msg timestamp="20231205 14:05:08.364" level="INFO">Clicking element '//android.widget.TextView[@resource-id="android:id/text1" and @text="New York"]'.</msg>
<msg timestamp="20231205 14:05:09.080" level="INFO">xpath criteria: //android.widget.TextView[@resource-id="android:id/text1" and @text="New York"]</msg>
<status status="PASS" starttime="20231205 14:05:08.362" endtime="20231205 14:05:09.080"/>
</kw>
<status status="PASS" starttime="20231205 14:05:06.741" endtime="20231205 14:05:09.080"/>
</kw>
<kw name="Choose To City Ottawa" library="bookPage">
<kw name="Click Element" library="AppiumLibrary">
<arg>${to-city-button}</arg>
<doc>Click element identified by `locator`.</doc>
<msg timestamp="20231205 14:05:09.083" level="INFO">Clicking element '//android.widget.Spinner[@resource-id="com.example.myapplication:id/spinnerTo"]'.</msg>
<msg timestamp="20231205 14:05:09.206" level="INFO">xpath criteria: //android.widget.Spinner[@resource-id="com.example.myapplication:id/spinnerTo"]</msg>
<status status="PASS" starttime="20231205 14:05:09.081" endtime="20231205 14:05:09.206"/>
</kw>
<kw name="Wait Until Element Is Visible" library="AppiumLibrary">
<arg>${ottawa}</arg>
<doc>Waits until element specified with `locator` is visible.</doc>
<msg timestamp="20231205 14:05:10.115" level="INFO">xpath criteria: //android.widget.TextView[@resource-id="android:id/text1" and @text="Ottawa"]
xpath criteria: //android.widget.TextView[@resource-id="android:id/text1" and @text="Ottawa"]</msg>
<status status="PASS" starttime="20231205 14:05:09.206" endtime="20231205 14:05:10.115"/>
</kw>
<kw name="Click Element" library="AppiumLibrary">
<arg>${ottawa}</arg>
<doc>Click element identified by `locator`.</doc>
<msg timestamp="20231205 14:05:10.118" level="INFO">Clicking element '//android.widget.TextView[@resource-id="android:id/text1" and @text="Ottawa"]'.</msg>
<msg timestamp="20231205 14:05:10.825" level="INFO">xpath criteria: //android.widget.TextView[@resource-id="android:id/text1" and @text="Ottawa"]</msg>
<status status="PASS" starttime="20231205 14:05:10.115" endtime="20231205 14:05:10.825"/>
</kw>
<status status="PASS" starttime="20231205 14:05:09.081" endtime="20231205 14:05:10.825"/>
</kw>
<kw name="Choose Class Economy" library="bookPage">
<kw name="Click Element" library="AppiumLibrary">
<arg>${class-button}</arg>
<doc>Click element identified by `locator`.</doc>
<msg timestamp="20231205 14:05:10.829" level="INFO">Clicking element '//android.widget.Spinner[@resource-id="com.example.myapplication:id/spinnerClass"]'.</msg>
<msg timestamp="20231205 14:05:10.971" level="INFO">xpath criteria: //android.widget.Spinner[@resource-id="com.example.myapplication:id/spinnerClass"]</msg>
<status status="PASS" starttime="20231205 14:05:10.826" endtime="20231205 14:05:10.971"/>
</kw>
<kw name="Wait Until Element Is Visible" library="AppiumLibrary">
<arg>${economy}</arg>
<doc>Waits until element specified with `locator` is visible.</doc>
<msg timestamp="20231205 14:05:11.833" level="INFO">xpath criteria: //android.widget.TextView[@resource-id="android:id/text1" and @text="Economy"]</msg>
<status status="PASS" starttime="20231205 14:05:10.972" endtime="20231205 14:05:11.833"/>
</kw>
<kw name="Click Element" library="AppiumLibrary">
<arg>${economy}</arg>
<doc>Click element identified by `locator`.</doc>
<msg timestamp="20231205 14:05:11.835" level="INFO">Clicking element '//android.widget.TextView[@resource-id="android:id/text1" and @text="Economy"]'.</msg>
<msg timestamp="20231205 14:05:12.542" level="INFO">xpath criteria: //android.widget.TextView[@resource-id="android:id/text1" and @text="Economy"]</msg>
<status status="PASS" starttime="20231205 14:05:11.833" endtime="20231205 14:05:12.542"/>
</kw>
<status status="PASS" starttime="20231205 14:05:10.826" endtime="20231205 14:05:12.542"/>
</kw>
<kw name="Choose Start Date" library="bookPage">
<kw name="Click Element" library="AppiumLibrary">
<arg>${start-date}</arg>
<doc>Click element identified by `locator`.</doc>
<msg timestamp="20231205 14:05:12.545" level="INFO">Clicking element '//android.widget.TextView[@resource-id="com.example.myapplication:id/textStartDate"]'.</msg>
<msg timestamp="20231205 14:05:12.694" level="INFO">xpath criteria: //android.widget.TextView[@resource-id="com.example.myapplication:id/textStartDate"]</msg>
<status status="PASS" starttime="20231205 14:05:12.543" endtime="20231205 14:05:12.694"/>
</kw>
<kw name="Wait Until Element Is Visible" library="AppiumLibrary">
<arg>${01-aug}</arg>
<doc>Waits until element specified with `locator` is visible.</doc>
<msg timestamp="20231205 14:05:13.542" level="INFO">xpath criteria: //android.view.View[@content-desc="01 August 2019"]
xpath criteria: //android.view.View[@content-desc="01 August 2019"]</msg>
<status status="PASS" starttime="20231205 14:05:12.695" endtime="20231205 14:05:13.542"/>
</kw>
<kw name="Click Element" library="AppiumLibrary">
<arg>${01-aug}</arg>
<doc>Click element identified by `locator`.</doc>
<msg timestamp="20231205 14:05:13.544" level="INFO">Clicking element '//android.view.View[@content-desc="01 August 2019"]'.</msg>
<msg timestamp="20231205 14:05:14.211" level="INFO">xpath criteria: //android.view.View[@content-desc="01 August 2019"]</msg>
<status status="PASS" starttime="20231205 14:05:13.542" endtime="20231205 14:05:14.211"/>
</kw>
<kw name="Click Element" library="AppiumLibrary">
<arg>${date-ok-button}</arg>
<doc>Click element identified by `locator`.</doc>
<msg timestamp="20231205 14:05:14.213" level="INFO">Clicking element '//android.widget.Button[@resource-id="android:id/button1"]'.</msg>
<msg timestamp="20231205 14:05:14.386" level="INFO">xpath criteria: //android.widget.Button[@resource-id="android:id/button1"]</msg>
<status status="PASS" starttime="20231205 14:05:14.211" endtime="20231205 14:05:14.386"/>
</kw>
<status status="PASS" starttime="20231205 14:05:12.543" endtime="20231205 14:05:14.387"/>
</kw>
<kw name="Choose End Date" library="bookPage">
<kw name="Click Element" library="AppiumLibrary">
<arg>${end-date}</arg>
<doc>Click element identified by `locator`.</doc>
<msg timestamp="20231205 14:05:14.390" level="INFO">Clicking element '//android.widget.TextView[@resource-id="com.example.myapplication:id/textEndDate"]'.</msg>
<msg timestamp="20231205 14:05:15.036" level="INFO">xpath criteria: //android.widget.TextView[@resource-id="com.example.myapplication:id/textEndDate"]</msg>
<status status="PASS" starttime="20231205 14:05:14.388" endtime="20231205 14:05:15.037"/>
</kw>
<kw name="Wait Until Element Is Visible" library="AppiumLibrary">
<arg>${31-aug}</arg>
<doc>Waits until element specified with `locator` is visible.</doc>
<msg timestamp="20231205 14:05:15.617" level="INFO">xpath criteria: //android.view.View[@content-desc="31 August 2019"]</msg>
<status status="PASS" starttime="20231205 14:05:15.037" endtime="20231205 14:05:15.618"/>
</kw>
<kw name="Click Element" library="AppiumLibrary">
<arg>${31-aug}</arg>
<doc>Click element identified by `locator`.</doc>
<msg timestamp="20231205 14:05:15.620" level="INFO">Clicking element '//android.view.View[@content-desc="31 August 2019"]'.</msg>
<msg timestamp="20231205 14:05:16.377" level="INFO">xpath criteria: //android.view.View[@content-desc="31 August 2019"]</msg>
<status status="PASS" starttime="20231205 14:05:15.618" endtime="20231205 14:05:16.377"/>
</kw>
<kw name="Click Element" library="AppiumLibrary">
<arg>${date-ok-button}</arg>
<doc>Click element identified by `locator`.</doc>
<msg timestamp="20231205 14:05:16.379" level="INFO">Clicking element '//android.widget.Button[@resource-id="android:id/button1"]'.</msg>
<msg timestamp="20231205 14:05:16.522" level="INFO">xpath criteria: //android.widget.Button[@resource-id="android:id/button1"]</msg>
<status status="PASS" starttime="20231205 14:05:16.377" endtime="20231205 14:05:16.522"/>
</kw>
<status status="PASS" starttime="20231205 14:05:14.387" endtime="20231205 14:05:16.523"/>
</kw>
<kw name="Choose Flight and Hotel" library="bookPage">
<kw name="Wait Until Element Is Visible" library="AppiumLibrary">
<arg>${flight-hotel-button}</arg>
<doc>Waits until element specified with `locator` is visible.</doc>
[...]
</test>
<status status="PASS" starttime="20231205 14:07:09.681" endtime="20231205 14:08:00.289"/>
</suite>
<suite id="s1-s3" name="Search" source="e:\code\mobileAutomation\sanbercodeMobileAutomation519\flight-keri\suites\search.robot">
<test id="s1-s3-t1" name="Search Flight without Login" line="16">
<kw name="Open Flight Application" library="base">
<kw name="Open Application" library="AppiumLibrary">
<arg>remote_url=${REMOTE_URL}</arg>
<arg>platformName=${PLAFORM_NAME}</arg>
<arg>platformVersion=${PLATFORM_VERSION}</arg>
<arg>deviceName=${DEVICE_NAME}</arg>
<arg>appPackage=${APP_PACKAGE}</arg>
<arg>appActivity=${APP_ACTIVITY}</arg>
<doc>Opens a new application to given Appium server.
Capabilities of appium server, Android and iOS,
Please check https://github.com/appium/appium/blob/master/docs/en/writing-running-appium/server-args.md
| *Option*            | *Man.* | *Description*     |
| remote_url          | Yes    | Appium server url |
| alias               | no     | alias             |
| strict_ssl          | No     | allows you to send commands to an invalid certificate host like a self-signed one. |</doc>
<status status="PASS" starttime="20231205 14:08:00.301" endtime="20231205 14:08:08.833"/>
</kw>
<status status="PASS" starttime="20231205 14:08:00.300" endtime="20231205 14:08:08.833"/>
</kw>
<kw name="Page Should Not Contain Element" library="AppiumLibrary">
<arg>${search-input}</arg>
<doc>Verifies that current page not contains `locator` element.</doc>
<msg timestamp="20231205 14:08:09.728" level="INFO">Current page not contains element '//*[@resource-id="com.example.myapplication:id/flight_number"]'.</msg>
<msg timestamp="20231205 14:08:09.729" level="INFO">xpath criteria: //*[@resource-id="com.example.myapplication:id/flight_number"]</msg>
<status status="PASS" starttime="20231205 14:08:08.834" endtime="20231205 14:08:09.729"/>
</kw>
<kw name="Close Flight Application" library="base">
<kw name="Close Application" library="AppiumLibrary">
<doc>Closes the current application and also close webdriver session.</doc>
<status status="PASS" starttime="20231205 14:08:09.731" endtime="20231205 14:08:10.114"/>
</kw>
<status status="PASS" starttime="20231205 14:08:09.730" endtime="20231205 14:08:10.114"/>
</kw>
<status status="PASS" starttime="20231205 14:08:00.299" endtime="20231205 14:08:10.115"/>
</test>
<test id="s1-s3-t2" name="Search Flight with Login using invalid Flight Number" line="21">
<kw name="Open Flight Application" library="base">
<kw name="Open Application" library="AppiumLibrary">
<arg>remote_url=${REMOTE_URL}</arg>
<arg>platformName=${PLAFORM_NAME}</arg>
<arg>platformVersion=${PLATFORM_VERSION}</arg>
<arg>deviceName=${DEVICE_NAME}</arg>
<arg>appPackage=${APP_PACKAGE}</arg>
<arg>appActivity=${APP_ACTIVITY}</arg>
<doc>Opens a new application to given Appium server.
Capabilities of appium server, Android and iOS,
Please check https://github.com/appium/appium/blob/master/docs/en/writing-running-appium/server-args.md
| *Option*            | *Man.* | *Description*     |
| remote_url          | Yes    | Appium server url |
| alias               | no     | alias             |
| strict_ssl          | No     | allows you to send commands to an invalid certificate host like a self-signed one. |</doc>
<status status="PASS" starttime="20231205 14:08:10.120" endtime="20231205 14:08:19.207"/>
</kw>
<status status="PASS" starttime="20231205 14:08:10.119" endtime="20231205 14:08:19.208"/>
</kw>
<kw name="Click Sign In Button On Home Page" library="homePage">
<kw name="Click Element" library="AppiumLibrary">
<arg>${sign-in-button}</arg>
<doc>Click element identified by `locator`.</doc>
<msg timestamp="20231205 14:08:19.210" level="INFO">Clicking element '//*[@resource-id="com.example.myapplication:id/login"]'.</msg>
<msg timestamp="20231205 14:08:20.171" level="INFO">xpath criteria: //*[@resource-id="com.example.myapplication:id/login"]</msg>
<status status="PASS" starttime="20231205 14:08:19.208" endtime="20231205 14:08:20.171"/>
</kw>
<status status="PASS" starttime="20231205 14:08:19.208" endtime="20231205 14:08:20.171"/>
</kw>
<kw name="Wait Until Element Is Visible" library="AppiumLibrary">
<arg>${username-input}</arg>
<doc>Waits until element specified with `locator` is visible.</doc>
<msg timestamp="20231205 14:08:20.987" level="INFO">xpath criteria: //*[@resource-id="com.example.myapplication:id/username"]
xpath criteria: //*[@resource-id="com.example.myapplication:id/username"]</msg>
<status status="PASS" starttime="20231205 14:08:20.172" endtime="20231205 14:08:20.987"/>
</kw>
<kw name="Input Username On Login Page" library="loginPage">
<arg>${VALID_USERNAME}</arg>
<kw name="Input Text" library="AppiumLibrary">
<arg>${username-input}</arg>
<arg>${username}</arg>
<doc>Types the given `text` into text field identified by `locator`.</doc>
<msg timestamp="20231205 14:08:20.990" level="INFO">Typing text 'support@ngendigital.com' into text field '//*[@resource-id="com.example.myapplication:id/username"]'</msg>
<msg timestamp="20231205 14:08:21.075" level="INFO">xpath criteria: //*[@resource-id="com.example.myapplication:id/username"]</msg>
<status status="PASS" starttime="20231205 14:08:20.988" endtime="20231205 14:08:21.076"/>
</kw>
<status status="PASS" starttime="20231205 14:08:20.988" endtime="20231205 14:08:21.076"/>
</kw>
<kw name="Input Password On Login Page" library="loginPage">
<arg>${VALID_PASSWORD}</arg>
<kw name="Input Text" library="AppiumLibrary">
<arg>${password-input}</arg>
<arg>${password}</arg>
<doc>Types the given `text` into text field identified by `locator`.</doc>
<msg timestamp="20231205 14:08:21.079" level="INFO">Typing text 'abc123' into text field '//*[@resource-id="com.example.myapplication:id/password"]'</msg>
<msg timestamp="20231205 14:08:21.641" level="INFO">xpath criteria: //*[@resource-id="com.example.myapplication:id/password"]</msg>
<status status="PASS" starttime="20231205 14:08:21.078" endtime="20231205 14:08:21.642"/>
</kw>
<status status="PASS" starttime="20231205 14:08:21.077" endtime="20231205 14:08:21.642"/>
</kw>
<kw name="Click Login Button On Login Page" library="loginPage">
<kw name="Click Element" library="AppiumLibrary">
<arg>${log-in-button}</arg>
<doc>Click element identified by `locator`.</doc>
<msg timestamp="20231205 14:08:21.644" level="INFO">Clicking element '//*[@resource-id="com.example.myapplication:id/signIn"]'.</msg>
<msg timestamp="20231205 14:08:22.223" level="INFO">xpath criteria: //*[@resource-id="com.example.myapplication:id/signIn"]</msg>
<status status="PASS" starttime="20231205 14:08:21.643" endtime="20231205 14:08:22.223"/>
</kw>
<status status="PASS" starttime="20231205 14:08:21.642" endtime="20231205 14:08:22.223"/>
</kw>
<kw name="Wait Until Page Contains Element" library="AppiumLibrary">
<arg>xpath=//*[contains(@text, "Sign Out")]</arg>
<doc>Waits until element specified with `locator` appears on current page.</doc>
<msg timestamp="20231205 14:08:22.886" level="INFO">xpath criteria: //*[contains(@text, "Sign Out")]
xpath criteria: //*[contains(@text, "Sign Out")]</msg>
<status status="PASS" starttime="20231205 14:08:22.224" endtime="20231205 14:08:22.886"/>
</kw>
<kw name="Open Search" library="searchPage">
<kw name="Click Element" library="AppiumLibrary">
<arg>${search-flight-button}</arg>
<doc>Click element identified by `locator`.</doc>
<msg timestamp="20231205 14:08:22.889" level="INFO">Clicking element '//*[@resource-id="com.example.myapplication:id/search_flight"]'.</msg>
<msg timestamp="20231205 14:08:23.005" level="INFO">xpath criteria: //*[@resource-id="com.example.myapplication:id/search_flight"]</msg>
<status status="PASS" starttime="20231205 14:08:22.887" endtime="20231205 14:08:23.006"/>
</kw>
<status status="PASS" starttime="20231205 14:08:22.887" endtime="20231205 14:08:23.006"/>
</kw>
<kw name="Wait Until Element Is Visible" library="AppiumLibrary">
<arg>${search-input}</arg>
<doc>Waits until element specified with `locator` is visible.</doc>
<msg timestamp="20231205 14:08:23.929" level="INFO">xpath criteria: //*[@resource-id="com.example.myapplication:id/flight_number"]
xpath criteria: //*[@resource-id="com.example.myapplication:id/flight_number"]</msg>
<status status="PASS" starttime="20231205 14:08:23.009" endtime="20231205 14:08:23.929"/>
</kw>
<kw name="Input Search" library="searchPage">
<arg>${INVALID_SEARCH}</arg>
<kw name="Input Text" library="AppiumLibrary">
<arg>${search-input}</arg>
<arg>${search-key}</arg>
<doc>Types the given `text` into text field identified by `locator`.</doc>
<msg timestamp="20231205 14:08:23.932" level="INFO">Typing text 'ZZ666' into text field '//*[@resource-id="com.example.myapplication:id/flight_number"]'</msg>
<msg timestamp="20231205 14:08:24.028" level="INFO">xpath criteria: //*[@resource-id="com.example.myapplication:id/flight_number"]</msg>
<status status="PASS" starttime="20231205 14:08:23.930" endtime="20231205 14:08:24.028"/>
</kw>
<status status="PASS" starttime="20231205 14:08:23.930" endtime="20231205 14:08:24.028"/>
</kw>
<kw name="Click Search Button" library="searchPage">
<kw name="Click Element" library="AppiumLibrary">
<arg>${search-button}</arg>
<doc>Click element identified by `locator`.</doc>
<msg timestamp="20231205 14:08:24.031" level="INFO">Clicking element '//*[@resource-id="com.example.myapplication:id/searchFlight"]'.</msg>
<msg timestamp="20231205 14:08:24.566" level="INFO">xpath criteria: //*[@resource-id="com.example.myapplication:id/searchFlight"]</msg>
<status status="PASS" starttime="20231205 14:08:24.029" endtime="20231205 14:08:24.566"/>
</kw>
<status status="PASS" starttime="20231205 14:08:24.029" endtime="20231205 14:08:24.566"/>
</kw>
<kw name="Wait Until Page Contains Element" library="AppiumLibrary">
<arg>xpath=//*[contains(@text, "Please enter valid Flight Number")]</arg>
<doc>Waits until element specified with `locator` appears on current page.</doc>
<msg timestamp="20231205 14:08:24.693" level="INFO">xpath criteria: //*[contains(@text, "Please enter valid Flight Number")]</msg>
<status status="PASS" starttime="20231205 14:08:24.568" endtime="20231205 14:08:24.694"/>
</kw>
<kw name="Close Flight Application" library="base">
<kw name="Close Application" library="AppiumLibrary">
<doc>Closes the current application and also close webdriver session.</doc>
<status status="PASS" starttime="20231205 14:08:24.695" endtime="20231205 14:08:25.168"/>
</kw>
<status status="PASS" starttime="20231205 14:08:24.694" endtime="20231205 14:08:25.168"/>
</kw>
<status status="PASS" starttime="20231205 14:08:10.119" endtime="20231205 14:08:25.170"/>
</test>
<test id="s1-s3-t3" name="Search Flight with Login" line="36">
<kw name="Open Flight Application" library="base">
<kw name="Open Application" library="AppiumLibrary">
<arg>remote_url=${REMOTE_URL}</arg>
<arg>platformName=${PLAFORM_NAME}</arg>
<arg>platformVersion=${PLATFORM_VERSION}</arg>
<arg>deviceName=${DEVICE_NAME}</arg>
<arg>appPackage=${APP_PACKAGE}</arg>
<arg>appActivity=${APP_ACTIVITY}</arg>
<doc>Opens a new application to given Appium server.
Capabilities of appium server, Android and iOS,
Please check https://github.com/appium/appium/blob/master/docs/en/writing-running-appium/server-args.md
| *Option*            | *Man.* | *Description*     |
| remote_url          | Yes    | Appium server url |
| alias               | no     | alias             |
| strict_ssl          | No     | allows you to send commands to an invalid certificate host like a self-signed one. |</doc>
<status status="PASS" starttime="20231205 14:08:25.174" endtime="20231205 14:08:33.863"/>
</kw>
<status status="PASS" starttime="20231205 14:08:25.174" endtime="20231205 14:08:33.863"/>
</kw>
<kw name="Click Sign In Button On Home Page" library="homePage">
<kw name="Click Element" library="AppiumLibrary">
<arg>${sign-in-button}</arg>
<doc>Click element identified by `locator`.</doc>
<msg timestamp="20231205 14:08:33.866" level="INFO">Clicking element '//*[@resource-id="com.example.myapplication:id/login"]'.</msg>
<msg timestamp="20231205 14:08:34.820" level="INFO">xpath criteria: //*[@resource-id="com.example.myapplication:id/login"]</msg>
<status status="PASS" starttime="20231205 14:08:33.864" endtime="20231205 14:08:34.821"/>
</kw>
<status status="PASS" starttime="20231205 14:08:33.864" endtime="20231205 14:08:34.821"/>
</kw>
<kw name="Wait Until Element Is Visible" library="AppiumLibrary">
<arg>${username-input}</arg>
<doc>Waits until element specified with `locator` is visible.</doc>
<msg timestamp="20231205 14:08:35.582" level="INFO">xpath criteria: //*[@resource-id="com.example.myapplication:id/username"]
xpath criteria: //*[@resource-id="com.example.myapplication:id/username"]</msg>
<status status="PASS" starttime="20231205 14:08:34.826" endtime="20231205 14:08:35.582"/>
</kw>
<kw name="Input Username On Login Page" library="loginPage">
<arg>${VALID_USERNAME}</arg>
<kw name="Input Text" library="AppiumLibrary">
<arg>${username-input}</arg>
<arg>${username}</arg>
<doc>Types the given `text` into text field identified by `locator`.</doc>
<msg timestamp="20231205 14:08:35.585" level="INFO">Typing text 'support@ngendigital.com' into text field '//*[@resource-id="com.example.myapplication:id/username"]'</msg>
<msg timestamp="20231205 14:08:35.723" level="INFO">xpath criteria: //*[@resource-id="com.example.myapplication:id/username"]</msg>
<status status="PASS" starttime="20231205 14:08:35.583" endtime="20231205 14:08:35.723"/>
</kw>
<status status="PASS" starttime="20231205 14:08:35.583" endtime="20231205 14:08:35.723"/>
</kw>
<kw name="Input Password On Login Page" library="loginPage">
<arg>${VALID_PASSWORD}</arg>
<kw name="Input Text" library="AppiumLibrary">
<arg>${password-input}</arg>
<arg>${password}</arg>
<doc>Types the given `text` into text field identified by `locator`.</doc>
<msg timestamp="20231205 14:08:35.727" level="INFO">Typing text 'abc123' into text field '//*[@resource-id="com.example.myapplication:id/password"]'</msg>
<msg timestamp="20231205 14:08:36.300" level="INFO">xpath criteria: //*[@resource-id="com.example.myapplication:id/password"]</msg>
<status status="PASS" starttime="20231205 14:08:35.726" endtime="20231205 14:08:36.300"/>
</kw>
<status status="PASS" starttime="20231205 14:08:35.725" endtime="20231205 14:08:36.300"/>
</kw>
<kw name="Click Login Button On Login Page" library="loginPage">
<kw name="Click Element" library="AppiumLibrary">
<arg>${log-in-button}</arg>
<doc>Click element identified by `locator`.</doc>
<msg timestamp="20231205 14:08:36.304" level="INFO">Clicking element '//*[@resource-id="com.example.myapplication:id/signIn"]'.</msg>
<msg timestamp="20231205 14:08:36.905" level="INFO">xpath criteria: //*[@resource-id="com.example.myapplication:id/signIn"]</msg>
<status status="PASS" starttime="20231205 14:08:36.302" endtime="20231205 14:08:36.906"/>
</kw>
<status status="PASS" starttime="20231205 14:08:36.302" endtime="20231205 14:08:36.906"/>
</kw>
<kw name="Wait Until Page Contains Element" library="AppiumLibrary">
<arg>xpath=//*[contains(@text, "Sign Out")]</arg>
<doc>Waits until element specified with `locator` appears on current page.</doc>
<msg timestamp="20231205 14:08:37.603" level="INFO">xpath criteria: //*[contains(@text, "Sign Out")]
xpath criteria: //*[contains(@text, "Sign Out")]</msg>
<status status="PASS" starttime="20231205 14:08:36.913" endtime="20231205 14:08:37.603"/>
</kw>
<kw name="Open Search" library="searchPage">
<kw name="Click Element" library="AppiumLibrary">
<arg>${search-flight-button}</arg>
<doc>Click element identified by `locator`.</doc>
<msg timestamp="20231205 14:08:37.606" level="INFO">Clicking element '//*[@resource-id="com.example.myapplication:id/search_flight"]'.</msg>
<msg timestamp="20231205 14:08:37.702" level="INFO">xpath criteria: //*[@resource-id="com.example.myapplication:id/search_flight"]</msg>
<status status="PASS" starttime="20231205 14:08:37.604" endtime="20231205 14:08:37.702"/>
</kw>
<status status="PASS" starttime="20231205 14:08:37.604" endtime="20231205 14:08:37.703"/>
</kw>
<kw name="Wait Until Element Is Visible" library="AppiumLibrary">
<arg>${search-input}</arg>
<doc>Waits until element specified with `locator` is visible.</doc>
<msg timestamp="20231205 14:08:38.590" level="INFO">xpath criteria: //*[@resource-id="com.example.myapplication:id/flight_number"]
xpath criteria: //*[@resource-id="com.example.myapplication:id/flight_number"]</msg>
<status status="PASS" starttime="20231205 14:08:37.712" endtime="20231205 14:08:38.591"/>
</kw>
<kw name="Input Search" library="searchPage">
<arg>${SEARCH}</arg>
<kw name="Input Text" library="AppiumLibrary">
<arg>${search-input}</arg>
<arg>${search-key}</arg>
<doc>Types the given `text` into text field identified by `locator`.</doc>
<msg timestamp="20231205 14:08:38.593" level="INFO">Typing text 'DA935' into text field '//*[@resource-id="com.example.myapplication:id/flight_number"]'</msg>
<msg timestamp="20231205 14:08:38.686" level="INFO">xpath criteria: //*[@resource-id="com.example.myapplication:id/flight_number"]</msg>
<status status="PASS" starttime="20231205 14:08:38.592" endtime="20231205 14:08:38.686"/>
</kw>
<status status="PASS" starttime="20231205 14:08:38.591" endtime="20231205 14:08:38.686"/>
</kw>
<kw name="Click Search Button" library="searchPage">
<kw name="Click Element" library="AppiumLibrary">
<arg>${search-button}</arg>
<doc>Click element identified by `locator`.</doc>
<msg timestamp="20231205 14:08:38.690" level="INFO">Clicking element '//*[@resource-id="com.example.myapplication:id/searchFlight"]'.</msg>
<msg timestamp="20231205 14:08:39.252" level="INFO">xpath criteria: //*[@resource-id="com.example.myapplication:id/searchFlight"]</msg>
<status status="PASS" starttime="20231205 14:08:38.688" endtime="20231205 14:08:39.252"/>
</kw>
<status status="PASS" starttime="20231205 14:08:38.688" endtime="20231205 14:08:39.252"/>
</kw>
<kw name="Wait Until Page Contains Element" library="AppiumLibrary">
<arg>xpath=//*[contains(@text, "Toronto to Paris")]</arg>
<doc>Waits until element specified with `locator` appears on current page.</doc>
<msg timestamp="20231205 14:08:39.931" level="INFO">xpath criteria: //*[contains(@text, "Toronto to Paris")]
xpath criteria: //*[contains(@text, "Toronto to Paris")]</msg>
<status status="PASS" starttime="20231205 14:08:39.254" endtime="20231205 14:08:39.931"/>
</kw>
<kw name="Wait Until Page Contains Element" library="AppiumLibrary">
<arg>xpath=//*[contains(@text, "DA 935")]</arg>
<doc>Waits until element specified with `locator` appears on current page.</doc>
<msg timestamp="20231205 14:08:39.987" level="INFO">xpath criteria: //*[contains(@text, "DA 935")]</msg>
<status status="PASS" starttime="20231205 14:08:39.932" endtime="20231205 14:08:39.987"/>
</kw>
<kw name="Close Flight Application" library="base">
<kw name="Close Application" library="AppiumLibrary">
<doc>Closes the current application and also close webdriver session.</doc>
<status status="PASS" starttime="20231205 14:08:39.989" endtime="20231205 14:08:40.409"/>
</kw>
<status status="PASS" starttime="20231205 14:08:39.989" endtime="20231205 14:08:40.409"/>
</kw>
<status status="PASS" starttime="20231205 14:08:25.173" endtime="20231205 14:08:40.410"/>
</test>
<status status="PASS" starttime="20231205 14:08:00.291" endtime="20231205 14:08:40.411"/>
</suite>
<status status="PASS" starttime="20231205 14:03:19.871" endtime="20231205 14:08:40.413"/>
</suite>
<statistics>
<total>
<stat pass="15" fail="0" skip="0">All Tests</stat>
</total>
<tag>
</tag>
<suite>
<stat pass="15" fail="0" skip="0" id="s1" name="Suites">Suites</stat>
<stat pass="8" fail="0" skip="0" id="s1-s1" name="Book">Suites.Book</stat>
<stat pass="4" fail="0" skip="0" id="s1-s2" name="Login">Suites.Login</stat>
<stat pass="3" fail="0" skip="0" id="s1-s3" name="Search">Suites.Search</stat>
</suite>
</statistics>
<errors>
</errors>
</robot>
