<?xml version="1.0" encoding="UTF-8"?>
<robot generator="Robot 6.1.1 (Python 3.12.0 on win32)" generated="20231203 22:30:41.072" rpa="false" schemaversion="4">
<suite id="s1" name="Searching" source="C:\Users\SPE-JOGJA\Documents\Nelly Amalia\sanbercodeMobileAutomation519\suites\searching.robot">
<test id="s1-t1" name="Success Search Flight Number" line="8">
<kw name="Success Login with Valid Credential" library="loginPage" type="SETUP">
<kw name="Open Flight Application" library="base">
<kw name="Open Application" library="AppiumLibrary">
<arg>remote_url=${REMORT_URL}</arg>
<arg>platformName=${PLATFORM_NAME}</arg>
<arg>platformVersion=${PLATFORM_VERSION}</arg>
<arg>deviceName=${DEVICE_NAME}</arg>
<arg>appPackage=${APP_PACKAGE}</arg>
<arg>appActivity=${APP_ACTIVITY}</arg>
<doc>Opens a new application to given Appium server.
Capabilities of appium server, Android and iOS,
Please check https://github.com/appium/appium/blob/master/docs/en/writing-running-appium/server-args.md
| *Option*            | *Man.* | *Description*     |
| remote_url          | Yes    | Appium server url |
| alias               | no     | alias             |
| strict_ssl          | No     | allows you to send commands to an invalid certificate host like a self-signed one. |</doc>
<status status="PASS" starttime="20231203 22:30:41.780" endtime="20231203 22:30:50.906"/>
</kw>
<status status="PASS" starttime="20231203 22:30:41.780" endtime="20231203 22:30:50.906"/>
</kw>
<kw name="Click Sign In Button On Home Page" library="homePage">
<kw name="Click Element" library="AppiumLibrary">
<arg>${login}</arg>
<doc>Click element identified by `locator`.</doc>
<msg timestamp="20231203 22:30:50.909" level="INFO">Clicking element '//*[@resource-id="com.example.myapplication:id/login"]'.</msg>
<msg timestamp="20231203 22:30:51.841" level="INFO">xpath criteria: //*[@resource-id="com.example.myapplication:id/login"]</msg>
<status status="PASS" starttime="20231203 22:30:50.907" endtime="20231203 22:30:51.841"/>
</kw>
<status status="PASS" starttime="20231203 22:30:50.906" endtime="20231203 22:30:51.841"/>
</kw>
<kw name="Input Username On Login Page" library="loginPage">
<arg>${VALID_USERNAME}</arg>
<kw name="Wait Until Element Is Visible" library="AppiumLibrary">
<arg>${username-input}</arg>
<doc>Waits until element specified with `locator` is visible.</doc>
<msg timestamp="20231203 22:30:52.635" level="INFO">xpath criteria: //*[@resource-id="com.example.myapplication:id/username"]
xpath criteria: //*[@resource-id="com.example.myapplication:id/username"]</msg>
<status status="PASS" starttime="20231203 22:30:51.841" endtime="20231203 22:30:52.635"/>
</kw>
<kw name="Input Text" library="AppiumLibrary">
<arg>${username-input}</arg>
<arg>${username}</arg>
<doc>Types the given `text` into text field identified by `locator`.</doc>
<msg timestamp="20231203 22:30:52.637" level="INFO">Typing text 'support@ngendigital.com' into text field '//*[@resource-id="com.example.myapplication:id/username"]'</msg>
<msg timestamp="20231203 22:30:52.743" level="INFO">xpath criteria: //*[@resource-id="com.example.myapplication:id/username"]</msg>
<status status="PASS" starttime="20231203 22:30:52.635" endtime="20231203 22:30:52.743"/>
</kw>
<status status="PASS" starttime="20231203 22:30:51.841" endtime="20231203 22:30:52.743"/>
</kw>
<kw name="Input Password On Login Page" library="loginPage">
<arg>${VALID_PASSWORD}</arg>
<kw name="Wait Until Element Is Visible" library="AppiumLibrary">
<arg>${password-input}</arg>
<doc>Waits until element specified with `locator` is visible.</doc>
<msg timestamp="20231203 22:30:53.298" level="INFO">xpath criteria: //*[@resource-id="com.example.myapplication:id/password"]</msg>
<status status="PASS" starttime="20231203 22:30:52.744" endtime="20231203 22:30:53.298"/>
</kw>
<kw name="Input Text" library="AppiumLibrary">
<arg>${password-input}</arg>
<arg>${password}</arg>
<doc>Types the given `text` into text field identified by `locator`.</doc>
<msg timestamp="20231203 22:30:53.300" level="INFO">Typing text 'abc123' into text field '//*[@resource-id="com.example.myapplication:id/password"]'</msg>
<msg timestamp="20231203 22:30:53.372" level="INFO">xpath criteria: //*[@resource-id="com.example.myapplication:id/password"]</msg>
<status status="PASS" starttime="20231203 22:30:53.298" endtime="20231203 22:30:53.373"/>
</kw>
<status status="PASS" starttime="20231203 22:30:52.743" endtime="20231203 22:30:53.373"/>
</kw>
<kw name="Click Sign In Button On Login Page" library="loginPage">
<kw name="Click Element" library="AppiumLibrary">
<arg>${sign-in-button}</arg>
<doc>Click element identified by `locator`.</doc>
<msg timestamp="20231203 22:30:53.375" level="INFO">Clicking element '//*[@resource-id="com.example.myapplication:id/signIn"]'.</msg>
<msg timestamp="20231203 22:30:53.906" level="INFO">xpath criteria: //*[@resource-id="com.example.myapplication:id/signIn"]</msg>
<status status="PASS" starttime="20231203 22:30:53.373" endtime="20231203 22:30:53.907"/>
</kw>
<status status="PASS" starttime="20231203 22:30:53.373" endtime="20231203 22:30:53.907"/>
</kw>
<status status="PASS" starttime="20231203 22:30:41.780" endtime="20231203 22:30:53.907"/>
</kw>
<kw name="Click Menu Search Button On Home Page" library="searchPage">
<kw name="Wait Until Element Is Visible" library="AppiumLibrary">
<arg>${menu-search}</arg>
<doc>Waits until element specified with `locator` is visible.</doc>
<msg timestamp="20231203 22:30:54.602" level="INFO">xpath criteria: //android.widget.Button[@resource-id="com.example.myapplication:id/search_flight"]
xpath criteria: //android.widget.Button[@resource-id="com.example.myapplication:id/search_flight"]</msg>
<status status="PASS" starttime="20231203 22:30:53.908" endtime="20231203 22:30:54.602"/>
</kw>
<kw name="Click Element" library="AppiumLibrary">
<arg>${menu-search}</arg>
<doc>Click element identified by `locator`.</doc>
<msg timestamp="20231203 22:30:54.603" level="INFO">Clicking element '//android.widget.Button[@resource-id="com.example.myapplication:id/search_flight"]'.</msg>
<msg timestamp="20231203 22:30:54.707" level="INFO">xpath criteria: //android.widget.Button[@resource-id="com.example.myapplication:id/search_flight"]</msg>
<status status="PASS" starttime="20231203 22:30:54.602" endtime="20231203 22:30:54.707"/>
</kw>
<status status="PASS" starttime="20231203 22:30:53.907" endtime="20231203 22:30:54.707"/>
</kw>
<kw name="Input Flight Number On Search Page" library="searchPage">
<kw name="Wait Until Element Is Visible" library="AppiumLibrary">
<arg>${flight-number}</arg>
<doc>Waits until element specified with `locator` is visible.</doc>
<msg timestamp="20231203 22:30:56.264" level="INFO">xpath criteria: //android.widget.EditText[@resource-id="com.example.myapplication:id/flight_number"]
xpath criteria: //android.widget.EditText[@resource-id="com.example.myapplication:id/flight_number"]</msg>
<status status="PASS" starttime="20231203 22:30:54.709" endtime="20231203 22:30:56.264"/>
</kw>
<kw name="Input Text" library="AppiumLibrary">
<arg>${flight-number}</arg>
<arg>${FLIGHT_NUMBER}</arg>
<doc>Types the given `text` into text field identified by `locator`.</doc>
<msg timestamp="20231203 22:30:56.266" level="INFO">Typing text 'DA935' into text field '//android.widget.EditText[@resource-id="com.example.myapplication:id/flight_number"]'</msg>
<msg timestamp="20231203 22:30:56.360" level="INFO">xpath criteria: //android.widget.EditText[@resource-id="com.example.myapplication:id/flight_number"]</msg>
<status status="PASS" starttime="20231203 22:30:56.264" endtime="20231203 22:30:56.360"/>
</kw>
<status status="PASS" starttime="20231203 22:30:54.709" endtime="20231203 22:30:56.360"/>
</kw>
<kw name="Click Search Button On Search Page" library="searchPage">
<kw name="Wait Until Element Is Visible" library="AppiumLibrary">
<arg>${search-button}</arg>
<doc>Waits until element specified with `locator` is visible.</doc>
<msg timestamp="20231203 22:30:56.904" level="INFO">xpath criteria: //android.widget.Button[@resource-id="com.example.myapplication:id/searchFlight"]</msg>
<status status="PASS" starttime="20231203 22:30:56.360" endtime="20231203 22:30:56.904"/>
</kw>
<kw name="Click Element" library="AppiumLibrary">
<arg>${search-button}</arg>
<doc>Click element identified by `locator`.</doc>
<msg timestamp="20231203 22:30:56.906" level="INFO">Clicking element '//android.widget.Button[@resource-id="com.example.myapplication:id/searchFlight"]'.</msg>
<msg timestamp="20231203 22:30:57.006" level="INFO">xpath criteria: //android.widget.Button[@resource-id="com.example.myapplication:id/searchFlight"]</msg>
<status status="PASS" starttime="20231203 22:30:56.905" endtime="20231203 22:30:57.007"/>
</kw>
<status status="PASS" starttime="20231203 22:30:56.360" endtime="20231203 22:30:57.007"/>
</kw>
<kw name="Should Contain Text On Search Page" library="searchPage">
<kw name="Wait Until Element Is Visible" library="AppiumLibrary">
<arg>${verify-search}</arg>
<doc>Waits until element specified with `locator` is visible.</doc>
<msg timestamp="20231203 22:30:57.729" level="INFO">xpath criteria: //android.widget.TextView[@text="DA 935"]
xpath criteria: //android.widget.TextView[@text="DA 935"]</msg>
<status status="PASS" starttime="20231203 22:30:57.008" endtime="20231203 22:30:57.729"/>
</kw>
<kw name="Element Should Contain Text" library="AppiumLibrary">
<arg>${verify-search}</arg>
<arg>DA 935</arg>
<doc>Verifies element identified by ``locator`` contains text ``expected``.</doc>
<msg timestamp="20231203 22:30:57.730" level="INFO">Verifying element '//android.widget.TextView[@text="DA 935"]' contains text 'DA 935'.</msg>
<msg timestamp="20231203 22:30:57.804" level="INFO">xpath criteria: //android.widget.TextView[@text="DA 935"]</msg>
<status status="PASS" starttime="20231203 22:30:57.729" endtime="20231203 22:30:57.804"/>
</kw>
<status status="PASS" starttime="20231203 22:30:57.007" endtime="20231203 22:30:57.804"/>
</kw>
<kw name="Close Flight Application" library="base" type="TEARDOWN">
<kw name="Close Application" library="AppiumLibrary">
<doc>Closes the current application and also close webdriver session.</doc>
<status status="PASS" starttime="20231203 22:30:57.805" endtime="20231203 22:30:58.383"/>
</kw>
<status status="PASS" starttime="20231203 22:30:57.805" endtime="20231203 22:30:58.383"/>
</kw>
<status status="PASS" starttime="20231203 22:30:41.779" endtime="20231203 22:30:58.384"/>
</test>
<status status="PASS" starttime="20231203 22:30:41.083" endtime="20231203 22:30:58.385"/>
</suite>
<statistics>
<total>
<stat pass="1" fail="0" skip="0">All Tests</stat>
</total>
<tag>
</tag>
<suite>
<stat pass="1" fail="0" skip="0" id="s1" name="Searching">Searching</stat>
</suite>
</statistics>
<errors>
</errors>
</robot>
