<?xml version="1.0" encoding="UTF-8"?>
<robot generator="Robot 6.1.1 (Python 3.12.0 on win32)" generated="20231205 21:45:25.005" rpa="false" schemaversion="4">
<suite id="s1" name="Booking" source="e:\code\mobileAutomation\sanbercodeMobileAutomation519\flight-nelly\suites\booking.robot">
<test id="s1-t1" name="Success Booking Flight One Way" line="9">
<kw name="Success Login with Valid Credential" library="loginPage" type="SETUP">
<kw name="Open Flight Application" library="base">
<kw name="Open Application" library="AppiumLibrary">
<arg>remote_url=${REMORT_URL}</arg>
<arg>platformName=${PLATFORM_NAME}</arg>
<arg>platformVersion=${PLATFORM_VERSION}</arg>
<arg>deviceName=${DEVICE_NAME}</arg>
<arg>appPackage=${APP_PACKAGE}</arg>
<arg>appActivity=${APP_ACTIVITY}</arg>
<doc>Opens a new application to given Appium server.
Capabilities of appium server, Android and iOS,
Please check https://github.com/appium/appium/blob/master/docs/en/writing-running-appium/server-args.md
| *Option*            | *Man.* | *Description*     |
| remote_url          | Yes    | Appium server url |
| alias               | no     | alias             |
| strict_ssl          | No     | allows you to send commands to an invalid certificate host like a self-signed one. |</doc>
<status status="PASS" starttime="20231205 21:45:25.320" endtime="20231205 21:45:33.489"/>
</kw>
<status status="PASS" starttime="20231205 21:45:25.320" endtime="20231205 21:45:33.489"/>
</kw>
<kw name="Click Sign In Button On Home Page" library="homePage">
<kw name="Click Element" library="AppiumLibrary">
<arg>${login}</arg>
<doc>Click element identified by `locator`.</doc>
<msg timestamp="20231205 21:45:33.492" level="INFO">Clicking element '//*[@resource-id="com.example.myapplication:id/login"]'.</msg>
<msg timestamp="20231205 21:45:34.443" level="INFO">xpath criteria: //*[@resource-id="com.example.myapplication:id/login"]</msg>
<status status="PASS" starttime="20231205 21:45:33.490" endtime="20231205 21:45:34.443"/>
</kw>
<status status="PASS" starttime="20231205 21:45:33.489" endtime="20231205 21:45:34.444"/>
</kw>
<kw name="Input Username On Login Page" library="loginPage">
<arg>${VALID_USERNAME}</arg>
<kw name="Wait Until Element Is Visible" library="AppiumLibrary">
<arg>${username-input}</arg>
<doc>Waits until element specified with `locator` is visible.</doc>
<msg timestamp="20231205 21:45:35.178" level="INFO">xpath criteria: //*[@resource-id="com.example.myapplication:id/username"]</msg>
<status status="PASS" starttime="20231205 21:45:34.444" endtime="20231205 21:45:35.179"/>
</kw>
<kw name="Input Text" library="AppiumLibrary">
<arg>${username-input}</arg>
<arg>${username}</arg>
<doc>Types the given `text` into text field identified by `locator`.</doc>
<msg timestamp="20231205 21:45:35.181" level="INFO">Typing text 'support@ngendigital.com' into text field '//*[@resource-id="com.example.myapplication:id/username"]'</msg>
<msg timestamp="20231205 21:45:35.259" level="INFO">xpath criteria: //*[@resource-id="com.example.myapplication:id/username"]</msg>
<status status="PASS" starttime="20231205 21:45:35.179" endtime="20231205 21:45:35.259"/>
</kw>
<status status="PASS" starttime="20231205 21:45:34.444" endtime="20231205 21:45:35.259"/>
</kw>
<kw name="Input Password On Login Page" library="loginPage">
<arg>${VALID_PASSWORD}</arg>
<kw name="Wait Until Element Is Visible" library="AppiumLibrary">
<arg>${password-input}</arg>
<doc>Waits until element specified with `locator` is visible.</doc>
<msg timestamp="20231205 21:45:35.823" level="INFO">xpath criteria: //*[@resource-id="com.example.myapplication:id/password"]</msg>
<status status="PASS" starttime="20231205 21:45:35.260" endtime="20231205 21:45:35.823"/>
</kw>
<kw name="Input Text" library="AppiumLibrary">
<arg>${password-input}</arg>
<arg>${password}</arg>
<doc>Types the given `text` into text field identified by `locator`.</doc>
<msg timestamp="20231205 21:45:35.825" level="INFO">Typing text 'abc123' into text field '//*[@resource-id="com.example.myapplication:id/password"]'</msg>
<msg timestamp="20231205 21:45:35.896" level="INFO">xpath criteria: //*[@resource-id="com.example.myapplication:id/password"]</msg>
<status status="PASS" starttime="20231205 21:45:35.823" endtime="20231205 21:45:35.896"/>
</kw>
<status status="PASS" starttime="20231205 21:45:35.259" endtime="20231205 21:45:35.897"/>
</kw>
<kw name="Click Sign In Button On Login Page" library="loginPage">
<kw name="Click Element" library="AppiumLibrary">
<arg>${sign-in-button}</arg>
<doc>Click element identified by `locator`.</doc>
<msg timestamp="20231205 21:45:35.899" level="INFO">Clicking element '//*[@resource-id="com.example.myapplication:id/signIn"]'.</msg>
<msg timestamp="20231205 21:45:36.495" level="INFO">xpath criteria: //*[@resource-id="com.example.myapplication:id/signIn"]</msg>
<status status="PASS" starttime="20231205 21:45:35.897" endtime="20231205 21:45:36.495"/>
</kw>
<status status="PASS" starttime="20231205 21:45:35.897" endtime="20231205 21:45:36.495"/>
</kw>
<status status="PASS" starttime="20231205 21:45:25.319" endtime="20231205 21:45:36.495"/>
</kw>
<kw name="Click Menu Book Button On Home Page" library="homePage">
<kw name="Wait Until Element Is Visible" library="AppiumLibrary">
<arg>${menu_book}</arg>
<doc>Waits until element specified with `locator` is visible.</doc>
<msg timestamp="20231205 21:45:37.188" level="INFO">xpath criteria: //*[@resource-id="com.example.myapplication:id/book"]
xpath criteria: //*[@resource-id="com.example.myapplication:id/book"]</msg>
<status status="PASS" starttime="20231205 21:45:36.496" endtime="20231205 21:45:37.189"/>
</kw>
<kw name="Click Element" library="AppiumLibrary">
<arg>${menu_book}</arg>
<doc>Click element identified by `locator`.</doc>
<msg timestamp="20231205 21:45:37.191" level="INFO">Clicking element '//*[@resource-id="com.example.myapplication:id/book"]'.</msg>
<msg timestamp="20231205 21:45:37.300" level="INFO">xpath criteria: //*[@resource-id="com.example.myapplication:id/book"]</msg>
<status status="PASS" starttime="20231205 21:45:37.189" endtime="20231205 21:45:37.300"/>
</kw>
<status status="PASS" starttime="20231205 21:45:36.496" endtime="20231205 21:45:37.300"/>
</kw>
<kw name="Click One Way Button On Book Page" library="bookPage">
<kw name="Wait Until Element Is Visible" library="AppiumLibrary">
<arg>${oneway-button}</arg>
<doc>Waits until element specified with `locator` is visible.</doc>
<msg timestamp="20231205 21:45:38.291" level="INFO">xpath criteria: //android.support.v7.app.ActionBar.Tab[@content-desc="One Way"]
xpath criteria: //android.support.v7.app.ActionBar.Tab[@content-desc="One Way"]</msg>
<status status="PASS" starttime="20231205 21:45:37.301" endtime="20231205 21:45:38.292"/>
</kw>
<kw name="Click Element" library="AppiumLibrary">
<arg>${oneway-button}</arg>
<doc>Click element identified by `locator`.</doc>
<msg timestamp="20231205 21:45:38.294" level="INFO">Clicking element '//android.support.v7.app.ActionBar.Tab[@content-desc="One Way"]'.</msg>
<msg timestamp="20231205 21:45:38.413" level="INFO">xpath criteria: //android.support.v7.app.ActionBar.Tab[@content-desc="One Way"]</msg>
<status status="PASS" starttime="20231205 21:45:38.292" endtime="20231205 21:45:38.413"/>
</kw>
<status status="PASS" starttime="20231205 21:45:37.301" endtime="20231205 21:45:38.414"/>
</kw>
<kw name="Click From City Dropdown On Book Page" library="bookPage">
<kw name="Wait Until Element Is Visible" library="AppiumLibrary">
<arg>${from-city}</arg>
<doc>Waits until element specified with `locator` is visible.</doc>
<msg timestamp="20231205 21:45:39.012" level="INFO">xpath criteria: //*[@resource-id="com.example.myapplication:id/spinnerFrom"]</msg>
<status status="PASS" starttime="20231205 21:45:38.414" endtime="20231205 21:45:39.012"/>
</kw>
<kw name="Click Element" library="AppiumLibrary">
<arg>${from-city}</arg>
<doc>Click element identified by `locator`.</doc>
<msg timestamp="20231205 21:45:39.014" level="INFO">Clicking element '//*[@resource-id="com.example.myapplication:id/spinnerFrom"]'.</msg>
<msg timestamp="20231205 21:45:39.123" level="INFO">xpath criteria: //*[@resource-id="com.example.myapplication:id/spinnerFrom"]</msg>
<status status="PASS" starttime="20231205 21:45:39.012" endtime="20231205 21:45:39.123"/>
</kw>
<status status="PASS" starttime="20231205 21:45:38.414" endtime="20231205 21:45:39.124"/>
</kw>
<kw name="Choose Chicago City on Book Page" library="bookPage">
<kw name="Wait Until Element Is Visible" library="AppiumLibrary">
<arg>${chicago}</arg>
<doc>Waits until element specified with `locator` is visible.</doc>
<msg timestamp="20231205 21:45:40.134" level="INFO">xpath criteria: //*[@resource-id="android:id/text1" and @text="Chicago"]
xpath criteria: //*[@resource-id="android:id/text1" and @text="Chicago"]</msg>
<status status="PASS" starttime="20231205 21:45:39.125" endtime="20231205 21:45:40.135"/>
</kw>
<kw name="Click Element" library="AppiumLibrary">
<arg>${chicago}</arg>
<doc>Click element identified by `locator`.</doc>
<msg timestamp="20231205 21:45:40.137" level="INFO">Clicking element '//*[@resource-id="android:id/text1" and @text="Chicago"]'.</msg>
<msg timestamp="20231205 21:45:40.866" level="INFO">xpath criteria: //*[@resource-id="android:id/text1" and @text="Chicago"]</msg>
<status status="PASS" starttime="20231205 21:45:40.135" endtime="20231205 21:45:40.866"/>
</kw>
<status status="PASS" starttime="20231205 21:45:39.125" endtime="20231205 21:45:40.867"/>
</kw>
<kw name="Click To City Dropdown On Book Page" library="bookPage">
<kw name="Wait Until Element Is Visible" library="AppiumLibrary">
<arg>${to-city}</arg>
<doc>Waits until element specified with `locator` is visible.</doc>
<msg timestamp="20231205 21:45:40.970" level="INFO">xpath criteria: //*[@resource-id="com.example.myapplication:id/spinnerTo"]</msg>
<status status="PASS" starttime="20231205 21:45:40.867" endtime="20231205 21:45:40.970"/>
</kw>
<kw name="Click Element" library="AppiumLibrary">
<arg>${to-city}</arg>
<doc>Click element identified by `locator`.</doc>
<msg timestamp="20231205 21:45:40.972" level="INFO">Clicking element '//*[@resource-id="com.example.myapplication:id/spinnerTo"]'.</msg>
<msg timestamp="20231205 21:45:41.096" level="INFO">xpath criteria: //*[@resource-id="com.example.myapplication:id/spinnerTo"]</msg>
<status status="PASS" starttime="20231205 21:45:40.970" endtime="20231205 21:45:41.096"/>
</kw>
<status status="PASS" starttime="20231205 21:45:40.867" endtime="20231205 21:45:41.097"/>
</kw>
<kw name="Choose London City on Book Page" library="bookPage">
<kw name="Wait Until Element Is Visible" library="AppiumLibrary">
<arg>${london}</arg>
<doc>Waits until element specified with `locator` is visible.</doc>
<msg timestamp="20231205 21:45:42.015" level="INFO">xpath criteria: //*[@resource-id="android:id/text1" and @text="London"]
xpath criteria: //*[@resource-id="android:id/text1" and @text="London"]</msg>
<status status="PASS" starttime="20231205 21:45:41.098" endtime="20231205 21:45:42.015"/>
</kw>
<kw name="Click Element" library="AppiumLibrary">
<arg>${london}</arg>
<doc>Click element identified by `locator`.</doc>
<msg timestamp="20231205 21:45:42.018" level="INFO">Clicking element '//*[@resource-id="android:id/text1" and @text="London"]'.</msg>
<msg timestamp="20231205 21:45:42.727" level="INFO">xpath criteria: //*[@resource-id="android:id/text1" and @text="London"]</msg>
<status status="PASS" starttime="20231205 21:45:42.016" endtime="20231205 21:45:42.728"/>
</kw>
<status status="PASS" starttime="20231205 21:45:41.098" endtime="20231205 21:45:42.728"/>
</kw>
<kw name="Click Class Dropdown On Book Page" library="bookPage">
<kw name="Wait Until Element Is Visible" library="AppiumLibrary">
<arg>${class}</arg>
<doc>Waits until element specified with `locator` is visible.</doc>
<msg timestamp="20231205 21:45:42.824" level="INFO">xpath criteria: //*[@resource-id="com.example.myapplication:id/spinnerClass"]</msg>
<status status="PASS" starttime="20231205 21:45:42.729" endtime="20231205 21:45:42.824"/>
</kw>
<kw name="Click Element" library="AppiumLibrary">
<arg>${class}</arg>
<doc>Click element identified by `locator`.</doc>
<msg timestamp="20231205 21:45:42.826" level="INFO">Clicking element '//*[@resource-id="com.example.myapplication:id/spinnerClass"]'.</msg>
<msg timestamp="20231205 21:45:42.944" level="INFO">xpath criteria: //*[@resource-id="com.example.myapplication:id/spinnerClass"]</msg>
<status status="PASS" starttime="20231205 21:45:42.824" endtime="20231205 21:45:42.944"/>
</kw>
<status status="PASS" starttime="20231205 21:45:42.728" endtime="20231205 21:45:42.944"/>
</kw>
<kw name="Choose Bussines Class on Book Page" library="bookPage">
<kw name="Wait Until Element Is Visible" library="AppiumLibrary">
<arg>${bussines}</arg>
<doc>Waits until element specified with `locator` is visible.</doc>
<msg timestamp="20231205 21:45:43.868" level="INFO">xpath criteria: //*[@resource-id="android:id/text1" and @text="Business"]
xpath criteria: //*[@resource-id="android:id/text1" and @text="Business"]</msg>
<status status="PASS" starttime="20231205 21:45:42.946" endtime="20231205 21:45:43.868"/>
</kw>
<kw name="Click Element" library="AppiumLibrary">
<arg>${bussines}</arg>
<doc>Click element identified by `locator`.</doc>
<msg timestamp="20231205 21:45:43.870" level="INFO">Clicking element '//*[@resource-id="android:id/text1" and @text="Business"]'.</msg>
<msg timestamp="20231205 21:45:44.573" level="INFO">xpath criteria: //*[@resource-id="android:id/text1" and @text="Business"]</msg>
<status status="PASS" starttime="20231205 21:45:43.868" endtime="20231205 21:45:44.574"/>
</kw>
<status status="PASS" starttime="20231205 21:45:42.946" endtime="20231205 21:45:44.574"/>
</kw>
<kw name="Click Start Date On Book Page" library="bookPage">
<kw name="Wait Until Element Is Visible" library="AppiumLibrary">
<arg>${start-date}</arg>
<doc>Waits until element specified with `locator` is visible.</doc>
<msg timestamp="20231205 21:45:44.669" level="INFO">xpath criteria: //*[@resource-id="com.example.myapplication:id/textStartDate"]</msg>
<status status="PASS" starttime="20231205 21:45:44.575" endtime="20231205 21:45:44.669"/>
</kw>
<kw name="Click Element" library="AppiumLibrary">
<arg>${start-date}</arg>
<doc>Click element identified by `locator`.</doc>
<msg timestamp="20231205 21:45:44.671" level="INFO">Clicking element '//*[@resource-id="com.example.myapplication:id/textStartDate"]'.</msg>
<msg timestamp="20231205 21:45:44.771" level="INFO">xpath criteria: //*[@resource-id="com.example.myapplication:id/textStartDate"]</msg>
<status status="PASS" starttime="20231205 21:45:44.669" endtime="20231205 21:45:44.772"/>
</kw>
<status status="PASS" starttime="20231205 21:45:44.575" endtime="20231205 21:45:44.772"/>
</kw>
<kw name="Input Start Date 1 Agutus 2019" library="bookPage">
<kw name="Wait Until Element Is Visible" library="AppiumLibrary">
<arg>${satu-agustus}</arg>
<doc>Waits until element specified with `locator` is visible.</doc>
<msg timestamp="20231205 21:45:45.554" level="INFO">xpath criteria: //android.view.View[@content-desc="01 August 2019"]
xpath criteria: //android.view.View[@content-desc="01 August 2019"]</msg>
<status status="PASS" starttime="20231205 21:45:44.773" endtime="20231205 21:45:45.554"/>
</kw>
<kw name="Click Element" library="AppiumLibrary">
<arg>${satu-agustus}</arg>
<doc>Click element identified by `locator`.</doc>
<msg timestamp="20231205 21:45:45.556" level="INFO">Clicking element '//android.view.View[@content-desc="01 August 2019"]'.</msg>
<msg timestamp="20231205 21:45:46.182" level="INFO">xpath criteria: //android.view.View[@content-desc="01 August 2019"]</msg>
<status status="PASS" starttime="20231205 21:45:45.554" endtime="20231205 21:45:46.182"/>
</kw>
<status status="PASS" starttime="20231205 21:45:44.772" endtime="20231205 21:45:46.182"/>
</kw>
<kw name="Click OK on Date" library="bookPage">
<kw name="Wait Until Element Is Visible" library="AppiumLibrary">
<arg>${buttonOke-Date}</arg>
<doc>Waits until element specified with `locator` is visible.</doc>
<msg timestamp="20231205 21:45:46.300" level="INFO">xpath criteria: //android.widget.Button[@resource-id="android:id/button1"]</msg>
<status status="PASS" starttime="20231205 21:45:46.184" endtime="20231205 21:45:46.300"/>
</kw>
<kw name="Click Element" library="AppiumLibrary">
<arg>${buttonOke-Date}</arg>
<doc>Click element identified by `locator`.</doc>
<msg timestamp="20231205 21:45:46.302" level="INFO">Clicking element '//android.widget.Button[@resource-id="android:id/button1"]'.</msg>
<msg timestamp="20231205 21:45:46.467" level="INFO">xpath criteria: //android.widget.Button[@resource-id="android:id/button1"]</msg>
<status status="PASS" starttime="20231205 21:45:46.300" endtime="20231205 21:45:46.467"/>
</kw>
<status status="PASS" starttime="20231205 21:45:46.183" endtime="20231205 21:45:46.467"/>
</kw>
<kw name="Click End Date On Book Page" library="bookPage">
<kw name="Wait Until Element Is Visible" library="AppiumLibrary">
<arg>${end-date}</arg>
<doc>Waits until element specified with `locator` is visible.</doc>
<msg timestamp="20231205 21:45:47.075" level="INFO">xpath criteria: //*[@resource-id="com.example.myapplication:id/textEndDate"]</msg>
<status status="PASS" starttime="20231205 21:45:46.473" endtime="20231205 21:45:47.075"/>
</kw>
<kw name="Click Element" library="AppiumLibrary">
<arg>${end-date}</arg>
<doc>Click element identified by `locator`.</doc>
<msg timestamp="20231205 21:45:47.077" level="INFO">Clicking element '//*[@resource-id="com.example.myapplication:id/textEndDate"]'.</msg>
<msg timestamp="20231205 21:45:47.241" level="INFO">xpath criteria: //*[@resource-id="com.example.myapplication:id/textEndDate"]</msg>
<status status="PASS" starttime="20231205 21:45:47.075" endtime="20231205 21:45:47.241"/>
</kw>
<status status="PASS" starttime="20231205 21:45:46.473" endtime="20231205 21:45:47.241"/>
</kw>
<kw name="Input End Date 2 Agutus 2019" library="bookPage">
<kw name="Wait Until Element Is Visible" library="AppiumLibrary">
<arg>${dua-agustus}</arg>
<doc>Waits until element specified with `locator` is visible.</doc>
<msg timestamp="20231205 21:45:47.848" level="INFO">xpath criteria: //android.view.View[@content-desc="02 August 2019"]</msg>
<status status="PASS" starttime="20231205 21:45:47.243" endtime="20231205 21:45:47.848"/>
</kw>
<kw name="Click Element" library="AppiumLibrary">
<arg>${dua-agustus}</arg>
<doc>Click element identified by `locator`.</doc>
<msg timestamp="20231205 21:45:47.850" level="INFO">Clicking element '//android.view.View[@content-desc="02 August 2019"]'.</msg>
<msg timestamp="20231205 21:45:48.598" level="INFO">xpath criteria: //android.view.View[@content-desc="02 August 2019"]</msg>
<status status="PASS" starttime="20231205 21:45:47.848" endtime="20231205 21:45:48.599"/>
</kw>
<status status="PASS" starttime="20231205 21:45:47.242" endtime="20231205 21:45:48.599"/>
</kw>
<kw name="Click OK on Date" library="bookPage">
<kw name="Wait Until Element Is Visible" library="AppiumLibrary">
<arg>${buttonOke-Date}</arg>
<doc>Waits until element specified with `locator` is visible.</doc>
<msg timestamp="20231205 21:45:48.786" level="INFO">xpath criteria: //android.widget.Button[@resource-id="android:id/button1"]</msg>
<status status="PASS" starttime="20231205 21:45:48.600" endtime="20231205 21:45:48.786"/>
</kw>
<kw name="Click Element" library="AppiumLibrary">
<arg>${buttonOke-Date}</arg>
<doc>Click element identified by `locator`.</doc>
<msg timestamp="20231205 21:45:48.788" level="INFO">Clicking element '//android.widget.Button[@resource-id="android:id/button1"]'.</msg>
<msg timestamp="20231205 21:45:49.042" level="INFO">xpath criteria: //android.widget.Button[@resource-id="android:id/button1"]</msg>
<status status="PASS" starttime="20231205 21:45:48.786" endtime="20231205 21:45:49.042"/>
</kw>
<status status="PASS" starttime="20231205 21:45:48.600" endtime="20231205 21:45:49.042"/>
</kw>
<kw name="Click Flight Radio Button On Book Page" library="bookPage">
<kw name="Wait Until Element Is Visible" library="AppiumLibrary">
<arg>${flight-radioButton}</arg>
<doc>Waits until element specified with `locator` is visible.</doc>
<msg timestamp="20231205 21:45:49.642" level="INFO">xpath criteria: //android.widget.RadioButton[@resource-id="com.example.myapplication:id/radioButtonFlight"]</msg>
<status status="PASS" starttime="20231205 21:45:49.045" endtime="20231205 21:45:49.642"/>
</kw>
<kw name="Click Element" library="AppiumLibrary">
<arg>${flight-radioButton}</arg>
<doc>Click element identified by `locator`.</doc>
<msg timestamp="20231205 21:45:49.644" level="INFO">Clicking element '//android.widget.RadioButton[@resource-id="com.example.myapplication:id/radioButtonFlight"]'.</msg>
<msg timestamp="20231205 21:45:49.757" level="INFO">xpath criteria: //android.widget.RadioButton[@resource-id="com.example.myapplication:id/radioButtonFlight"]</msg>
<status status="PASS" starttime="20231205 21:45:49.642" endtime="20231205 21:45:49.757"/>
</kw>
<status status="PASS" starttime="20231205 21:45:49.044" endtime="20231205 21:45:49.758"/>
</kw>
<kw name="Click Checkbox Day On Book Page" library="bookPage">
<kw name="Wait Until Element Is Visible" library="AppiumLibrary">
<arg>${checkBox-Day}</arg>
<doc>Waits until element specified with `locator` is visible.</doc>
<msg timestamp="20231205 21:45:50.380" level="INFO">xpath criteria: //android.widget.CheckBox[@resource-id="com.example.myapplication:id/checkBoxDay"]</msg>
<status status="PASS" starttime="20231205 21:45:49.764" endtime="20231205 21:45:50.381"/>
</kw>
<kw name="Click Element" library="AppiumLibrary">
<arg>${checkBox-Day}</arg>
<doc>Click element identified by `locator`.</doc>
<msg timestamp="20231205 21:45:50.383" level="INFO">Clicking element '//android.widget.CheckBox[@resource-id="com.example.myapplication:id/checkBoxDay"]'.</msg>
<msg timestamp="20231205 21:45:50.507" level="INFO">xpath criteria: //android.widget.CheckBox[@resource-id="com.example.myapplication:id/checkBoxDay"]</msg>
<status status="PASS" starttime="20231205 21:45:50.381" endtime="20231205 21:45:50.507"/>
</kw>
<status status="PASS" starttime="20231205 21:45:49.764" endtime="20231205 21:45:50.507"/>
</kw>
<kw name="Click Button Book on Book Page" library="bookPage">
<kw name="Wait Until Element Is Visible" library="AppiumLibrary">
<arg>${button-book}</arg>
<doc>Waits until element specified with `locator` is visible.</doc>
<msg timestamp="20231205 21:45:51.126" level="INFO">xpath criteria: //android.widget.Button[@resource-id="com.example.myapplication:id/book_flight"]</msg>
<status status="PASS" starttime="20231205 21:45:50.509" endtime="20231205 21:45:51.127"/>
</kw>
<kw name="Click Element" library="AppiumLibrary">
<arg>${button-book}</arg>
<doc>Click element identified by `locator`.</doc>
<msg timestamp="20231205 21:45:51.129" level="INFO">Clicking element '//android.widget.Button[@resource-id="com.example.myapplication:id/book_flight"]'.</msg>
<msg timestamp="20231205 21:45:51.921" level="INFO">xpath criteria: //android.widget.Button[@resource-id="com.example.myapplication:id/book_flight"]</msg>
<status status="PASS" starttime="20231205 21:45:51.127" endtime="20231205 21:45:51.921"/>
</kw>
<status status="PASS" starttime="20231205 21:45:50.509" endtime="20231205 21:45:51.921"/>
</kw>
<kw name="Click Price on Book Page" library="bookPage">
<kw name="Wait Until Element Is Visible" library="AppiumLibrary">
<arg>${price}</arg>
<doc>Waits until element specified with `locator` is visible.</doc>
<msg timestamp="20231205 21:45:52.013" level="INFO">xpath criteria: //android.widget.Button[@resource-id="com.example.myapplication:id/price5"]</msg>
<status status="PASS" starttime="20231205 21:45:51.922" endtime="20231205 21:45:52.013"/>
</kw>
<kw name="Click Element" library="AppiumLibrary">
<arg>${price}</arg>
<doc>Click element identified by `locator`.</doc>
<msg timestamp="20231205 21:45:52.015" level="INFO">Clicking element '//android.widget.Button[@resource-id="com.example.myapplication:id/price5"]'.</msg>
<msg timestamp="20231205 21:45:52.731" level="INFO">xpath criteria: //android.widget.Button[@resource-id="com.example.myapplication:id/price5"]</msg>
<status status="PASS" starttime="20231205 21:45:52.013" endtime="20231205 21:45:52.731"/>
</kw>
<status status="PASS" starttime="20231205 21:45:51.922" endtime="20231205 21:45:52.731"/>
</kw>
<kw name="Click Confrim Button On Book Page" library="bookPage">
<kw name="Wait Until Element Is Visible" library="AppiumLibrary">
<arg>${confrim-button}</arg>
<doc>Waits until element specified with `locator` is visible.</doc>
<msg timestamp="20231205 21:45:52.843" level="INFO">xpath criteria: //android.widget.Button[@resource-id="com.example.myapplication:id/confirm_order"]</msg>
<status status="PASS" starttime="20231205 21:45:52.738" endtime="20231205 21:45:52.843"/>
</kw>
<kw name="Click Element" library="AppiumLibrary">
<arg>${confrim-button}</arg>
<doc>Click element identified by `locator`.</doc>
<msg timestamp="20231205 21:45:52.846" level="INFO">Clicking element '//android.widget.Button[@resource-id="com.example.myapplication:id/confirm_order"]'.</msg>
<msg timestamp="20231205 21:45:52.974" level="INFO">xpath criteria: //android.widget.Button[@resource-id="com.example.myapplication:id/confirm_order"]</msg>
<status status="PASS" starttime="20231205 21:45:52.844" endtime="20231205 21:45:52.974"/>
</kw>
<status status="PASS" starttime="20231205 21:45:52.737" endtime="20231205 21:45:52.974"/>
</kw>
<kw name="Close Flight Application" library="base" type="TEARDOWN">
<kw name="Close Application" library="AppiumLibrary">
<doc>Closes the current application and also close webdriver session.</doc>
<status status="PASS" starttime="20231205 21:45:52.979" endtime="20231205 21:45:53.549"/>
</kw>
<status status="PASS" starttime="20231205 21:45:52.979" endtime="20231205 21:45:53.549"/>
</kw>
<status status="PASS" starttime="20231205 21:45:25.318" endtime="20231205 21:45:53.554"/>
</test>
<test id="s1-t2" name="Success Booking Flight Round Trip" line="29">
<kw name="Success Login with Valid Credential" library="loginPage" type="SETUP">
<kw name="Open Flight Application" library="base">
<kw name="Open Application" library="AppiumLibrary">
<arg>remote_url=${REMORT_URL}</arg>
<arg>platformName=${PLATFORM_NAME}</arg>
<arg>platformVersion=${PLATFORM_VERSION}</arg>
<arg>deviceName=${DEVICE_NAME}</arg>
<arg>appPackage=${APP_PACKAGE}</arg>
<arg>appActivity=${APP_ACTIVITY}</arg>
<doc>Opens a new application to given Appium server.
Capabilities of appium server, Android and iOS,
Please check https://github.com/appium/appium/blob/master/docs/en/writing-running-appium/server-args.md
| *Option*            | *Man.* | *Description*     |
| remote_url          | Yes    | Appium server url |
| alias               | no     | alias             |
| strict_ssl          | No     | allows you to send commands to an invalid certificate host like a self-signed one. |</doc>
<status status="PASS" starttime="20231205 21:45:53.564" endtime="20231205 21:46:01.877"/>
</kw>
<status status="PASS" starttime="20231205 21:45:53.564" endtime="20231205 21:46:01.877"/>
</kw>
<kw name="Click Sign In Button On Home Page" library="homePage">
<kw name="Click Element" library="AppiumLibrary">
<arg>${login}</arg>
<doc>Click element identified by `locator`.</doc>
<msg timestamp="20231205 21:46:01.880" level="INFO">Clicking element '//*[@resource-id="com.example.myapplication:id/login"]'.</msg>
<msg timestamp="20231205 21:46:02.942" level="INFO">xpath criteria: //*[@resource-id="com.example.myapplication:id/login"]</msg>
<status status="PASS" starttime="20231205 21:46:01.878" endtime="20231205 21:46:02.942"/>
</kw>
<status status="PASS" starttime="20231205 21:46:01.878" endtime="20231205 21:46:02.943"/>
</kw>
<kw name="Input Username On Login Page" library="loginPage">
<arg>${VALID_USERNAME}</arg>
<kw name="Wait Until Element Is Visible" library="AppiumLibrary">
<arg>${username-input}</arg>
<doc>Waits until element specified with `locator` is visible.</doc>
<msg timestamp="20231205 21:46:03.847" level="INFO">xpath criteria: //*[@resource-id="com.example.myapplication:id/username"]
xpath criteria: //*[@resource-id="com.example.myapplication:id/username"]</msg>
<status status="PASS" starttime="20231205 21:46:02.943" endtime="20231205 21:46:03.848"/>
</kw>
<kw name="Input Text" library="AppiumLibrary">
<arg>${username-input}</arg>
<arg>${username}</arg>
<doc>Types the given `text` into text field identified by `locator`.</doc>
<msg timestamp="20231205 21:46:03.850" level="INFO">Typing text 'support@ngendigital.com' into text field '//*[@resource-id="com.example.myapplication:id/username"]'</msg>
<msg timestamp="20231205 21:46:03.977" level="INFO">xpath criteria: //*[@resource-id="com.example.myapplication:id/username"]</msg>
<status status="PASS" starttime="20231205 21:46:03.848" endtime="20231205 21:46:03.978"/>
</kw>
<status status="PASS" starttime="20231205 21:46:02.943" endtime="20231205 21:46:03.978"/>
</kw>
<kw name="Input Password On Login Page" library="loginPage">
<arg>${VALID_PASSWORD}</arg>
<kw name="Wait Until Element Is Visible" library="AppiumLibrary">
<arg>${password-input}</arg>
<doc>Waits until element specified with `locator` is visible.</doc>
<msg timestamp="20231205 21:46:04.545" level="INFO">xpath criteria: //*[@resource-id="com.example.myapplication:id/password"]</msg>
<status status="PASS" starttime="20231205 21:46:03.978" endtime="20231205 21:46:04.546"/>
</kw>
<kw name="Input Text" library="AppiumLibrary">
<arg>${password-input}</arg>
<arg>${password}</arg>
<doc>Types the given `text` into text field identified by `locator`.</doc>
<msg timestamp="20231205 21:46:04.548" level="INFO">Typing text 'abc123' into text field '//*[@resource-id="com.example.myapplication:id/password"]'</msg>
<msg timestamp="20231205 21:46:04.631" level="INFO">xpath criteria: //*[@resource-id="com.example.myapplication:id/password"]</msg>
<status status="PASS" starttime="20231205 21:46:04.546" endtime="20231205 21:46:04.631"/>
</kw>
<status status="PASS" starttime="20231205 21:46:03.978" endtime="20231205 21:46:04.631"/>
</kw>
<kw name="Click Sign In Button On Login Page" library="loginPage">
<kw name="Click Element" library="AppiumLibrary">
<arg>${sign-in-button}</arg>
<doc>Click element identified by `locator`.</doc>
<msg timestamp="20231205 21:46:04.633" level="INFO">Clicking element '//*[@resource-id="com.example.myapplication:id/signIn"]'.</msg>
<msg timestamp="20231205 21:46:05.234" level="INFO">xpath criteria: //*[@resource-id="com.example.myapplication:id/signIn"]</msg>
<status status="PASS" starttime="20231205 21:46:04.632" endtime="20231205 21:46:05.235"/>
</kw>
<status status="PASS" starttime="20231205 21:46:04.631" endtime="20231205 21:46:05.235"/>
</kw>
<status status="PASS" starttime="20231205 21:45:53.564" endtime="20231205 21:46:05.235"/>
</kw>
<kw name="Click Menu Book Button On Home Page" library="homePage">
<kw name="Wait Until Element Is Visible" library="AppiumLibrary">
<arg>${menu_book}</arg>
<doc>Waits until element specified with `locator` is visible.</doc>
<msg timestamp="20231205 21:46:06.299" level="INFO">xpath criteria: //*[@resource-id="com.example.myapplication:id/book"]
xpath criteria: //*[@resource-id="com.example.myapplication:id/book"]</msg>
<status status="PASS" starttime="20231205 21:46:05.237" endtime="20231205 21:46:06.299"/>
</kw>
<kw name="Click Element" library="AppiumLibrary">
<arg>${menu_book}</arg>
<doc>Click element identified by `locator`.</doc>
<msg timestamp="20231205 21:46:06.301" level="INFO">Clicking element '//*[@resource-id="com.example.myapplication:id/book"]'.</msg>
<msg timestamp="20231205 21:46:06.447" level="INFO">xpath criteria: //*[@resource-id="com.example.myapplication:id/book"]</msg>
<status status="PASS" starttime="20231205 21:46:06.299" endtime="20231205 21:46:06.447"/>
</kw>
<status status="PASS" starttime="20231205 21:46:05.236" endtime="20231205 21:46:06.448"/>
</kw>
<kw name="Click Round Trip Button On Book Page" library="bookPage">
<kw name="Wait Until Element Is Visible" library="AppiumLibrary">
<arg>${roundtrip-button}</arg>
<doc>Waits until element specified with `locator` is visible.</doc>
<msg timestamp="20231205 21:46:07.925" level="INFO">xpath criteria: //android.support.v7.app.ActionBar.Tab[@content-desc="Round Trip"]
xpath criteria: //android.support.v7.app.ActionBar.Tab[@content-desc="Round Trip"]</msg>
<status status="PASS" starttime="20231205 21:46:06.452" endtime="20231205 21:46:07.925"/>
</kw>
<kw name="Click Element" library="AppiumLibrary">
<arg>${roundtrip-button}</arg>
<doc>Click element identified by `locator`.</doc>
<msg timestamp="20231205 21:46:07.928" level="INFO">Clicking element '//android.support.v7.app.ActionBar.Tab[@content-desc="Round Trip"]'.</msg>
<msg timestamp="20231205 21:46:08.103" level="INFO">xpath criteria: //android.support.v7.app.ActionBar.Tab[@content-desc="Round Trip"]</msg>
<status status="PASS" starttime="20231205 21:46:07.925" endtime="20231205 21:46:08.103"/>
</kw>
<status status="PASS" starttime="20231205 21:46:06.452" endtime="20231205 21:46:08.103"/>
</kw>
<kw name="Click From City Dropdown On Book Page" library="bookPage">
<kw name="Wait Until Element Is Visible" library="AppiumLibrary">
<arg>${from-city}</arg>
<doc>Waits until element specified with `locator` is visible.</doc>
<msg timestamp="20231205 21:46:08.679" level="INFO">xpath criteria: //*[@resource-id="com.example.myapplication:id/spinnerFrom"]</msg>
<status status="PASS" starttime="20231205 21:46:08.105" endtime="20231205 21:46:08.679"/>
</kw>
<kw name="Click Element" library="AppiumLibrary">
<arg>${from-city}</arg>
<doc>Click element identified by `locator`.</doc>
<msg timestamp="20231205 21:46:08.681" level="INFO">Clicking element '//*[@resource-id="com.example.myapplication:id/spinnerFrom"]'.</msg>
<msg timestamp="20231205 21:46:08.821" level="INFO">xpath criteria: //*[@resource-id="com.example.myapplication:id/spinnerFrom"]</msg>
<status status="PASS" starttime="20231205 21:46:08.679" endtime="20231205 21:46:08.822"/>
</kw>
<status status="PASS" starttime="20231205 21:46:08.104" endtime="20231205 21:46:08.822"/>
</kw>
<kw name="Choose Chicago City on Book Page" library="bookPage">
<kw name="Wait Until Element Is Visible" library="AppiumLibrary">
<arg>${chicago}</arg>
<doc>Waits until element specified with `locator` is visible.</doc>
<msg timestamp="20231205 21:46:09.728" level="INFO">xpath criteria: //*[@resource-id="android:id/text1" and @text="Chicago"]</msg>
<status status="PASS" starttime="20231205 21:46:08.826" endtime="20231205 21:46:09.728"/>
</kw>
<kw name="Click Element" library="AppiumLibrary">
<arg>${chicago}</arg>
<doc>Click element identified by `locator`.</doc>
<msg timestamp="20231205 21:46:09.730" level="INFO">Clicking element '//*[@resource-id="android:id/text1" and @text="Chicago"]'.</msg>
<msg timestamp="20231205 21:46:10.451" level="INFO">xpath criteria: //*[@resource-id="android:id/text1" and @text="Chicago"]</msg>
<status status="PASS" starttime="20231205 21:46:09.728" endtime="20231205 21:46:10.452"/>
</kw>
<status status="PASS" starttime="20231205 21:46:08.825" endtime="20231205 21:46:10.452"/>
</kw>
<kw name="Click To City Dropdown On Book Page" library="bookPage">
<kw name="Wait Until Element Is Visible" library="AppiumLibrary">
<arg>${to-city}</arg>
<doc>Waits until element specified with `locator` is visible.</doc>
<msg timestamp="20231205 21:46:10.520" level="INFO">xpath criteria: //*[@resource-id="com.example.myapplication:id/spinnerTo"]</msg>
<status status="PASS" starttime="20231205 21:46:10.453" endtime="20231205 21:46:10.521"/>
</kw>
<kw name="Click Element" library="AppiumLibrary">
<arg>${to-city}</arg>
<doc>Click element identified by `locator`.</doc>
<msg timestamp="20231205 21:46:10.523" level="INFO">Clicking element '//*[@resource-id="com.example.myapplication:id/spinnerTo"]'.</msg>
<msg timestamp="20231205 21:46:10.623" level="INFO">xpath criteria: //*[@resource-id="com.example.myapplication:id/spinnerTo"]</msg>
<status status="PASS" starttime="20231205 21:46:10.521" endtime="20231205 21:46:10.624"/>
</kw>
<status status="PASS" starttime="20231205 21:46:10.452" endtime="20231205 21:46:10.624"/>
</kw>
<kw name="Choose London City on Book Page" library="bookPage">
<kw name="Wait Until Element Is Visible" library="AppiumLibrary">
<arg>${london}</arg>
<doc>Waits until element specified with `locator` is visible.</doc>
<msg timestamp="20231205 21:46:11.641" level="INFO">xpath criteria: //*[@resource-id="android:id/text1" and @text="London"]
xpath criteria: //*[@resource-id="android:id/text1" and @text="London"]</msg>
<status status="PASS" starttime="20231205 21:46:10.627" endtime="20231205 21:46:11.641"/>
</kw>
<kw name="Click Element" library="AppiumLibrary">
<arg>${london}</arg>
<doc>Click element identified by `locator`.</doc>
<msg timestamp="20231205 21:46:11.643" level="INFO">Clicking element '//*[@resource-id="android:id/text1" and @text="London"]'.</msg>
<msg timestamp="20231205 21:46:12.368" level="INFO">xpath criteria: //*[@resource-id="android:id/text1" and @text="London"]</msg>
<status status="PASS" starttime="20231205 21:46:11.641" endtime="20231205 21:46:12.368"/>
</kw>
<status status="PASS" starttime="20231205 21:46:10.627" endtime="20231205 21:46:12.368"/>
</kw>
<kw name="Click Class Dropdown On Book Page" library="bookPage">
<kw name="Wait Until Element Is Visible" library="AppiumLibrary">
<arg>${class}</arg>
<doc>Waits until element specified with `locator` is visible.</doc>
<msg timestamp="20231205 21:46:12.444" level="INFO">xpath criteria: //*[@resource-id="com.example.myapplication:id/spinnerClass"]</msg>
<status status="PASS" starttime="20231205 21:46:12.369" endtime="20231205 21:46:12.444"/>
</kw>
<kw name="Click Element" library="AppiumLibrary">
<arg>${class}</arg>
<doc>Click element identified by `locator`.</doc>
<msg timestamp="20231205 21:46:12.447" level="INFO">Clicking element '//*[@resource-id="com.example.myapplication:id/spinnerClass"]'.</msg>
<msg timestamp="20231205 21:46:12.565" level="INFO">xpath criteria: //*[@resource-id="com.example.myapplication:id/spinnerClass"]</msg>
<status status="PASS" starttime="20231205 21:46:12.445" endtime="20231205 21:46:12.565"/>
</kw>
<status status="PASS" starttime="20231205 21:46:12.369" endtime="20231205 21:46:12.565"/>
</kw>
<kw name="Choose Bussines Class on Book Page" library="bookPage">
<kw name="Wait Until Element Is Visible" library="AppiumLibrary">
<arg>${bussines}</arg>
<doc>Waits until element specified with `locator` is visible.</doc>
<msg timestamp="20231205 21:46:13.454" level="INFO">xpath criteria: //*[@resource-id="android:id/text1" and @text="Business"]</msg>
<status status="PASS" starttime="20231205 21:46:12.569" endtime="20231205 21:46:13.455"/>
</kw>
<kw name="Click Element" library="AppiumLibrary">
<arg>${bussines}</arg>
<doc>Click element identified by `locator`.</doc>
<msg timestamp="20231205 21:46:13.457" level="INFO">Clicking element '//*[@resource-id="android:id/text1" and @text="Business"]'.</msg>
<msg timestamp="20231205 21:46:14.175" level="INFO">xpath criteria: //*[@resource-id="android:id/text1" and @text="Business"]</msg>
<status status="PASS" starttime="20231205 21:46:13.455" endtime="20231205 21:46:14.176"/>
</kw>
<status status="PASS" starttime="20231205 21:46:12.569" endtime="20231205 21:46:14.176"/>
</kw>
<kw name="Click Start Date On Book Page" library="bookPage">
<kw name="Wait Until Element Is Visible" library="AppiumLibrary">
<arg>${start-date}</arg>
<doc>Waits until element specified with `locator` is visible.</doc>
<msg timestamp="20231205 21:46:14.270" level="INFO">xpath criteria: //*[@resource-id="com.example.myapplication:id/textStartDate"]</msg>
<status status="PASS" starttime="20231205 21:46:14.177" endtime="20231205 21:46:14.270"/>
</kw>
<kw name="Click Element" library="AppiumLibrary">
<arg>${start-date}</arg>
<doc>Click element identified by `locator`.</doc>
<msg timestamp="20231205 21:46:14.272" level="INFO">Clicking element '//*[@resource-id="com.example.myapplication:id/textStartDate"]'.</msg>
<msg timestamp="20231205 21:46:14.380" level="INFO">xpath criteria: //*[@resource-id="com.example.myapplication:id/textStartDate"]</msg>
<status status="PASS" starttime="20231205 21:46:14.270" endtime="20231205 21:46:14.380"/>
</kw>
<status status="PASS" starttime="20231205 21:46:14.177" endtime="20231205 21:46:14.380"/>
</kw>
<kw name="Input Start Date 1 Agutus 2019" library="bookPage">
<kw name="Wait Until Element Is Visible" library="AppiumLibrary">
<arg>${satu-agustus}</arg>
<doc>Waits until element specified with `locator` is visible.</doc>
<msg timestamp="20231205 21:46:15.552" level="INFO">xpath criteria: //android.view.View[@content-desc="01 August 2019"]
xpath criteria: //android.view.View[@content-desc="01 August 2019"]</msg>
<status status="PASS" starttime="20231205 21:46:14.382" endtime="20231205 21:46:15.552"/>
</kw>
<kw name="Click Element" library="AppiumLibrary">
<arg>${satu-agustus}</arg>
<doc>Click element identified by `locator`.</doc>
<msg timestamp="20231205 21:46:15.555" level="INFO">Clicking element '//android.view.View[@content-desc="01 August 2019"]'.</msg>
<msg timestamp="20231205 21:46:16.303" level="INFO">xpath criteria: //android.view.View[@content-desc="01 August 2019"]</msg>
<status status="PASS" starttime="20231205 21:46:15.553" endtime="20231205 21:46:16.303"/>
</kw>
<status status="PASS" starttime="20231205 21:46:14.381" endtime="20231205 21:46:16.303"/>
</kw>
<kw name="Click OK on Date" library="bookPage">
<kw name="Wait Until Element Is Visible" library="AppiumLibrary">
<arg>${buttonOke-Date}</arg>
<doc>Waits until element specified with `locator` is visible.</doc>
<msg timestamp="20231205 21:46:16.576" level="INFO">xpath criteria: //android.widget.Button[@resource-id="android:id/button1"]</msg>
<status status="PASS" starttime="20231205 21:46:16.309" endtime="20231205 21:46:16.576"/>
</kw>
<kw name="Click Element" library="AppiumLibrary">
<arg>${buttonOke-Date}</arg>
<doc>Click element identified by `locator`.</doc>
<msg timestamp="20231205 21:46:16.579" level="INFO">Clicking element '//android.widget.Button[@resource-id="android:id/button1"]'.</msg>
<msg timestamp="20231205 21:46:16.745" level="INFO">xpath criteria: //android.widget.Button[@resource-id="android:id/button1"]</msg>
<status status="PASS" starttime="20231205 21:46:16.577" endtime="20231205 21:46:16.745"/>
</kw>
<status status="PASS" starttime="20231205 21:46:16.308" endtime="20231205 21:46:16.745"/>
</kw>
<kw name="Click End Date On Book Page" library="bookPage">
<kw name="Wait Until Element Is Visible" library="AppiumLibrary">
<arg>${end-date}</arg>
<doc>Waits until element specified with `locator` is visible.</doc>
<msg timestamp="20231205 21:46:17.370" level="INFO">xpath criteria: //*[@resource-id="com.example.myapplication:id/textEndDate"]</msg>
<status status="PASS" starttime="20231205 21:46:16.748" endtime="20231205 21:46:17.370"/>
</kw>
<kw name="Click Element" library="AppiumLibrary">
<arg>${end-date}</arg>
<doc>Click element identified by `locator`.</doc>
<msg timestamp="20231205 21:46:17.372" level="INFO">Clicking element '//*[@resource-id="com.example.myapplication:id/textEndDate"]'.</msg>
<msg timestamp="20231205 21:46:17.489" level="INFO">xpath criteria: //*[@resource-id="com.example.myapplication:id/textEndDate"]</msg>
<status status="PASS" starttime="20231205 21:46:17.370" endtime="20231205 21:46:17.489"/>
</kw>
<status status="PASS" starttime="20231205 21:46:16.748" endtime="20231205 21:46:17.489"/>
</kw>
<kw name="Input End Date 2 Agutus 2019" library="bookPage">
<kw name="Wait Until Element Is Visible" library="AppiumLibrary">
<arg>${dua-agustus}</arg>
<doc>Waits until element specified with `locator` is visible.</doc>
<msg timestamp="20231205 21:46:18.204" level="INFO">xpath criteria: //android.view.View[@content-desc="02 August 2019"]
xpath criteria: //android.view.View[@content-desc="02 August 2019"]</msg>
<status status="PASS" starttime="20231205 21:46:17.491" endtime="20231205 21:46:18.204"/>
</kw>
<kw name="Click Element" library="AppiumLibrary">
<arg>${dua-agustus}</arg>
<doc>Click element identified by `locator`.</doc>
<msg timestamp="20231205 21:46:18.206" level="INFO">Clicking element '//android.view.View[@content-desc="02 August 2019"]'.</msg>
<msg timestamp="20231205 21:46:19.041" level="INFO">xpath criteria: //android.view.View[@content-desc="02 August 2019"]</msg>
<status status="PASS" starttime="20231205 21:46:18.204" endtime="20231205 21:46:19.041"/>
</kw>
<status status="PASS" starttime="20231205 21:46:17.491" endtime="20231205 21:46:19.041"/>
</kw>
<kw name="Click OK on Date" library="bookPage">
<kw name="Wait Until Element Is Visible" library="AppiumLibrary">
<arg>${buttonOke-Date}</arg>
<doc>Waits until element specified with `locator` is visible.</doc>
<msg timestamp="20231205 21:46:19.279" level="INFO">xpath criteria: //android.widget.Button[@resource-id="android:id/button1"]</msg>
<status status="PASS" starttime="20231205 21:46:19.042" endtime="20231205 21:46:19.279"/>
</kw>
<kw name="Click Element" library="AppiumLibrary">
<arg>${buttonOke-Date}</arg>
<doc>Click element identified by `locator`.</doc>
<msg timestamp="20231205 21:46:19.282" level="INFO">Clicking element '//android.widget.Button[@resource-id="android:id/button1"]'.</msg>
<msg timestamp="20231205 21:46:19.578" level="INFO">xpath criteria: //android.widget.Button[@resource-id="android:id/button1"]</msg>
<status status="PASS" starttime="20231205 21:46:19.279" endtime="20231205 21:46:19.578"/>
</kw>
<status status="PASS" starttime="20231205 21:46:19.042" endtime="20231205 21:46:19.578"/>
</kw>
<kw name="Click Flight Radio Button On Book Page" library="bookPage">
<kw name="Wait Until Element Is Visible" library="AppiumLibrary">
<arg>${flight-radioButton}</arg>
<doc>Waits until element specified with `locator` is visible.</doc>
<msg timestamp="20231205 21:46:20.227" level="INFO">xpath criteria: //android.widget.RadioButton[@resource-id="com.example.myapplication:id/radioButtonFlight"]</msg>
<status status="PASS" starttime="20231205 21:46:19.594" endtime="20231205 21:46:20.227"/>
</kw>
<kw name="Click Element" library="AppiumLibrary">
<arg>${flight-radioButton}</arg>
<doc>Click element identified by `locator`.</doc>
<msg timestamp="20231205 21:46:20.229" level="INFO">Clicking element '//android.widget.RadioButton[@resource-id="com.example.myapplication:id/radioButtonFlight"]'.</msg>
<msg timestamp="20231205 21:46:20.360" level="INFO">xpath criteria: //android.widget.RadioButton[@resource-id="com.example.myapplication:id/radioButtonFlight"]</msg>
<status status="PASS" starttime="20231205 21:46:20.227" endtime="20231205 21:46:20.360"/>
</kw>
<status status="PASS" starttime="20231205 21:46:19.593" endtime="20231205 21:46:20.361"/>
</kw>
<kw name="Click Checkbox Day On Book Page" library="bookPage">
<kw name="Wait Until Element Is Visible" library="AppiumLibrary">
<arg>${checkBox-Day}</arg>
<doc>Waits until element specified with `locator` is visible.</doc>
<msg timestamp="20231205 21:46:20.960" level="INFO">xpath criteria: //android.widget.CheckBox[@resource-id="com.example.myapplication:id/checkBoxDay"]</msg>
<status status="PASS" starttime="20231205 21:46:20.362" endtime="20231205 21:46:20.960"/>
</kw>
<kw name="Click Element" library="AppiumLibrary">
<arg>${checkBox-Day}</arg>
<doc>Click element identified by `locator`.</doc>
<msg timestamp="20231205 21:46:20.963" level="INFO">Clicking element '//android.widget.CheckBox[@resource-id="com.example.myapplication:id/checkBoxDay"]'.</msg>
<msg timestamp="20231205 21:46:21.152" level="INFO">xpath criteria: //android.widget.CheckBox[@resource-id="com.example.myapplication:id/checkBoxDay"]</msg>
<status status="PASS" starttime="20231205 21:46:20.960" endtime="20231205 21:46:21.152"/>
</kw>
<status status="PASS" starttime="20231205 21:46:20.361" endtime="20231205 21:46:21.152"/>
</kw>
<kw name="Click Button Book on Book Page" library="bookPage">
<kw name="Wait Until Element Is Visible" library="AppiumLibrary">
<arg>${button-book}</arg>
<doc>Waits until element specified with `locator` is visible.</doc>
<msg timestamp="20231205 21:46:22.044" level="INFO">xpath criteria: //android.widget.Button[@resource-id="com.example.myapplication:id/book_flight"]</msg>
<status status="PASS" starttime="20231205 21:46:21.180" endtime="20231205 21:46:22.044"/>
</kw>
<kw name="Click Element" library="AppiumLibrary">
<arg>${button-book}</arg>
<doc>Click element identified by `locator`.</doc>
<msg timestamp="20231205 21:46:22.047" level="INFO">Clicking element '//android.widget.Button[@resource-id="com.example.myapplication:id/book_flight"]'.</msg>
<msg timestamp="20231205 21:46:22.182" level="INFO">xpath criteria: //android.widget.Button[@resource-id="com.example.myapplication:id/book_flight"]</msg>
<status status="PASS" starttime="20231205 21:46:22.045" endtime="20231205 21:46:22.182"/>
</kw>
<status status="PASS" starttime="20231205 21:46:21.179" endtime="20231205 21:46:22.182"/>
</kw>
<kw name="Click Price on Book Page" library="bookPage">
<kw name="Wait Until Element Is Visible" library="AppiumLibrary">
<arg>${price}</arg>
<doc>Waits until element specified with `locator` is visible.</doc>
<msg timestamp="20231205 21:46:22.990" level="INFO">xpath criteria: //android.widget.Button[@resource-id="com.example.myapplication:id/price5"]</msg>
<status status="PASS" starttime="20231205 21:46:22.190" endtime="20231205 21:46:22.990"/>
</kw>
<kw name="Click Element" library="AppiumLibrary">
<arg>${price}</arg>
<doc>Click element identified by `locator`.</doc>
<msg timestamp="20231205 21:46:22.992" level="INFO">Clicking element '//android.widget.Button[@resource-id="com.example.myapplication:id/price5"]'.</msg>
<msg timestamp="20231205 21:46:23.092" level="INFO">xpath criteria: //android.widget.Button[@resource-id="com.example.myapplication:id/price5"]</msg>
<status status="PASS" starttime="20231205 21:46:22.991" endtime="20231205 21:46:23.092"/>
</kw>
<status status="PASS" starttime="20231205 21:46:22.190" endtime="20231205 21:46:23.092"/>
</kw>
<kw name="Click Confrim Button On Book Page" library="bookPage">
<kw name="Wait Until Element Is Visible" library="AppiumLibrary">
<arg>${confrim-button}</arg>
<doc>Waits until element specified with `locator` is visible.</doc>
<msg timestamp="20231205 21:46:23.795" level="INFO">xpath criteria: //android.widget.Button[@resource-id="com.example.myapplication:id/confirm_order"]</msg>
<status status="PASS" starttime="20231205 21:46:23.096" endtime="20231205 21:46:23.795"/>
</kw>
<kw name="Click Element" library="AppiumLibrary">
<arg>${confrim-button}</arg>
<doc>Click element identified by `locator`.</doc>
<msg timestamp="20231205 21:46:23.797" level="INFO">Clicking element '//android.widget.Button[@resource-id="com.example.myapplication:id/confirm_order"]'.</msg>
<msg timestamp="20231205 21:46:23.922" level="INFO">xpath criteria: //android.widget.Button[@resource-id="com.example.myapplication:id/confirm_order"]</msg>
<status status="PASS" starttime="20231205 21:46:23.795" endtime="20231205 21:46:23.922"/>
</kw>
<status status="PASS" starttime="20231205 21:46:23.096" endtime="20231205 21:46:23.922"/>
</kw>
<kw name="Close Flight Application" library="base" type="TEARDOWN">
<kw name="Close Application" library="AppiumLibrary">
<doc>Closes the current application and also close webdriver session.</doc>
<status status="PASS" starttime="20231205 21:46:23.928" endtime="20231205 21:46:24.667"/>
</kw>
<status status="PASS" starttime="20231205 21:46:23.928" endtime="20231205 21:46:24.667"/>
</kw>
<status status="PASS" starttime="20231205 21:45:53.563" endtime="20231205 21:46:24.668"/>
</test>
<status status="PASS" starttime="20231205 21:45:25.012" endtime="20231205 21:46:24.670"/>
</suite>
<statistics>
<total>
<stat pass="2" fail="0" skip="0">All Tests</stat>
</total>
<tag>
</tag>
<suite>
<stat pass="2" fail="0" skip="0" id="s1" name="Booking">Booking</stat>
</suite>
</statistics>
<errors>
</errors>
</robot>
